Downloading https://thor.robots.ox.ac.uk/datasets/pets/images.tar.gz to ../../../../../../work3/s226536/datasets/oxford-iiit-pet/images.tar.gz
Extracting ../../../../../../work3/s226536/datasets/oxford-iiit-pet/images.tar.gz to ../../../../../../work3/s226536/datasets/oxford-iiit-pet
Downloading https://thor.robots.ox.ac.uk/datasets/pets/annotations.tar.gz to ../../../../../../work3/s226536/datasets/oxford-iiit-pet/annotations.tar.gz
Extracting ../../../../../../work3/s226536/datasets/oxford-iiit-pet/annotations.tar.gz to ../../../../../../work3/s226536/datasets/oxford-iiit-pet
-------------------------------------
Generating 5 images for breed Abyssinian...

Elapsed time: 214.6143822669983 seconds

-------------------------------------
Generating 5 images for breed american_bulldog...

Elapsed time: 9.221437692642212 seconds

-------------------------------------
Generating 5 images for breed american_pit_bull_terrier...

Elapsed time: 9.213360071182251 seconds

-------------------------------------
Generating 5 images for breed basset_hound...

Elapsed time: 8.972755908966064 seconds

-------------------------------------
Generating 5 images for breed beagle...

Elapsed time: 8.9170241355896 seconds

-------------------------------------
Generating 5 images for breed Bengal...

Elapsed time: 8.979246616363525 seconds

-------------------------------------
Generating 5 images for breed Birman...

Elapsed time: 9.19336462020874 seconds

-------------------------------------
Generating 5 images for breed Bombay...

Elapsed time: 9.281418085098267 seconds

-------------------------------------
Generating 5 images for breed boxer...

Elapsed time: 8.856201171875 seconds

-------------------------------------
Generating 5 images for breed British_Shorthair...

Elapsed time: 9.035185098648071 seconds

-------------------------------------
Generating 5 images for breed chihuahua...

Elapsed time: 9.336493730545044 seconds

-------------------------------------
Generating 5 images for breed Egyptian_Mau...

Elapsed time: 9.04342007637024 seconds

-------------------------------------
Generating 5 images for breed english_cocker_spaniel...

Elapsed time: 9.12152910232544 seconds

-------------------------------------
Generating 5 images for breed english_setter...

Elapsed time: 9.06299114227295 seconds

-------------------------------------
Generating 5 images for breed german_shorthaired...

Elapsed time: 9.198970794677734 seconds

-------------------------------------
Generating 5 images for breed great_pyrenees...

Elapsed time: 9.04161810874939 seconds

-------------------------------------
Generating 5 images for breed havanese...

Elapsed time: 9.011696338653564 seconds

-------------------------------------
Generating 5 images for breed japanese_chin...

Elapsed time: 9.078091144561768 seconds

-------------------------------------
Generating 5 images for breed keeshond...

Elapsed time: 9.07447361946106 seconds

-------------------------------------
Generating 5 images for breed leonberger...

Elapsed time: 9.027939319610596 seconds

-------------------------------------
Generating 5 images for breed Maine_Coon...

Elapsed time: 9.318541765213013 seconds

-------------------------------------
Generating 5 images for breed miniature_pinscher...

Elapsed time: 9.12627387046814 seconds

-------------------------------------
Generating 5 images for breed newfoundland...

Elapsed time: 9.043393850326538 seconds

-------------------------------------
Generating 5 images for breed Persian...

Elapsed time: 9.073795318603516 seconds

-------------------------------------
Generating 5 images for breed pomeranian...

Elapsed time: 9.070068120956421 seconds

-------------------------------------
Generating 5 images for breed pug...

Elapsed time: 9.136190176010132 seconds

-------------------------------------
Generating 5 images for breed Ragdoll...

Elapsed time: 9.129598140716553 seconds

-------------------------------------
Generating 5 images for breed Russian_Blue...

Elapsed time: 9.16783881187439 seconds

-------------------------------------
Generating 5 images for breed saint_bernard...

Elapsed time: 9.15282416343689 seconds

-------------------------------------
Generating 5 images for breed samoyed...

Elapsed time: 9.012701272964478 seconds

-------------------------------------
Generating 5 images for breed scottish_terrier...

Elapsed time: 9.177687644958496 seconds

-------------------------------------
Generating 5 images for breed shiba_inu...

Elapsed time: 9.17682409286499 seconds

-------------------------------------
Generating 5 images for breed Siamese...

Elapsed time: 9.169996500015259 seconds

-------------------------------------
Generating 5 images for breed Sphynx...

Elapsed time: 9.01136589050293 seconds

-------------------------------------
Generating 5 images for breed staffordshire_bull_terrier...

Elapsed time: 9.114653825759888 seconds

-------------------------------------
Generating 5 images for breed wheaten_terrier...

Elapsed time: 10.108487606048584 seconds

-------------------------------------
Generating 5 images for breed yorkshire_terrier...

Elapsed time: 9.234873056411743 seconds

Using randaugment for data augmentation
Using cuda device
Epoch 1
-------------------------------
Training loss: 3.473877  [16/3861]
Training loss: 3.632645  [1616/3861]
Training loss: 3.317324  [3216/3861]
Training accuracy: 17.66 %
Validation loss: 3.183648
Validation accuracy: 22.65% 

Epoch 2
-------------------------------
Training loss: 3.194506  [16/3861]
Training loss: 3.131379  [1616/3861]
Training loss: 2.972781  [3216/3861]
Training accuracy: 39.13 %
Validation loss: 2.722750
Validation accuracy: 47.49% 

Epoch 3
-------------------------------
Training loss: 2.786331  [16/3861]
Training loss: 2.788259  [1616/3861]
Training loss: 2.641215  [3216/3861]
Training accuracy: 53.92 %
Validation loss: 2.348574
Validation accuracy: 62.06% 

Epoch 4
-------------------------------
Training loss: 2.692680  [16/3861]
Training loss: 1.991438  [1616/3861]
Training loss: 2.297609  [3216/3861]
Training accuracy: 61.88 %
Validation loss: 2.000065
Validation accuracy: 70.74% 

Epoch 5
-------------------------------
Training loss: 2.114681  [16/3861]
Training loss: 2.064995  [1616/3861]
Training loss: 1.967155  [3216/3861]
Training accuracy: 66.54 %
Validation loss: 1.740973
Validation accuracy: 76.42% 

Epoch 6
-------------------------------
Training loss: 1.950753  [16/3861]
Training loss: 1.730683  [1616/3861]
Training loss: 1.953909  [3216/3861]
Training accuracy: 71.07 %
Validation loss: 1.536233
Validation accuracy: 79.31% 

Epoch 7
-------------------------------
Training loss: 1.923596  [16/3861]
Training loss: 1.843306  [1616/3861]
Training loss: 1.765685  [3216/3861]
Training accuracy: 73.69 %
Validation loss: 1.347498
Validation accuracy: 81.44% 

Epoch 8
-------------------------------
Training loss: 1.377016  [16/3861]
Training loss: 1.724034  [1616/3861]
Training loss: 1.307157  [3216/3861]
Training accuracy: 76.02 %
Validation loss: 1.222373
Validation accuracy: 82.04% 

Epoch 9
-------------------------------
Training loss: 1.508378  [16/3861]
Training loss: 1.585663  [1616/3861]
Training loss: 1.665073  [3216/3861]
Training accuracy: 77.16 %
Validation loss: 1.144996
Validation accuracy: 82.97% 

Epoch 10
-------------------------------
Training loss: 1.286999  [16/3861]
Training loss: 1.663671  [1616/3861]
Training loss: 1.378610  [3216/3861]
Training accuracy: 77.05 %
Validation loss: 1.002147
Validation accuracy: 84.39% 

Epoch 11
-------------------------------
Training loss: 1.599534  [16/3861]
Training loss: 1.214202  [1616/3861]
Training loss: 1.318446  [3216/3861]
Training accuracy: 78.06 %
Validation loss: 0.954313
Validation accuracy: 84.33% 

Epoch 12
-------------------------------
Training loss: 1.325020  [16/3861]
Training loss: 1.100275  [1616/3861]
Training loss: 1.205612  [3216/3861]
Training accuracy: 79.36 %
Validation loss: 0.899644
Validation accuracy: 85.21% 

Epoch 13
-------------------------------
Training loss: 1.302800  [16/3861]
Training loss: 1.108157  [1616/3861]
Training loss: 0.949812  [3216/3861]
Training accuracy: 79.33 %
Validation loss: 0.855873
Validation accuracy: 84.93% 

Epoch 14
-------------------------------
Training loss: 0.771898  [16/3861]
Training loss: 1.004921  [1616/3861]
Training loss: 1.146423  [3216/3861]
Training accuracy: 80.06 %
Validation loss: 0.805193
Validation accuracy: 85.75% 

Epoch 15
-------------------------------
Training loss: 0.966324  [16/3861]
Training loss: 1.092367  [1616/3861]
Training loss: 1.100113  [3216/3861]
Training accuracy: 80.55 %
Validation loss: 0.767259
Validation accuracy: 86.19% 

Epoch 16
-------------------------------
Training loss: 0.912328  [16/3861]
Training loss: 0.949816  [1616/3861]
Training loss: 1.219672  [3216/3861]
Training accuracy: 80.42 %
Validation loss: 0.748475
Validation accuracy: 86.46% 

Epoch 17
-------------------------------
Training loss: 0.924629  [16/3861]
Training loss: 1.192068  [1616/3861]
Training loss: 0.965725  [3216/3861]
Training accuracy: 81.43 %
Validation loss: 0.695617
Validation accuracy: 86.57% 

Epoch 18
-------------------------------
Training loss: 0.587181  [16/3861]
Training loss: 0.598669  [1616/3861]
Training loss: 0.832375  [3216/3861]
Training accuracy: 82.70 %
Validation loss: 0.680381
Validation accuracy: 86.79% 

Epoch 19
-------------------------------
Training loss: 1.239886  [16/3861]
Training loss: 0.881093  [1616/3861]
Training loss: 1.004666  [3216/3861]
Training accuracy: 81.12 %
Validation loss: 0.655562
Validation accuracy: 86.95% 

Epoch 20
-------------------------------
Training loss: 1.131863  [16/3861]
Training loss: 1.029451  [1616/3861]
Training loss: 0.860846  [3216/3861]
Training accuracy: 81.61 %
Validation loss: 0.650571
Validation accuracy: 86.74% 

Epoch 21
-------------------------------
Training loss: 0.828166  [16/3861]
Training loss: 0.860892  [1616/3861]
Training loss: 0.881243  [3216/3861]
Training accuracy: 82.28 %
Validation loss: 0.629390
Validation accuracy: 87.01% 

Epoch 22
-------------------------------
Training loss: 0.672712  [16/3861]
Training loss: 0.790379  [1616/3861]
Training loss: 0.716714  [3216/3861]
Training accuracy: 82.78 %
Validation loss: 0.620521
Validation accuracy: 87.17% 

Epoch 23
-------------------------------
Training loss: 0.729515  [16/3861]
Training loss: 1.356765  [1616/3861]
Training loss: 0.701674  [3216/3861]
Training accuracy: 83.19 %
Validation loss: 0.594918
Validation accuracy: 87.34% 

Epoch 24
-------------------------------
Training loss: 0.963067  [16/3861]
Training loss: 0.922986  [1616/3861]
Training loss: 0.940455  [3216/3861]
Training accuracy: 82.47 %
Validation loss: 0.576703
Validation accuracy: 87.72% 

Epoch 25
-------------------------------
Training loss: 1.404329  [16/3861]
Training loss: 0.772540  [1616/3861]
Training loss: 1.258681  [3216/3861]
Training accuracy: 82.98 %
Validation loss: 0.566367
Validation accuracy: 87.55% 

Epoch 26
-------------------------------
Training loss: 0.771786  [16/3861]
Training loss: 0.860488  [1616/3861]
Training loss: 0.953297  [3216/3861]
Training accuracy: 82.80 %
Validation loss: 0.568739
Validation accuracy: 87.61% 

Epoch 27
-------------------------------
Training loss: 0.598170  [16/3861]
Training loss: 1.063908  [1616/3861]
Training loss: 1.118528  [3216/3861]
Training accuracy: 83.16 %
Validation loss: 0.546482
Validation accuracy: 87.72% 

Epoch 28
-------------------------------
Training loss: 0.754633  [16/3861]
Training loss: 0.850423  [1616/3861]
Training loss: 0.461322  [3216/3861]
Training accuracy: 83.81 %
Validation loss: 0.518657
Validation accuracy: 88.54% 

Epoch 29
-------------------------------
Training loss: 0.460608  [16/3861]
Training loss: 0.820086  [1616/3861]
Training loss: 0.622519  [3216/3861]
Training accuracy: 83.06 %
Validation loss: 0.526488
Validation accuracy: 88.05% 

Epoch 30
-------------------------------
Training loss: 0.811700  [16/3861]
Training loss: 1.007686  [1616/3861]
Training loss: 0.883153  [3216/3861]
Training accuracy: 83.35 %
Validation loss: 0.527000
Validation accuracy: 88.26% 

Epoch 31
-------------------------------
Training loss: 0.872436  [16/3861]
Training loss: 0.674513  [1616/3861]
Training loss: 0.748951  [3216/3861]
Training accuracy: 82.98 %
Validation loss: 0.503177
Validation accuracy: 88.16% 

Epoch 32
-------------------------------
Training loss: 0.365090  [16/3861]
Training loss: 0.817010  [1616/3861]
Training loss: 0.648291  [3216/3861]
Training accuracy: 83.71 %
Validation loss: 0.508527
Validation accuracy: 88.10% 

Epoch 33
-------------------------------
Training loss: 0.859438  [16/3861]
Training loss: 0.535866  [1616/3861]
Training loss: 0.593361  [3216/3861]
Training accuracy: 84.67 %
Validation loss: 0.492502
Validation accuracy: 88.21% 

Early stopping
Done!

Elapsed time: 2486.1404876708984 seconds

Current time: 19:47:39
                         precision    recall  f1-score   support

             Abyssinian       0.86      0.76      0.80        49
       American Bulldog       0.82      0.82      0.82        50
  American pitbull terr       0.60      0.70      0.65        50
           Basset hound       0.90      0.94      0.92        50
                 Beagle       0.92      0.90      0.91        50
                 Bengal       0.67      0.86      0.75        50
                 Birman       0.76      0.84      0.80        50
                 Bombay       0.80      0.93      0.86        44
                  Boxer       0.83      0.86      0.84        50
      British Shorthair       0.80      0.74      0.77        50
              Chihuahua       0.96      0.88      0.92        50
           Egyptian Mau       0.88      0.78      0.83        49
 English cocker spaniel       0.92      0.94      0.93        50
         English setter       0.96      0.92      0.94        50
     German shorthaired       0.86      1.00      0.93        50
         Great pyrenees       0.94      0.94      0.94        50
               Havanese       0.88      0.98      0.92        50
          Japanese chin       0.98      0.94      0.96        50
               Keeshond       0.98      0.98      0.98        50
             Leonberger       0.98      1.00      0.99        50
             Maine Coon       0.85      0.66      0.74        50
     Miniature pinscher       0.98      0.90      0.94        50
           Newfoundland       1.00      0.98      0.99        50
                Persian       0.86      0.84      0.85        50
             Pomeranian       0.96      0.98      0.97        50
                    Pug       0.94      0.92      0.93        50
                Ragdoll       0.75      0.72      0.73        50
           Russian blue       0.79      0.68      0.73        50
          Saint bernard       0.89      0.98      0.93        50
                Samoyed       0.96      1.00      0.98        50
       Scottish terrier       0.94      1.00      0.97        50
              Shiba inu       0.96      0.98      0.97        50
                Siamese       0.90      0.92      0.91        50
                 Sphynx       0.94      0.92      0.93        50
Staffordshire bull terr       0.67      0.53      0.59        45
        Wheaten terrier       0.98      0.92      0.95        50
      Yorkshire terrier       0.96      0.92      0.94        50

               accuracy                           0.88      1837
              macro avg       0.88      0.88      0.88      1837
           weighted avg       0.88      0.88      0.88      1837

Test accuracy: 0.8807838867719108
The metadata of the previous execution is...
{'training_images_percentage': 1, 'epochs': 55, 'learning_rate': 0.001, 'batch_size': 16, 'data_augmentation': 'rand', 'subject_driven_technique': 'stable-diffusion-prompt', 'number_of_samples': 5, 'images_to_generate': 5, 'FID_threshold': 100, 'check_quality': False, 'path_to_dataset': '../../../../../../work3/s226536/datasets/oxford-iiit-pet', 'DATA_DIR': '../../../../../../work3/s226536/datasets'}

Preparing next execution...
Finished preparing next execution...
