Downloading https://thor.robots.ox.ac.uk/datasets/pets/images.tar.gz to ../../../../../../work3/s226536/datasets/oxford-iiit-pet/images.tar.gz
Extracting ../../../../../../work3/s226536/datasets/oxford-iiit-pet/images.tar.gz to ../../../../../../work3/s226536/datasets/oxford-iiit-pet
Downloading https://thor.robots.ox.ac.uk/datasets/pets/annotations.tar.gz to ../../../../../../work3/s226536/datasets/oxford-iiit-pet/annotations.tar.gz
Extracting ../../../../../../work3/s226536/datasets/oxford-iiit-pet/annotations.tar.gz to ../../../../../../work3/s226536/datasets/oxford-iiit-pet
-------------------------------------
Generating 50 images for breed Abyssinian...

Elapsed time: 171.87597846984863 seconds

-------------------------------------
Generating 50 images for breed american_bulldog...

Elapsed time: 146.08792281150818 seconds

-------------------------------------
Generating 50 images for breed american_pit_bull_terrier...

Elapsed time: 144.85631585121155 seconds

-------------------------------------
Generating 50 images for breed basset_hound...

Elapsed time: 146.4405858516693 seconds

-------------------------------------
Generating 50 images for breed beagle...

Elapsed time: 148.57183742523193 seconds

-------------------------------------
Generating 50 images for breed Bengal...

Elapsed time: 146.74893164634705 seconds

-------------------------------------
Generating 50 images for breed Birman...

Elapsed time: 145.0892539024353 seconds

-------------------------------------
Generating 50 images for breed Bombay...

Elapsed time: 145.3876485824585 seconds

-------------------------------------
Generating 50 images for breed boxer...

Elapsed time: 143.9717240333557 seconds

-------------------------------------
Generating 50 images for breed British_Shorthair...

Elapsed time: 143.18074798583984 seconds

-------------------------------------
Generating 50 images for breed chihuahua...

Elapsed time: 144.41798400878906 seconds

-------------------------------------
Generating 50 images for breed Egyptian_Mau...

Elapsed time: 143.4601538181305 seconds

-------------------------------------
Generating 50 images for breed english_cocker_spaniel...

Elapsed time: 143.67296028137207 seconds

-------------------------------------
Generating 50 images for breed english_setter...

Elapsed time: 142.96798515319824 seconds

-------------------------------------
Generating 50 images for breed german_shorthaired...

Elapsed time: 144.04790043830872 seconds

-------------------------------------
Generating 50 images for breed great_pyrenees...

Elapsed time: 143.78235697746277 seconds

-------------------------------------
Generating 50 images for breed havanese...

Elapsed time: 143.93130159378052 seconds

-------------------------------------
Generating 50 images for breed japanese_chin...

Elapsed time: 143.36693120002747 seconds

-------------------------------------
Generating 50 images for breed keeshond...

Elapsed time: 144.9920802116394 seconds

-------------------------------------
Generating 50 images for breed leonberger...

Elapsed time: 143.2077260017395 seconds

-------------------------------------
Generating 50 images for breed Maine_Coon...

Elapsed time: 143.2304048538208 seconds

-------------------------------------
Generating 50 images for breed miniature_pinscher...

Elapsed time: 142.27886724472046 seconds

-------------------------------------
Generating 50 images for breed newfoundland...

Elapsed time: 143.64460349082947 seconds

-------------------------------------
Generating 50 images for breed Persian...

Elapsed time: 143.2979519367218 seconds

-------------------------------------
Generating 50 images for breed pomeranian...

Elapsed time: 142.81686234474182 seconds

-------------------------------------
Generating 50 images for breed pug...

Elapsed time: 143.0272421836853 seconds

-------------------------------------
Generating 50 images for breed Ragdoll...

Elapsed time: 142.70494985580444 seconds

-------------------------------------
Generating 50 images for breed Russian_Blue...

Elapsed time: 142.34509992599487 seconds

-------------------------------------
Generating 50 images for breed saint_bernard...

Elapsed time: 141.40585660934448 seconds

-------------------------------------
Generating 50 images for breed samoyed...

Elapsed time: 143.07472038269043 seconds

-------------------------------------
Generating 50 images for breed scottish_terrier...

Elapsed time: 142.181902885437 seconds

-------------------------------------
Generating 50 images for breed shiba_inu...

Elapsed time: 143.68026089668274 seconds

-------------------------------------
Generating 50 images for breed Siamese...

Elapsed time: 142.10508847236633 seconds

-------------------------------------
Generating 50 images for breed Sphynx...

Elapsed time: 140.63010501861572 seconds

-------------------------------------
Generating 50 images for breed staffordshire_bull_terrier...

Elapsed time: 142.427387714386 seconds

-------------------------------------
Generating 50 images for breed wheaten_terrier...

Elapsed time: 142.44195556640625 seconds

-------------------------------------
Generating 50 images for breed yorkshire_terrier...

Elapsed time: 143.64445734024048 seconds

Using cuda device
Epoch 1
-------------------------------
Training loss: 3.986317  [16/2650]
Training loss: 3.503399  [1616/2650]
Training accuracy: 14.26 %
Validation loss: 3.302451
Validation accuracy: 12.88% 

Epoch 2
-------------------------------
Training loss: 3.314149  [16/2650]
Training loss: 2.881451  [1616/2650]
Training accuracy: 35.28 %
Validation loss: 2.949729
Validation accuracy: 28.77% 

Epoch 3
-------------------------------
Training loss: 3.239581  [16/2650]
Training loss: 2.834791  [1616/2650]
Training accuracy: 49.96 %
Validation loss: 2.659614
Validation accuracy: 42.85% 

Epoch 4
-------------------------------
Training loss: 2.682390  [16/2650]
Training loss: 2.421363  [1616/2650]
Training accuracy: 59.13 %
Validation loss: 2.385032
Validation accuracy: 51.47% 

Epoch 5
-------------------------------
Training loss: 2.924623  [16/2650]
Training loss: 2.058081  [1616/2650]
Training accuracy: 65.51 %
Validation loss: 2.150404
Validation accuracy: 58.79% 

Epoch 6
-------------------------------
Training loss: 2.241805  [16/2650]
Training loss: 2.001594  [1616/2650]
Training accuracy: 69.06 %
Validation loss: 1.970688
Validation accuracy: 65.07% 

Epoch 7
-------------------------------
Training loss: 1.946521  [16/2650]
Training loss: 1.964020  [1616/2650]
Training accuracy: 72.60 %
Validation loss: 1.809542
Validation accuracy: 67.85% 

Epoch 8
-------------------------------
Training loss: 1.930224  [16/2650]
Training loss: 1.505797  [1616/2650]
Training accuracy: 74.00 %
Validation loss: 1.687224
Validation accuracy: 69.10% 

Epoch 9
-------------------------------
Training loss: 1.778158  [16/2650]
Training loss: 1.892788  [1616/2650]
Training accuracy: 76.34 %
Validation loss: 1.567747
Validation accuracy: 71.62% 

Epoch 10
-------------------------------
Training loss: 1.533528  [16/2650]
Training loss: 1.126058  [1616/2650]
Training accuracy: 77.70 %
Validation loss: 1.483079
Validation accuracy: 70.91% 

Epoch 11
-------------------------------
Training loss: 1.322531  [16/2650]
Training loss: 1.220231  [1616/2650]
Training accuracy: 78.23 %
Validation loss: 1.418573
Validation accuracy: 72.22% 

Epoch 12
-------------------------------
Training loss: 1.512486  [16/2650]
Training loss: 1.654905  [1616/2650]
Training accuracy: 80.64 %
Validation loss: 1.342377
Validation accuracy: 74.67% 

Epoch 13
-------------------------------
Training loss: 1.337727  [16/2650]
Training loss: 1.325966  [1616/2650]
Training accuracy: 81.06 %
Validation loss: 1.290927
Validation accuracy: 74.78% 

Epoch 14
-------------------------------
Training loss: 1.293525  [16/2650]
Training loss: 1.117076  [1616/2650]
Training accuracy: 80.75 %
Validation loss: 1.188233
Validation accuracy: 77.46% 

Epoch 15
-------------------------------
Training loss: 1.348555  [16/2650]
Training loss: 1.264157  [1616/2650]
Training accuracy: 82.53 %
Validation loss: 1.174358
Validation accuracy: 75.93% 

Epoch 16
-------------------------------
Training loss: 1.156796  [16/2650]
Training loss: 1.095810  [1616/2650]
Training accuracy: 82.49 %
Validation loss: 1.110976
Validation accuracy: 76.36% 

Epoch 17
-------------------------------
Training loss: 1.257755  [16/2650]
Training loss: 0.997268  [1616/2650]
Training accuracy: 82.68 %
Validation loss: 1.067705
Validation accuracy: 76.69% 

Epoch 18
-------------------------------
Training loss: 0.802261  [16/2650]
Training loss: 1.227018  [1616/2650]
Training accuracy: 83.74 %
Validation loss: 1.036951
Validation accuracy: 78.00% 

Epoch 19
-------------------------------
Training loss: 0.983707  [16/2650]
Training loss: 1.002473  [1616/2650]
Training accuracy: 83.70 %
Validation loss: 0.996942
Validation accuracy: 78.06% 

Epoch 20
-------------------------------
Training loss: 1.155045  [16/2650]
Training loss: 0.783575  [1616/2650]
Training accuracy: 84.30 %
Validation loss: 0.993450
Validation accuracy: 77.40% 

Epoch 21
-------------------------------
Training loss: 0.898442  [16/2650]
Training loss: 1.398734  [1616/2650]
Training accuracy: 84.34 %
Validation loss: 0.982356
Validation accuracy: 77.24% 

Epoch 22
-------------------------------
Training loss: 0.699597  [16/2650]
Training loss: 1.267420  [1616/2650]
Training accuracy: 84.94 %
Validation loss: 0.955204
Validation accuracy: 77.62% 

Epoch 23
-------------------------------
Training loss: 1.572115  [16/2650]
Training loss: 0.803052  [1616/2650]
Training accuracy: 84.91 %
Validation loss: 0.918479
Validation accuracy: 78.60% 

Epoch 24
-------------------------------
Training loss: 0.874469  [16/2650]
Training loss: 1.052078  [1616/2650]
Training accuracy: 85.02 %
Validation loss: 0.922708
Validation accuracy: 78.17% 

Epoch 25
-------------------------------
Training loss: 0.717080  [16/2650]
Training loss: 0.961973  [1616/2650]
Training accuracy: 84.83 %
Validation loss: 0.886310
Validation accuracy: 79.59% 

Epoch 26
-------------------------------
Training loss: 0.800339  [16/2650]
Training loss: 0.627489  [1616/2650]
Training accuracy: 86.04 %
Validation loss: 0.856994
Validation accuracy: 79.42% 

Epoch 27
-------------------------------
Training loss: 0.720138  [16/2650]
Training loss: 0.643403  [1616/2650]
Training accuracy: 85.77 %
Validation loss: 0.878011
Validation accuracy: 78.55% 

Epoch 28
-------------------------------
Training loss: 1.105180  [16/2650]
Training loss: 1.085422  [1616/2650]
Training accuracy: 87.32 %
Validation loss: 0.855798
Validation accuracy: 78.93% 

Epoch 29
-------------------------------
Training loss: 0.906203  [16/2650]
Training loss: 0.447458  [1616/2650]
Training accuracy: 86.38 %
Validation loss: 0.843549
Validation accuracy: 79.59% 

Epoch 30
-------------------------------
Training loss: 0.881198  [16/2650]
Training loss: 0.841924  [1616/2650]
Training accuracy: 86.79 %
Validation loss: 0.860218
Validation accuracy: 78.66% 

Early stopping
Done!

Elapsed time: 2052.0676548480988 seconds

                         precision    recall  f1-score   support

             Abyssinian       0.85      0.35      0.49        49
       American Bulldog       0.79      0.76      0.78        50
  American pitbull terr       0.76      0.38      0.51        50
           Basset hound       0.71      0.94      0.81        50
                 Beagle       0.90      0.52      0.66        50
                 Bengal       0.67      0.68      0.67        50
                 Birman       0.72      0.56      0.63        50
                 Bombay       0.63      0.86      0.73        44
                  Boxer       0.71      0.80      0.75        50
      British Shorthair       0.79      0.66      0.72        50
              Chihuahua       0.79      0.76      0.78        50
           Egyptian Mau       0.73      0.78      0.75        49
 English cocker spaniel       0.97      0.66      0.79        50
         English setter       0.62      0.76      0.68        50
     German shorthaired       0.53      1.00      0.69        50
         Great pyrenees       0.90      0.92      0.91        50
               Havanese       0.88      0.86      0.87        50
          Japanese chin       1.00      0.92      0.96        50
               Keeshond       0.93      1.00      0.96        50
             Leonberger       0.94      0.96      0.95        50
             Maine Coon       0.82      0.54      0.65        50
     Miniature pinscher       0.91      0.82      0.86        50
           Newfoundland       0.91      0.96      0.93        50
                Persian       0.93      0.78      0.85        50
             Pomeranian       1.00      0.72      0.84        50
                    Pug       0.98      0.88      0.93        50
                Ragdoll       0.77      0.54      0.64        50
           Russian blue       0.51      0.74      0.60        50
          Saint bernard       0.86      0.96      0.91        50
                Samoyed       0.79      0.98      0.87        50
       Scottish terrier       0.71      0.98      0.82        50
              Shiba inu       0.91      0.96      0.93        50
                Siamese       0.62      0.84      0.71        50
                 Sphynx       0.87      0.78      0.82        50
Staffordshire bull terr       0.57      0.73      0.64        45
        Wheaten terrier       0.94      0.88      0.91        50
      Yorkshire terrier       0.95      0.78      0.86        50

               accuracy                           0.78      1837
              macro avg       0.81      0.78      0.78      1837
           weighted avg       0.81      0.78      0.78      1837

Test accuracy: 0.783886771910724
