Downloading https://thor.robots.ox.ac.uk/datasets/pets/images.tar.gz to ../../../../../../work3/s226536/datasets/oxford-iiit-pet/images.tar.gz
Extracting ../../../../../../work3/s226536/datasets/oxford-iiit-pet/images.tar.gz to ../../../../../../work3/s226536/datasets/oxford-iiit-pet
Downloading https://thor.robots.ox.ac.uk/datasets/pets/annotations.tar.gz to ../../../../../../work3/s226536/datasets/oxford-iiit-pet/annotations.tar.gz
Extracting ../../../../../../work3/s226536/datasets/oxford-iiit-pet/annotations.tar.gz to ../../../../../../work3/s226536/datasets/oxford-iiit-pet
-------------------------------------
Generating 50 images for breed Abyssinian...

Not using data augmentation
Using cuda device
Epoch 1
-------------------------------
Training loss: 3.889280  [16/919]
Training accuracy: 2.83 %
Validation loss: 3.640277
Validation accuracy: 3.82% 

Epoch 2
-------------------------------
Training loss: 3.547175  [16/919]
Training accuracy: 7.07 %
Validation loss: 3.475871
Validation accuracy: 7.75% 

Epoch 3
-------------------------------
Training loss: 3.403934  [16/919]
Training accuracy: 13.60 %
Validation loss: 3.324799
Validation accuracy: 13.16% 

Epoch 4
-------------------------------
Training loss: 3.277471  [16/919]
Training accuracy: 20.78 %
Validation loss: 3.173127
Validation accuracy: 20.91% 

Epoch 5
-------------------------------
Training loss: 3.386523  [16/919]
Training accuracy: 28.94 %
Validation loss: 3.030217
Validation accuracy: 29.15% 

Epoch 6
-------------------------------
Training loss: 3.199126  [16/919]
Training accuracy: 37.87 %
Validation loss: 2.913335
Validation accuracy: 35.26% 

Epoch 7
-------------------------------
Training loss: 2.985380  [16/919]
Training accuracy: 45.16 %
Validation loss: 2.783565
Validation accuracy: 41.92% 

Epoch 8
-------------------------------
Training loss: 2.875130  [16/919]
Training accuracy: 52.01 %
Validation loss: 2.673664
Validation accuracy: 48.20% 

Epoch 9
-------------------------------
Training loss: 2.776349  [16/919]
Training accuracy: 56.37 %
Validation loss: 2.553735
Validation accuracy: 53.55% 

Epoch 10
-------------------------------
Training loss: 2.514508  [16/919]
Training accuracy: 63.22 %
Validation loss: 2.450679
Validation accuracy: 57.97% 

Epoch 11
-------------------------------
Training loss: 2.395442  [16/919]
Training accuracy: 64.42 %
Validation loss: 2.334183
Validation accuracy: 61.08% 

Epoch 12
-------------------------------
Training loss: 2.138295  [16/919]
Training accuracy: 67.79 %
Validation loss: 2.256881
Validation accuracy: 63.92% 

Epoch 13
-------------------------------
Training loss: 2.315181  [16/919]
Training accuracy: 70.51 %
Validation loss: 2.144355
Validation accuracy: 66.27% 

Epoch 14
-------------------------------
Training loss: 2.008669  [16/919]
Training accuracy: 74.65 %
Validation loss: 2.079139
Validation accuracy: 69.32% 

Epoch 15
-------------------------------
Training loss: 1.736554  [16/919]
Training accuracy: 77.26 %
Validation loss: 1.997377
Validation accuracy: 70.58% 

Epoch 16
-------------------------------
Training loss: 2.067355  [16/919]
Training accuracy: 77.91 %
Validation loss: 1.926423
Validation accuracy: 72.05% 

Epoch 17
-------------------------------
Training loss: 1.920247  [16/919]
Training accuracy: 79.00 %
Validation loss: 1.861535
Validation accuracy: 73.03% 

Epoch 18
-------------------------------
Training loss: 1.788527  [16/919]
Training accuracy: 80.96 %
Validation loss: 1.782383
Validation accuracy: 73.96% 

Epoch 19
-------------------------------
Training loss: 1.977501  [16/919]
Training accuracy: 81.94 %
Validation loss: 1.719455
Validation accuracy: 75.49% 

Epoch 20
-------------------------------
Training loss: 1.760464  [16/919]
Training accuracy: 81.94 %
Validation loss: 1.676183
Validation accuracy: 75.33% 

Epoch 21
-------------------------------
Training loss: 1.444658  [16/919]
Training accuracy: 82.48 %
Validation loss: 1.602422
Validation accuracy: 76.20% 

Epoch 22
-------------------------------
Training loss: 1.460215  [16/919]
Training accuracy: 84.98 %
Validation loss: 1.563808
Validation accuracy: 77.46% 

Epoch 23
-------------------------------
Training loss: 1.573298  [16/919]
Training accuracy: 83.03 %
Validation loss: 1.538271
Validation accuracy: 78.00% 

Epoch 24
-------------------------------
Training loss: 1.185767  [16/919]
Training accuracy: 84.22 %
Validation loss: 1.461155
Validation accuracy: 78.55% 

Epoch 25
-------------------------------
Training loss: 1.425986  [16/919]
Training accuracy: 84.33 %
Validation loss: 1.415428
Validation accuracy: 79.26% 

Epoch 26
-------------------------------
Training loss: 1.234431  [16/919]
Training accuracy: 85.85 %
Validation loss: 1.391582
Validation accuracy: 79.42% 

Epoch 27
-------------------------------
Training loss: 1.233684  [16/919]
Training accuracy: 86.07 %
Validation loss: 1.349825
Validation accuracy: 79.42% 

Epoch 28
-------------------------------
Training loss: 1.160239  [16/919]
Training accuracy: 89.01 %
Validation loss: 1.323682
Validation accuracy: 80.19% 

Epoch 29
-------------------------------
Training loss: 1.122997  [16/919]
Training accuracy: 88.90 %
Validation loss: 1.282942
Validation accuracy: 81.50% 

Epoch 30
-------------------------------
Training loss: 1.352637  [16/919]
Training accuracy: 88.79 %
Validation loss: 1.251841
Validation accuracy: 81.00% 

Epoch 31
-------------------------------
Training loss: 1.296549  [16/919]
Training accuracy: 88.57 %
Validation loss: 1.214016
Validation accuracy: 81.11% 

Epoch 32
-------------------------------
Training loss: 1.183564  [16/919]
Training accuracy: 90.10 %
Validation loss: 1.187249
Validation accuracy: 81.99% 

Epoch 33
-------------------------------
Training loss: 1.061711  [16/919]
Training accuracy: 89.66 %
Validation loss: 1.144043
Validation accuracy: 81.99% 

Epoch 34
-------------------------------
Training loss: 0.999175  [16/919]
Training accuracy: 89.01 %
Validation loss: 1.145254
Validation accuracy: 82.48% 

Epoch 35
-------------------------------
Training loss: 1.316116  [16/919]
Training accuracy: 89.55 %
Validation loss: 1.127152
Validation accuracy: 82.53% 

Epoch 36
-------------------------------
Training loss: 0.970505  [16/919]
Training accuracy: 90.64 %
Validation loss: 1.085573
Validation accuracy: 83.02% 

Epoch 37
-------------------------------
Training loss: 0.853226  [16/919]
Training accuracy: 89.88 %
Validation loss: 1.062963
Validation accuracy: 83.13% 

Epoch 38
-------------------------------
Training loss: 1.199592  [16/919]
Training accuracy: 90.10 %
Validation loss: 1.063401
Validation accuracy: 82.48% 

Epoch 39
-------------------------------
Training loss: 1.083039  [16/919]
Training accuracy: 90.21 %
Validation loss: 1.053994
Validation accuracy: 83.41% 

Epoch 40
-------------------------------
Training loss: 0.786541  [16/919]
Training accuracy: 91.29 %
Validation loss: 1.034851
Validation accuracy: 83.08% 

Epoch 41
-------------------------------
Training loss: 0.876546  [16/919]
Training accuracy: 91.51 %
Validation loss: 0.997411
Validation accuracy: 83.57% 

Epoch 42
-------------------------------
Training loss: 1.178581  [16/919]
Training accuracy: 92.27 %
Validation loss: 0.981546
Validation accuracy: 83.90% 

Epoch 43
-------------------------------
Training loss: 1.047772  [16/919]
Training accuracy: 90.10 %
Validation loss: 0.980709
Validation accuracy: 83.57% 

Epoch 44
-------------------------------
Training loss: 0.718694  [16/919]
Training accuracy: 90.97 %
Validation loss: 0.964124
Validation accuracy: 83.52% 

Epoch 45
-------------------------------
Training loss: 0.736612  [16/919]
Training accuracy: 92.17 %
Validation loss: 0.950280
Validation accuracy: 83.24% 

Epoch 46
-------------------------------
Training loss: 0.859453  [16/919]
Training accuracy: 92.06 %
Validation loss: 0.938602
Validation accuracy: 84.06% 

Epoch 47
-------------------------------
Training loss: 0.887978  [16/919]
Training accuracy: 92.38 %
Validation loss: 0.918347
Validation accuracy: 83.52% 

Epoch 48
-------------------------------
Training loss: 0.879967  [16/919]
Training accuracy: 91.08 %
Validation loss: 0.903299
Validation accuracy: 84.17% 

Epoch 49
-------------------------------
Training loss: 0.737768  [16/919]
Training accuracy: 90.75 %
Validation loss: 0.886275
Validation accuracy: 84.22% 

Epoch 50
-------------------------------
Training loss: 0.823550  [16/919]
Training accuracy: 92.60 %
Validation loss: 0.873419
Validation accuracy: 84.44% 

Epoch 51
-------------------------------
Training loss: 0.626590  [16/919]
Training accuracy: 92.38 %
Validation loss: 0.875082
Validation accuracy: 84.33% 

Epoch 52
-------------------------------
Training loss: 0.864428  [16/919]
Training accuracy: 93.04 %
Validation loss: 0.865160
Validation accuracy: 84.01% 

Epoch 53
-------------------------------
Training loss: 0.518604  [16/919]
Training accuracy: 91.51 %
Validation loss: 0.845237
Validation accuracy: 84.44% 

Epoch 54
-------------------------------
Training loss: 0.764914  [16/919]
Training accuracy: 92.38 %
Validation loss: 0.834180
Validation accuracy: 84.17% 

Epoch 55
-------------------------------
Training loss: 0.584435  [16/919]
Training accuracy: 92.27 %
Validation loss: 0.830155
Validation accuracy: 84.33% 

Early stopping
Done!

Elapsed time: 1174.7346646785736 seconds

Current time: 08:58:46
                         precision    recall  f1-score   support

             Abyssinian       0.83      0.69      0.76        49
       American Bulldog       0.77      0.86      0.81        50
  American pitbull terr       0.74      0.56      0.64        50
           Basset hound       0.89      0.94      0.91        50
                 Beagle       0.89      0.84      0.87        50
                 Bengal       0.60      0.76      0.67        50
                 Birman       0.73      0.76      0.75        50
                 Bombay       0.86      0.95      0.90        44
                  Boxer       0.74      0.80      0.77        50
      British Shorthair       0.79      0.76      0.78        50
              Chihuahua       0.84      0.86      0.85        50
           Egyptian Mau       0.78      0.71      0.74        49
 English cocker spaniel       0.92      0.90      0.91        50
         English setter       0.84      0.82      0.83        50
     German shorthaired       0.81      1.00      0.89        50
         Great pyrenees       0.92      0.90      0.91        50
               Havanese       0.82      0.94      0.88        50
          Japanese chin       0.98      0.96      0.97        50
               Keeshond       0.94      1.00      0.97        50
             Leonberger       0.96      0.92      0.94        50
             Maine Coon       0.76      0.70      0.73        50
     Miniature pinscher       0.91      0.86      0.89        50
           Newfoundland       0.89      0.96      0.92        50
                Persian       0.89      0.80      0.84        50
             Pomeranian       1.00      0.88      0.94        50
                    Pug       0.98      0.90      0.94        50
                Ragdoll       0.81      0.68      0.74        50
           Russian blue       0.71      0.72      0.71        50
          Saint bernard       0.94      0.96      0.95        50
                Samoyed       0.88      1.00      0.93        50
       Scottish terrier       0.94      0.98      0.96        50
              Shiba inu       0.92      0.96      0.94        50
                Siamese       0.83      0.86      0.84        50
                 Sphynx       0.88      0.90      0.89        50
Staffordshire bull terr       0.61      0.60      0.61        45
        Wheaten terrier       1.00      0.86      0.92        50
      Yorkshire terrier       0.94      0.88      0.91        50

               accuracy                           0.85      1837
              macro avg       0.85      0.85      0.85      1837
           weighted avg       0.85      0.85      0.85      1837

Test accuracy: 0.8502994011976048
The metadata of the previous execution is...
{'training_images_percentage': 0.25, 'epochs': 55, 'learning_rate': 0.001, 'batch_size': 16, 'data_augmentation': 'no', 'subject_driven_technique': 'dreambooth', 'number_of_samples': 5, 'images_to_generate': 50, 'FID_threshold': 100, 'check_quality': False, 'path_to_dataset': '../../../../../../work3/s226536/datasets/oxford-iiit-pet', 'DATA_DIR': '../../../../../../work3/s226536/datasets'}

Preparing next execution...
Finished preparing next execution...
