Using cuda device
Epoch 1
-------------------------------
Training loss: 1.144101 [16/3680]
Training loss: 0.290717 
Validation loss: 0.247830

Epoch 2
-------------------------------
Training loss: 0.225182 [16/3680]
Training loss: 0.248210 
Validation loss: 0.256953

Epoch 3
-------------------------------
Training loss: 0.217406 [16/3680]
Training loss: 0.235674 
Validation loss: 0.240594

Epoch 4
-------------------------------
Training loss: 0.256567 [16/3680]
Training loss: 0.225335 
Validation loss: 0.230963

Epoch 5
-------------------------------
Training loss: 0.231209 [16/3680]
Training loss: 0.221307 
Validation loss: 0.235277

Epoch 6
-------------------------------
Training loss: 0.226268 [16/3680]
Training loss: 0.214209 
Validation loss: 0.231614

Epoch 7
-------------------------------
Training loss: 0.191184 [16/3680]
Training loss: 0.213888 
Validation loss: 0.240433

Early stopping
Jaccard score: 0.849991306704902
Done!

Elapsed time: 468.95554184913635 seconds

Current time: 20:52:46
The metadata of the previous execution is...
{'training_images_percentage': 1, 'epochs': 55, 'learning_rate': 0.001, 'batch_size': 16, 'images_to_generate': 5, 'path_to_dataset': '../../../../../../work3/s226536/datasets/oxford-iiit-pet', 'DATA_DIR': '../../../../../../work3/s226536/datasets'}

Preparing next execution...
