60600
15150
25250
-------------------------------------
Generating 5 images for food apple_pie...

Elapsed time: 130.84968090057373 seconds

-------------------------------------
Generating 5 images for food baby_back_ribs...

Elapsed time: 9.96728229522705 seconds

-------------------------------------
Generating 5 images for food baklava...

Elapsed time: 9.426532745361328 seconds

-------------------------------------
Generating 5 images for food beef_carpaccio...

Elapsed time: 9.445293188095093 seconds

-------------------------------------
Generating 5 images for food beef_tartare...

Elapsed time: 9.462230443954468 seconds

-------------------------------------
Generating 5 images for food beet_salad...

Elapsed time: 9.608691930770874 seconds

-------------------------------------
Generating 5 images for food beignets...

Elapsed time: 9.554697513580322 seconds

-------------------------------------
Generating 5 images for food bibimbap...

Elapsed time: 9.1585373878479 seconds

-------------------------------------
Generating 5 images for food bread_pudding...

Elapsed time: 9.328933000564575 seconds

-------------------------------------
Generating 5 images for food breakfast_burrito...

Elapsed time: 9.264703512191772 seconds

-------------------------------------
Generating 5 images for food bruschetta...

Elapsed time: 8.944965124130249 seconds

-------------------------------------
Generating 5 images for food caesar_salad...

Elapsed time: 9.224367141723633 seconds

-------------------------------------
Generating 5 images for food cannoli...

Elapsed time: 9.518985509872437 seconds

-------------------------------------
Generating 5 images for food caprese_salad...

Elapsed time: 9.828046321868896 seconds

-------------------------------------
Generating 5 images for food carrot_cake...

Elapsed time: 9.521907567977905 seconds

-------------------------------------
Generating 5 images for food ceviche...

Elapsed time: 9.427273035049438 seconds

-------------------------------------
Generating 5 images for food cheesecake...

Elapsed time: 9.56008529663086 seconds

-------------------------------------
Generating 5 images for food cheese_plate...

Elapsed time: 12.578069686889648 seconds

-------------------------------------
Generating 5 images for food chicken_curry...

Elapsed time: 9.57621693611145 seconds

-------------------------------------
Generating 5 images for food chicken_quesadilla...

Elapsed time: 9.712660789489746 seconds

-------------------------------------
Generating 5 images for food chicken_wings...

Elapsed time: 9.337512493133545 seconds

-------------------------------------
Generating 5 images for food chocolate_cake...

Elapsed time: 9.479402542114258 seconds

-------------------------------------
Generating 5 images for food chocolate_mousse...

Elapsed time: 10.202786684036255 seconds

-------------------------------------
Generating 5 images for food churros...

Elapsed time: 9.734275341033936 seconds

-------------------------------------
Generating 5 images for food clam_chowder...

Elapsed time: 10.692772388458252 seconds

-------------------------------------
Generating 5 images for food club_sandwich...

Elapsed time: 9.680087566375732 seconds

-------------------------------------
Generating 5 images for food crab_cakes...

Elapsed time: 9.718291997909546 seconds

-------------------------------------
Generating 5 images for food creme_brulee...

Elapsed time: 9.456903219223022 seconds

-------------------------------------
Generating 5 images for food croque_madame...

Elapsed time: 9.961599826812744 seconds

-------------------------------------
Generating 5 images for food cup_cakes...

Elapsed time: 10.327439069747925 seconds

-------------------------------------
Generating 5 images for food deviled_eggs...

Elapsed time: 9.480938196182251 seconds

-------------------------------------
Generating 5 images for food donuts...

Elapsed time: 9.6651611328125 seconds

-------------------------------------
Generating 5 images for food dumplings...

Elapsed time: 9.7880859375 seconds

-------------------------------------
Generating 5 images for food edamame...

Elapsed time: 10.238128423690796 seconds

-------------------------------------
Generating 5 images for food eggs_benedict...

Elapsed time: 9.787584781646729 seconds

-------------------------------------
Generating 5 images for food escargots...

Elapsed time: 9.322696685791016 seconds

-------------------------------------
Generating 5 images for food falafel...

Elapsed time: 10.204994440078735 seconds

-------------------------------------
Generating 5 images for food filet_mignon...

Elapsed time: 9.743827104568481 seconds

-------------------------------------
Generating 5 images for food fish_and_chips...

Elapsed time: 10.604323148727417 seconds

-------------------------------------
Generating 5 images for food foie_gras...

Elapsed time: 10.435728549957275 seconds

-------------------------------------
Generating 5 images for food french_fries...

Elapsed time: 9.836682558059692 seconds

-------------------------------------
Generating 5 images for food french_onion_soup...

Elapsed time: 10.514972448348999 seconds

-------------------------------------
Generating 5 images for food french_toast...

Elapsed time: 11.016998291015625 seconds

-------------------------------------
Generating 5 images for food fried_calamari...

Elapsed time: 10.345898151397705 seconds

-------------------------------------
Generating 5 images for food fried_rice...

Elapsed time: 10.121400594711304 seconds

-------------------------------------
Generating 5 images for food frozen_yogurt...

Elapsed time: 10.14961838722229 seconds

-------------------------------------
Generating 5 images for food garlic_bread...

Elapsed time: 10.987832069396973 seconds

-------------------------------------
Generating 5 images for food gnocchi...

Elapsed time: 10.340681552886963 seconds

-------------------------------------
Generating 5 images for food greek_salad...

Elapsed time: 9.9523286819458 seconds

-------------------------------------
Generating 5 images for food grilled_cheese_sandwich...

Elapsed time: 10.388127565383911 seconds

-------------------------------------
Generating 5 images for food grilled_salmon...

Elapsed time: 10.043872117996216 seconds

-------------------------------------
Generating 5 images for food guacamole...

Elapsed time: 9.417563676834106 seconds

-------------------------------------
Generating 5 images for food gyoza...

Elapsed time: 9.567068099975586 seconds

-------------------------------------
Generating 5 images for food hamburger...

Elapsed time: 9.391536951065063 seconds

-------------------------------------
Generating 5 images for food hot_and_sour_soup...

Elapsed time: 9.694643497467041 seconds

-------------------------------------
Generating 5 images for food hot_dog...

Elapsed time: 8.77062439918518 seconds

-------------------------------------
Generating 5 images for food huevos_rancheros...

Elapsed time: 9.146867990493774 seconds

-------------------------------------
Generating 5 images for food hummus...

Elapsed time: 9.834837436676025 seconds

-------------------------------------
Generating 5 images for food ice_cream...

Elapsed time: 9.574037551879883 seconds

-------------------------------------
Generating 5 images for food lasagna...

Elapsed time: 9.887514114379883 seconds

-------------------------------------
Generating 5 images for food lobster_bisque...

Elapsed time: 9.677054643630981 seconds

-------------------------------------
Generating 5 images for food lobster_roll_sandwich...

Elapsed time: 9.606584787368774 seconds

-------------------------------------
Generating 5 images for food macaroni_and_cheese...

Elapsed time: 9.916273832321167 seconds

-------------------------------------
Generating 5 images for food macarons...

Elapsed time: 9.315793752670288 seconds

-------------------------------------
Generating 5 images for food miso_soup...

Elapsed time: 9.692000150680542 seconds

-------------------------------------
Generating 5 images for food mussels...

Elapsed time: 9.958844423294067 seconds

-------------------------------------
Generating 5 images for food nachos...

Elapsed time: 9.560483932495117 seconds

-------------------------------------
Generating 5 images for food omelette...

Elapsed time: 9.84479570388794 seconds

-------------------------------------
Generating 5 images for food onion_rings...

Elapsed time: 9.72585678100586 seconds

-------------------------------------
Generating 5 images for food oysters...

Elapsed time: 9.675045490264893 seconds

-------------------------------------
Generating 5 images for food pad_thai...

Elapsed time: 9.261059284210205 seconds

-------------------------------------
Generating 5 images for food paella...

Elapsed time: 9.71655535697937 seconds

-------------------------------------
Generating 5 images for food pancakes...

Elapsed time: 9.52626657485962 seconds

-------------------------------------
Generating 5 images for food panna_cotta...

Elapsed time: 9.520951986312866 seconds

-------------------------------------
Generating 5 images for food peking_duck...

Elapsed time: 10.403545618057251 seconds

-------------------------------------
Generating 5 images for food pho...

Elapsed time: 9.677942514419556 seconds

-------------------------------------
Generating 5 images for food pizza...

Elapsed time: 9.671743869781494 seconds

-------------------------------------
Generating 5 images for food pork_chop...

Elapsed time: 9.52148962020874 seconds

-------------------------------------
Generating 5 images for food poutine...

Elapsed time: 9.414592027664185 seconds

-------------------------------------
Generating 5 images for food prime_rib...

Elapsed time: 9.56599760055542 seconds

-------------------------------------
Generating 5 images for food pulled_pork_sandwich...

Elapsed time: 9.687891960144043 seconds

-------------------------------------
Generating 5 images for food ramen...

Elapsed time: 9.684462070465088 seconds

-------------------------------------
Generating 5 images for food ravioli...

Elapsed time: 9.37684154510498 seconds

-------------------------------------
Generating 5 images for food red_velvet_cake...

Elapsed time: 9.483680486679077 seconds

-------------------------------------
Generating 5 images for food risotto...

Elapsed time: 9.631017923355103 seconds

-------------------------------------
Generating 5 images for food samosa...

Elapsed time: 9.724093198776245 seconds

-------------------------------------
Generating 5 images for food sashimi...

Elapsed time: 9.56014633178711 seconds

-------------------------------------
Generating 5 images for food scallops...

Elapsed time: 9.464308023452759 seconds

-------------------------------------
Generating 5 images for food seaweed_salad...

Elapsed time: 9.754678726196289 seconds

-------------------------------------
Generating 5 images for food shrimp_and_grits...

Elapsed time: 9.43059778213501 seconds

-------------------------------------
Generating 5 images for food spaghetti_bolognese...

Elapsed time: 9.744029521942139 seconds

-------------------------------------
Generating 5 images for food spaghetti_carbonara...

Elapsed time: 9.172744035720825 seconds

-------------------------------------
Generating 5 images for food spring_rolls...

Elapsed time: 9.61650562286377 seconds

-------------------------------------
Generating 5 images for food steak...

Elapsed time: 9.539730072021484 seconds

-------------------------------------
Generating 5 images for food strawberry_shortcake...

Elapsed time: 9.597041130065918 seconds

-------------------------------------
Generating 5 images for food sushi...

Elapsed time: 9.839298486709595 seconds

-------------------------------------
Generating 5 images for food tacos...

Elapsed time: 10.091321229934692 seconds

-------------------------------------
Generating 5 images for food takoyaki...

Elapsed time: 9.383708953857422 seconds

-------------------------------------
Generating 5 images for food tiramisu...

Elapsed time: 9.635113716125488 seconds

-------------------------------------
Generating 5 images for food tuna_tartare...

Elapsed time: 9.965668439865112 seconds

-------------------------------------
Generating 5 images for food waffles...

Elapsed time: 9.776570558547974 seconds

Not using data augmentation
Using cuda device
Epoch 1
-------------------------------
Training loss: 4.950382  [16/3575]
Training loss: 5.098928  [1616/3575]
Training loss: 4.799487  [3216/3575]
Training accuracy: 1.12 %
Validation loss: 4.673741
Validation accuracy: 1.24% 

Epoch 2
-------------------------------
Training loss: 4.415760  [16/3575]
Training loss: 4.614242  [1616/3575]
Training loss: 4.788605  [3216/3575]
Training accuracy: 2.04 %
Validation loss: 4.596477
Validation accuracy: 1.80% 

Epoch 3
-------------------------------
Training loss: 4.387771  [16/3575]
Training loss: 4.808434  [1616/3575]
Training loss: 4.300010  [3216/3575]
Training accuracy: 3.36 %
Validation loss: 4.536399
Validation accuracy: 2.80% 

Epoch 4
-------------------------------
Training loss: 4.479605  [16/3575]
Training loss: 4.601947  [1616/3575]
Training loss: 4.515725  [3216/3575]
Training accuracy: 4.25 %
Validation loss: 4.481658
Validation accuracy: 3.92% 

Epoch 5
-------------------------------
Training loss: 4.498460  [16/3575]
Training loss: 4.354311  [1616/3575]
Training loss: 4.369385  [3216/3575]
Training accuracy: 6.83 %
Validation loss: 4.429173
Validation accuracy: 5.03% 

Epoch 6
-------------------------------
Training loss: 4.338628  [16/3575]
Training loss: 4.352799  [1616/3575]
Training loss: 4.223114  [3216/3575]
Training accuracy: 8.11 %
Validation loss: 4.377133
Validation accuracy: 6.49% 

Epoch 7
-------------------------------
Training loss: 4.245496  [16/3575]
Training loss: 4.475525  [1616/3575]
Training loss: 4.306606  [3216/3575]
Training accuracy: 10.35 %
Validation loss: 4.327227
Validation accuracy: 7.86% 

Epoch 8
-------------------------------
Training loss: 4.201079  [16/3575]
Training loss: 3.983153  [1616/3575]
Training loss: 4.300325  [3216/3575]
Training accuracy: 12.36 %
Validation loss: 4.272410
Validation accuracy: 9.41% 

Epoch 9
-------------------------------
Training loss: 4.329649  [16/3575]
Training loss: 4.346030  [1616/3575]
Training loss: 4.536269  [3216/3575]
Training accuracy: 13.93 %
Validation loss: 4.229906
Validation accuracy: 10.66% 

Epoch 10
-------------------------------
Training loss: 4.104909  [16/3575]
Training loss: 4.024270  [1616/3575]
Training loss: 4.179413  [3216/3575]
Training accuracy: 16.17 %
Validation loss: 4.184095
Validation accuracy: 12.30% 

Epoch 11
-------------------------------
Training loss: 4.169224  [16/3575]
Training loss: 4.134398  [1616/3575]
Training loss: 4.182915  [3216/3575]
Training accuracy: 18.04 %
Validation loss: 4.141394
Validation accuracy: 13.54% 

Epoch 12
-------------------------------
Training loss: 3.912032  [16/3575]
Training loss: 3.839425  [1616/3575]
Training loss: 3.905512  [3216/3575]
Training accuracy: 20.36 %
Validation loss: 4.088402
Validation accuracy: 15.21% 

Epoch 13
-------------------------------
Training loss: 4.070481  [16/3575]
Training loss: 3.824991  [1616/3575]
Training loss: 4.021703  [3216/3575]
Training accuracy: 22.10 %
Validation loss: 4.039980
Validation accuracy: 16.39% 

Epoch 14
-------------------------------
Training loss: 3.854889  [16/3575]
Training loss: 3.931716  [1616/3575]
Training loss: 3.918927  [3216/3575]
Training accuracy: 23.78 %
Validation loss: 4.001210
Validation accuracy: 17.57% 

Epoch 15
-------------------------------
Training loss: 3.606845  [16/3575]
Training loss: 3.776007  [1616/3575]
Training loss: 3.741518  [3216/3575]
Training accuracy: 26.41 %
Validation loss: 3.960512
Validation accuracy: 18.73% 

Epoch 16
-------------------------------
Training loss: 3.811750  [16/3575]
Training loss: 3.518557  [1616/3575]
Training loss: 3.814843  [3216/3575]
Training accuracy: 27.94 %
Validation loss: 3.909488
Validation accuracy: 19.95% 

Epoch 17
-------------------------------
Training loss: 3.693019  [16/3575]
Training loss: 4.110731  [1616/3575]
Training loss: 3.770844  [3216/3575]
Training accuracy: 28.67 %
Validation loss: 3.885373
Validation accuracy: 20.51% 

Epoch 18
-------------------------------
Training loss: 3.891959  [16/3575]
Training loss: 3.609837  [1616/3575]
Training loss: 3.785796  [3216/3575]
Training accuracy: 30.63 %
Validation loss: 3.832464
Validation accuracy: 21.60% 

Epoch 19
-------------------------------
Training loss: 3.633352  [16/3575]
Training loss: 3.644330  [1616/3575]
Training loss: 3.671341  [3216/3575]
Training accuracy: 30.88 %
Validation loss: 3.804973
Validation accuracy: 22.36% 

Epoch 20
-------------------------------
Training loss: 3.522158  [16/3575]
Training loss: 3.542486  [1616/3575]
Training loss: 3.657745  [3216/3575]
Training accuracy: 32.39 %
Validation loss: 3.769518
Validation accuracy: 23.22% 

Epoch 21
-------------------------------
Training loss: 3.603740  [16/3575]
Training loss: 3.451094  [1616/3575]
Training loss: 3.380005  [3216/3575]
Training accuracy: 33.85 %
Validation loss: 3.732048
Validation accuracy: 23.70% 

Epoch 22
-------------------------------
Training loss: 3.548504  [16/3575]
Training loss: 3.608639  [1616/3575]
Training loss: 3.369496  [3216/3575]
Training accuracy: 34.46 %
Validation loss: 3.699014
Validation accuracy: 24.51% 

Epoch 23
-------------------------------
Training loss: 3.404561  [16/3575]
Training loss: 3.774071  [1616/3575]
Training loss: 3.141048  [3216/3575]
Training accuracy: 35.41 %
Validation loss: 3.677833
Validation accuracy: 24.96% 

Epoch 24
-------------------------------
Training loss: 3.558153  [16/3575]
Training loss: 3.313248  [1616/3575]
Training loss: 3.740613  [3216/3575]
Training accuracy: 36.59 %
Validation loss: 3.635866
Validation accuracy: 25.68% 

Epoch 25
-------------------------------
Training loss: 3.422266  [16/3575]
Training loss: 3.440652  [1616/3575]
Training loss: 3.268359  [3216/3575]
Training accuracy: 37.68 %
Validation loss: 3.618274
Validation accuracy: 26.22% 

Epoch 26
-------------------------------
Training loss: 3.347805  [16/3575]
Training loss: 3.512356  [1616/3575]
Training loss: 3.354655  [3216/3575]
Training accuracy: 39.33 %
Validation loss: 3.568539
Validation accuracy: 26.71% 

Epoch 27
-------------------------------
Training loss: 3.303536  [16/3575]
Training loss: 3.588339  [1616/3575]
Training loss: 3.516815  [3216/3575]
Training accuracy: 39.52 %
Validation loss: 3.554520
Validation accuracy: 27.35% 

Epoch 28
-------------------------------
Training loss: 3.073618  [16/3575]
Training loss: 3.207494  [1616/3575]
Training loss: 3.242217  [3216/3575]
Training accuracy: 39.52 %
Validation loss: 3.532004
Validation accuracy: 27.23% 

Epoch 29
-------------------------------
Training loss: 3.162488  [16/3575]
Training loss: 3.464913  [1616/3575]
Training loss: 3.420718  [3216/3575]
Training accuracy: 41.65 %
Validation loss: 3.492317
Validation accuracy: 28.11% 

Epoch 30
-------------------------------
Training loss: 3.261135  [16/3575]
Training loss: 3.351910  [1616/3575]
Training loss: 3.053931  [3216/3575]
Training accuracy: 41.29 %
Validation loss: 3.463819
Validation accuracy: 28.65% 

Epoch 31
-------------------------------
Training loss: 3.050131  [16/3575]
Training loss: 3.557344  [1616/3575]
Training loss: 3.175246  [3216/3575]
Training accuracy: 42.77 %
Validation loss: 3.453513
Validation accuracy: 28.86% 

Epoch 32
-------------------------------
Training loss: 3.206323  [16/3575]
Training loss: 3.060553  [1616/3575]
Training loss: 3.515269  [3216/3575]
Training accuracy: 43.38 %
Validation loss: 3.425542
Validation accuracy: 29.49% 

Epoch 33
-------------------------------
Training loss: 3.572714  [16/3575]
Training loss: 3.443486  [1616/3575]
Training loss: 2.721776  [3216/3575]
Training accuracy: 42.69 %
Validation loss: 3.378634
Validation accuracy: 30.23% 

Epoch 34
-------------------------------
Training loss: 3.179474  [16/3575]
Training loss: 3.591812  [1616/3575]
Training loss: 3.130826  [3216/3575]
Training accuracy: 43.94 %
Validation loss: 3.383318
Validation accuracy: 29.89% 

Epoch 35
-------------------------------
Training loss: 2.916016  [16/3575]
Training loss: 2.634494  [1616/3575]
Training loss: 3.243553  [3216/3575]
Training accuracy: 45.37 %
Validation loss: 3.335323
Validation accuracy: 30.53% 

Epoch 36
-------------------------------
Training loss: 2.888937  [16/3575]
Training loss: 2.812284  [1616/3575]
Training loss: 3.255047  [3216/3575]
Training accuracy: 46.01 %
Validation loss: 3.310006
Validation accuracy: 31.00% 

Epoch 37
-------------------------------
Training loss: 2.908910  [16/3575]
Training loss: 2.734892  [1616/3575]
Training loss: 3.056855  [3216/3575]
Training accuracy: 45.59 %
Validation loss: 3.298892
Validation accuracy: 31.38% 

Epoch 38
-------------------------------
Training loss: 2.884552  [16/3575]
Training loss: 3.061664  [1616/3575]
Training loss: 3.214637  [3216/3575]
Training accuracy: 47.08 %
Validation loss: 3.275277
Validation accuracy: 31.72% 

Epoch 39
-------------------------------
Training loss: 2.722053  [16/3575]
Training loss: 3.009604  [1616/3575]
Training loss: 2.902555  [3216/3575]
Training accuracy: 47.78 %
Validation loss: 3.256941
Validation accuracy: 32.13% 

Epoch 40
-------------------------------
Training loss: 2.646194  [16/3575]
Training loss: 2.864360  [1616/3575]
Training loss: 2.517052  [3216/3575]
Training accuracy: 47.02 %
Validation loss: 3.227154
Validation accuracy: 32.33% 

Epoch 41
-------------------------------
Training loss: 3.198351  [16/3575]
Training loss: 3.030863  [1616/3575]
Training loss: 2.914497  [3216/3575]
Training accuracy: 48.06 %
Validation loss: 3.223319
Validation accuracy: 32.29% 

Epoch 42
-------------------------------
Training loss: 3.001774  [16/3575]
Training loss: 2.594034  [1616/3575]
Training loss: 3.131954  [3216/3575]
Training accuracy: 48.92 %
Validation loss: 3.206796
Validation accuracy: 32.90% 

Epoch 43
-------------------------------
Training loss: 2.695080  [16/3575]
Training loss: 2.389686  [1616/3575]
Training loss: 2.513676  [3216/3575]
Training accuracy: 48.92 %
Validation loss: 3.183285
Validation accuracy: 32.84% 

Epoch 44
-------------------------------
Training loss: 2.532339  [16/3575]
Training loss: 2.675691  [1616/3575]
Training loss: 2.315648  [3216/3575]
Training accuracy: 49.48 %
Validation loss: 3.152410
Validation accuracy: 33.00% 

Epoch 45
-------------------------------
Training loss: 2.775574  [16/3575]
Training loss: 2.272991  [1616/3575]
Training loss: 2.781262  [3216/3575]
Training accuracy: 49.59 %
Validation loss: 3.144350
Validation accuracy: 33.28% 

Epoch 46
-------------------------------
Training loss: 2.291093  [16/3575]
Training loss: 2.817733  [1616/3575]
Training loss: 2.467347  [3216/3575]
Training accuracy: 50.21 %
Validation loss: 3.159189
Validation accuracy: 32.97% 

Epoch 47
-------------------------------
Training loss: 2.820463  [16/3575]
Training loss: 2.874842  [1616/3575]
Training loss: 2.620261  [3216/3575]
Training accuracy: 50.27 %
Validation loss: 3.123290
Validation accuracy: 33.80% 

Epoch 48
-------------------------------
Training loss: 3.129042  [16/3575]
Training loss: 2.769614  [1616/3575]
Training loss: 2.580494  [3216/3575]
Training accuracy: 51.58 %
Validation loss: 3.099990
Validation accuracy: 34.11% 

Epoch 49
-------------------------------
Training loss: 2.485179  [16/3575]
Training loss: 3.213370  [1616/3575]
Training loss: 3.079275  [3216/3575]
Training accuracy: 51.78 %
Validation loss: 3.106384
Validation accuracy: 33.98% 

Epoch 50
-------------------------------
Training loss: 2.683794  [16/3575]
Training loss: 2.364331  [1616/3575]
Training loss: 2.712014  [3216/3575]
Training accuracy: 52.11 %
Validation loss: 3.066948
Validation accuracy: 34.48% 

Epoch 51
-------------------------------
Training loss: 2.456889  [16/3575]
Training loss: 2.663636  [1616/3575]
Training loss: 2.415220  [3216/3575]
Training accuracy: 51.64 %
Validation loss: 3.058940
Validation accuracy: 34.45% 

Epoch 52
-------------------------------
Training loss: 2.430459  [16/3575]
Training loss: 2.530725  [1616/3575]
Training loss: 2.505246  [3216/3575]
Training accuracy: 53.45 %
Validation loss: 3.049848
Validation accuracy: 34.55% 

Epoch 53
-------------------------------
Training loss: 3.133611  [16/3575]
Training loss: 2.733315  [1616/3575]
Training loss: 2.575228  [3216/3575]
Training accuracy: 53.26 %
Validation loss: 3.044089
Validation accuracy: 34.66% 

Epoch 54
-------------------------------
Training loss: 2.528622  [16/3575]
Training loss: 2.656424  [1616/3575]
Training loss: 2.652463  [3216/3575]
Training accuracy: 54.04 %
Validation loss: 3.008809
Validation accuracy: 35.14% 

Epoch 55
-------------------------------
Training loss: 2.622544  [16/3575]
Training loss: 2.389531  [1616/3575]
Training loss: 2.684441  [3216/3575]
Training accuracy: 54.57 %
Validation loss: 3.009272
Validation accuracy: 35.18% 

Done!

Elapsed time: 7829.833493947983 seconds

Current time: 18:34:46
                         precision    recall  f1-score   support

              apple_pie       0.22      0.14      0.17       250
         baby_back_ribs       0.30      0.30      0.30       250
                baklava       0.40      0.34      0.37       250
         beef_carpaccio       0.33      0.30      0.32       250
           beef_tartare       0.27      0.08      0.12       250
             beet_salad       0.19      0.20      0.20       250
               beignets       0.44      0.58      0.50       250
               bibimbap       0.50      0.51      0.51       250
          bread_pudding       0.15      0.11      0.13       250
      breakfast_burrito       0.33      0.30      0.31       250
             bruschetta       0.25      0.14      0.18       250
           caesar_salad       0.25      0.42      0.32       250
                cannoli       0.35      0.28      0.31       250
          caprese_salad       0.28      0.29      0.29       250
            carrot_cake       0.33      0.31      0.32       250
                ceviche       0.16      0.10      0.12       250
             cheesecake       0.26      0.44      0.33       250
           cheese_plate       0.22      0.07      0.10       250
          chicken_curry       0.29      0.12      0.17       250
     chicken_quesadilla       0.32      0.34      0.33       250
          chicken_wings       0.34      0.40      0.37       250
         chocolate_cake       0.36      0.16      0.22       250
       chocolate_mousse       0.24      0.13      0.17       250
                churros       0.58      0.36      0.45       250
           clam_chowder       0.39      0.66      0.49       250
          club_sandwich       0.37      0.39      0.38       250
             crab_cakes       0.17      0.16      0.16       250
           creme_brulee       0.47      0.38      0.42       250
          croque_madame       0.38      0.26      0.31       250
              cup_cakes       0.58      0.64      0.61       250
           deviled_eggs       0.36      0.48      0.42       250
                 donuts       0.51      0.62      0.56       250
              dumplings       0.75      0.78      0.76       250
                edamame       0.73      0.93      0.82       250
          eggs_benedict       0.33      0.52      0.40       250
              escargots       0.48      0.56      0.52       250
                falafel       0.40      0.40      0.40       250
           filet_mignon       0.17      0.17      0.17       250
         fish_and_chips       0.31      0.47      0.37       250
              foie_gras       0.19      0.11      0.14       250
           french_fries       0.46      0.73      0.57       250
      french_onion_soup       0.41      0.62      0.49       250
           french_toast       0.31      0.19      0.23       250
         fried_calamari       0.27      0.44      0.34       250
             fried_rice       0.38      0.54      0.45       250
          frozen_yogurt       0.52      0.69      0.60       250
           garlic_bread       0.35      0.44      0.39       250
                gnocchi       0.36      0.18      0.24       250
            greek_salad       0.37      0.33      0.35       250
grilled_cheese_sandwich       0.27      0.13      0.18       250
         grilled_salmon       0.29      0.18      0.22       250
              guacamole       0.44      0.70      0.54       250
                  gyoza       0.56      0.25      0.35       250
              hamburger       0.37      0.54      0.44       250
      hot_and_sour_soup       0.52      0.74      0.61       250
                hot_dog       0.53      0.61      0.57       250
       huevos_rancheros       0.19      0.12      0.14       250
                 hummus       0.20      0.06      0.09       250
              ice_cream       0.43      0.36      0.39       250
                lasagna       0.24      0.32      0.27       250
         lobster_bisque       0.41      0.61      0.49       250
  lobster_roll_sandwich       0.41      0.36      0.38       250
    macaroni_and_cheese       0.46      0.34      0.39       250
               macarons       0.72      0.77      0.75       250
              miso_soup       0.48      0.65      0.55       250
                mussels       0.62      0.71      0.66       250
                 nachos       0.25      0.15      0.19       250
               omelette       0.21      0.13      0.16       250
            onion_rings       0.55      0.64      0.59       250
                oysters       0.51      0.74      0.60       250
               pad_thai       0.40      0.59      0.48       250
                 paella       0.29      0.25      0.27       250
               pancakes       0.45      0.32      0.37       250
            panna_cotta       0.20      0.38      0.27       250
            peking_duck       0.23      0.11      0.15       250
                    pho       0.50      0.63      0.56       250
                  pizza       0.45      0.76      0.57       250
              pork_chop       0.18      0.27      0.22       250
                poutine       0.41      0.46      0.43       250
              prime_rib       0.34      0.43      0.38       250
   pulled_pork_sandwich       0.28      0.22      0.25       250
                  ramen       0.43      0.26      0.33       250
                ravioli       0.20      0.13      0.15       250
        red_velvet_cake       0.50      0.64      0.56       250
                risotto       0.26      0.31      0.28       250
                 samosa       0.30      0.32      0.31       250
                sashimi       0.43      0.63      0.51       250
               scallops       0.17      0.16      0.16       250
          seaweed_salad       0.54      0.58      0.56       250
       shrimp_and_grits       0.22      0.30      0.25       250
    spaghetti_bolognese       0.51      0.46      0.48       250
    spaghetti_carbonara       0.52      0.78      0.62       250
           spring_rolls       0.40      0.42      0.41       250
                  steak       0.15      0.04      0.07       250
   strawberry_shortcake       0.35      0.33      0.34       250
                  sushi       0.40      0.30      0.34       250
                  tacos       0.17      0.14      0.15       250
               takoyaki       0.36      0.25      0.30       250
               tiramisu       0.31      0.14      0.20       250
           tuna_tartare       0.41      0.12      0.19       250
                waffles       0.60      0.49      0.54       250

               accuracy                           0.38     25250
              macro avg       0.37      0.38      0.36     25250
           weighted avg       0.37      0.38      0.36     25250

Test accuracy: 0.38035643564356436
The metadata of the previous execution is...
{'training_images_percentage': 0.05, 'epochs': 55, 'learning_rate': 0.001, 'batch_size': 16, 'data_augmentation': 'no', 'subject_driven_technique': 'stable-diffusion-prompt', 'number_of_samples': 5, 'images_to_generate': 5, 'path_to_dataset': '../../../../../../work3/s226536/datasets/food-101', 'DATA_DIR': '../../../../../../work3/s226536/datasets'}

Preparing next execution...
Finished preparing next execution...
