Downloading https://thor.robots.ox.ac.uk/datasets/pets/images.tar.gz to ../../../../../../work3/s226536/datasets/oxford-iiit-pet/images.tar.gz
Extracting ../../../../../../work3/s226536/datasets/oxford-iiit-pet/images.tar.gz to ../../../../../../work3/s226536/datasets/oxford-iiit-pet
Downloading https://thor.robots.ox.ac.uk/datasets/pets/annotations.tar.gz to ../../../../../../work3/s226536/datasets/oxford-iiit-pet/annotations.tar.gz
Extracting ../../../../../../work3/s226536/datasets/oxford-iiit-pet/annotations.tar.gz to ../../../../../../work3/s226536/datasets/oxford-iiit-pet
-------------------------------------
Generating 50 images for breed Abyssinian...

Not using data augmentation
Using cuda device
Epoch 1
-------------------------------
Training loss: 3.930458  [16/180]
Training accuracy: 5.00 %
Validation loss: 3.873068
Validation accuracy: 3.71% 

Epoch 2
-------------------------------
Training loss: 4.139796  [16/180]
Training accuracy: 5.00 %
Validation loss: 3.798159
Validation accuracy: 4.37% 

Epoch 3
-------------------------------
Training loss: 3.840721  [16/180]
Training accuracy: 4.44 %
Validation loss: 3.730905
Validation accuracy: 4.86% 

Epoch 4
-------------------------------
Training loss: 3.818579  [16/180]
Training accuracy: 6.11 %
Validation loss: 3.680607
Validation accuracy: 5.84% 

Epoch 5
-------------------------------
Training loss: 3.713967  [16/180]
Training accuracy: 9.44 %
Validation loss: 3.640761
Validation accuracy: 7.04% 

Epoch 6
-------------------------------
Training loss: 3.557597  [16/180]
Training accuracy: 10.00 %
Validation loss: 3.598527
Validation accuracy: 7.70% 

Epoch 7
-------------------------------
Training loss: 3.373803  [16/180]
Training accuracy: 9.44 %
Validation loss: 3.562268
Validation accuracy: 8.41% 

Epoch 8
-------------------------------
Training loss: 3.526967  [16/180]
Training accuracy: 10.56 %
Validation loss: 3.522915
Validation accuracy: 9.28% 

Epoch 9
-------------------------------
Training loss: 3.489813  [16/180]
Training accuracy: 12.78 %
Validation loss: 3.488953
Validation accuracy: 10.53% 

Epoch 10
-------------------------------
Training loss: 3.309320  [16/180]
Training accuracy: 15.56 %
Validation loss: 3.450731
Validation accuracy: 11.03% 

Epoch 11
-------------------------------
Training loss: 3.437872  [16/180]
Training accuracy: 15.00 %
Validation loss: 3.418186
Validation accuracy: 12.01% 

Epoch 12
-------------------------------
Training loss: 3.121257  [16/180]
Training accuracy: 17.22 %
Validation loss: 3.385794
Validation accuracy: 12.88% 

Epoch 13
-------------------------------
Training loss: 3.311250  [16/180]
Training accuracy: 18.33 %
Validation loss: 3.357841
Validation accuracy: 13.86% 

Epoch 14
-------------------------------
Training loss: 3.194876  [16/180]
Training accuracy: 20.56 %
Validation loss: 3.329888
Validation accuracy: 14.85% 

Epoch 15
-------------------------------
Training loss: 3.227336  [16/180]
Training accuracy: 21.67 %
Validation loss: 3.302579
Validation accuracy: 16.10% 

Epoch 16
-------------------------------
Training loss: 3.105938  [16/180]
Training accuracy: 27.22 %
Validation loss: 3.266904
Validation accuracy: 16.81% 

Epoch 17
-------------------------------
Training loss: 3.050580  [16/180]
Training accuracy: 23.33 %
Validation loss: 3.245544
Validation accuracy: 17.85% 

Epoch 18
-------------------------------
Training loss: 2.891421  [16/180]
Training accuracy: 32.22 %
Validation loss: 3.211999
Validation accuracy: 19.43% 

Epoch 19
-------------------------------
Training loss: 3.102042  [16/180]
Training accuracy: 33.33 %
Validation loss: 3.181257
Validation accuracy: 20.63% 

Epoch 20
-------------------------------
Training loss: 2.897060  [16/180]
Training accuracy: 32.78 %
Validation loss: 3.151955
Validation accuracy: 21.94% 

Epoch 21
-------------------------------
Training loss: 2.804392  [16/180]
Training accuracy: 35.00 %
Validation loss: 3.129496
Validation accuracy: 22.65% 

Epoch 22
-------------------------------
Training loss: 3.029175  [16/180]
Training accuracy: 40.00 %
Validation loss: 3.097544
Validation accuracy: 24.40% 

Epoch 23
-------------------------------
Training loss: 2.828265  [16/180]
Training accuracy: 40.56 %
Validation loss: 3.070160
Validation accuracy: 24.95% 

Epoch 24
-------------------------------
Training loss: 3.000339  [16/180]
Training accuracy: 47.78 %
Validation loss: 3.047830
Validation accuracy: 26.26% 

Epoch 25
-------------------------------
Training loss: 2.826942  [16/180]
Training accuracy: 46.11 %
Validation loss: 3.014545
Validation accuracy: 28.17% 

Epoch 26
-------------------------------
Training loss: 2.845183  [16/180]
Training accuracy: 47.78 %
Validation loss: 2.994648
Validation accuracy: 29.59% 

Epoch 27
-------------------------------
Training loss: 2.792778  [16/180]
Training accuracy: 55.56 %
Validation loss: 2.964199
Validation accuracy: 31.55% 

Epoch 28
-------------------------------
Training loss: 2.654461  [16/180]
Training accuracy: 56.11 %
Validation loss: 2.938962
Validation accuracy: 32.70% 

Epoch 29
-------------------------------
Training loss: 2.681912  [16/180]
Training accuracy: 56.67 %
Validation loss: 2.915613
Validation accuracy: 33.52% 

Epoch 30
-------------------------------
Training loss: 2.690966  [16/180]
Training accuracy: 61.11 %
Validation loss: 2.891139
Validation accuracy: 34.22% 

Epoch 31
-------------------------------
Training loss: 2.418554  [16/180]
Training accuracy: 60.56 %
Validation loss: 2.870693
Validation accuracy: 35.48% 

Epoch 32
-------------------------------
Training loss: 2.536064  [16/180]
Training accuracy: 65.00 %
Validation loss: 2.850263
Validation accuracy: 35.64% 

Epoch 33
-------------------------------
Training loss: 2.594440  [16/180]
Training accuracy: 67.22 %
Validation loss: 2.823670
Validation accuracy: 37.61% 

Epoch 34
-------------------------------
Training loss: 2.501612  [16/180]
Training accuracy: 63.89 %
Validation loss: 2.794042
Validation accuracy: 38.86% 

Epoch 35
-------------------------------
Training loss: 2.512378  [16/180]
Training accuracy: 67.78 %
Validation loss: 2.777017
Validation accuracy: 40.07% 

Epoch 36
-------------------------------
Training loss: 2.433589  [16/180]
Training accuracy: 73.33 %
Validation loss: 2.757448
Validation accuracy: 41.76% 

Epoch 37
-------------------------------
Training loss: 2.585417  [16/180]
Training accuracy: 74.44 %
Validation loss: 2.735540
Validation accuracy: 42.69% 

Epoch 38
-------------------------------
Training loss: 2.374687  [16/180]
Training accuracy: 80.00 %
Validation loss: 2.701246
Validation accuracy: 43.94% 

Epoch 39
-------------------------------
Training loss: 2.353475  [16/180]
Training accuracy: 73.33 %
Validation loss: 2.684955
Validation accuracy: 44.81% 

Epoch 40
-------------------------------
Training loss: 2.325684  [16/180]
Training accuracy: 80.56 %
Validation loss: 2.660567
Validation accuracy: 46.67% 

Epoch 41
-------------------------------
Training loss: 2.145479  [16/180]
Training accuracy: 78.89 %
Validation loss: 2.642972
Validation accuracy: 47.33% 

Epoch 42
-------------------------------
Training loss: 2.326108  [16/180]
Training accuracy: 77.22 %
Validation loss: 2.620685
Validation accuracy: 48.47% 

Epoch 43
-------------------------------
Training loss: 2.049359  [16/180]
Training accuracy: 80.56 %
Validation loss: 2.595348
Validation accuracy: 49.51% 

Epoch 44
-------------------------------
Training loss: 2.147908  [16/180]
Training accuracy: 85.00 %
Validation loss: 2.567321
Validation accuracy: 50.38% 

Epoch 45
-------------------------------
Training loss: 1.835977  [16/180]
Training accuracy: 84.44 %
Validation loss: 2.552518
Validation accuracy: 51.36% 

Epoch 46
-------------------------------
Training loss: 2.201279  [16/180]
Training accuracy: 86.11 %
Validation loss: 2.527944
Validation accuracy: 53.17% 

Epoch 47
-------------------------------
Training loss: 2.039663  [16/180]
Training accuracy: 86.67 %
Validation loss: 2.501121
Validation accuracy: 53.60% 

Epoch 48
-------------------------------
Training loss: 1.955170  [16/180]
Training accuracy: 88.33 %
Validation loss: 2.498102
Validation accuracy: 54.37% 

Epoch 49
-------------------------------
Training loss: 1.985386  [16/180]
Training accuracy: 87.22 %
Validation loss: 2.472720
Validation accuracy: 54.59% 

Epoch 50
-------------------------------
Training loss: 1.961597  [16/180]
Training accuracy: 88.33 %
Validation loss: 2.465398
Validation accuracy: 55.46% 

Epoch 51
-------------------------------
Training loss: 2.024637  [16/180]
Training accuracy: 90.00 %
Validation loss: 2.444825
Validation accuracy: 54.97% 

Epoch 52
-------------------------------
Training loss: 1.926776  [16/180]
Training accuracy: 89.44 %
Validation loss: 2.426887
Validation accuracy: 55.90% 

Epoch 53
-------------------------------
Training loss: 2.046931  [16/180]
Training accuracy: 91.11 %
Validation loss: 2.397547
Validation accuracy: 56.77% 

Epoch 54
-------------------------------
Training loss: 1.969416  [16/180]
Training accuracy: 92.22 %
Validation loss: 2.383316
Validation accuracy: 57.04% 

Epoch 55
-------------------------------
Training loss: 1.927638  [16/180]
Training accuracy: 92.22 %
Validation loss: 2.356381
Validation accuracy: 56.71% 

Done!

Elapsed time: 970.1664474010468 seconds

Current time: 21:28:21
                         precision    recall  f1-score   support

             Abyssinian       0.50      0.35      0.41        49
       American Bulldog       0.46      0.62      0.53        50
  American pitbull terr       0.10      0.08      0.09        50
           Basset hound       0.67      0.74      0.70        50
                 Beagle       0.60      0.50      0.54        50
                 Bengal       0.62      0.46      0.53        50
                 Birman       0.52      0.34      0.41        50
                 Bombay       0.55      0.36      0.44        44
                  Boxer       0.52      0.50      0.51        50
      British Shorthair       0.38      0.50      0.43        50
              Chihuahua       0.55      0.62      0.58        50
           Egyptian Mau       0.72      0.59      0.65        49
 English cocker spaniel       0.54      0.26      0.35        50
         English setter       0.34      0.42      0.38        50
     German shorthaired       0.57      0.94      0.71        50
         Great pyrenees       0.74      0.84      0.79        50
               Havanese       0.78      0.62      0.69        50
          Japanese chin       0.83      0.78      0.80        50
               Keeshond       0.77      0.92      0.84        50
             Leonberger       0.72      0.86      0.78        50
             Maine Coon       0.39      0.18      0.25        50
     Miniature pinscher       0.88      0.56      0.68        50
           Newfoundland       0.73      0.44      0.55        50
                Persian       0.47      0.74      0.58        50
             Pomeranian       0.64      0.64      0.64        50
                    Pug       0.69      0.40      0.51        50
                Ragdoll       0.30      0.56      0.39        50
           Russian blue       0.46      0.26      0.33        50
          Saint bernard       0.54      0.90      0.68        50
                Samoyed       0.67      0.96      0.79        50
       Scottish terrier       0.74      0.64      0.69        50
              Shiba inu       0.74      0.84      0.79        50
                Siamese       0.68      0.38      0.49        50
                 Sphynx       0.55      0.72      0.62        50
Staffordshire bull terr       0.34      0.40      0.37        45
        Wheaten terrier       0.77      0.54      0.64        50
      Yorkshire terrier       0.83      0.98      0.90        50

               accuracy                           0.58      1837
              macro avg       0.59      0.58      0.57      1837
           weighted avg       0.59      0.58      0.57      1837

Test accuracy: 0.5808383233532934
The metadata of the previous execution is...
{'training_images_percentage': 0.05, 'epochs': 55, 'learning_rate': 0.001, 'batch_size': 16, 'data_augmentation': 'no', 'subject_driven_technique': 'dreambooth', 'number_of_samples': 5, 'images_to_generate': 50, 'FID_threshold': 100, 'check_quality': False, 'path_to_dataset': '../../../../../../work3/s226536/datasets/oxford-iiit-pet', 'DATA_DIR': '../../../../../../work3/s226536/datasets'}

Preparing next execution...
Finished preparing next execution...
