Downloading https://thor.robots.ox.ac.uk/datasets/pets/images.tar.gz to ../../../../../../work3/s226536/datasets/oxford-iiit-pet/images.tar.gz
Extracting ../../../../../../work3/s226536/datasets/oxford-iiit-pet/images.tar.gz to ../../../../../../work3/s226536/datasets/oxford-iiit-pet
Downloading https://thor.robots.ox.ac.uk/datasets/pets/annotations.tar.gz to ../../../../../../work3/s226536/datasets/oxford-iiit-pet/annotations.tar.gz
Extracting ../../../../../../work3/s226536/datasets/oxford-iiit-pet/annotations.tar.gz to ../../../../../../work3/s226536/datasets/oxford-iiit-pet
-------------------------------------
Generating 50 images for breed Abyssinian...

Elapsed time: 172.42573070526123 seconds

-------------------------------------
Generating 50 images for breed american_bulldog...

Elapsed time: 147.7542839050293 seconds

-------------------------------------
Generating 50 images for breed american_pit_bull_terrier...

Elapsed time: 146.19561100006104 seconds

-------------------------------------
Generating 50 images for breed basset_hound...

Elapsed time: 146.18363332748413 seconds

-------------------------------------
Generating 50 images for breed beagle...

Elapsed time: 148.50614166259766 seconds

-------------------------------------
Generating 50 images for breed Bengal...

Elapsed time: 146.1989619731903 seconds

-------------------------------------
Generating 50 images for breed Birman...

Elapsed time: 147.51823163032532 seconds

-------------------------------------
Generating 50 images for breed Bombay...

Elapsed time: 147.48110437393188 seconds

-------------------------------------
Generating 50 images for breed boxer...

Elapsed time: 146.61574387550354 seconds

-------------------------------------
Generating 50 images for breed British_Shorthair...

Elapsed time: 146.29963517189026 seconds

-------------------------------------
Generating 50 images for breed chihuahua...

Elapsed time: 145.97735929489136 seconds

-------------------------------------
Generating 50 images for breed Egyptian_Mau...

Elapsed time: 146.39540076255798 seconds

-------------------------------------
Generating 50 images for breed english_cocker_spaniel...

Elapsed time: 147.69476437568665 seconds

-------------------------------------
Generating 50 images for breed english_setter...

Elapsed time: 145.40290760993958 seconds

-------------------------------------
Generating 50 images for breed german_shorthaired...

Elapsed time: 146.05790948867798 seconds

-------------------------------------
Generating 50 images for breed great_pyrenees...

Elapsed time: 147.1091194152832 seconds

-------------------------------------
Generating 50 images for breed havanese...

Elapsed time: 147.79175066947937 seconds

-------------------------------------
Generating 50 images for breed japanese_chin...

Elapsed time: 148.06648325920105 seconds

-------------------------------------
Generating 50 images for breed keeshond...

Elapsed time: 146.87946486473083 seconds

-------------------------------------
Generating 50 images for breed leonberger...

Elapsed time: 145.87306880950928 seconds

-------------------------------------
Generating 50 images for breed Maine_Coon...

Elapsed time: 146.14106822013855 seconds

-------------------------------------
Generating 50 images for breed miniature_pinscher...

Elapsed time: 144.67357850074768 seconds

-------------------------------------
Generating 50 images for breed newfoundland...

Elapsed time: 145.77225160598755 seconds

-------------------------------------
Generating 50 images for breed Persian...

Elapsed time: 145.53852486610413 seconds

-------------------------------------
Generating 50 images for breed pomeranian...

Elapsed time: 145.43377375602722 seconds

-------------------------------------
Generating 50 images for breed pug...

Elapsed time: 145.08931756019592 seconds

-------------------------------------
Generating 50 images for breed Ragdoll...

Elapsed time: 145.03694868087769 seconds

-------------------------------------
Generating 50 images for breed Russian_Blue...

Elapsed time: 146.01467776298523 seconds

-------------------------------------
Generating 50 images for breed saint_bernard...

Elapsed time: 144.3534553050995 seconds

-------------------------------------
Generating 50 images for breed samoyed...

Elapsed time: 145.2350251674652 seconds

-------------------------------------
Generating 50 images for breed scottish_terrier...

Elapsed time: 145.29475927352905 seconds

-------------------------------------
Generating 50 images for breed shiba_inu...

Elapsed time: 145.6738588809967 seconds

-------------------------------------
Generating 50 images for breed Siamese...

Elapsed time: 146.03822660446167 seconds

-------------------------------------
Generating 50 images for breed Sphynx...

Elapsed time: 141.97968220710754 seconds

-------------------------------------
Generating 50 images for breed staffordshire_bull_terrier...

Elapsed time: 144.7374153137207 seconds

-------------------------------------
Generating 50 images for breed wheaten_terrier...

Elapsed time: 144.7387182712555 seconds

-------------------------------------
Generating 50 images for breed yorkshire_terrier...

Elapsed time: 145.77082777023315 seconds

Using cuda device
Epoch 1
-------------------------------
Training loss: 3.925115  [16/1921]
Training loss: 3.406415  [1616/1921]
Training accuracy: 11.24 %
Validation loss: 3.484386
Validation accuracy: 8.68% 

Epoch 2
-------------------------------
Training loss: 3.217818  [16/1921]
Training loss: 3.062320  [1616/1921]
Training accuracy: 22.90 %
Validation loss: 3.218063
Validation accuracy: 16.98% 

Epoch 3
-------------------------------
Training loss: 3.046131  [16/1921]
Training loss: 2.798563  [1616/1921]
Training accuracy: 37.01 %
Validation loss: 3.020872
Validation accuracy: 24.13% 

Epoch 4
-------------------------------
Training loss: 2.747810  [16/1921]
Training loss: 2.719983  [1616/1921]
Training accuracy: 48.67 %
Validation loss: 2.829574
Validation accuracy: 30.46% 

Epoch 5
-------------------------------
Training loss: 2.482832  [16/1921]
Training loss: 2.260198  [1616/1921]
Training accuracy: 56.38 %
Validation loss: 2.643603
Validation accuracy: 40.39% 

Epoch 6
-------------------------------
Training loss: 2.422193  [16/1921]
Training loss: 2.364149  [1616/1921]
Training accuracy: 63.98 %
Validation loss: 2.437346
Validation accuracy: 49.02% 

Epoch 7
-------------------------------
Training loss: 2.222186  [16/1921]
Training loss: 2.169537  [1616/1921]
Training accuracy: 70.80 %
Validation loss: 2.344801
Validation accuracy: 49.89% 

Epoch 8
-------------------------------
Training loss: 2.138421  [16/1921]
Training loss: 2.077116  [1616/1921]
Training accuracy: 73.97 %
Validation loss: 2.223651
Validation accuracy: 54.15% 

Epoch 9
-------------------------------
Training loss: 2.164213  [16/1921]
Training loss: 1.783291  [1616/1921]
Training accuracy: 75.07 %
Validation loss: 2.117206
Validation accuracy: 54.42% 

Epoch 10
-------------------------------
Training loss: 1.868053  [16/1921]
Training loss: 1.810046  [1616/1921]
Training accuracy: 77.41 %
Validation loss: 2.024865
Validation accuracy: 57.48% 

Epoch 11
-------------------------------
Training loss: 1.808200  [16/1921]
Training loss: 1.588588  [1616/1921]
Training accuracy: 78.97 %
Validation loss: 1.926503
Validation accuracy: 58.41% 

Epoch 12
-------------------------------
Training loss: 1.634159  [16/1921]
Training loss: 1.180710  [1616/1921]
Training accuracy: 81.99 %
Validation loss: 1.820363
Validation accuracy: 62.12% 

Epoch 13
-------------------------------
Training loss: 1.774170  [16/1921]
Training loss: 1.716101  [1616/1921]
Training accuracy: 82.35 %
Validation loss: 1.738142
Validation accuracy: 62.01% 

Epoch 14
-------------------------------
Training loss: 1.040362  [16/1921]
Training loss: 1.302571  [1616/1921]
Training accuracy: 83.34 %
Validation loss: 1.705951
Validation accuracy: 62.72% 

Epoch 15
-------------------------------
Training loss: 1.252875  [16/1921]
Training loss: 1.321454  [1616/1921]
Training accuracy: 83.76 %
Validation loss: 1.676250
Validation accuracy: 62.61% 

Epoch 16
-------------------------------
Training loss: 1.089276  [16/1921]
Training loss: 1.097276  [1616/1921]
Training accuracy: 85.58 %
Validation loss: 1.622023
Validation accuracy: 64.25% 

Epoch 17
-------------------------------
Training loss: 1.744423  [16/1921]
Training loss: 1.452841  [1616/1921]
Training accuracy: 85.58 %
Validation loss: 1.581285
Validation accuracy: 64.08% 

Epoch 18
-------------------------------
Training loss: 1.080744  [16/1921]
Training loss: 1.135281  [1616/1921]
Training accuracy: 85.84 %
Validation loss: 1.554285
Validation accuracy: 64.14% 

Epoch 19
-------------------------------
Training loss: 1.512892  [16/1921]
Training loss: 0.889926  [1616/1921]
Training accuracy: 85.53 %
Validation loss: 1.557088
Validation accuracy: 63.05% 

Epoch 20
-------------------------------
Training loss: 1.210040  [16/1921]
Training loss: 1.183715  [1616/1921]
Training accuracy: 86.83 %
Validation loss: 1.476300
Validation accuracy: 65.88% 

Epoch 21
-------------------------------
Training loss: 1.334573  [16/1921]
Training loss: 1.283433  [1616/1921]
Training accuracy: 86.62 %
Validation loss: 1.449350
Validation accuracy: 66.10% 

Epoch 22
-------------------------------
Training loss: 1.372294  [16/1921]
Training loss: 1.039391  [1616/1921]
Training accuracy: 86.83 %
Validation loss: 1.509690
Validation accuracy: 63.43% 

Epoch 23
-------------------------------
Training loss: 0.908282  [16/1921]
Training loss: 0.921519  [1616/1921]
Training accuracy: 87.25 %
Validation loss: 1.378253
Validation accuracy: 67.09% 

Epoch 24
-------------------------------
Training loss: 1.002826  [16/1921]
Training loss: 0.796371  [1616/1921]
Training accuracy: 88.08 %
Validation loss: 1.388533
Validation accuracy: 67.63% 

Epoch 25
-------------------------------
Training loss: 0.890861  [16/1921]
Training loss: 0.674756  [1616/1921]
Training accuracy: 88.50 %
Validation loss: 1.331570
Validation accuracy: 67.52% 

Epoch 26
-------------------------------
Training loss: 0.746846  [16/1921]
Training loss: 0.935517  [1616/1921]
Training accuracy: 88.76 %
Validation loss: 1.389210
Validation accuracy: 65.67% 

Epoch 27
-------------------------------
Training loss: 0.956466  [16/1921]
Training loss: 0.784140  [1616/1921]
Training accuracy: 89.33 %
Validation loss: 1.311881
Validation accuracy: 68.07% 

Epoch 28
-------------------------------
Training loss: 0.856445  [16/1921]
Training loss: 0.873998  [1616/1921]
Training accuracy: 89.38 %
Validation loss: 1.268716
Validation accuracy: 68.50% 

Epoch 29
-------------------------------
Training loss: 1.006554  [16/1921]
Training loss: 0.845011  [1616/1921]
Training accuracy: 88.81 %
Validation loss: 1.339765
Validation accuracy: 66.81% 

Epoch 30
-------------------------------
Training loss: 0.823587  [16/1921]
Training loss: 0.583691  [1616/1921]
Training accuracy: 89.38 %
Validation loss: 1.285935
Validation accuracy: 66.98% 

Epoch 31
-------------------------------
Training loss: 0.357270  [16/1921]
Training loss: 0.610284  [1616/1921]
Training accuracy: 89.28 %
Validation loss: 1.271010
Validation accuracy: 67.90% 

Epoch 32
-------------------------------
Training loss: 0.519114  [16/1921]
Training loss: 0.705783  [1616/1921]
Training accuracy: 89.90 %
Validation loss: 1.276253
Validation accuracy: 67.03% 

Epoch 33
-------------------------------
Training loss: 0.836784  [16/1921]
Training loss: 0.862468  [1616/1921]
Training accuracy: 89.43 %
Validation loss: 1.228031
Validation accuracy: 68.50% 

Early stopping
Done!

Elapsed time: 1834.1061797142029 seconds

                         precision    recall  f1-score   support

             Abyssinian       0.88      0.14      0.25        49
       American Bulldog       0.73      0.76      0.75        50
  American pitbull terr       0.71      0.10      0.18        50
           Basset hound       0.70      0.96      0.81        50
                 Beagle       0.68      0.38      0.49        50
                 Bengal       0.73      0.54      0.62        50
                 Birman       0.62      0.26      0.37        50
                 Bombay       0.50      0.70      0.58        44
                  Boxer       0.57      0.70      0.63        50
      British Shorthair       0.73      0.38      0.50        50
              Chihuahua       0.74      0.58      0.65        50
           Egyptian Mau       0.65      0.69      0.67        49
 English cocker spaniel       0.94      0.34      0.50        50
         English setter       0.47      0.72      0.57        50
     German shorthaired       0.41      1.00      0.58        50
         Great pyrenees       0.85      0.90      0.87        50
               Havanese       0.78      0.84      0.81        50
          Japanese chin       0.98      0.88      0.93        50
               Keeshond       0.84      0.98      0.91        50
             Leonberger       0.90      0.94      0.92        50
             Maine Coon       0.76      0.38      0.51        50
     Miniature pinscher       0.83      0.80      0.82        50
           Newfoundland       0.91      0.86      0.89        50
                Persian       0.85      0.82      0.84        50
             Pomeranian       1.00      0.70      0.82        50
                    Pug       0.93      0.80      0.86        50
                Ragdoll       0.44      0.70      0.54        50
           Russian blue       0.32      0.86      0.46        50
          Saint bernard       0.85      0.88      0.86        50
                Samoyed       0.78      1.00      0.88        50
       Scottish terrier       0.74      0.98      0.84        50
              Shiba inu       0.93      0.80      0.86        50
                Siamese       0.58      0.50      0.54        50
                 Sphynx       0.83      0.38      0.52        50
Staffordshire bull terr       0.49      0.69      0.57        45
        Wheaten terrier       0.91      0.78      0.84        50
      Yorkshire terrier       0.97      0.72      0.83        50

               accuracy                           0.69      1837
              macro avg       0.74      0.69      0.68      1837
           weighted avg       0.75      0.69      0.68      1837

Test accuracy: 0.6880783886771911
