Downloading https://thor.robots.ox.ac.uk/datasets/pets/images.tar.gz to ../../../../../../work3/s226536/datasets/oxford-iiit-pet/images.tar.gz
Extracting ../../../../../../work3/s226536/datasets/oxford-iiit-pet/images.tar.gz to ../../../../../../work3/s226536/datasets/oxford-iiit-pet
Downloading https://thor.robots.ox.ac.uk/datasets/pets/annotations.tar.gz to ../../../../../../work3/s226536/datasets/oxford-iiit-pet/annotations.tar.gz
Extracting ../../../../../../work3/s226536/datasets/oxford-iiit-pet/annotations.tar.gz to ../../../../../../work3/s226536/datasets/oxford-iiit-pet
-------------------------------------
Generating 5 images for breed Abyssinian...

Elapsed time: 55.95473003387451 seconds

-------------------------------------
Generating 5 images for breed american_bulldog...

Elapsed time: 18.114569902420044 seconds

-------------------------------------
Generating 5 images for breed american_pit_bull_terrier...

Elapsed time: 17.810943126678467 seconds

-------------------------------------
Generating 5 images for breed basset_hound...

Elapsed time: 17.82970428466797 seconds

-------------------------------------
Generating 5 images for breed beagle...

Elapsed time: 17.97749972343445 seconds

-------------------------------------
Generating 5 images for breed Bengal...

Elapsed time: 17.932291507720947 seconds

-------------------------------------
Generating 5 images for breed Birman...

Elapsed time: 18.169790029525757 seconds

-------------------------------------
Generating 5 images for breed Bombay...

Elapsed time: 17.84943199157715 seconds

-------------------------------------
Generating 5 images for breed boxer...

Elapsed time: 17.81462812423706 seconds

-------------------------------------
Generating 5 images for breed British_Shorthair...

Elapsed time: 17.80739426612854 seconds

-------------------------------------
Generating 5 images for breed chihuahua...

Elapsed time: 19.30974531173706 seconds

-------------------------------------
Generating 5 images for breed Egyptian_Mau...

Elapsed time: 17.974188804626465 seconds

-------------------------------------
Generating 5 images for breed english_cocker_spaniel...

Elapsed time: 17.840168952941895 seconds

-------------------------------------
Generating 5 images for breed english_setter...

Elapsed time: 17.809158086776733 seconds

-------------------------------------
Generating 5 images for breed german_shorthaired...

Elapsed time: 17.632659435272217 seconds

-------------------------------------
Generating 5 images for breed great_pyrenees...

Elapsed time: 17.682103633880615 seconds

-------------------------------------
Generating 5 images for breed havanese...

Elapsed time: 17.844072818756104 seconds

-------------------------------------
Generating 5 images for breed japanese_chin...

Elapsed time: 19.23977279663086 seconds

-------------------------------------
Generating 5 images for breed keeshond...

Elapsed time: 17.643826484680176 seconds

-------------------------------------
Generating 5 images for breed leonberger...

Elapsed time: 17.360037088394165 seconds

-------------------------------------
Generating 5 images for breed Maine_Coon...

Elapsed time: 17.75900173187256 seconds

-------------------------------------
Generating 5 images for breed miniature_pinscher...

Elapsed time: 17.710840940475464 seconds

-------------------------------------
Generating 5 images for breed newfoundland...

Elapsed time: 17.596541166305542 seconds

-------------------------------------
Generating 5 images for breed Persian...

Elapsed time: 17.76731538772583 seconds

-------------------------------------
Generating 5 images for breed pomeranian...

Elapsed time: 17.977882146835327 seconds

-------------------------------------
Generating 5 images for breed pug...

Elapsed time: 17.633965253829956 seconds

-------------------------------------
Generating 5 images for breed Ragdoll...

Elapsed time: 17.787378549575806 seconds

-------------------------------------
Generating 5 images for breed Russian_Blue...

Elapsed time: 17.64668560028076 seconds

-------------------------------------
Generating 5 images for breed saint_bernard...

Elapsed time: 17.522151708602905 seconds

-------------------------------------
Generating 5 images for breed samoyed...

Elapsed time: 17.539672374725342 seconds

-------------------------------------
Generating 5 images for breed scottish_terrier...

Elapsed time: 17.77812361717224 seconds

-------------------------------------
Generating 5 images for breed shiba_inu...

Elapsed time: 17.40680956840515 seconds

-------------------------------------
Generating 5 images for breed Siamese...

Elapsed time: 17.997262001037598 seconds

-------------------------------------
Generating 5 images for breed Sphynx...

Elapsed time: 17.319499969482422 seconds

-------------------------------------
Generating 5 images for breed staffordshire_bull_terrier...

Elapsed time: 17.823954582214355 seconds

-------------------------------------
Generating 5 images for breed wheaten_terrier...

Elapsed time: 17.94411563873291 seconds

-------------------------------------
Generating 5 images for breed yorkshire_terrier...

Elapsed time: 17.51916265487671 seconds

Not using data augmentation
Using cuda device
Epoch 1
-------------------------------
Training loss: 3.787543  [16/3858]
Training loss: 3.465445  [1616/3858]
Training loss: 3.264069  [3216/3858]
Training accuracy: 19.93 %
Validation loss: 3.135712
Validation accuracy: 20.36% 

Epoch 2
-------------------------------
Training loss: 3.161323  [16/3858]
Training loss: 2.978514  [1616/3858]
Training loss: 2.834425  [3216/3858]
Training accuracy: 48.63 %
Validation loss: 2.619941
Validation accuracy: 48.53% 

Epoch 3
-------------------------------
Training loss: 2.649884  [16/3858]
Training loss: 2.751177  [1616/3858]
Training loss: 2.196130  [3216/3858]
Training accuracy: 63.69 %
Validation loss: 2.196415
Validation accuracy: 66.21% 

Epoch 4
-------------------------------
Training loss: 2.345326  [16/3858]
Training loss: 2.163540  [1616/3858]
Training loss: 1.687299  [3216/3858]
Training accuracy: 70.89 %
Validation loss: 1.874203
Validation accuracy: 73.53% 

Epoch 5
-------------------------------
Training loss: 1.967409  [16/3858]
Training loss: 1.932323  [1616/3858]
Training loss: 1.822590  [3216/3858]
Training accuracy: 76.59 %
Validation loss: 1.601210
Validation accuracy: 77.46% 

Epoch 6
-------------------------------
Training loss: 1.966570  [16/3858]
Training loss: 1.481594  [1616/3858]
Training loss: 1.465175  [3216/3858]
Training accuracy: 79.26 %
Validation loss: 1.378221
Validation accuracy: 80.79% 

Epoch 7
-------------------------------
Training loss: 1.529439  [16/3858]
Training loss: 1.609448  [1616/3858]
Training loss: 1.430419  [3216/3858]
Training accuracy: 80.90 %
Validation loss: 1.251764
Validation accuracy: 81.22% 

Epoch 8
-------------------------------
Training loss: 1.393120  [16/3858]
Training loss: 1.348068  [1616/3858]
Training loss: 1.339017  [3216/3858]
Training accuracy: 83.20 %
Validation loss: 1.113865
Validation accuracy: 83.08% 

Epoch 9
-------------------------------
Training loss: 1.139854  [16/3858]
Training loss: 1.570222  [1616/3858]
Training loss: 0.806973  [3216/3858]
Training accuracy: 84.45 %
Validation loss: 1.028233
Validation accuracy: 84.22% 

Epoch 10
-------------------------------
Training loss: 1.135742  [16/3858]
Training loss: 1.143422  [1616/3858]
Training loss: 1.157778  [3216/3858]
Training accuracy: 84.24 %
Validation loss: 0.968982
Validation accuracy: 84.77% 

Epoch 11
-------------------------------
Training loss: 1.093424  [16/3858]
Training loss: 1.031192  [1616/3858]
Training loss: 1.125869  [3216/3858]
Training accuracy: 84.66 %
Validation loss: 0.894303
Validation accuracy: 84.93% 

Epoch 12
-------------------------------
Training loss: 0.881711  [16/3858]
Training loss: 0.774885  [1616/3858]
Training loss: 0.942925  [3216/3858]
Training accuracy: 86.00 %
Validation loss: 0.844036
Validation accuracy: 85.75% 

Epoch 13
-------------------------------
Training loss: 0.876162  [16/3858]
Training loss: 1.228004  [1616/3858]
Training loss: 0.825647  [3216/3858]
Training accuracy: 85.93 %
Validation loss: 0.793892
Validation accuracy: 85.32% 

Epoch 14
-------------------------------
Training loss: 1.110289  [16/3858]
Training loss: 0.806663  [1616/3858]
Training loss: 0.899745  [3216/3858]
Training accuracy: 87.69 %
Validation loss: 0.752801
Validation accuracy: 86.03% 

Epoch 15
-------------------------------
Training loss: 0.708490  [16/3858]
Training loss: 0.690976  [1616/3858]
Training loss: 0.784330  [3216/3858]
Training accuracy: 87.38 %
Validation loss: 0.719065
Validation accuracy: 86.46% 

Epoch 16
-------------------------------
Training loss: 0.957457  [16/3858]
Training loss: 0.689995  [1616/3858]
Training loss: 1.183722  [3216/3858]
Training accuracy: 87.58 %
Validation loss: 0.704527
Validation accuracy: 86.14% 

Epoch 17
-------------------------------
Training loss: 0.790970  [16/3858]
Training loss: 0.613492  [1616/3858]
Training loss: 0.878362  [3216/3858]
Training accuracy: 87.30 %
Validation loss: 0.677277
Validation accuracy: 86.46% 

Epoch 18
-------------------------------
Training loss: 0.675480  [16/3858]
Training loss: 0.652079  [1616/3858]
Training loss: 0.700566  [3216/3858]
Training accuracy: 88.23 %
Validation loss: 0.657194
Validation accuracy: 86.63% 

Epoch 19
-------------------------------
Training loss: 0.737878  [16/3858]
Training loss: 0.841413  [1616/3858]
Training loss: 0.822429  [3216/3858]
Training accuracy: 88.00 %
Validation loss: 0.623722
Validation accuracy: 86.95% 

Epoch 20
-------------------------------
Training loss: 0.802621  [16/3858]
Training loss: 0.547966  [1616/3858]
Training loss: 0.630873  [3216/3858]
Training accuracy: 88.10 %
Validation loss: 0.607447
Validation accuracy: 87.17% 

Epoch 21
-------------------------------
Training loss: 0.672100  [16/3858]
Training loss: 0.426302  [1616/3858]
Training loss: 0.477009  [3216/3858]
Training accuracy: 88.49 %
Validation loss: 0.580581
Validation accuracy: 87.50% 

Epoch 22
-------------------------------
Training loss: 0.826592  [16/3858]
Training loss: 0.478477  [1616/3858]
Training loss: 0.596237  [3216/3858]
Training accuracy: 88.21 %
Validation loss: 0.569100
Validation accuracy: 87.23% 

Epoch 23
-------------------------------
Training loss: 0.927409  [16/3858]
Training loss: 0.795741  [1616/3858]
Training loss: 0.732265  [3216/3858]
Training accuracy: 88.10 %
Validation loss: 0.563336
Validation accuracy: 87.34% 

Epoch 24
-------------------------------
Training loss: 0.449414  [16/3858]
Training loss: 0.616782  [1616/3858]
Training loss: 0.572784  [3216/3858]
Training accuracy: 89.27 %
Validation loss: 0.558703
Validation accuracy: 86.90% 

Epoch 25
-------------------------------
Training loss: 0.763856  [16/3858]
Training loss: 0.873850  [1616/3858]
Training loss: 0.453426  [3216/3858]
Training accuracy: 89.09 %
Validation loss: 0.543247
Validation accuracy: 87.34% 

Epoch 26
-------------------------------
Training loss: 0.287491  [16/3858]
Training loss: 0.591664  [1616/3858]
Training loss: 0.514970  [3216/3858]
Training accuracy: 88.88 %
Validation loss: 0.534549
Validation accuracy: 87.94% 

Epoch 27
-------------------------------
Training loss: 0.673869  [16/3858]
Training loss: 0.541068  [1616/3858]
Training loss: 0.815308  [3216/3858]
Training accuracy: 89.53 %
Validation loss: 0.537583
Validation accuracy: 87.28% 

Epoch 28
-------------------------------
Training loss: 0.602557  [16/3858]
Training loss: 0.901435  [1616/3858]
Training loss: 0.284849  [3216/3858]
Training accuracy: 89.87 %
Validation loss: 0.511966
Validation accuracy: 87.83% 

Epoch 29
-------------------------------
Training loss: 0.550738  [16/3858]
Training loss: 0.409388  [1616/3858]
Training loss: 0.265683  [3216/3858]
Training accuracy: 89.68 %
Validation loss: 0.514942
Validation accuracy: 87.55% 

Epoch 30
-------------------------------
Training loss: 0.362682  [16/3858]
Training loss: 0.484018  [1616/3858]
Training loss: 0.431302  [3216/3858]
Training accuracy: 89.66 %
Validation loss: 0.513282
Validation accuracy: 87.66% 

Epoch 31
-------------------------------
Training loss: 0.708272  [16/3858]
Training loss: 0.797833  [1616/3858]
Training loss: 0.798525  [3216/3858]
Training accuracy: 89.53 %
Validation loss: 0.495920
Validation accuracy: 87.34% 

Early stopping
Done!

Elapsed time: 1634.5568523406982 seconds

Current time: 12:22:16
                         precision    recall  f1-score   support

             Abyssinian       0.86      0.73      0.79        49
       American Bulldog       0.84      0.94      0.89        50
  American pitbull terr       0.69      0.58      0.63        50
           Basset hound       0.92      0.94      0.93        50
                 Beagle       0.92      0.90      0.91        50
                 Bengal       0.70      0.78      0.74        50
                 Birman       0.83      0.76      0.79        50
                 Bombay       0.82      0.93      0.87        44
                  Boxer       0.79      0.88      0.83        50
      British Shorthair       0.81      0.76      0.78        50
              Chihuahua       0.91      0.84      0.87        50
           Egyptian Mau       0.85      0.90      0.87        49
 English cocker spaniel       0.94      0.94      0.94        50
         English setter       0.96      0.90      0.93        50
     German shorthaired       0.83      1.00      0.91        50
         Great pyrenees       0.94      0.98      0.96        50
               Havanese       0.86      0.96      0.91        50
          Japanese chin       0.98      0.96      0.97        50
               Keeshond       0.98      1.00      0.99        50
             Leonberger       0.98      1.00      0.99        50
             Maine Coon       0.78      0.76      0.77        50
     Miniature pinscher       0.96      0.86      0.91        50
           Newfoundland       0.98      1.00      0.99        50
                Persian       0.84      0.82      0.83        50
             Pomeranian       0.98      0.88      0.93        50
                    Pug       0.98      0.92      0.95        50
                Ragdoll       0.79      0.76      0.78        50
           Russian blue       0.80      0.64      0.71        50
          Saint bernard       0.94      0.98      0.96        50
                Samoyed       0.93      1.00      0.96        50
       Scottish terrier       0.93      1.00      0.96        50
              Shiba inu       0.92      0.96      0.94        50
                Siamese       0.87      0.92      0.89        50
                 Sphynx       0.85      0.92      0.88        50
Staffordshire bull terr       0.66      0.64      0.65        45
        Wheaten terrier       0.96      0.90      0.93        50
      Yorkshire terrier       1.00      0.88      0.94        50

               accuracy                           0.88      1837
              macro avg       0.88      0.88      0.88      1837
           weighted avg       0.88      0.88      0.88      1837

Test accuracy: 0.8796951551442569
