Downloading https://thor.robots.ox.ac.uk/datasets/pets/images.tar.gz to ../../../../../../work3/s226536/datasets/oxford-iiit-pet/images.tar.gz
Extracting ../../../../../../work3/s226536/datasets/oxford-iiit-pet/images.tar.gz to ../../../../../../work3/s226536/datasets/oxford-iiit-pet
Downloading https://thor.robots.ox.ac.uk/datasets/pets/annotations.tar.gz to ../../../../../../work3/s226536/datasets/oxford-iiit-pet/annotations.tar.gz
Extracting ../../../../../../work3/s226536/datasets/oxford-iiit-pet/annotations.tar.gz to ../../../../../../work3/s226536/datasets/oxford-iiit-pet
Using randaugment for data augmentation
Using cuda device
Epoch 1
-------------------------------
Training loss: 3.688157  [16/365]
Training accuracy: 5.21 %
Validation loss: 3.682007
Validation accuracy: 4.26% 

Epoch 2
-------------------------------
Training loss: 3.893570  [16/365]
Training accuracy: 6.85 %
Validation loss: 3.603636
Validation accuracy: 5.13% 

Epoch 3
-------------------------------
Training loss: 3.467903  [16/365]
Training accuracy: 8.49 %
Validation loss: 3.536134
Validation accuracy: 6.28% 

Epoch 4
-------------------------------
Training loss: 3.595848  [16/365]
Training accuracy: 7.40 %
Validation loss: 3.477901
Validation accuracy: 7.59% 

Epoch 5
-------------------------------
Training loss: 3.581897  [16/365]
Training accuracy: 10.41 %
Validation loss: 3.415898
Validation accuracy: 9.61% 

Epoch 6
-------------------------------
Training loss: 3.311538  [16/365]
Training accuracy: 16.71 %
Validation loss: 3.362358
Validation accuracy: 11.68% 

Epoch 7
-------------------------------
Training loss: 3.417745  [16/365]
Training accuracy: 13.70 %
Validation loss: 3.313163
Validation accuracy: 14.25% 

Epoch 8
-------------------------------
Training loss: 3.163769  [16/365]
Training accuracy: 18.63 %
Validation loss: 3.262706
Validation accuracy: 16.76% 

Epoch 9
-------------------------------
Training loss: 3.234910  [16/365]
Training accuracy: 21.92 %
Validation loss: 3.216261
Validation accuracy: 18.72% 

Epoch 10
-------------------------------
Training loss: 3.210104  [16/365]
Training accuracy: 25.75 %
Validation loss: 3.168857
Validation accuracy: 21.45% 

Epoch 11
-------------------------------
Training loss: 3.103325  [16/365]
Training accuracy: 28.77 %
Validation loss: 3.114976
Validation accuracy: 23.74% 

Epoch 12
-------------------------------
Training loss: 3.036049  [16/365]
Training accuracy: 29.59 %
Validation loss: 3.074943
Validation accuracy: 26.26% 

Epoch 13
-------------------------------
Training loss: 2.932685  [16/365]
Training accuracy: 34.52 %
Validation loss: 3.033769
Validation accuracy: 29.53% 

Epoch 14
-------------------------------
Training loss: 3.035682  [16/365]
Training accuracy: 37.26 %
Validation loss: 2.986097
Validation accuracy: 32.04% 

Epoch 15
-------------------------------
Training loss: 2.915958  [16/365]
Training accuracy: 39.45 %
Validation loss: 2.936592
Validation accuracy: 35.53% 

Epoch 16
-------------------------------
Training loss: 2.856834  [16/365]
Training accuracy: 42.19 %
Validation loss: 2.892087
Validation accuracy: 37.50% 

Epoch 17
-------------------------------
Training loss: 2.965182  [16/365]
Training accuracy: 42.19 %
Validation loss: 2.858786
Validation accuracy: 39.30% 

Epoch 18
-------------------------------
Training loss: 2.968901  [16/365]
Training accuracy: 44.11 %
Validation loss: 2.816836
Validation accuracy: 41.32% 

Epoch 19
-------------------------------
Training loss: 3.000833  [16/365]
Training accuracy: 49.32 %
Validation loss: 2.764590
Validation accuracy: 44.00% 

Epoch 20
-------------------------------
Training loss: 2.716196  [16/365]
Training accuracy: 49.59 %
Validation loss: 2.724663
Validation accuracy: 46.18% 

Epoch 21
-------------------------------
Training loss: 2.883958  [16/365]
Training accuracy: 53.70 %
Validation loss: 2.689301
Validation accuracy: 47.60% 

Epoch 22
-------------------------------
Training loss: 2.717093  [16/365]
Training accuracy: 57.53 %
Validation loss: 2.648236
Validation accuracy: 49.95% 

Epoch 23
-------------------------------
Training loss: 2.513704  [16/365]
Training accuracy: 60.00 %
Validation loss: 2.605704
Validation accuracy: 51.04% 

Epoch 24
-------------------------------
Training loss: 2.559625  [16/365]
Training accuracy: 58.08 %
Validation loss: 2.572024
Validation accuracy: 52.40% 

Epoch 25
-------------------------------
Training loss: 2.757478  [16/365]
Training accuracy: 61.10 %
Validation loss: 2.533384
Validation accuracy: 53.66% 

Epoch 26
-------------------------------
Training loss: 2.548126  [16/365]
Training accuracy: 64.11 %
Validation loss: 2.505491
Validation accuracy: 55.51% 

Epoch 27
-------------------------------
Training loss: 2.586217  [16/365]
Training accuracy: 64.11 %
Validation loss: 2.469147
Validation accuracy: 56.55% 

Epoch 28
-------------------------------
Training loss: 2.249072  [16/365]
Training accuracy: 64.93 %
Validation loss: 2.432714
Validation accuracy: 57.42% 

Epoch 29
-------------------------------
Training loss: 2.533839  [16/365]
Training accuracy: 65.75 %
Validation loss: 2.403310
Validation accuracy: 59.01% 

Epoch 30
-------------------------------
Training loss: 2.604843  [16/365]
Training accuracy: 69.59 %
Validation loss: 2.359061
Validation accuracy: 59.66% 

Epoch 31
-------------------------------
Training loss: 2.360537  [16/365]
Training accuracy: 71.23 %
Validation loss: 2.325521
Validation accuracy: 61.35% 

Epoch 32
-------------------------------
Training loss: 2.284824  [16/365]
Training accuracy: 68.49 %
Validation loss: 2.302195
Validation accuracy: 61.68% 

Epoch 33
-------------------------------
Training loss: 2.261730  [16/365]
Training accuracy: 73.15 %
Validation loss: 2.266617
Validation accuracy: 62.77% 

Epoch 34
-------------------------------
Training loss: 1.974992  [16/365]
Training accuracy: 74.25 %
Validation loss: 2.223665
Validation accuracy: 63.70% 

Epoch 35
-------------------------------
Training loss: 2.333424  [16/365]
Training accuracy: 73.70 %
Validation loss: 2.196980
Validation accuracy: 64.68% 

Epoch 36
-------------------------------
Training loss: 2.215515  [16/365]
Training accuracy: 75.07 %
Validation loss: 2.174037
Validation accuracy: 65.23% 

Epoch 37
-------------------------------
Training loss: 2.058960  [16/365]
Training accuracy: 77.26 %
Validation loss: 2.146515
Validation accuracy: 66.10% 

Epoch 38
-------------------------------
Training loss: 2.136276  [16/365]
Training accuracy: 73.42 %
Validation loss: 2.122810
Validation accuracy: 66.54% 

Epoch 39
-------------------------------
Training loss: 1.927896  [16/365]
Training accuracy: 75.89 %
Validation loss: 2.082962
Validation accuracy: 67.96% 

Epoch 40
-------------------------------
Training loss: 1.925783  [16/365]
Training accuracy: 76.99 %
Validation loss: 2.076431
Validation accuracy: 67.85% 

Epoch 41
-------------------------------
Training loss: 2.039147  [16/365]
Training accuracy: 79.18 %
Validation loss: 2.036993
Validation accuracy: 68.50% 

Epoch 42
-------------------------------
Training loss: 2.087723  [16/365]
Training accuracy: 79.18 %
Validation loss: 2.007456
Validation accuracy: 69.92% 

Epoch 43
-------------------------------
Training loss: 1.999451  [16/365]
Training accuracy: 78.90 %
Validation loss: 1.966689
Validation accuracy: 69.92% 

Epoch 44
-------------------------------
Training loss: 1.811993  [16/365]
Training accuracy: 79.73 %
Validation loss: 1.956922
Validation accuracy: 70.52% 

Epoch 45
-------------------------------
Training loss: 1.705264  [16/365]
Training accuracy: 80.00 %
Validation loss: 1.951576
Validation accuracy: 71.40% 

Epoch 46
-------------------------------
Training loss: 1.812286  [16/365]
Training accuracy: 80.55 %
Validation loss: 1.906453
Validation accuracy: 71.07% 

Epoch 47
-------------------------------
Training loss: 1.832016  [16/365]
Training accuracy: 82.74 %
Validation loss: 1.873420
Validation accuracy: 71.45% 

Epoch 48
-------------------------------
Training loss: 1.847024  [16/365]
Training accuracy: 79.45 %
Validation loss: 1.846551
Validation accuracy: 72.54% 

Epoch 49
-------------------------------
Training loss: 1.677626  [16/365]
Training accuracy: 85.48 %
Validation loss: 1.850774
Validation accuracy: 72.98% 

Epoch 50
-------------------------------
Training loss: 1.787302  [16/365]
Training accuracy: 81.37 %
Validation loss: 1.819299
Validation accuracy: 73.09% 

Epoch 51
-------------------------------
Training loss: 1.937344  [16/365]
Training accuracy: 83.29 %
Validation loss: 1.798394
Validation accuracy: 73.36% 

Epoch 52
-------------------------------
Training loss: 1.735309  [16/365]
Training accuracy: 81.10 %
Validation loss: 1.794784
Validation accuracy: 74.02% 

Epoch 53
-------------------------------
Training loss: 1.652262  [16/365]
Training accuracy: 81.10 %
Validation loss: 1.769302
Validation accuracy: 74.62% 

Epoch 54
-------------------------------
Training loss: 2.158477  [16/365]
Training accuracy: 85.75 %
Validation loss: 1.740958
Validation accuracy: 74.89% 

Epoch 55
-------------------------------
Training loss: 1.662529  [16/365]
Training accuracy: 84.38 %
Validation loss: 1.709313
Validation accuracy: 75.05% 

Done!

Elapsed time: 1047.7942814826965 seconds

                         precision    recall  f1-score   support

             Abyssinian       0.66      0.51      0.57        49
       American Bulldog       0.67      0.68      0.67        50
  American pitbull terr       0.47      0.48      0.48        50
           Basset hound       0.68      0.98      0.80        50
                 Beagle       0.78      0.50      0.61        50
                 Bengal       0.50      0.76      0.60        50
                 Birman       0.67      0.56      0.61        50
                 Bombay       0.74      0.70      0.72        44
                  Boxer       0.72      0.72      0.72        50
      British Shorthair       0.69      0.54      0.61        50
              Chihuahua       0.75      0.80      0.78        50
           Egyptian Mau       0.51      0.41      0.45        49
 English cocker spaniel       0.85      0.82      0.84        50
         English setter       0.81      0.68      0.74        50
     German shorthaired       0.66      0.98      0.79        50
         Great pyrenees       0.90      0.92      0.91        50
               Havanese       0.81      0.78      0.80        50
          Japanese chin       0.91      0.96      0.93        50
               Keeshond       0.96      0.90      0.93        50
             Leonberger       0.88      1.00      0.93        50
             Maine Coon       0.68      0.46      0.55        50
     Miniature pinscher       0.83      0.76      0.79        50
           Newfoundland       0.98      0.80      0.88        50
                Persian       0.76      0.84      0.80        50
             Pomeranian       0.83      0.90      0.87        50
                    Pug       0.88      0.90      0.89        50
                Ragdoll       0.60      0.56      0.58        50
           Russian blue       0.53      0.52      0.53        50
          Saint bernard       0.92      0.92      0.92        50
                Samoyed       0.78      1.00      0.88        50
       Scottish terrier       0.86      0.96      0.91        50
              Shiba inu       0.90      0.74      0.81        50
                Siamese       0.73      0.76      0.75        50
                 Sphynx       0.67      0.86      0.75        50
Staffordshire bull terr       0.55      0.36      0.43        45
        Wheaten terrier       0.86      0.88      0.87        50
      Yorkshire terrier       0.92      0.88      0.90        50

               accuracy                           0.75      1837
              macro avg       0.75      0.75      0.75      1837
           weighted avg       0.75      0.75      0.75      1837

Test accuracy: 0.7523135547087643
