Downloading https://thor.robots.ox.ac.uk/datasets/pets/images.tar.gz to ../../../../../../work3/s226536/datasets/oxford-iiit-pet/images.tar.gz
Extracting ../../../../../../work3/s226536/datasets/oxford-iiit-pet/images.tar.gz to ../../../../../../work3/s226536/datasets/oxford-iiit-pet
Downloading https://thor.robots.ox.ac.uk/datasets/pets/annotations.tar.gz to ../../../../../../work3/s226536/datasets/oxford-iiit-pet/annotations.tar.gz
Extracting ../../../../../../work3/s226536/datasets/oxford-iiit-pet/annotations.tar.gz to ../../../../../../work3/s226536/datasets/oxford-iiit-pet
-------------------------------------
Generating 5 images for breed Abyssinian...

Elapsed time: 78.92491865158081 seconds

-------------------------------------
Generating 5 images for breed american_bulldog...

Elapsed time: 47.84648108482361 seconds

-------------------------------------
Generating 5 images for breed american_pit_bull_terrier...

Elapsed time: 47.35657811164856 seconds

-------------------------------------
Generating 5 images for breed basset_hound...

Elapsed time: 48.65725827217102 seconds

-------------------------------------
Generating 5 images for breed beagle...

Elapsed time: 47.54014778137207 seconds

-------------------------------------
Generating 5 images for breed Bengal...

Elapsed time: 47.181334018707275 seconds

-------------------------------------
Generating 5 images for breed Birman...

Elapsed time: 47.73901700973511 seconds

-------------------------------------
Generating 5 images for breed Bombay...

Elapsed time: 71.27009749412537 seconds

-------------------------------------
Generating 5 images for breed boxer...

Elapsed time: 48.74146294593811 seconds

-------------------------------------
Generating 5 images for breed British_Shorthair...

Elapsed time: 48.13167071342468 seconds

-------------------------------------
Generating 5 images for breed chihuahua...

Elapsed time: 47.77458429336548 seconds

-------------------------------------
Generating 5 images for breed Egyptian_Mau...

Elapsed time: 47.736419439315796 seconds

-------------------------------------
Generating 5 images for breed english_cocker_spaniel...

Elapsed time: 48.565694093704224 seconds

-------------------------------------
Generating 5 images for breed english_setter...

Elapsed time: 48.2009699344635 seconds

-------------------------------------
Generating 5 images for breed german_shorthaired...

Elapsed time: 48.54979729652405 seconds

-------------------------------------
Generating 5 images for breed great_pyrenees...

Elapsed time: 48.53667378425598 seconds

-------------------------------------
Generating 5 images for breed havanese...

Elapsed time: 48.026323556900024 seconds

-------------------------------------
Generating 5 images for breed japanese_chin...

Elapsed time: 47.884369134902954 seconds

-------------------------------------
Generating 5 images for breed keeshond...

Elapsed time: 47.6572048664093 seconds

-------------------------------------
Generating 5 images for breed leonberger...

Elapsed time: 47.77834391593933 seconds

-------------------------------------
Generating 5 images for breed Maine_Coon...

Elapsed time: 47.68915820121765 seconds

-------------------------------------
Generating 5 images for breed miniature_pinscher...

Elapsed time: 47.61206650733948 seconds

-------------------------------------
Generating 5 images for breed newfoundland...

Elapsed time: 47.85378885269165 seconds

-------------------------------------
Generating 5 images for breed Persian...

Elapsed time: 47.90443754196167 seconds

-------------------------------------
Generating 5 images for breed pomeranian...

Elapsed time: 47.72642135620117 seconds

-------------------------------------
Generating 5 images for breed pug...

Elapsed time: 46.85855984687805 seconds

-------------------------------------
Generating 5 images for breed Ragdoll...

Elapsed time: 47.83356785774231 seconds

-------------------------------------
Generating 5 images for breed Russian_Blue...

Elapsed time: 53.20111846923828 seconds

-------------------------------------
Generating 5 images for breed saint_bernard...

Elapsed time: 47.69464373588562 seconds

-------------------------------------
Generating 5 images for breed samoyed...

Elapsed time: 47.72119688987732 seconds

-------------------------------------
Generating 5 images for breed scottish_terrier...

Elapsed time: 47.91541838645935 seconds

-------------------------------------
Generating 5 images for breed shiba_inu...

Elapsed time: 47.7363715171814 seconds

-------------------------------------
Generating 5 images for breed Siamese...

Elapsed time: 47.86109209060669 seconds

-------------------------------------
Generating 5 images for breed Sphynx...

Elapsed time: 47.57676696777344 seconds

-------------------------------------
Generating 5 images for breed staffordshire_bull_terrier...

Elapsed time: 47.920881271362305 seconds

-------------------------------------
Generating 5 images for breed wheaten_terrier...

Elapsed time: 47.51751399040222 seconds

-------------------------------------
Generating 5 images for breed yorkshire_terrier...

Elapsed time: 47.698468923568726 seconds

Not using data augmentation
Using cuda device
Epoch 1
-------------------------------
Training loss: 3.794549  [16/2011]
Training loss: 3.519270  [1616/2011]
Training accuracy: 7.96 %
Validation loss: 3.377560
Validation accuracy: 10.75% 

Epoch 2
-------------------------------
Training loss: 3.457660  [16/2011]
Training loss: 3.274201  [1616/2011]
Training accuracy: 23.92 %
Validation loss: 3.074284
Validation accuracy: 27.67% 

Epoch 3
-------------------------------
Training loss: 3.304316  [16/2011]
Training loss: 3.059445  [1616/2011]
Training accuracy: 39.48 %
Validation loss: 2.797197
Validation accuracy: 43.94% 

Epoch 4
-------------------------------
Training loss: 2.663932  [16/2011]
Training loss: 2.464576  [1616/2011]
Training accuracy: 52.11 %
Validation loss: 2.535763
Validation accuracy: 55.29% 

Epoch 5
-------------------------------
Training loss: 2.720821  [16/2011]
Training loss: 2.577819  [1616/2011]
Training accuracy: 59.47 %
Validation loss: 2.325799
Validation accuracy: 62.06% 

Epoch 6
-------------------------------
Training loss: 2.473188  [16/2011]
Training loss: 2.177062  [1616/2011]
Training accuracy: 66.04 %
Validation loss: 2.129005
Validation accuracy: 69.21% 

Epoch 7
-------------------------------
Training loss: 2.024012  [16/2011]
Training loss: 1.964141  [1616/2011]
Training accuracy: 70.81 %
Validation loss: 1.941079
Validation accuracy: 72.71% 

Epoch 8
-------------------------------
Training loss: 1.855248  [16/2011]
Training loss: 2.317939  [1616/2011]
Training accuracy: 73.10 %
Validation loss: 1.789386
Validation accuracy: 75.66% 

Epoch 9
-------------------------------
Training loss: 1.713455  [16/2011]
Training loss: 1.863553  [1616/2011]
Training accuracy: 76.38 %
Validation loss: 1.652675
Validation accuracy: 78.06% 

Epoch 10
-------------------------------
Training loss: 1.890070  [16/2011]
Training loss: 1.971069  [1616/2011]
Training accuracy: 77.67 %
Validation loss: 1.534490
Validation accuracy: 79.20% 

Epoch 11
-------------------------------
Training loss: 1.704722  [16/2011]
Training loss: 1.602220  [1616/2011]
Training accuracy: 79.02 %
Validation loss: 1.444713
Validation accuracy: 80.40% 

Epoch 12
-------------------------------
Training loss: 1.468896  [16/2011]
Training loss: 1.503615  [1616/2011]
Training accuracy: 79.36 %
Validation loss: 1.364636
Validation accuracy: 80.73% 

Epoch 13
-------------------------------
Training loss: 1.202982  [16/2011]
Training loss: 1.404933  [1616/2011]
Training accuracy: 81.50 %
Validation loss: 1.277629
Validation accuracy: 82.31% 

Epoch 14
-------------------------------
Training loss: 1.409832  [16/2011]
Training loss: 1.492903  [1616/2011]
Training accuracy: 82.74 %
Validation loss: 1.217986
Validation accuracy: 82.91% 

Epoch 15
-------------------------------
Training loss: 1.020740  [16/2011]
Training loss: 1.371919  [1616/2011]
Training accuracy: 82.25 %
Validation loss: 1.155849
Validation accuracy: 83.57% 

Epoch 16
-------------------------------
Training loss: 1.394758  [16/2011]
Training loss: 0.939704  [1616/2011]
Training accuracy: 83.49 %
Validation loss: 1.105283
Validation accuracy: 83.57% 

Epoch 17
-------------------------------
Training loss: 1.073038  [16/2011]
Training loss: 1.211634  [1616/2011]
Training accuracy: 84.88 %
Validation loss: 1.046281
Validation accuracy: 83.95% 

Epoch 18
-------------------------------
Training loss: 1.048025  [16/2011]
Training loss: 1.454551  [1616/2011]
Training accuracy: 85.03 %
Validation loss: 1.010732
Validation accuracy: 84.72% 

Epoch 19
-------------------------------
Training loss: 1.148156  [16/2011]
Training loss: 1.057702  [1616/2011]
Training accuracy: 86.23 %
Validation loss: 0.962712
Validation accuracy: 85.26% 

Epoch 20
-------------------------------
Training loss: 0.881243  [16/2011]
Training loss: 0.878337  [1616/2011]
Training accuracy: 86.18 %
Validation loss: 0.917836
Validation accuracy: 85.10% 

Epoch 21
-------------------------------
Training loss: 1.078547  [16/2011]
Training loss: 0.927748  [1616/2011]
Training accuracy: 87.27 %
Validation loss: 0.893386
Validation accuracy: 85.92% 

Epoch 22
-------------------------------
Training loss: 1.152387  [16/2011]
Training loss: 0.777065  [1616/2011]
Training accuracy: 87.07 %
Validation loss: 0.866876
Validation accuracy: 85.81% 

Epoch 23
-------------------------------
Training loss: 1.095286  [16/2011]
Training loss: 0.867177  [1616/2011]
Training accuracy: 87.17 %
Validation loss: 0.836214
Validation accuracy: 85.92% 

Epoch 24
-------------------------------
Training loss: 0.898968  [16/2011]
Training loss: 0.888677  [1616/2011]
Training accuracy: 86.42 %
Validation loss: 0.824152
Validation accuracy: 85.53% 

Epoch 25
-------------------------------
Training loss: 0.978218  [16/2011]
Training loss: 0.541284  [1616/2011]
Training accuracy: 87.37 %
Validation loss: 0.792666
Validation accuracy: 85.97% 

Epoch 26
-------------------------------
Training loss: 0.974924  [16/2011]
Training loss: 0.893597  [1616/2011]
Training accuracy: 87.22 %
Validation loss: 0.783048
Validation accuracy: 86.03% 

Epoch 27
-------------------------------
Training loss: 1.084561  [16/2011]
Training loss: 0.961609  [1616/2011]
Training accuracy: 88.17 %
Validation loss: 0.747285
Validation accuracy: 86.74% 

Epoch 28
-------------------------------
Training loss: 0.607245  [16/2011]
Training loss: 0.855711  [1616/2011]
Training accuracy: 89.01 %
Validation loss: 0.743801
Validation accuracy: 86.14% 

Epoch 29
-------------------------------
Training loss: 0.838324  [16/2011]
Training loss: 1.056875  [1616/2011]
Training accuracy: 88.17 %
Validation loss: 0.730431
Validation accuracy: 86.68% 

Epoch 30
-------------------------------
Training loss: 1.207724  [16/2011]
Training loss: 0.631504  [1616/2011]
Training accuracy: 88.71 %
Validation loss: 0.711438
Validation accuracy: 86.57% 

Epoch 31
-------------------------------
Training loss: 0.926919  [16/2011]
Training loss: 0.692629  [1616/2011]
Training accuracy: 87.87 %
Validation loss: 0.693394
Validation accuracy: 86.14% 

Epoch 32
-------------------------------
Training loss: 0.799072  [16/2011]
Training loss: 0.672973  [1616/2011]
Training accuracy: 88.86 %
Validation loss: 0.683905
Validation accuracy: 86.57% 

Early stopping
Done!

Elapsed time: 1100.6076438426971 seconds

Current time: 22:36:55
                         precision    recall  f1-score   support

             Abyssinian       0.82      0.73      0.77        49
       American Bulldog       0.84      0.94      0.89        50
  American pitbull terr       0.76      0.58      0.66        50
           Basset hound       0.96      0.92      0.94        50
                 Beagle       0.88      0.92      0.90        50
                 Bengal       0.73      0.72      0.73        50
                 Birman       0.70      0.88      0.78        50
                 Bombay       0.79      0.93      0.85        44
                  Boxer       0.79      0.84      0.82        50
      British Shorthair       0.83      0.78      0.80        50
              Chihuahua       0.84      0.86      0.85        50
           Egyptian Mau       0.83      0.88      0.85        49
 English cocker spaniel       0.92      0.92      0.92        50
         English setter       0.96      0.90      0.93        50
     German shorthaired       0.86      1.00      0.93        50
         Great pyrenees       0.96      0.96      0.96        50
               Havanese       0.88      0.98      0.92        50
          Japanese chin       1.00      0.94      0.97        50
               Keeshond       0.96      1.00      0.98        50
             Leonberger       0.98      0.98      0.98        50
             Maine Coon       0.79      0.62      0.70        50
     Miniature pinscher       0.93      0.86      0.90        50
           Newfoundland       0.98      1.00      0.99        50
                Persian       0.81      0.84      0.82        50
             Pomeranian       0.94      0.92      0.93        50
                    Pug       0.98      0.92      0.95        50
                Ragdoll       0.78      0.62      0.69        50
           Russian blue       0.71      0.64      0.67        50
          Saint bernard       0.93      1.00      0.96        50
                Samoyed       0.88      1.00      0.93        50
       Scottish terrier       0.92      0.98      0.95        50
              Shiba inu       0.90      0.92      0.91        50
                Siamese       0.93      0.84      0.88        50
                 Sphynx       0.86      0.88      0.87        50
Staffordshire bull terr       0.53      0.56      0.54        45
        Wheaten terrier       0.94      0.94      0.94        50
      Yorkshire terrier       0.98      0.88      0.93        50

               accuracy                           0.87      1837
              macro avg       0.87      0.87      0.86      1837
           weighted avg       0.87      0.87      0.87      1837

Test accuracy: 0.8677191072400653
The metadata of the previous execution is...
{'training_images_percentage': 0.5, 'epochs': 55, 'learning_rate': 0.001, 'batch_size': 16, 'data_augmentation': 'no', 'subject_driven_technique': 'controlNet', 'number_of_samples': 5, 'images_to_generate': 5, 'FID_threshold': 100, 'check_quality': False, 'path_to_dataset': '../../../../../../work3/s226536/datasets/oxford-iiit-pet', 'DATA_DIR': '../../../../../../work3/s226536/datasets'}

Preparing next execution...
Finished preparing next execution...
