Downloading https://thor.robots.ox.ac.uk/datasets/pets/images.tar.gz to ../../../../../../work3/s226536/datasets/oxford-iiit-pet/images.tar.gz
Extracting ../../../../../../work3/s226536/datasets/oxford-iiit-pet/images.tar.gz to ../../../../../../work3/s226536/datasets/oxford-iiit-pet
Downloading https://thor.robots.ox.ac.uk/datasets/pets/annotations.tar.gz to ../../../../../../work3/s226536/datasets/oxford-iiit-pet/annotations.tar.gz
Extracting ../../../../../../work3/s226536/datasets/oxford-iiit-pet/annotations.tar.gz to ../../../../../../work3/s226536/datasets/oxford-iiit-pet
-------------------------------------
Generating 100 images for breed Abyssinian...

Elapsed time: 831.1772794723511 seconds

-------------------------------------
Generating 100 images for breed american_bulldog...

Elapsed time: 660.0756213665009 seconds

-------------------------------------
Generating 100 images for breed american_pit_bull_terrier...

Elapsed time: 641.6691989898682 seconds

-------------------------------------
Generating 100 images for breed basset_hound...

Elapsed time: 656.8588094711304 seconds

-------------------------------------
Generating 100 images for breed beagle...

Elapsed time: 657.5854713916779 seconds

-------------------------------------
Generating 100 images for breed Bengal...

Elapsed time: 640.2060918807983 seconds

-------------------------------------
Generating 100 images for breed Birman...

Elapsed time: 660.1487843990326 seconds

-------------------------------------
Generating 100 images for breed Bombay...

Elapsed time: 727.2672162055969 seconds

-------------------------------------
Generating 100 images for breed boxer...

Elapsed time: 662.3742821216583 seconds

-------------------------------------
Generating 100 images for breed British_Shorthair...

Elapsed time: 660.2074220180511 seconds

-------------------------------------
Generating 100 images for breed chihuahua...

Elapsed time: 637.0235571861267 seconds

-------------------------------------
Generating 100 images for breed Egyptian_Mau...

Not using data augmentation
Using cuda device
Epoch 1
-------------------------------
Training loss: 3.853253  [16/1170]
Training accuracy: 20.43 %
Validation loss: 3.916512
Validation accuracy: 6.00% 

Epoch 2
-------------------------------
Training loss: 2.605428  [16/1170]
Training accuracy: 44.02 %
Validation loss: 4.047076
Validation accuracy: 9.66% 

Epoch 3
-------------------------------
Training loss: 2.068673  [16/1170]
Training accuracy: 57.26 %
Validation loss: 4.053226
Validation accuracy: 12.01% 

Epoch 4
-------------------------------
Training loss: 1.923538  [16/1170]
Training accuracy: 64.10 %
Validation loss: 4.037104
Validation accuracy: 13.21% 

Epoch 5
-------------------------------
Training loss: 2.141434  [16/1170]
Training accuracy: 68.80 %
Validation loss: 3.970696
Validation accuracy: 14.36% 

Epoch 6
-------------------------------
Training loss: 1.495968  [16/1170]
Training accuracy: 70.77 %
Validation loss: 3.907979
Validation accuracy: 14.63% 

Epoch 7
-------------------------------
Training loss: 1.768685  [16/1170]
Training accuracy: 72.91 %
Validation loss: 3.841499
Validation accuracy: 15.50% 

Epoch 8
-------------------------------
Training loss: 1.320043  [16/1170]
Training accuracy: 74.87 %
Validation loss: 3.786341
Validation accuracy: 16.59% 

Epoch 9
-------------------------------
Training loss: 1.078680  [16/1170]
Training accuracy: 75.90 %
Validation loss: 3.713225
Validation accuracy: 16.70% 

Epoch 10
-------------------------------
Training loss: 1.860341  [16/1170]
Training accuracy: 76.41 %
Validation loss: 3.648763
Validation accuracy: 18.18% 

Epoch 11
-------------------------------
Training loss: 1.222114  [16/1170]
Training accuracy: 77.52 %
Validation loss: 3.588757
Validation accuracy: 17.36% 

Epoch 12
-------------------------------
Training loss: 1.690975  [16/1170]
Training accuracy: 78.80 %
Validation loss: 3.519883
Validation accuracy: 18.94% 

Epoch 13
-------------------------------
Training loss: 1.294781  [16/1170]
Training accuracy: 78.03 %
Validation loss: 3.445026
Validation accuracy: 18.83% 

Epoch 14
-------------------------------
Training loss: 0.744969  [16/1170]
Training accuracy: 80.09 %
Validation loss: 3.370448
Validation accuracy: 18.78% 

Epoch 15
-------------------------------
Training loss: 0.904503  [16/1170]
Training accuracy: 79.15 %
Validation loss: 3.344613
Validation accuracy: 18.83% 

Epoch 16
-------------------------------
Training loss: 1.200690  [16/1170]
Training accuracy: 80.68 %
Validation loss: 3.309366
Validation accuracy: 19.27% 

Epoch 17
-------------------------------
Training loss: 1.176344  [16/1170]
Training accuracy: 80.77 %
Validation loss: 3.221744
Validation accuracy: 19.87% 

Epoch 18
-------------------------------
Training loss: 1.653873  [16/1170]
Training accuracy: 79.49 %
Validation loss: 3.191547
Validation accuracy: 20.31% 

Epoch 19
-------------------------------
Training loss: 1.986917  [16/1170]
Training accuracy: 81.20 %
Validation loss: 3.111961
Validation accuracy: 20.85% 

Epoch 20
-------------------------------
Training loss: 1.495578  [16/1170]
Training accuracy: 80.09 %
Validation loss: 3.118905
Validation accuracy: 19.71% 

Epoch 21
-------------------------------
Training loss: 0.648819  [16/1170]
Training accuracy: 80.94 %
Validation loss: 3.009674
Validation accuracy: 21.40% 

Epoch 22
-------------------------------
Training loss: 0.559711  [16/1170]
Training accuracy: 81.28 %
Validation loss: 3.003514
Validation accuracy: 20.41% 

Epoch 23
-------------------------------
Training loss: 1.100417  [16/1170]
Training accuracy: 81.45 %
Validation loss: 2.971059
Validation accuracy: 21.89% 

Epoch 24
-------------------------------
Training loss: 0.377609  [16/1170]
Training accuracy: 83.25 %
Validation loss: 2.906172
Validation accuracy: 22.98% 

Epoch 25
-------------------------------
Training loss: 1.030523  [16/1170]
Training accuracy: 82.22 %
Validation loss: 2.859004
Validation accuracy: 22.87% 

Epoch 26
-------------------------------
Training loss: 0.685243  [16/1170]
Training accuracy: 83.33 %
Validation loss: 2.827203
Validation accuracy: 23.47% 

Epoch 27
-------------------------------
Training loss: 0.428874  [16/1170]
Training accuracy: 83.50 %
Validation loss: 2.815798
Validation accuracy: 23.09% 

Epoch 28
-------------------------------
Training loss: 0.611396  [16/1170]
Training accuracy: 82.05 %
Validation loss: 2.781088
Validation accuracy: 23.64% 

Epoch 29
-------------------------------
Training loss: 0.652514  [16/1170]
Training accuracy: 84.27 %
Validation loss: 2.735108
Validation accuracy: 25.27% 

Epoch 30
-------------------------------
Training loss: 1.035397  [16/1170]
Training accuracy: 83.68 %
Validation loss: 2.688140
Validation accuracy: 25.60% 

Epoch 31
-------------------------------
Training loss: 0.901082  [16/1170]
Training accuracy: 84.44 %
Validation loss: 2.673678
Validation accuracy: 26.26% 

Epoch 32
-------------------------------
Training loss: 0.865386  [16/1170]
Training accuracy: 84.79 %
Validation loss: 2.647107
Validation accuracy: 26.42% 

Epoch 33
-------------------------------
Training loss: 1.061616  [16/1170]
Training accuracy: 84.87 %
Validation loss: 2.588087
Validation accuracy: 28.28% 

Epoch 34
-------------------------------
Training loss: 0.841269  [16/1170]
Training accuracy: 84.10 %
Validation loss: 2.536053
Validation accuracy: 29.53% 

Epoch 35
-------------------------------
Training loss: 0.757600  [16/1170]
Training accuracy: 85.73 %
Validation loss: 2.553258
Validation accuracy: 29.75% 

Epoch 36
-------------------------------
Training loss: 0.512001  [16/1170]
Training accuracy: 85.73 %
Validation loss: 2.524391
Validation accuracy: 30.90% 

Epoch 37
-------------------------------
Training loss: 0.342446  [16/1170]
Training accuracy: 85.04 %
Validation loss: 2.497770
Validation accuracy: 30.79% 

Epoch 38
-------------------------------
Training loss: 0.582611  [16/1170]
Training accuracy: 86.15 %
Validation loss: 2.493214
Validation accuracy: 31.88% 

Epoch 39
-------------------------------
Training loss: 0.540482  [16/1170]
Training accuracy: 86.07 %
Validation loss: 2.412638
Validation accuracy: 35.26% 

Epoch 40
-------------------------------
Training loss: 0.380384  [16/1170]
Training accuracy: 86.41 %
Validation loss: 2.396432
Validation accuracy: 34.66% 

Epoch 41
-------------------------------
Training loss: 0.897084  [16/1170]
Training accuracy: 86.24 %
Validation loss: 2.413306
Validation accuracy: 33.84% 

Epoch 42
-------------------------------
Training loss: 0.518754  [16/1170]
Training accuracy: 86.67 %
Validation loss: 2.369938
Validation accuracy: 35.70% 

Epoch 43
-------------------------------
Training loss: 0.867113  [16/1170]
Training accuracy: 86.58 %
Validation loss: 2.326530
Validation accuracy: 37.94% 

Epoch 44
-------------------------------
Training loss: 0.447481  [16/1170]
Training accuracy: 87.69 %
Validation loss: 2.307329
Validation accuracy: 37.88% 

Epoch 45
-------------------------------
Training loss: 0.273747  [16/1170]
Training accuracy: 88.72 %
Validation loss: 2.261610
Validation accuracy: 38.92% 

Epoch 46
-------------------------------
Training loss: 0.569856  [16/1170]
Training accuracy: 88.21 %
Validation loss: 2.264651
Validation accuracy: 39.19% 

Epoch 47
-------------------------------
Training loss: 0.714458  [16/1170]
Training accuracy: 88.89 %
Validation loss: 2.257062
Validation accuracy: 38.32% 

Epoch 48
-------------------------------
Training loss: 0.517953  [16/1170]
Training accuracy: 87.95 %
Validation loss: 2.202011
Validation accuracy: 41.38% 

Epoch 49
-------------------------------
Training loss: 0.512539  [16/1170]
Training accuracy: 89.23 %
Validation loss: 2.196442
Validation accuracy: 42.47% 

Epoch 50
-------------------------------
Training loss: 0.927920  [16/1170]
Training accuracy: 88.63 %
Validation loss: 2.180424
Validation accuracy: 42.19% 

Epoch 51
-------------------------------
Training loss: 0.906725  [16/1170]
Training accuracy: 88.12 %
Validation loss: 2.162940
Validation accuracy: 43.23% 

Epoch 52
-------------------------------
Training loss: 0.704495  [16/1170]
Training accuracy: 88.89 %
Validation loss: 2.155168
Validation accuracy: 43.45% 

Epoch 53
-------------------------------
Training loss: 0.779255  [16/1170]
Training accuracy: 89.40 %
Validation loss: 2.114340
Validation accuracy: 43.40% 

Epoch 54
-------------------------------
Training loss: 0.463252  [16/1170]
Training accuracy: 90.26 %
Validation loss: 2.123466
Validation accuracy: 43.29% 

Epoch 55
-------------------------------
Training loss: 0.547412  [16/1170]
Training accuracy: 90.60 %
Validation loss: 2.061039
Validation accuracy: 45.80% 

Done!

Elapsed time: 1702.6813716888428 seconds

Current time: 02:36:06
                         precision    recall  f1-score   support

             Abyssinian       0.24      0.69      0.36        49
       American Bulldog       0.32      0.94      0.48        50
  American pitbull terr       0.47      0.56      0.51        50
           Basset hound       0.41      0.96      0.57        50
                 Beagle       0.42      0.82      0.56        50
                 Bengal       0.44      0.64      0.52        50
                 Birman       0.18      0.98      0.31        50
                 Bombay       0.31      0.89      0.46        44
                  Boxer       0.31      0.64      0.42        50
      British Shorthair       0.31      0.78      0.45        50
              Chihuahua       0.44      0.78      0.57        50
           Egyptian Mau       1.00      0.02      0.04        49
 English cocker spaniel       0.85      0.22      0.35        50
         English setter       0.68      0.30      0.42        50
     German shorthaired       0.61      0.38      0.47        50
         Great pyrenees       0.74      0.78      0.76        50
               Havanese       0.73      0.72      0.73        50
          Japanese chin       0.94      0.34      0.50        50
               Keeshond       1.00      0.82      0.90        50
             Leonberger       0.81      0.88      0.85        50
             Maine Coon       1.00      0.02      0.04        50
     Miniature pinscher       0.80      0.08      0.15        50
           Newfoundland       0.97      0.58      0.72        50
                Persian       0.50      0.02      0.04        50
             Pomeranian       1.00      0.04      0.08        50
                    Pug       1.00      0.06      0.11        50
                Ragdoll       0.00      0.00      0.00        50
           Russian blue       0.00      0.00      0.00        50
          Saint bernard       1.00      0.10      0.18        50
                Samoyed       0.86      0.62      0.72        50
       Scottish terrier       0.93      0.74      0.82        50
              Shiba inu       0.83      0.10      0.18        50
                Siamese       0.00      0.00      0.00        50
                 Sphynx       1.00      0.04      0.08        50
Staffordshire bull terr       0.58      0.24      0.34        45
        Wheaten terrier       0.69      0.58      0.63        50
      Yorkshire terrier       1.00      0.58      0.73        50

               accuracy                           0.46      1837
              macro avg       0.63      0.46      0.41      1837
           weighted avg       0.63      0.46      0.41      1837

Test accuracy: 0.457267283614589
