Downloading https://thor.robots.ox.ac.uk/datasets/pets/images.tar.gz to ../../../../../../work3/s226536/datasets/oxford-iiit-pet/images.tar.gz
Extracting ../../../../../../work3/s226536/datasets/oxford-iiit-pet/images.tar.gz to ../../../../../../work3/s226536/datasets/oxford-iiit-pet
Downloading https://thor.robots.ox.ac.uk/datasets/pets/annotations.tar.gz to ../../../../../../work3/s226536/datasets/oxford-iiit-pet/annotations.tar.gz
Extracting ../../../../../../work3/s226536/datasets/oxford-iiit-pet/annotations.tar.gz to ../../../../../../work3/s226536/datasets/oxford-iiit-pet
-------------------------------------
Generating 50 images for breed Abyssinian...

Elapsed time: 141.8604805469513 seconds

-------------------------------------
Generating 50 images for breed american_bulldog...

Elapsed time: 135.73568415641785 seconds

-------------------------------------
Generating 50 images for breed american_pit_bull_terrier...

Elapsed time: 136.44730067253113 seconds

-------------------------------------
Generating 50 images for breed basset_hound...

Elapsed time: 134.22346353530884 seconds

-------------------------------------
Generating 50 images for breed beagle...

Elapsed time: 134.6050341129303 seconds

-------------------------------------
Generating 50 images for breed Bengal...

Elapsed time: 135.27140498161316 seconds

-------------------------------------
Generating 50 images for breed Birman...

Elapsed time: 132.80550837516785 seconds

-------------------------------------
Generating 50 images for breed Bombay...

Elapsed time: 134.12867522239685 seconds

-------------------------------------
Generating 50 images for breed boxer...

Elapsed time: 137.03578305244446 seconds

-------------------------------------
Generating 50 images for breed British_Shorthair...

Elapsed time: 137.53647232055664 seconds

-------------------------------------
Generating 50 images for breed chihuahua...

Elapsed time: 138.49770259857178 seconds

-------------------------------------
Generating 50 images for breed Egyptian_Mau...

Elapsed time: 135.6581461429596 seconds

-------------------------------------
Generating 50 images for breed english_cocker_spaniel...

Elapsed time: 136.09278059005737 seconds

-------------------------------------
Generating 50 images for breed english_setter...

Elapsed time: 135.32188820838928 seconds

-------------------------------------
Generating 50 images for breed german_shorthaired...

Elapsed time: 136.34966659545898 seconds

-------------------------------------
Generating 50 images for breed great_pyrenees...

Elapsed time: 139.43388271331787 seconds

-------------------------------------
Generating 50 images for breed havanese...

Elapsed time: 138.16424465179443 seconds

-------------------------------------
Generating 50 images for breed japanese_chin...

Elapsed time: 136.61803030967712 seconds

-------------------------------------
Generating 50 images for breed keeshond...

Elapsed time: 137.2468602657318 seconds

-------------------------------------
Generating 50 images for breed leonberger...

Elapsed time: 139.60660481452942 seconds

-------------------------------------
Generating 50 images for breed Maine_Coon...

Elapsed time: 136.50205516815186 seconds

-------------------------------------
Generating 50 images for breed miniature_pinscher...

Elapsed time: 134.73592972755432 seconds

-------------------------------------
Generating 50 images for breed newfoundland...

Elapsed time: 136.6418890953064 seconds

-------------------------------------
Generating 50 images for breed Persian...

Elapsed time: 134.77572655677795 seconds

-------------------------------------
Generating 50 images for breed pomeranian...

Elapsed time: 138.736346244812 seconds

-------------------------------------
Generating 50 images for breed pug...

Elapsed time: 139.76293110847473 seconds

-------------------------------------
Generating 50 images for breed Ragdoll...

Elapsed time: 148.56398057937622 seconds

-------------------------------------
Generating 50 images for breed Russian_Blue...

Elapsed time: 154.90018320083618 seconds

-------------------------------------
Generating 50 images for breed saint_bernard...

Elapsed time: 163.66487669944763 seconds

-------------------------------------
Generating 50 images for breed samoyed...

Elapsed time: 155.1111707687378 seconds

-------------------------------------
Generating 50 images for breed scottish_terrier...

Elapsed time: 178.91516876220703 seconds

-------------------------------------
Generating 50 images for breed shiba_inu...

Elapsed time: 161.19657683372498 seconds

-------------------------------------
Generating 50 images for breed Siamese...

Elapsed time: 157.69712448120117 seconds

-------------------------------------
Generating 50 images for breed Sphynx...

Elapsed time: 141.1768102645874 seconds

-------------------------------------
Generating 50 images for breed staffordshire_bull_terrier...

Elapsed time: 141.92339706420898 seconds

-------------------------------------
Generating 50 images for breed wheaten_terrier...

Elapsed time: 139.44053983688354 seconds

-------------------------------------
Generating 50 images for breed yorkshire_terrier...

Elapsed time: 143.57627773284912 seconds

Using cuda device
Epoch 1
-------------------------------
Training loss: 4.146756  [16/3562]
Training loss: 3.442617  [1616/3562]
Training loss: 3.197338  [3216/3562]
Training accuracy: 18.42 %
Validation loss: 3.221042
Validation accuracy: 16.98% 

Epoch 2
-------------------------------
Training loss: 3.438211  [16/3562]
Training loss: 3.046421  [1616/3562]
Training loss: 2.871188  [3216/3562]
Training accuracy: 39.08 %
Validation loss: 2.765329
Validation accuracy: 38.92% 

Epoch 3
-------------------------------
Training loss: 2.968141  [16/3562]
Training loss: 2.807234  [1616/3562]
Training loss: 2.780473  [3216/3562]
Training accuracy: 52.53 %
Validation loss: 2.380243
Validation accuracy: 52.95% 

Epoch 4
-------------------------------
Training loss: 2.555818  [16/3562]
Training loss: 2.291297  [1616/3562]
Training loss: 2.401448  [3216/3562]
Training accuracy: 61.29 %
Validation loss: 2.079871
Validation accuracy: 62.45% 

Epoch 5
-------------------------------
Training loss: 2.125833  [16/3562]
Training loss: 2.116385  [1616/3562]
Training loss: 1.977073  [3216/3562]
Training accuracy: 67.29 %
Validation loss: 1.844449
Validation accuracy: 68.40% 

Epoch 6
-------------------------------
Training loss: 1.884477  [16/3562]
Training loss: 1.836035  [1616/3562]
Training loss: 1.951679  [3216/3562]
Training accuracy: 71.59 %
Validation loss: 1.646651
Validation accuracy: 72.71% 

Epoch 7
-------------------------------
Training loss: 1.654494  [16/3562]
Training loss: 1.731724  [1616/3562]
Training loss: 1.340167  [3216/3562]
Training accuracy: 73.36 %
Validation loss: 1.488176
Validation accuracy: 75.98% 

Epoch 8
-------------------------------
Training loss: 1.814848  [16/3562]
Training loss: 1.557438  [1616/3562]
Training loss: 1.639038  [3216/3562]
Training accuracy: 75.77 %
Validation loss: 1.376673
Validation accuracy: 77.24% 

Epoch 9
-------------------------------
Training loss: 1.463463  [16/3562]
Training loss: 1.292957  [1616/3562]
Training loss: 1.539095  [3216/3562]
Training accuracy: 77.43 %
Validation loss: 1.264659
Validation accuracy: 78.88% 

Epoch 10
-------------------------------
Training loss: 1.076799  [16/3562]
Training loss: 1.533416  [1616/3562]
Training loss: 0.900700  [3216/3562]
Training accuracy: 78.86 %
Validation loss: 1.173722
Validation accuracy: 80.29% 

Epoch 11
-------------------------------
Training loss: 0.996217  [16/3562]
Training loss: 1.256035  [1616/3562]
Training loss: 1.017359  [3216/3562]
Training accuracy: 79.20 %
Validation loss: 1.103194
Validation accuracy: 80.90% 

Epoch 12
-------------------------------
Training loss: 1.033831  [16/3562]
Training loss: 1.325437  [1616/3562]
Training loss: 1.079434  [3216/3562]
Training accuracy: 79.87 %
Validation loss: 1.051447
Validation accuracy: 80.95% 

Epoch 13
-------------------------------
Training loss: 1.242288  [16/3562]
Training loss: 1.541802  [1616/3562]
Training loss: 0.774088  [3216/3562]
Training accuracy: 81.27 %
Validation loss: 0.986203
Validation accuracy: 82.31% 

Epoch 14
-------------------------------
Training loss: 1.510851  [16/3562]
Training loss: 0.902906  [1616/3562]
Training loss: 0.765797  [3216/3562]
Training accuracy: 82.65 %
Validation loss: 0.949223
Validation accuracy: 82.70% 

Epoch 15
-------------------------------
Training loss: 1.061985  [16/3562]
Training loss: 0.808066  [1616/3562]
Training loss: 1.016521  [3216/3562]
Training accuracy: 82.03 %
Validation loss: 0.894072
Validation accuracy: 82.53% 

Epoch 16
-------------------------------
Training loss: 0.899155  [16/3562]
Training loss: 0.855056  [1616/3562]
Training loss: 0.823979  [3216/3562]
Training accuracy: 82.34 %
Validation loss: 0.862392
Validation accuracy: 82.59% 

Epoch 17
-------------------------------
Training loss: 0.784747  [16/3562]
Training loss: 0.681562  [1616/3562]
Training loss: 0.809722  [3216/3562]
Training accuracy: 82.26 %
Validation loss: 0.837072
Validation accuracy: 81.99% 

Epoch 18
-------------------------------
Training loss: 1.087700  [16/3562]
Training loss: 1.147244  [1616/3562]
Training loss: 0.779613  [3216/3562]
Training accuracy: 83.46 %
Validation loss: 0.809921
Validation accuracy: 82.48% 

Epoch 19
-------------------------------
Training loss: 0.835213  [16/3562]
Training loss: 1.078442  [1616/3562]
Training loss: 0.861653  [3216/3562]
Training accuracy: 83.52 %
Validation loss: 0.800237
Validation accuracy: 82.21% 

Early stopping
Done!

Elapsed time: 2037.7726340293884 seconds

                         precision    recall  f1-score   support

             Abyssinian       0.92      0.49      0.64        49
       American Bulldog       0.71      0.94      0.81        50
  American pitbull terr       0.71      0.34      0.46        50
           Basset hound       0.78      0.98      0.87        50
                 Beagle       0.94      0.64      0.76        50
                 Bengal       0.77      0.68      0.72        50
                 Birman       0.67      0.68      0.67        50
                 Bombay       0.67      0.93      0.78        44
                  Boxer       0.77      0.82      0.80        50
      British Shorthair       0.69      0.72      0.71        50
              Chihuahua       0.77      0.86      0.81        50
           Egyptian Mau       0.75      0.86      0.80        49
 English cocker spaniel       0.90      0.88      0.89        50
         English setter       0.80      0.78      0.79        50
     German shorthaired       0.71      1.00      0.83        50
         Great pyrenees       0.91      0.96      0.93        50
               Havanese       0.83      1.00      0.91        50
          Japanese chin       0.98      0.96      0.97        50
               Keeshond       0.93      1.00      0.96        50
             Leonberger       0.98      0.98      0.98        50
             Maine Coon       0.80      0.64      0.71        50
     Miniature pinscher       0.96      0.86      0.91        50
           Newfoundland       0.94      0.92      0.93        50
                Persian       0.93      0.78      0.85        50
             Pomeranian       0.97      0.74      0.84        50
                    Pug       0.98      0.92      0.95        50
                Ragdoll       0.80      0.70      0.74        50
           Russian blue       0.63      0.66      0.65        50
          Saint bernard       0.92      0.98      0.95        50
                Samoyed       0.81      1.00      0.89        50
       Scottish terrier       0.78      0.98      0.87        50
              Shiba inu       0.94      0.96      0.95        50
                Siamese       0.71      0.78      0.74        50
                 Sphynx       0.84      0.76      0.80        50
Staffordshire bull terr       0.54      0.60      0.57        45
        Wheaten terrier       1.00      0.84      0.91        50
      Yorkshire terrier       1.00      0.78      0.88        50

               accuracy                           0.82      1837
              macro avg       0.83      0.82      0.82      1837
           weighted avg       0.83      0.82      0.82      1837

Test accuracy: 0.8219923788786064
