Downloading https://thor.robots.ox.ac.uk/datasets/pets/images.tar.gz to ../../../../../../work3/s226536/datasets/oxford-iiit-pet/images.tar.gz
Extracting ../../../../../../work3/s226536/datasets/oxford-iiit-pet/images.tar.gz to ../../../../../../work3/s226536/datasets/oxford-iiit-pet
Downloading https://thor.robots.ox.ac.uk/datasets/pets/annotations.tar.gz to ../../../../../../work3/s226536/datasets/oxford-iiit-pet/annotations.tar.gz
Extracting ../../../../../../work3/s226536/datasets/oxford-iiit-pet/annotations.tar.gz to ../../../../../../work3/s226536/datasets/oxford-iiit-pet
-------------------------------------
Generating 100 images for breed Abyssinian...

Not using data augmentation
Using cuda device
Epoch 1
-------------------------------
Training loss: 3.943491  [16/1906]
Training loss: 3.475886  [1616/1906]
Training accuracy: 9.55 %
Validation loss: 3.442288
Validation accuracy: 5.79% 

Epoch 2
-------------------------------
Training loss: 3.338631  [16/1906]
Training loss: 3.072659  [1616/1906]
Training accuracy: 21.51 %
Validation loss: 3.144907
Validation accuracy: 18.83% 

Epoch 3
-------------------------------
Training loss: 3.131225  [16/1906]
Training loss: 2.868459  [1616/1906]
Training accuracy: 34.26 %
Validation loss: 2.889928
Validation accuracy: 30.13% 

Epoch 4
-------------------------------
Training loss: 2.851493  [16/1906]
Training loss: 2.853873  [1616/1906]
Training accuracy: 44.02 %
Validation loss: 2.663412
Validation accuracy: 41.98% 

Epoch 5
-------------------------------
Training loss: 2.453140  [16/1906]
Training loss: 2.340340  [1616/1906]
Training accuracy: 53.78 %
Validation loss: 2.421444
Validation accuracy: 53.28% 

Epoch 6
-------------------------------
Training loss: 2.288340  [16/1906]
Training loss: 2.539171  [1616/1906]
Training accuracy: 60.44 %
Validation loss: 2.262209
Validation accuracy: 58.41% 

Epoch 7
-------------------------------
Training loss: 2.359921  [16/1906]
Training loss: 2.112262  [1616/1906]
Training accuracy: 65.84 %
Validation loss: 2.068429
Validation accuracy: 64.85% 

Epoch 8
-------------------------------
Training loss: 2.079602  [16/1906]
Training loss: 2.066211  [1616/1906]
Training accuracy: 70.25 %
Validation loss: 1.895154
Validation accuracy: 69.43% 

Epoch 9
-------------------------------
Training loss: 1.982407  [16/1906]
Training loss: 1.726356  [1616/1906]
Training accuracy: 73.71 %
Validation loss: 1.800615
Validation accuracy: 70.63% 

Epoch 10
-------------------------------
Training loss: 1.506689  [16/1906]
Training loss: 1.627358  [1616/1906]
Training accuracy: 77.28 %
Validation loss: 1.651866
Validation accuracy: 74.51% 

Epoch 11
-------------------------------
Training loss: 1.799307  [16/1906]
Training loss: 1.431721  [1616/1906]
Training accuracy: 78.28 %
Validation loss: 1.573164
Validation accuracy: 76.36% 

Epoch 12
-------------------------------
Training loss: 1.542584  [16/1906]
Training loss: 1.422506  [1616/1906]
Training accuracy: 79.07 %
Validation loss: 1.453470
Validation accuracy: 77.02% 

Epoch 13
-------------------------------
Training loss: 1.366625  [16/1906]
Training loss: 1.427122  [1616/1906]
Training accuracy: 80.59 %
Validation loss: 1.393530
Validation accuracy: 79.69% 

Epoch 14
-------------------------------
Training loss: 1.070252  [16/1906]
Training loss: 1.312919  [1616/1906]
Training accuracy: 80.38 %
Validation loss: 1.285114
Validation accuracy: 78.17% 

Epoch 15
-------------------------------
Training loss: 1.090386  [16/1906]
Training loss: 1.102245  [1616/1906]
Training accuracy: 82.06 %
Validation loss: 1.230908
Validation accuracy: 80.84% 

Epoch 16
-------------------------------
Training loss: 1.418633  [16/1906]
Training loss: 1.158596  [1616/1906]
Training accuracy: 82.90 %
Validation loss: 1.172458
Validation accuracy: 80.62% 

Epoch 17
-------------------------------
Training loss: 1.343774  [16/1906]
Training loss: 0.994898  [1616/1906]
Training accuracy: 82.95 %
Validation loss: 1.120238
Validation accuracy: 81.88% 

Epoch 18
-------------------------------
Training loss: 0.857674  [16/1906]
Training loss: 1.106618  [1616/1906]
Training accuracy: 84.16 %
Validation loss: 1.083662
Validation accuracy: 81.88% 

Epoch 19
-------------------------------
Training loss: 0.983497  [16/1906]
Training loss: 1.191079  [1616/1906]
Training accuracy: 85.26 %
Validation loss: 1.023561
Validation accuracy: 82.59% 

Epoch 20
-------------------------------
Training loss: 1.044003  [16/1906]
Training loss: 1.026456  [1616/1906]
Training accuracy: 85.57 %
Validation loss: 0.995954
Validation accuracy: 83.02% 

Epoch 21
-------------------------------
Training loss: 1.114477  [16/1906]
Training loss: 0.760921  [1616/1906]
Training accuracy: 88.25 %
Validation loss: 0.970822
Validation accuracy: 82.97% 

Epoch 22
-------------------------------
Training loss: 0.632465  [16/1906]
Training loss: 0.779111  [1616/1906]
Training accuracy: 87.25 %
Validation loss: 0.908822
Validation accuracy: 83.35% 

Epoch 23
-------------------------------
Training loss: 0.914310  [16/1906]
Training loss: 1.076121  [1616/1906]
Training accuracy: 86.94 %
Validation loss: 0.897591
Validation accuracy: 84.50% 

Epoch 24
-------------------------------
Training loss: 1.007924  [16/1906]
Training loss: 1.138146  [1616/1906]
Training accuracy: 87.99 %
Validation loss: 0.889377
Validation accuracy: 83.57% 

Epoch 25
-------------------------------
Training loss: 0.760302  [16/1906]
Training loss: 1.068887  [1616/1906]
Training accuracy: 87.62 %
Validation loss: 0.850870
Validation accuracy: 84.93% 

Epoch 26
-------------------------------
Training loss: 0.819098  [16/1906]
Training loss: 0.979644  [1616/1906]
Training accuracy: 87.62 %
Validation loss: 0.828593
Validation accuracy: 84.61% 

Epoch 27
-------------------------------
Training loss: 0.879800  [16/1906]
Training loss: 0.910123  [1616/1906]
Training accuracy: 86.83 %
Validation loss: 0.812853
Validation accuracy: 85.10% 

Epoch 28
-------------------------------
Training loss: 0.906416  [16/1906]
Training loss: 0.837052  [1616/1906]
Training accuracy: 89.14 %
Validation loss: 0.785689
Validation accuracy: 84.88% 

Epoch 29
-------------------------------
Training loss: 0.806077  [16/1906]
Training loss: 0.603750  [1616/1906]
Training accuracy: 88.35 %
Validation loss: 0.749995
Validation accuracy: 85.32% 

Epoch 30
-------------------------------
Training loss: 0.661635  [16/1906]
Training loss: 0.583700  [1616/1906]
Training accuracy: 88.93 %
Validation loss: 0.765915
Validation accuracy: 85.15% 

Epoch 31
-------------------------------
Training loss: 0.780250  [16/1906]
Training loss: 0.588055  [1616/1906]
Training accuracy: 90.03 %
Validation loss: 0.742019
Validation accuracy: 85.70% 

Epoch 32
-------------------------------
Training loss: 0.914886  [16/1906]
Training loss: 0.740323  [1616/1906]
Training accuracy: 89.35 %
Validation loss: 0.734136
Validation accuracy: 85.59% 

Epoch 33
-------------------------------
Training loss: 0.980531  [16/1906]
Training loss: 0.655307  [1616/1906]
Training accuracy: 89.66 %
Validation loss: 0.699048
Validation accuracy: 86.14% 

Epoch 34
-------------------------------
Training loss: 0.430931  [16/1906]
Training loss: 0.609769  [1616/1906]
Training accuracy: 89.24 %
Validation loss: 0.696311
Validation accuracy: 85.48% 

Epoch 35
-------------------------------
Training loss: 0.788203  [16/1906]
Training loss: 0.559306  [1616/1906]
Training accuracy: 89.66 %
Validation loss: 0.695513
Validation accuracy: 86.57% 

Epoch 36
-------------------------------
Training loss: 0.688033  [16/1906]
Training loss: 0.591998  [1616/1906]
Training accuracy: 89.09 %
Validation loss: 0.687191
Validation accuracy: 85.86% 

Epoch 37
-------------------------------
Training loss: 0.760146  [16/1906]
Training loss: 0.898936  [1616/1906]
Training accuracy: 90.40 %
Validation loss: 0.676489
Validation accuracy: 86.79% 

Epoch 38
-------------------------------
Training loss: 0.382960  [16/1906]
Training loss: 0.545051  [1616/1906]
Training accuracy: 90.45 %
Validation loss: 0.673107
Validation accuracy: 86.41% 

Epoch 39
-------------------------------
Training loss: 0.764778  [16/1906]
Training loss: 0.647865  [1616/1906]
Training accuracy: 90.03 %
Validation loss: 0.649933
Validation accuracy: 86.63% 

Epoch 40
-------------------------------
Training loss: 0.396665  [16/1906]
Training loss: 0.742875  [1616/1906]
Training accuracy: 90.56 %
Validation loss: 0.623414
Validation accuracy: 86.35% 

Epoch 41
-------------------------------
Training loss: 0.699962  [16/1906]
Training loss: 0.525626  [1616/1906]
Training accuracy: 90.82 %
Validation loss: 0.628479
Validation accuracy: 86.19% 

Epoch 42
-------------------------------
Training loss: 0.631385  [16/1906]
Training loss: 0.593972  [1616/1906]
Training accuracy: 90.56 %
Validation loss: 0.629974
Validation accuracy: 86.57% 

Early stopping
Done!

Elapsed time: 1409.320673942566 seconds

Current time: 17:04:44
                         precision    recall  f1-score   support

             Abyssinian       0.71      0.86      0.78        49
       American Bulldog       0.82      0.90      0.86        50
  American pitbull terr       0.71      0.48      0.57        50
           Basset hound       0.91      0.96      0.93        50
                 Beagle       0.90      0.88      0.89        50
                 Bengal       0.66      0.78      0.72        50
                 Birman       0.69      0.90      0.78        50
                 Bombay       0.84      0.98      0.91        44
                  Boxer       0.80      0.88      0.84        50
      British Shorthair       0.82      0.72      0.77        50
              Chihuahua       0.89      0.84      0.87        50
           Egyptian Mau       0.93      0.82      0.87        49
 English cocker spaniel       0.92      0.94      0.93        50
         English setter       0.87      0.92      0.89        50
     German shorthaired       0.82      0.98      0.89        50
         Great pyrenees       0.94      0.92      0.93        50
               Havanese       0.84      0.96      0.90        50
          Japanese chin       1.00      0.94      0.97        50
               Keeshond       0.96      1.00      0.98        50
             Leonberger       0.98      0.98      0.98        50
             Maine Coon       0.83      0.70      0.76        50
     Miniature pinscher       0.94      0.88      0.91        50
           Newfoundland       1.00      0.98      0.99        50
                Persian       0.79      0.88      0.83        50
             Pomeranian       0.96      0.92      0.94        50
                    Pug       0.98      0.92      0.95        50
                Ragdoll       0.84      0.64      0.73        50
           Russian blue       0.71      0.60      0.65        50
          Saint bernard       0.98      1.00      0.99        50
                Samoyed       0.96      1.00      0.98        50
       Scottish terrier       0.94      0.98      0.96        50
              Shiba inu       0.90      0.94      0.92        50
                Siamese       0.93      0.84      0.88        50
                 Sphynx       0.88      0.84      0.86        50
Staffordshire bull terr       0.58      0.56      0.57        45
        Wheaten terrier       0.98      0.88      0.93        50
      Yorkshire terrier       0.98      0.92      0.95        50

               accuracy                           0.87      1837
              macro avg       0.87      0.87      0.87      1837
           weighted avg       0.87      0.87      0.87      1837

Test accuracy: 0.8682634730538922
The metadata of the previous execution is...
{'training_images_percentage': 0.5, 'epochs': 55, 'learning_rate': 0.001, 'batch_size': 16, 'data_augmentation': 'no', 'subject_driven_technique': 'controlNet', 'number_of_samples': 5, 'images_to_generate': 100, 'FID_threshold': 100, 'check_quality': False, 'path_to_dataset': '../../../../../../work3/s226536/datasets/oxford-iiit-pet', 'DATA_DIR': '../../../../../../work3/s226536/datasets'}

Preparing next execution...
Finished preparing next execution...
