60600
15150
25250
-------------------------------------
Generating 5 images for food apple_pie...

Elapsed time: 152.30443811416626 seconds

-------------------------------------
Generating 5 images for food baby_back_ribs...

Elapsed time: 43.75738000869751 seconds

-------------------------------------
Generating 5 images for food baklava...

Elapsed time: 44.00308918952942 seconds

-------------------------------------
Generating 5 images for food beef_carpaccio...

Elapsed time: 43.64076495170593 seconds

-------------------------------------
Generating 5 images for food beef_tartare...

Elapsed time: 43.32454323768616 seconds

-------------------------------------
Generating 5 images for food beet_salad...

Elapsed time: 43.58747673034668 seconds

-------------------------------------
Generating 5 images for food beignets...

Elapsed time: 43.842191219329834 seconds

-------------------------------------
Generating 5 images for food bibimbap...

Elapsed time: 44.79746198654175 seconds

-------------------------------------
Generating 5 images for food bread_pudding...

Elapsed time: 43.42445755004883 seconds

-------------------------------------
Generating 5 images for food breakfast_burrito...

Elapsed time: 43.17649483680725 seconds

-------------------------------------
Generating 5 images for food bruschetta...

Elapsed time: 44.35612893104553 seconds

-------------------------------------
Generating 5 images for food caesar_salad...

Elapsed time: 45.499171018600464 seconds

-------------------------------------
Generating 5 images for food cannoli...

Elapsed time: 43.746158838272095 seconds

-------------------------------------
Generating 5 images for food caprese_salad...

Elapsed time: 43.984230041503906 seconds

-------------------------------------
Generating 5 images for food carrot_cake...

Elapsed time: 44.01981711387634 seconds

-------------------------------------
Generating 5 images for food ceviche...

Elapsed time: 43.47269010543823 seconds

-------------------------------------
Generating 5 images for food cheesecake...

Elapsed time: 44.955071687698364 seconds

-------------------------------------
Generating 5 images for food cheese_plate...

Elapsed time: 43.66242599487305 seconds

-------------------------------------
Generating 5 images for food chicken_curry...

Elapsed time: 44.11330819129944 seconds

-------------------------------------
Generating 5 images for food chicken_quesadilla...

Elapsed time: 44.45061159133911 seconds

-------------------------------------
Generating 5 images for food chicken_wings...

Elapsed time: 43.33795356750488 seconds

-------------------------------------
Generating 5 images for food chocolate_cake...

Elapsed time: 44.574885845184326 seconds

-------------------------------------
Generating 5 images for food chocolate_mousse...

Elapsed time: 44.87106680870056 seconds

-------------------------------------
Generating 5 images for food churros...

Elapsed time: 44.07208013534546 seconds

-------------------------------------
Generating 5 images for food clam_chowder...

Elapsed time: 44.98242497444153 seconds

-------------------------------------
Generating 5 images for food club_sandwich...

Elapsed time: 44.19643831253052 seconds

-------------------------------------
Generating 5 images for food crab_cakes...

Elapsed time: 45.58540368080139 seconds

-------------------------------------
Generating 5 images for food creme_brulee...

Elapsed time: 43.858933210372925 seconds

-------------------------------------
Generating 5 images for food croque_madame...

Elapsed time: 43.01809883117676 seconds

-------------------------------------
Generating 5 images for food cup_cakes...

Elapsed time: 45.76500201225281 seconds

-------------------------------------
Generating 5 images for food deviled_eggs...

Elapsed time: 44.42570471763611 seconds

-------------------------------------
Generating 5 images for food donuts...

Elapsed time: 44.200170040130615 seconds

-------------------------------------
Generating 5 images for food dumplings...

Elapsed time: 43.471553564071655 seconds

-------------------------------------
Generating 5 images for food edamame...

Elapsed time: 45.29856586456299 seconds

-------------------------------------
Generating 5 images for food eggs_benedict...

Elapsed time: 44.13025212287903 seconds

-------------------------------------
Generating 5 images for food escargots...

Elapsed time: 45.15699481964111 seconds

-------------------------------------
Generating 5 images for food falafel...

Elapsed time: 43.893221378326416 seconds

-------------------------------------
Generating 5 images for food filet_mignon...

Elapsed time: 44.52271032333374 seconds

-------------------------------------
Generating 5 images for food fish_and_chips...

Elapsed time: 44.57982158660889 seconds

-------------------------------------
Generating 5 images for food foie_gras...

Elapsed time: 43.12526059150696 seconds

-------------------------------------
Generating 5 images for food french_fries...

Elapsed time: 43.97106122970581 seconds

-------------------------------------
Generating 5 images for food french_onion_soup...

Elapsed time: 43.481529235839844 seconds

-------------------------------------
Generating 5 images for food french_toast...

Elapsed time: 43.32003664970398 seconds

-------------------------------------
Generating 5 images for food fried_calamari...

Elapsed time: 43.59939908981323 seconds

-------------------------------------
Generating 5 images for food fried_rice...

Elapsed time: 44.25555634498596 seconds

-------------------------------------
Generating 5 images for food frozen_yogurt...

Elapsed time: 44.07603716850281 seconds

-------------------------------------
Generating 5 images for food garlic_bread...

Elapsed time: 43.453537702560425 seconds

-------------------------------------
Generating 5 images for food gnocchi...

Elapsed time: 44.411654233932495 seconds

-------------------------------------
Generating 5 images for food greek_salad...

Elapsed time: 44.04086995124817 seconds

-------------------------------------
Generating 5 images for food grilled_cheese_sandwich...

Elapsed time: 42.85581398010254 seconds

-------------------------------------
Generating 5 images for food grilled_salmon...

Elapsed time: 44.21920895576477 seconds

-------------------------------------
Generating 5 images for food guacamole...

Elapsed time: 45.0144739151001 seconds

-------------------------------------
Generating 5 images for food gyoza...

Elapsed time: 43.50095772743225 seconds

-------------------------------------
Generating 5 images for food hamburger...

Elapsed time: 43.85651183128357 seconds

-------------------------------------
Generating 5 images for food hot_and_sour_soup...

Elapsed time: 43.71626162528992 seconds

-------------------------------------
Generating 5 images for food hot_dog...

Elapsed time: 44.9488160610199 seconds

-------------------------------------
Generating 5 images for food huevos_rancheros...

Elapsed time: 44.65568709373474 seconds

-------------------------------------
Generating 5 images for food hummus...

Elapsed time: 44.730905055999756 seconds

-------------------------------------
Generating 5 images for food ice_cream...

Elapsed time: 43.42546486854553 seconds

-------------------------------------
Generating 5 images for food lasagna...

Elapsed time: 44.47274422645569 seconds

-------------------------------------
Generating 5 images for food lobster_bisque...

Elapsed time: 44.013726234436035 seconds

-------------------------------------
Generating 5 images for food lobster_roll_sandwich...

Elapsed time: 43.60288763046265 seconds

-------------------------------------
Generating 5 images for food macaroni_and_cheese...

Elapsed time: 44.49717974662781 seconds

-------------------------------------
Generating 5 images for food macarons...

Elapsed time: 43.14714980125427 seconds

-------------------------------------
Generating 5 images for food miso_soup...

Elapsed time: 44.16493058204651 seconds

-------------------------------------
Generating 5 images for food mussels...

Elapsed time: 43.74582552909851 seconds

-------------------------------------
Generating 5 images for food nachos...

Elapsed time: 44.17350697517395 seconds

-------------------------------------
Generating 5 images for food omelette...

Elapsed time: 44.94666504859924 seconds

-------------------------------------
Generating 5 images for food onion_rings...

Elapsed time: 43.64158773422241 seconds

-------------------------------------
Generating 5 images for food oysters...

Elapsed time: 43.78833603858948 seconds

-------------------------------------
Generating 5 images for food pad_thai...

Elapsed time: 43.56442141532898 seconds

-------------------------------------
Generating 5 images for food paella...

Elapsed time: 44.37603449821472 seconds

-------------------------------------
Generating 5 images for food pancakes...

Elapsed time: 43.34447383880615 seconds

-------------------------------------
Generating 5 images for food panna_cotta...

Elapsed time: 46.67920780181885 seconds

-------------------------------------
Generating 5 images for food peking_duck...

Elapsed time: 44.61273980140686 seconds

-------------------------------------
Generating 5 images for food pho...

Elapsed time: 43.36817979812622 seconds

-------------------------------------
Generating 5 images for food pizza...

Elapsed time: 44.04642939567566 seconds

-------------------------------------
Generating 5 images for food pork_chop...

Elapsed time: 43.44447135925293 seconds

-------------------------------------
Generating 5 images for food poutine...

Elapsed time: 43.63126540184021 seconds

-------------------------------------
Generating 5 images for food prime_rib...

Elapsed time: 44.06908702850342 seconds

-------------------------------------
Generating 5 images for food pulled_pork_sandwich...

Elapsed time: 44.013659715652466 seconds

-------------------------------------
Generating 5 images for food ramen...

Elapsed time: 44.317646980285645 seconds

-------------------------------------
Generating 5 images for food ravioli...

Elapsed time: 44.23207235336304 seconds

-------------------------------------
Generating 5 images for food red_velvet_cake...

Elapsed time: 45.14118957519531 seconds

-------------------------------------
Generating 5 images for food risotto...

Elapsed time: 43.58617448806763 seconds

-------------------------------------
Generating 5 images for food samosa...

Elapsed time: 44.144532203674316 seconds

-------------------------------------
Generating 5 images for food sashimi...

Elapsed time: 43.750165939331055 seconds

-------------------------------------
Generating 5 images for food scallops...

Elapsed time: 44.480210065841675 seconds

-------------------------------------
Generating 5 images for food seaweed_salad...

Elapsed time: 43.80344891548157 seconds

-------------------------------------
Generating 5 images for food shrimp_and_grits...

Elapsed time: 43.256712913513184 seconds

-------------------------------------
Generating 5 images for food spaghetti_bolognese...

Elapsed time: 43.18430185317993 seconds

-------------------------------------
Generating 5 images for food spaghetti_carbonara...

Elapsed time: 44.147364139556885 seconds

-------------------------------------
Generating 5 images for food spring_rolls...

Elapsed time: 45.47496795654297 seconds

-------------------------------------
Generating 5 images for food steak...

Elapsed time: 44.39957523345947 seconds

-------------------------------------
Generating 5 images for food strawberry_shortcake...

Elapsed time: 44.28173112869263 seconds

-------------------------------------
Generating 5 images for food sushi...

Elapsed time: 44.010985136032104 seconds

-------------------------------------
Generating 5 images for food tacos...

Elapsed time: 43.10963320732117 seconds

-------------------------------------
Generating 5 images for food takoyaki...

Elapsed time: 43.71439337730408 seconds

-------------------------------------
Generating 5 images for food tiramisu...

Elapsed time: 43.72325563430786 seconds

-------------------------------------
Generating 5 images for food tuna_tartare...

Elapsed time: 43.72897267341614 seconds

-------------------------------------
Generating 5 images for food waffles...

Elapsed time: 43.822051763534546 seconds

Not using data augmentation
Using cuda device
Epoch 1
-------------------------------
Training loss: 5.072847  [16/3578]
Training loss: 4.680350  [1616/3578]
Training loss: 4.551398  [3216/3578]
Training accuracy: 1.37 %
Validation loss: 4.709434
Validation accuracy: 1.05% 

Epoch 2
-------------------------------
Training loss: 4.658778  [16/3578]
Training loss: 4.674011  [1616/3578]
Training loss: 4.588443  [3216/3578]
Training accuracy: 2.10 %
Validation loss: 4.637696
Validation accuracy: 1.56% 

Epoch 3
-------------------------------
Training loss: 4.693515  [16/3578]
Training loss: 4.637605  [1616/3578]
Training loss: 4.509847  [3216/3578]
Training accuracy: 2.88 %
Validation loss: 4.579118
Validation accuracy: 2.26% 

Epoch 4
-------------------------------
Training loss: 4.388787  [16/3578]
Training loss: 4.564744  [1616/3578]
Training loss: 4.435135  [3216/3578]
Training accuracy: 4.36 %
Validation loss: 4.520527
Validation accuracy: 3.29% 

Epoch 5
-------------------------------
Training loss: 4.352725  [16/3578]
Training loss: 4.353093  [1616/3578]
Training loss: 4.598313  [3216/3578]
Training accuracy: 5.42 %
Validation loss: 4.469628
Validation accuracy: 4.34% 

Epoch 6
-------------------------------
Training loss: 4.319602  [16/3578]
Training loss: 4.504983  [1616/3578]
Training loss: 4.285077  [3216/3578]
Training accuracy: 7.38 %
Validation loss: 4.414829
Validation accuracy: 5.30% 

Epoch 7
-------------------------------
Training loss: 4.556138  [16/3578]
Training loss: 4.368555  [1616/3578]
Training loss: 4.018325  [3216/3578]
Training accuracy: 9.64 %
Validation loss: 4.366510
Validation accuracy: 6.54% 

Epoch 8
-------------------------------
Training loss: 4.240268  [16/3578]
Training loss: 4.133831  [1616/3578]
Training loss: 4.291401  [3216/3578]
Training accuracy: 11.15 %
Validation loss: 4.312249
Validation accuracy: 8.20% 

Epoch 9
-------------------------------
Training loss: 4.001265  [16/3578]
Training loss: 4.085539  [1616/3578]
Training loss: 4.118567  [3216/3578]
Training accuracy: 13.72 %
Validation loss: 4.262832
Validation accuracy: 9.54% 

Epoch 10
-------------------------------
Training loss: 4.017093  [16/3578]
Training loss: 4.092129  [1616/3578]
Training loss: 4.053218  [3216/3578]
Training accuracy: 15.34 %
Validation loss: 4.226262
Validation accuracy: 10.73% 

Epoch 11
-------------------------------
Training loss: 3.905499  [16/3578]
Training loss: 3.956925  [1616/3578]
Training loss: 4.238794  [3216/3578]
Training accuracy: 17.30 %
Validation loss: 4.178013
Validation accuracy: 12.33% 

Epoch 12
-------------------------------
Training loss: 4.124258  [16/3578]
Training loss: 3.956795  [1616/3578]
Training loss: 3.744417  [3216/3578]
Training accuracy: 19.03 %
Validation loss: 4.127606
Validation accuracy: 13.87% 

Epoch 13
-------------------------------
Training loss: 3.930936  [16/3578]
Training loss: 3.888277  [1616/3578]
Training loss: 4.069133  [3216/3578]
Training accuracy: 20.88 %
Validation loss: 4.085424
Validation accuracy: 15.06% 

Epoch 14
-------------------------------
Training loss: 3.764557  [16/3578]
Training loss: 3.957715  [1616/3578]
Training loss: 3.908107  [3216/3578]
Training accuracy: 23.73 %
Validation loss: 4.045100
Validation accuracy: 15.72% 

Epoch 15
-------------------------------
Training loss: 3.838076  [16/3578]
Training loss: 3.871890  [1616/3578]
Training loss: 3.907413  [3216/3578]
Training accuracy: 25.66 %
Validation loss: 3.994972
Validation accuracy: 17.37% 

Epoch 16
-------------------------------
Training loss: 3.807259  [16/3578]
Training loss: 3.801170  [1616/3578]
Training loss: 3.378052  [3216/3578]
Training accuracy: 26.52 %
Validation loss: 3.961604
Validation accuracy: 18.18% 

Epoch 17
-------------------------------
Training loss: 3.581731  [16/3578]
Training loss: 3.597104  [1616/3578]
Training loss: 3.524692  [3216/3578]
Training accuracy: 28.84 %
Validation loss: 3.921182
Validation accuracy: 19.21% 

Epoch 18
-------------------------------
Training loss: 3.957545  [16/3578]
Training loss: 3.590527  [1616/3578]
Training loss: 3.630056  [3216/3578]
Training accuracy: 30.38 %
Validation loss: 3.873894
Validation accuracy: 20.55% 

Epoch 19
-------------------------------
Training loss: 3.528018  [16/3578]
Training loss: 3.721079  [1616/3578]
Training loss: 3.943892  [3216/3578]
Training accuracy: 31.55 %
Validation loss: 3.847537
Validation accuracy: 21.15% 

Epoch 20
-------------------------------
Training loss: 3.800264  [16/3578]
Training loss: 3.487446  [1616/3578]
Training loss: 3.464885  [3216/3578]
Training accuracy: 33.31 %
Validation loss: 3.818663
Validation accuracy: 21.62% 

Epoch 21
-------------------------------
Training loss: 3.773655  [16/3578]
Training loss: 3.482929  [1616/3578]
Training loss: 3.445025  [3216/3578]
Training accuracy: 33.96 %
Validation loss: 3.784157
Validation accuracy: 22.30% 

Epoch 22
-------------------------------
Training loss: 3.587526  [16/3578]
Training loss: 3.436996  [1616/3578]
Training loss: 3.898912  [3216/3578]
Training accuracy: 36.14 %
Validation loss: 3.748823
Validation accuracy: 23.27% 

Epoch 23
-------------------------------
Training loss: 3.556352  [16/3578]
Training loss: 3.817444  [1616/3578]
Training loss: 3.796870  [3216/3578]
Training accuracy: 37.26 %
Validation loss: 3.704761
Validation accuracy: 24.01% 

Epoch 24
-------------------------------
Training loss: 3.144090  [16/3578]
Training loss: 3.746906  [1616/3578]
Training loss: 3.411362  [3216/3578]
Training accuracy: 37.67 %
Validation loss: 3.684264
Validation accuracy: 24.79% 

Epoch 25
-------------------------------
Training loss: 3.446820  [16/3578]
Training loss: 3.341072  [1616/3578]
Training loss: 3.402930  [3216/3578]
Training accuracy: 39.69 %
Validation loss: 3.656090
Validation accuracy: 25.39% 

Epoch 26
-------------------------------
Training loss: 3.598581  [16/3578]
Training loss: 3.066153  [1616/3578]
Training loss: 3.271051  [3216/3578]
Training accuracy: 39.32 %
Validation loss: 3.614478
Validation accuracy: 26.05% 

Epoch 27
-------------------------------
Training loss: 3.178324  [16/3578]
Training loss: 3.591566  [1616/3578]
Training loss: 3.190133  [3216/3578]
Training accuracy: 41.84 %
Validation loss: 3.577917
Validation accuracy: 26.34% 

Epoch 28
-------------------------------
Training loss: 3.395547  [16/3578]
Training loss: 3.346741  [1616/3578]
Training loss: 3.186770  [3216/3578]
Training accuracy: 41.76 %
Validation loss: 3.560648
Validation accuracy: 27.04% 

Epoch 29
-------------------------------
Training loss: 3.278561  [16/3578]
Training loss: 3.334661  [1616/3578]
Training loss: 3.053453  [3216/3578]
Training accuracy: 42.57 %
Validation loss: 3.515827
Validation accuracy: 27.76% 

Epoch 30
-------------------------------
Training loss: 2.985019  [16/3578]
Training loss: 3.285677  [1616/3578]
Training loss: 3.775845  [3216/3578]
Training accuracy: 43.54 %
Validation loss: 3.510170
Validation accuracy: 27.64% 

Epoch 31
-------------------------------
Training loss: 3.285808  [16/3578]
Training loss: 3.115289  [1616/3578]
Training loss: 3.475037  [3216/3578]
Training accuracy: 43.77 %
Validation loss: 3.468043
Validation accuracy: 28.38% 

Epoch 32
-------------------------------
Training loss: 3.210025  [16/3578]
Training loss: 3.279908  [1616/3578]
Training loss: 3.216967  [3216/3578]
Training accuracy: 44.83 %
Validation loss: 3.456546
Validation accuracy: 29.06% 

Epoch 33
-------------------------------
Training loss: 3.218016  [16/3578]
Training loss: 3.041495  [1616/3578]
Training loss: 2.922799  [3216/3578]
Training accuracy: 45.30 %
Validation loss: 3.427550
Validation accuracy: 29.25% 

Epoch 34
-------------------------------
Training loss: 3.176145  [16/3578]
Training loss: 3.049612  [1616/3578]
Training loss: 3.332245  [3216/3578]
Training accuracy: 45.61 %
Validation loss: 3.416085
Validation accuracy: 29.51% 

Epoch 35
-------------------------------
Training loss: 3.480724  [16/3578]
Training loss: 3.318734  [1616/3578]
Training loss: 3.159867  [3216/3578]
Training accuracy: 46.76 %
Validation loss: 3.388868
Validation accuracy: 29.83% 

Epoch 36
-------------------------------
Training loss: 3.275645  [16/3578]
Training loss: 3.008207  [1616/3578]
Training loss: 2.915297  [3216/3578]
Training accuracy: 47.32 %
Validation loss: 3.362197
Validation accuracy: 30.07% 

Epoch 37
-------------------------------
Training loss: 3.126916  [16/3578]
Training loss: 3.199769  [1616/3578]
Training loss: 3.245390  [3216/3578]
Training accuracy: 47.76 %
Validation loss: 3.341771
Validation accuracy: 30.97% 

Epoch 38
-------------------------------
Training loss: 2.903539  [16/3578]
Training loss: 2.608216  [1616/3578]
Training loss: 2.756619  [3216/3578]
Training accuracy: 47.93 %
Validation loss: 3.325520
Validation accuracy: 30.72% 

Epoch 39
-------------------------------
Training loss: 2.517644  [16/3578]
Training loss: 3.045897  [1616/3578]
Training loss: 2.733010  [3216/3578]
Training accuracy: 49.22 %
Validation loss: 3.299024
Validation accuracy: 31.02% 

Epoch 40
-------------------------------
Training loss: 2.702933  [16/3578]
Training loss: 3.075831  [1616/3578]
Training loss: 3.442080  [3216/3578]
Training accuracy: 49.83 %
Validation loss: 3.282005
Validation accuracy: 31.70% 

Epoch 41
-------------------------------
Training loss: 2.652102  [16/3578]
Training loss: 2.734900  [1616/3578]
Training loss: 2.983083  [3216/3578]
Training accuracy: 50.14 %
Validation loss: 3.265817
Validation accuracy: 31.79% 

Epoch 42
-------------------------------
Training loss: 2.759844  [16/3578]
Training loss: 3.260756  [1616/3578]
Training loss: 2.857730  [3216/3578]
Training accuracy: 50.39 %
Validation loss: 3.250626
Validation accuracy: 31.83% 

Epoch 43
-------------------------------
Training loss: 2.844381  [16/3578]
Training loss: 2.585205  [1616/3578]
Training loss: 3.186469  [3216/3578]
Training accuracy: 50.73 %
Validation loss: 3.239125
Validation accuracy: 31.89% 

Epoch 44
-------------------------------
Training loss: 2.546180  [16/3578]
Training loss: 2.878223  [1616/3578]
Training loss: 2.124755  [3216/3578]
Training accuracy: 51.12 %
Validation loss: 3.191209
Validation accuracy: 32.62% 

Epoch 45
-------------------------------
Training loss: 2.801814  [16/3578]
Training loss: 2.842672  [1616/3578]
Training loss: 2.400501  [3216/3578]
Training accuracy: 52.10 %
Validation loss: 3.192506
Validation accuracy: 32.31% 

Epoch 46
-------------------------------
Training loss: 2.904982  [16/3578]
Training loss: 2.505226  [1616/3578]
Training loss: 2.281659  [3216/3578]
Training accuracy: 53.63 %
Validation loss: 3.163940
Validation accuracy: 33.06% 

Epoch 47
-------------------------------
Training loss: 2.948563  [16/3578]
Training loss: 3.113951  [1616/3578]
Training loss: 2.816050  [3216/3578]
Training accuracy: 53.69 %
Validation loss: 3.139468
Validation accuracy: 33.04% 

Epoch 48
-------------------------------
Training loss: 2.599228  [16/3578]
Training loss: 2.608053  [1616/3578]
Training loss: 2.829198  [3216/3578]
Training accuracy: 52.66 %
Validation loss: 3.148784
Validation accuracy: 33.04% 

Epoch 49
-------------------------------
Training loss: 2.251228  [16/3578]
Training loss: 2.662585  [1616/3578]
Training loss: 2.339534  [3216/3578]
Training accuracy: 53.47 %
Validation loss: 3.115893
Validation accuracy: 33.45% 

Epoch 50
-------------------------------
Training loss: 2.472337  [16/3578]
Training loss: 2.191465  [1616/3578]
Training loss: 2.206168  [3216/3578]
Training accuracy: 54.22 %
Validation loss: 3.114545
Validation accuracy: 33.50% 

Epoch 51
-------------------------------
Training loss: 2.466381  [16/3578]
Training loss: 2.735995  [1616/3578]
Training loss: 2.941704  [3216/3578]
Training accuracy: 55.73 %
Validation loss: 3.102758
Validation accuracy: 33.54% 

Epoch 52
-------------------------------
Training loss: 2.528020  [16/3578]
Training loss: 2.338280  [1616/3578]
Training loss: 2.885863  [3216/3578]
Training accuracy: 54.70 %
Validation loss: 3.087818
Validation accuracy: 33.82% 

Epoch 53
-------------------------------
Training loss: 2.243002  [16/3578]
Training loss: 2.895268  [1616/3578]
Training loss: 2.750503  [3216/3578]
Training accuracy: 55.79 %
Validation loss: 3.052323
Validation accuracy: 34.48% 

Epoch 54
-------------------------------
Training loss: 2.237733  [16/3578]
Training loss: 2.368110  [1616/3578]
Training loss: 2.614842  [3216/3578]
Training accuracy: 54.81 %
Validation loss: 3.051587
Validation accuracy: 34.25% 

Epoch 55
-------------------------------
Training loss: 2.605890  [16/3578]
Training loss: 2.256543  [1616/3578]
Training loss: 2.248373  [3216/3578]
Training accuracy: 55.79 %
Validation loss: 3.027681
Validation accuracy: 34.61% 

Done!

Elapsed time: 6834.878270864487 seconds

Current time: 21:26:02
                         precision    recall  f1-score   support

              apple_pie       0.21      0.06      0.10       250
         baby_back_ribs       0.38      0.48      0.42       250
                baklava       0.44      0.24      0.31       250
         beef_carpaccio       0.35      0.14      0.20       250
           beef_tartare       0.21      0.15      0.17       250
             beet_salad       0.24      0.18      0.21       250
               beignets       0.47      0.55      0.50       250
               bibimbap       0.47      0.62      0.54       250
          bread_pudding       0.20      0.15      0.17       250
      breakfast_burrito       0.27      0.33      0.30       250
             bruschetta       0.26      0.15      0.19       250
           caesar_salad       0.24      0.44      0.31       250
                cannoli       0.28      0.20      0.23       250
          caprese_salad       0.34      0.17      0.23       250
            carrot_cake       0.31      0.45      0.37       250
                ceviche       0.14      0.03      0.05       250
             cheesecake       0.28      0.42      0.33       250
           cheese_plate       0.23      0.16      0.18       250
          chicken_curry       0.36      0.15      0.21       250
     chicken_quesadilla       0.33      0.47      0.39       250
          chicken_wings       0.42      0.51      0.46       250
         chocolate_cake       0.33      0.26      0.29       250
       chocolate_mousse       0.14      0.09      0.11       250
                churros       0.55      0.46      0.50       250
           clam_chowder       0.39      0.74      0.51       250
          club_sandwich       0.33      0.33      0.33       250
             crab_cakes       0.15      0.05      0.07       250
           creme_brulee       0.44      0.41      0.42       250
          croque_madame       0.42      0.24      0.31       250
              cup_cakes       0.55      0.58      0.56       250
           deviled_eggs       0.32      0.52      0.39       250
                 donuts       0.45      0.59      0.51       250
              dumplings       0.59      0.79      0.67       250
                edamame       0.63      0.94      0.75       250
          eggs_benedict       0.43      0.50      0.46       250
              escargots       0.43      0.59      0.49       250
                falafel       0.29      0.26      0.27       250
           filet_mignon       0.13      0.14      0.13       250
         fish_and_chips       0.42      0.31      0.36       250
              foie_gras       0.12      0.02      0.04       250
           french_fries       0.40      0.78      0.52       250
      french_onion_soup       0.42      0.55      0.48       250
           french_toast       0.32      0.17      0.22       250
         fried_calamari       0.27      0.57      0.36       250
             fried_rice       0.41      0.54      0.47       250
          frozen_yogurt       0.44      0.71      0.54       250
           garlic_bread       0.33      0.40      0.36       250
                gnocchi       0.24      0.22      0.23       250
            greek_salad       0.30      0.38      0.33       250
grilled_cheese_sandwich       0.30      0.14      0.19       250
         grilled_salmon       0.32      0.09      0.14       250
              guacamole       0.53      0.58      0.56       250
                  gyoza       0.46      0.30      0.36       250
              hamburger       0.44      0.48      0.46       250
      hot_and_sour_soup       0.46      0.78      0.58       250
                hot_dog       0.61      0.51      0.56       250
       huevos_rancheros       0.25      0.06      0.10       250
                 hummus       0.19      0.10      0.13       250
              ice_cream       0.53      0.40      0.45       250
                lasagna       0.29      0.27      0.28       250
         lobster_bisque       0.46      0.62      0.53       250
  lobster_roll_sandwich       0.39      0.19      0.25       250
    macaroni_and_cheese       0.32      0.26      0.29       250
               macarons       0.57      0.85      0.68       250
              miso_soup       0.62      0.58      0.60       250
                mussels       0.52      0.72      0.61       250
                 nachos       0.27      0.33      0.29       250
               omelette       0.25      0.10      0.15       250
            onion_rings       0.51      0.64      0.57       250
                oysters       0.54      0.75      0.63       250
               pad_thai       0.39      0.67      0.49       250
                 paella       0.30      0.25      0.27       250
               pancakes       0.52      0.24      0.32       250
            panna_cotta       0.21      0.31      0.25       250
            peking_duck       0.32      0.12      0.17       250
                    pho       0.51      0.68      0.58       250
                  pizza       0.48      0.79      0.59       250
              pork_chop       0.22      0.10      0.14       250
                poutine       0.42      0.54      0.48       250
              prime_rib       0.31      0.43      0.36       250
   pulled_pork_sandwich       0.34      0.35      0.34       250
                  ramen       0.33      0.26      0.29       250
                ravioli       0.21      0.19      0.20       250
        red_velvet_cake       0.50      0.60      0.54       250
                risotto       0.25      0.29      0.27       250
                 samosa       0.37      0.33      0.35       250
                sashimi       0.57      0.60      0.58       250
               scallops       0.24      0.21      0.22       250
          seaweed_salad       0.42      0.58      0.49       250
       shrimp_and_grits       0.23      0.12      0.16       250
    spaghetti_bolognese       0.42      0.40      0.41       250
    spaghetti_carbonara       0.44      0.79      0.57       250
           spring_rolls       0.37      0.46      0.41       250
                  steak       0.15      0.08      0.11       250
   strawberry_shortcake       0.29      0.50      0.37       250
                  sushi       0.43      0.25      0.31       250
                  tacos       0.10      0.06      0.07       250
               takoyaki       0.29      0.19      0.23       250
               tiramisu       0.20      0.18      0.19       250
           tuna_tartare       0.19      0.04      0.07       250
                waffles       0.57      0.52      0.55       250

               accuracy                           0.38     25250
              macro avg       0.36      0.38      0.35     25250
           weighted avg       0.36      0.38      0.35     25250

Test accuracy: 0.37722772277227723
The metadata of the previous execution is...
{'training_images_percentage': 0.05, 'epochs': 55, 'learning_rate': 0.001, 'batch_size': 16, 'data_augmentation': 'no', 'subject_driven_technique': 'controlNet', 'number_of_samples': 5, 'images_to_generate': 5, 'path_to_dataset': '../../../../../../work3/s226536/datasets/food-101', 'DATA_DIR': '../../../../../../work3/s226536/datasets'}

Preparing next execution...
Finished preparing next execution...
