Downloading https://thor.robots.ox.ac.uk/datasets/pets/images.tar.gz to ../../../../../../work3/s226536/datasets/oxford-iiit-pet/images.tar.gz
Extracting ../../../../../../work3/s226536/datasets/oxford-iiit-pet/images.tar.gz to ../../../../../../work3/s226536/datasets/oxford-iiit-pet
Downloading https://thor.robots.ox.ac.uk/datasets/pets/annotations.tar.gz to ../../../../../../work3/s226536/datasets/oxford-iiit-pet/annotations.tar.gz
Extracting ../../../../../../work3/s226536/datasets/oxford-iiit-pet/annotations.tar.gz to ../../../../../../work3/s226536/datasets/oxford-iiit-pet
-------------------------------------
Generating 50 images for breed Abyssinian...

Elapsed time: 181.16902875900269 seconds

-------------------------------------
Generating 50 images for breed american_bulldog...

Elapsed time: 131.3961627483368 seconds

-------------------------------------
Generating 50 images for breed american_pit_bull_terrier...

Elapsed time: 133.02843713760376 seconds

-------------------------------------
Generating 50 images for breed basset_hound...

Elapsed time: 131.47799015045166 seconds

-------------------------------------
Generating 50 images for breed beagle...

Elapsed time: 132.46243047714233 seconds

-------------------------------------
Generating 50 images for breed Bengal...

Elapsed time: 132.0661051273346 seconds

-------------------------------------
Generating 50 images for breed Birman...

Elapsed time: 133.02226376533508 seconds

-------------------------------------
Generating 50 images for breed Bombay...

Elapsed time: 133.49099040031433 seconds

-------------------------------------
Generating 50 images for breed boxer...

Elapsed time: 132.48937153816223 seconds

-------------------------------------
Generating 50 images for breed British_Shorthair...

Elapsed time: 132.31345224380493 seconds

-------------------------------------
Generating 50 images for breed chihuahua...

Elapsed time: 132.1425108909607 seconds

-------------------------------------
Generating 50 images for breed Egyptian_Mau...

Elapsed time: 131.76274275779724 seconds

-------------------------------------
Generating 50 images for breed english_cocker_spaniel...

Elapsed time: 132.0015208721161 seconds

-------------------------------------
Generating 50 images for breed english_setter...

Elapsed time: 133.8007688522339 seconds

-------------------------------------
Generating 50 images for breed german_shorthaired...

Elapsed time: 132.96517658233643 seconds

-------------------------------------
Generating 50 images for breed great_pyrenees...

Elapsed time: 133.87957406044006 seconds

-------------------------------------
Generating 50 images for breed havanese...

Elapsed time: 134.60043716430664 seconds

-------------------------------------
Generating 50 images for breed japanese_chin...

Elapsed time: 133.62134528160095 seconds

-------------------------------------
Generating 50 images for breed keeshond...

Elapsed time: 133.45226573944092 seconds

-------------------------------------
Generating 50 images for breed leonberger...

Elapsed time: 132.73918771743774 seconds

-------------------------------------
Generating 50 images for breed Maine_Coon...

Elapsed time: 133.09519219398499 seconds

-------------------------------------
Generating 50 images for breed miniature_pinscher...

Elapsed time: 132.1456024646759 seconds

-------------------------------------
Generating 50 images for breed newfoundland...

Elapsed time: 132.38047528266907 seconds

-------------------------------------
Generating 50 images for breed Persian...

Elapsed time: 133.67700028419495 seconds

-------------------------------------
Generating 50 images for breed pomeranian...

Elapsed time: 132.68043327331543 seconds

-------------------------------------
Generating 50 images for breed pug...

Elapsed time: 134.16057634353638 seconds

-------------------------------------
Generating 50 images for breed Ragdoll...

Elapsed time: 134.4449803829193 seconds

-------------------------------------
Generating 50 images for breed Russian_Blue...

Elapsed time: 131.42569375038147 seconds

-------------------------------------
Generating 50 images for breed saint_bernard...

Elapsed time: 133.08979272842407 seconds

-------------------------------------
Generating 50 images for breed samoyed...

Elapsed time: 134.63480734825134 seconds

-------------------------------------
Generating 50 images for breed scottish_terrier...

Elapsed time: 132.98866844177246 seconds

-------------------------------------
Generating 50 images for breed shiba_inu...

Elapsed time: 130.68975973129272 seconds

-------------------------------------
Generating 50 images for breed Siamese...

Elapsed time: 133.0625512599945 seconds

-------------------------------------
Generating 50 images for breed Sphynx...

Elapsed time: 128.26773047447205 seconds

-------------------------------------
Generating 50 images for breed staffordshire_bull_terrier...

Elapsed time: 131.70179533958435 seconds

-------------------------------------
Generating 50 images for breed wheaten_terrier...

Elapsed time: 134.86491298675537 seconds

-------------------------------------
Generating 50 images for breed yorkshire_terrier...

Elapsed time: 132.68517184257507 seconds

Not using data augmentation
Using cuda device
Epoch 1
-------------------------------
Training loss: 3.813501  [16/2682]
Training loss: 3.646535  [1616/2682]
Training accuracy: 15.70 %
Validation loss: 3.321167
Validation accuracy: 13.16% 

Epoch 2
-------------------------------
Training loss: 3.175414  [16/2682]
Training loss: 2.994834  [1616/2682]
Training accuracy: 39.34 %
Validation loss: 2.929767
Validation accuracy: 32.26% 

Epoch 3
-------------------------------
Training loss: 2.980772  [16/2682]
Training loss: 2.422383  [1616/2682]
Training accuracy: 56.19 %
Validation loss: 2.606168
Validation accuracy: 46.51% 

Epoch 4
-------------------------------
Training loss: 2.405071  [16/2682]
Training loss: 2.504012  [1616/2682]
Training accuracy: 67.26 %
Validation loss: 2.305343
Validation accuracy: 57.04% 

Epoch 5
-------------------------------
Training loss: 2.195290  [16/2682]
Training loss: 1.782575  [1616/2682]
Training accuracy: 74.61 %
Validation loss: 2.079930
Validation accuracy: 63.43% 

Epoch 6
-------------------------------
Training loss: 2.044801  [16/2682]
Training loss: 2.158906  [1616/2682]
Training accuracy: 77.93 %
Validation loss: 1.879951
Validation accuracy: 65.99% 

Epoch 7
-------------------------------
Training loss: 1.778983  [16/2682]
Training loss: 1.454530  [1616/2682]
Training accuracy: 81.25 %
Validation loss: 1.729697
Validation accuracy: 69.16% 

Epoch 8
-------------------------------
Training loss: 1.695106  [16/2682]
Training loss: 1.540289  [1616/2682]
Training accuracy: 83.78 %
Validation loss: 1.576432
Validation accuracy: 71.23% 

Epoch 9
-------------------------------
Training loss: 1.617519  [16/2682]
Training loss: 1.482497  [1616/2682]
Training accuracy: 85.09 %
Validation loss: 1.473987
Validation accuracy: 72.60% 

Epoch 10
-------------------------------
Training loss: 1.362573  [16/2682]
Training loss: 1.524986  [1616/2682]
Training accuracy: 85.09 %
Validation loss: 1.386509
Validation accuracy: 74.29% 

Epoch 11
-------------------------------
Training loss: 1.035269  [16/2682]
Training loss: 1.427874  [1616/2682]
Training accuracy: 86.73 %
Validation loss: 1.291529
Validation accuracy: 74.73% 

Epoch 12
-------------------------------
Training loss: 1.081568  [16/2682]
Training loss: 1.278206  [1616/2682]
Training accuracy: 87.55 %
Validation loss: 1.199832
Validation accuracy: 75.66% 

Epoch 13
-------------------------------
Training loss: 0.701048  [16/2682]
Training loss: 1.326935  [1616/2682]
Training accuracy: 87.77 %
Validation loss: 1.179082
Validation accuracy: 75.98% 

Epoch 14
-------------------------------
Training loss: 1.197670  [16/2682]
Training loss: 1.194987  [1616/2682]
Training accuracy: 87.77 %
Validation loss: 1.102343
Validation accuracy: 77.29% 

Epoch 15
-------------------------------
Training loss: 1.158841  [16/2682]
Training loss: 0.734260  [1616/2682]
Training accuracy: 88.93 %
Validation loss: 1.087255
Validation accuracy: 76.91% 

Epoch 16
-------------------------------
Training loss: 1.124426  [16/2682]
Training loss: 0.791057  [1616/2682]
Training accuracy: 88.96 %
Validation loss: 1.044594
Validation accuracy: 78.55% 

Epoch 17
-------------------------------
Training loss: 0.676356  [16/2682]
Training loss: 0.792108  [1616/2682]
Training accuracy: 89.49 %
Validation loss: 1.007875
Validation accuracy: 78.22% 

Epoch 18
-------------------------------
Training loss: 0.673065  [16/2682]
Training loss: 0.783032  [1616/2682]
Training accuracy: 89.41 %
Validation loss: 0.983044
Validation accuracy: 78.77% 

Epoch 19
-------------------------------
Training loss: 0.507816  [16/2682]
Training loss: 0.503466  [1616/2682]
Training accuracy: 90.31 %
Validation loss: 0.954420
Validation accuracy: 79.04% 

Epoch 20
-------------------------------
Training loss: 0.569625  [16/2682]
Training loss: 0.827262  [1616/2682]
Training accuracy: 91.28 %
Validation loss: 0.910301
Validation accuracy: 80.13% 

Epoch 21
-------------------------------
Training loss: 0.813293  [16/2682]
Training loss: 0.863716  [1616/2682]
Training accuracy: 90.01 %
Validation loss: 0.889886
Validation accuracy: 79.59% 

Epoch 22
-------------------------------
Training loss: 0.349385  [16/2682]
Training loss: 0.858405  [1616/2682]
Training accuracy: 91.01 %
Validation loss: 0.863706
Validation accuracy: 80.84% 

Epoch 23
-------------------------------
Training loss: 0.521212  [16/2682]
Training loss: 0.626836  [1616/2682]
Training accuracy: 90.98 %
Validation loss: 0.855114
Validation accuracy: 80.13% 

Epoch 24
-------------------------------
Training loss: 0.554138  [16/2682]
Training loss: 0.459292  [1616/2682]
Training accuracy: 91.09 %
Validation loss: 0.825569
Validation accuracy: 80.84% 

Epoch 25
-------------------------------
Training loss: 0.428883  [16/2682]
Training loss: 0.750768  [1616/2682]
Training accuracy: 91.65 %
Validation loss: 0.822747
Validation accuracy: 80.40% 

Epoch 26
-------------------------------
Training loss: 0.424562  [16/2682]
Training loss: 0.379971  [1616/2682]
Training accuracy: 91.65 %
Validation loss: 0.816887
Validation accuracy: 80.46% 

Epoch 27
-------------------------------
Training loss: 0.506246  [16/2682]
Training loss: 0.871952  [1616/2682]
Training accuracy: 91.91 %
Validation loss: 0.776136
Validation accuracy: 81.44% 

Epoch 28
-------------------------------
Training loss: 0.637097  [16/2682]
Training loss: 0.484609  [1616/2682]
Training accuracy: 92.13 %
Validation loss: 0.802091
Validation accuracy: 80.13% 

Epoch 29
-------------------------------
Training loss: 0.641139  [16/2682]
Training loss: 0.766042  [1616/2682]
Training accuracy: 92.28 %
Validation loss: 0.778293
Validation accuracy: 81.11% 

Epoch 30
-------------------------------
Training loss: 0.447576  [16/2682]
Training loss: 0.398865  [1616/2682]
Training accuracy: 92.24 %
Validation loss: 0.757632
Validation accuracy: 80.95% 

Epoch 31
-------------------------------
Training loss: 0.411154  [16/2682]
Training loss: 0.498551  [1616/2682]
Training accuracy: 91.16 %
Validation loss: 0.741910
Validation accuracy: 81.66% 

Epoch 32
-------------------------------
Training loss: 0.604051  [16/2682]
Training loss: 0.487575  [1616/2682]
Training accuracy: 92.69 %
Validation loss: 0.730745
Validation accuracy: 81.77% 

Epoch 33
-------------------------------
Training loss: 0.518277  [16/2682]
Training loss: 0.502732  [1616/2682]
Training accuracy: 92.73 %
Validation loss: 0.715679
Validation accuracy: 82.53% 

Epoch 34
-------------------------------
Training loss: 0.584024  [16/2682]
Training loss: 0.512703  [1616/2682]
Training accuracy: 92.99 %
Validation loss: 0.732749
Validation accuracy: 80.62% 

Epoch 35
-------------------------------
Training loss: 0.371319  [16/2682]
Training loss: 0.442576  [1616/2682]
Training accuracy: 92.80 %
Validation loss: 0.709113
Validation accuracy: 82.48% 

Epoch 36
-------------------------------
Training loss: 0.520052  [16/2682]
Training loss: 0.520858  [1616/2682]
Training accuracy: 92.13 %
Validation loss: 0.695936
Validation accuracy: 82.42% 

Epoch 37
-------------------------------
Training loss: 0.370946  [16/2682]
Training loss: 0.470528  [1616/2682]
Training accuracy: 92.73 %
Validation loss: 0.683704
Validation accuracy: 82.42% 

Epoch 38
-------------------------------
Training loss: 0.305922  [16/2682]
Training loss: 0.278994  [1616/2682]
Training accuracy: 92.88 %
Validation loss: 0.691922
Validation accuracy: 81.55% 

Early stopping
Done!

Elapsed time: 2506.7381858825684 seconds

                         precision    recall  f1-score   support

             Abyssinian       0.81      0.71      0.76        49
       American Bulldog       0.79      0.76      0.78        50
  American pitbull terr       0.63      0.62      0.63        50
           Basset hound       0.84      0.92      0.88        50
                 Beagle       0.87      0.78      0.82        50
                 Bengal       0.67      0.82      0.74        50
                 Birman       0.65      0.68      0.67        50
                 Bombay       0.76      0.95      0.85        44
                  Boxer       0.83      0.70      0.76        50
      British Shorthair       0.79      0.54      0.64        50
              Chihuahua       0.72      0.86      0.78        50
           Egyptian Mau       0.76      0.80      0.78        49
 English cocker spaniel       0.98      0.82      0.89        50
         English setter       0.78      0.86      0.82        50
     German shorthaired       0.79      0.98      0.87        50
         Great pyrenees       0.96      0.94      0.95        50
               Havanese       0.85      0.90      0.87        50
          Japanese chin       0.98      0.90      0.94        50
               Keeshond       0.88      1.00      0.93        50
             Leonberger       0.92      0.96      0.94        50
             Maine Coon       0.84      0.64      0.73        50
     Miniature pinscher       0.88      0.72      0.79        50
           Newfoundland       0.94      0.90      0.92        50
                Persian       0.93      0.76      0.84        50
             Pomeranian       0.93      0.80      0.86        50
                    Pug       1.00      0.90      0.95        50
                Ragdoll       0.69      0.62      0.65        50
           Russian blue       0.65      0.70      0.67        50
          Saint bernard       0.91      0.96      0.93        50
                Samoyed       0.82      1.00      0.90        50
       Scottish terrier       0.81      1.00      0.89        50
              Shiba inu       0.94      0.96      0.95        50
                Siamese       0.73      0.94      0.82        50
                 Sphynx       1.00      0.56      0.72        50
Staffordshire bull terr       0.49      0.71      0.58        45
        Wheaten terrier       0.90      0.88      0.89        50
      Yorkshire terrier       1.00      0.76      0.86        50

               accuracy                           0.82      1837
              macro avg       0.83      0.82      0.82      1837
           weighted avg       0.83      0.82      0.82      1837

Test accuracy: 0.819270549809472
