Downloading https://thor.robots.ox.ac.uk/datasets/pets/images.tar.gz to ../../../../../../work3/s226536/datasets/oxford-iiit-pet/images.tar.gz
Extracting ../../../../../../work3/s226536/datasets/oxford-iiit-pet/images.tar.gz to ../../../../../../work3/s226536/datasets/oxford-iiit-pet
Downloading https://thor.robots.ox.ac.uk/datasets/pets/annotations.tar.gz to ../../../../../../work3/s226536/datasets/oxford-iiit-pet/annotations.tar.gz
Extracting ../../../../../../work3/s226536/datasets/oxford-iiit-pet/annotations.tar.gz to ../../../../../../work3/s226536/datasets/oxford-iiit-pet
-------------------------------------
Generating 50 images for breed Abyssinian...

Elapsed time: 176.30676174163818 seconds

-------------------------------------
Generating 50 images for breed american_bulldog...

Elapsed time: 137.11320900917053 seconds

-------------------------------------
Generating 50 images for breed american_pit_bull_terrier...

Elapsed time: 137.30369186401367 seconds

-------------------------------------
Generating 50 images for breed basset_hound...

Elapsed time: 136.81539869308472 seconds

-------------------------------------
Generating 50 images for breed beagle...

Elapsed time: 138.03667402267456 seconds

-------------------------------------
Generating 50 images for breed Bengal...

Elapsed time: 138.07180070877075 seconds

-------------------------------------
Generating 50 images for breed Birman...

Elapsed time: 136.88100242614746 seconds

-------------------------------------
Generating 50 images for breed Bombay...

Elapsed time: 136.57869672775269 seconds

-------------------------------------
Generating 50 images for breed boxer...

Elapsed time: 135.4879870414734 seconds

-------------------------------------
Generating 50 images for breed British_Shorthair...

Elapsed time: 139.32457041740417 seconds

-------------------------------------
Generating 50 images for breed chihuahua...

Elapsed time: 136.63377904891968 seconds

-------------------------------------
Generating 50 images for breed Egyptian_Mau...

Elapsed time: 136.00022101402283 seconds

-------------------------------------
Generating 50 images for breed english_cocker_spaniel...

Elapsed time: 136.77965021133423 seconds

-------------------------------------
Generating 50 images for breed english_setter...

Elapsed time: 135.6918921470642 seconds

-------------------------------------
Generating 50 images for breed german_shorthaired...

Elapsed time: 135.4552869796753 seconds

-------------------------------------
Generating 50 images for breed great_pyrenees...

Elapsed time: 139.31156539916992 seconds

-------------------------------------
Generating 50 images for breed havanese...

Elapsed time: 139.7649302482605 seconds

-------------------------------------
Generating 50 images for breed japanese_chin...

Elapsed time: 138.10765314102173 seconds

-------------------------------------
Generating 50 images for breed keeshond...

Elapsed time: 138.06497478485107 seconds

-------------------------------------
Generating 50 images for breed leonberger...

Elapsed time: 136.84980726242065 seconds

-------------------------------------
Generating 50 images for breed Maine_Coon...

Elapsed time: 138.8453459739685 seconds

-------------------------------------
Generating 50 images for breed miniature_pinscher...

Elapsed time: 138.50434017181396 seconds

-------------------------------------
Generating 50 images for breed newfoundland...

Elapsed time: 139.31675338745117 seconds

-------------------------------------
Generating 50 images for breed Persian...

Elapsed time: 136.1155183315277 seconds

-------------------------------------
Generating 50 images for breed pomeranian...

Elapsed time: 138.16232085227966 seconds

-------------------------------------
Generating 50 images for breed pug...

Elapsed time: 136.82670307159424 seconds

-------------------------------------
Generating 50 images for breed Ragdoll...

Elapsed time: 137.22582530975342 seconds

-------------------------------------
Generating 50 images for breed Russian_Blue...

Elapsed time: 138.42735505104065 seconds

-------------------------------------
Generating 50 images for breed saint_bernard...

Elapsed time: 138.1787610054016 seconds

-------------------------------------
Generating 50 images for breed samoyed...

Elapsed time: 137.1713147163391 seconds

-------------------------------------
Generating 50 images for breed scottish_terrier...

Elapsed time: 136.31041860580444 seconds

-------------------------------------
Generating 50 images for breed shiba_inu...

Elapsed time: 138.67401313781738 seconds

-------------------------------------
Generating 50 images for breed Siamese...

Elapsed time: 138.24401116371155 seconds

-------------------------------------
Generating 50 images for breed Sphynx...

Elapsed time: 132.80087280273438 seconds

-------------------------------------
Generating 50 images for breed staffordshire_bull_terrier...

Elapsed time: 137.97014164924622 seconds

-------------------------------------
Generating 50 images for breed wheaten_terrier...

Elapsed time: 137.6936047077179 seconds

-------------------------------------
Generating 50 images for breed yorkshire_terrier...

Elapsed time: 135.69852447509766 seconds

Not using data augmentation
Using cuda device
Epoch 1
-------------------------------
Training loss: 4.170208  [16/2683]
Training loss: 3.379195  [1616/2683]
Training accuracy: 13.27 %
Validation loss: 3.353177
Validation accuracy: 9.66% 

Epoch 2
-------------------------------
Training loss: 3.198862  [16/2683]
Training loss: 3.146611  [1616/2683]
Training accuracy: 38.58 %
Validation loss: 2.968100
Validation accuracy: 26.26% 

Epoch 3
-------------------------------
Training loss: 2.692732  [16/2683]
Training loss: 2.717325  [1616/2683]
Training accuracy: 57.44 %
Validation loss: 2.635859
Validation accuracy: 43.89% 

Epoch 4
-------------------------------
Training loss: 2.408085  [16/2683]
Training loss: 2.256557  [1616/2683]
Training accuracy: 69.74 %
Validation loss: 2.351553
Validation accuracy: 55.62% 

Epoch 5
-------------------------------
Training loss: 2.551141  [16/2683]
Training loss: 2.066157  [1616/2683]
Training accuracy: 76.18 %
Validation loss: 2.101359
Validation accuracy: 63.21% 

Epoch 6
-------------------------------
Training loss: 2.130703  [16/2683]
Training loss: 1.972524  [1616/2683]
Training accuracy: 79.99 %
Validation loss: 1.886102
Validation accuracy: 67.79% 

Epoch 7
-------------------------------
Training loss: 1.865120  [16/2683]
Training loss: 1.800517  [1616/2683]
Training accuracy: 82.52 %
Validation loss: 1.751301
Validation accuracy: 70.58% 

Epoch 8
-------------------------------
Training loss: 1.928999  [16/2683]
Training loss: 1.317610  [1616/2683]
Training accuracy: 83.15 %
Validation loss: 1.591694
Validation accuracy: 72.98% 

Epoch 9
-------------------------------
Training loss: 1.403623  [16/2683]
Training loss: 1.224733  [1616/2683]
Training accuracy: 85.99 %
Validation loss: 1.468047
Validation accuracy: 74.29% 

Epoch 10
-------------------------------
Training loss: 1.597490  [16/2683]
Training loss: 1.445235  [1616/2683]
Training accuracy: 86.06 %
Validation loss: 1.394654
Validation accuracy: 74.89% 

Epoch 11
-------------------------------
Training loss: 1.505311  [16/2683]
Training loss: 1.185306  [1616/2683]
Training accuracy: 87.29 %
Validation loss: 1.312266
Validation accuracy: 76.31% 

Epoch 12
-------------------------------
Training loss: 1.467899  [16/2683]
Training loss: 1.394626  [1616/2683]
Training accuracy: 86.58 %
Validation loss: 1.225261
Validation accuracy: 76.15% 

Epoch 13
-------------------------------
Training loss: 1.024650  [16/2683]
Training loss: 0.764848  [1616/2683]
Training accuracy: 87.70 %
Validation loss: 1.150063
Validation accuracy: 77.07% 

Epoch 14
-------------------------------
Training loss: 0.666198  [16/2683]
Training loss: 0.884148  [1616/2683]
Training accuracy: 89.12 %
Validation loss: 1.115447
Validation accuracy: 77.73% 

Epoch 15
-------------------------------
Training loss: 0.872963  [16/2683]
Training loss: 0.739816  [1616/2683]
Training accuracy: 89.27 %
Validation loss: 1.055189
Validation accuracy: 78.06% 

Epoch 16
-------------------------------
Training loss: 0.852713  [16/2683]
Training loss: 0.723551  [1616/2683]
Training accuracy: 89.34 %
Validation loss: 1.024618
Validation accuracy: 78.06% 

Epoch 17
-------------------------------
Training loss: 0.954525  [16/2683]
Training loss: 0.631415  [1616/2683]
Training accuracy: 89.97 %
Validation loss: 0.994608
Validation accuracy: 79.75% 

Epoch 18
-------------------------------
Training loss: 0.709884  [16/2683]
Training loss: 0.879371  [1616/2683]
Training accuracy: 90.42 %
Validation loss: 0.965509
Validation accuracy: 80.19% 

Epoch 19
-------------------------------
Training loss: 0.827953  [16/2683]
Training loss: 0.759317  [1616/2683]
Training accuracy: 90.68 %
Validation loss: 0.928930
Validation accuracy: 79.09% 

Epoch 20
-------------------------------
Training loss: 0.494828  [16/2683]
Training loss: 0.797818  [1616/2683]
Training accuracy: 91.13 %
Validation loss: 0.918009
Validation accuracy: 80.13% 

Epoch 21
-------------------------------
Training loss: 0.843380  [16/2683]
Training loss: 0.632137  [1616/2683]
Training accuracy: 91.13 %
Validation loss: 0.894086
Validation accuracy: 80.13% 

Epoch 22
-------------------------------
Training loss: 0.657922  [16/2683]
Training loss: 0.603052  [1616/2683]
Training accuracy: 90.94 %
Validation loss: 0.863430
Validation accuracy: 80.19% 

Epoch 23
-------------------------------
Training loss: 0.447113  [16/2683]
Training loss: 0.779156  [1616/2683]
Training accuracy: 90.42 %
Validation loss: 0.840796
Validation accuracy: 80.79% 

Epoch 24
-------------------------------
Training loss: 0.791719  [16/2683]
Training loss: 0.460796  [1616/2683]
Training accuracy: 91.28 %
Validation loss: 0.819503
Validation accuracy: 81.99% 

Epoch 25
-------------------------------
Training loss: 0.600452  [16/2683]
Training loss: 0.559600  [1616/2683]
Training accuracy: 91.20 %
Validation loss: 0.819656
Validation accuracy: 81.60% 

Epoch 26
-------------------------------
Training loss: 0.541825  [16/2683]
Training loss: 0.504755  [1616/2683]
Training accuracy: 91.95 %
Validation loss: 0.799956
Validation accuracy: 81.17% 

Epoch 27
-------------------------------
Training loss: 0.684578  [16/2683]
Training loss: 0.529707  [1616/2683]
Training accuracy: 91.91 %
Validation loss: 0.783781
Validation accuracy: 80.95% 

Epoch 28
-------------------------------
Training loss: 0.499802  [16/2683]
Training loss: 0.544895  [1616/2683]
Training accuracy: 92.55 %
Validation loss: 0.772903
Validation accuracy: 81.88% 

Epoch 29
-------------------------------
Training loss: 0.474858  [16/2683]
Training loss: 0.877163  [1616/2683]
Training accuracy: 92.02 %
Validation loss: 0.764146
Validation accuracy: 81.77% 

Early stopping
Done!

Elapsed time: 1754.1478786468506 seconds

                         precision    recall  f1-score   support

             Abyssinian       0.84      0.78      0.81        49
       American Bulldog       0.79      0.84      0.82        50
  American pitbull terr       0.80      0.56      0.66        50
           Basset hound       0.85      0.88      0.86        50
                 Beagle       0.84      0.82      0.83        50
                 Bengal       0.62      0.82      0.71        50
                 Birman       0.65      0.74      0.69        50
                 Bombay       0.82      0.95      0.88        44
                  Boxer       0.87      0.80      0.83        50
      British Shorthair       0.79      0.66      0.72        50
              Chihuahua       0.64      0.88      0.74        50
           Egyptian Mau       0.76      0.69      0.72        49
 English cocker spaniel       0.98      0.80      0.88        50
         English setter       0.84      0.86      0.85        50
     German shorthaired       0.84      0.96      0.90        50
         Great pyrenees       0.90      0.90      0.90        50
               Havanese       0.89      0.84      0.87        50
          Japanese chin       1.00      0.88      0.94        50
               Keeshond       0.91      1.00      0.95        50
             Leonberger       0.94      0.94      0.94        50
             Maine Coon       0.77      0.66      0.71        50
     Miniature pinscher       0.81      0.78      0.80        50
           Newfoundland       0.96      0.90      0.93        50
                Persian       0.95      0.72      0.82        50
             Pomeranian       0.89      0.82      0.85        50
                    Pug       1.00      0.88      0.94        50
                Ragdoll       0.70      0.52      0.60        50
           Russian blue       0.64      0.64      0.64        50
          Saint bernard       0.89      0.98      0.93        50
                Samoyed       0.79      1.00      0.88        50
       Scottish terrier       0.80      0.98      0.88        50
              Shiba inu       0.92      0.96      0.94        50
                Siamese       0.77      0.88      0.82        50
                 Sphynx       0.93      0.56      0.70        50
Staffordshire bull terr       0.56      0.80      0.66        45
        Wheaten terrier       0.84      0.92      0.88        50
      Yorkshire terrier       0.98      0.82      0.89        50

               accuracy                           0.82      1837
              macro avg       0.83      0.82      0.82      1837
           weighted avg       0.83      0.82      0.82      1837

Test accuracy: 0.8219923788786064
