Downloading https://thor.robots.ox.ac.uk/datasets/pets/images.tar.gz to ../../../../../../work3/s226536/datasets/oxford-iiit-pet/images.tar.gz
Extracting ../../../../../../work3/s226536/datasets/oxford-iiit-pet/images.tar.gz to ../../../../../../work3/s226536/datasets/oxford-iiit-pet
Downloading https://thor.robots.ox.ac.uk/datasets/pets/annotations.tar.gz to ../../../../../../work3/s226536/datasets/oxford-iiit-pet/annotations.tar.gz
Extracting ../../../../../../work3/s226536/datasets/oxford-iiit-pet/annotations.tar.gz to ../../../../../../work3/s226536/datasets/oxford-iiit-pet
-------------------------------------
Generating 50 images for breed Abyssinian...

Elapsed time: 1659.2909891605377 seconds

-------------------------------------
Generating 50 images for breed american_bulldog...

Elapsed time: 1617.773589849472 seconds

-------------------------------------
Generating 50 images for breed american_pit_bull_terrier...

Elapsed time: 1588.5606532096863 seconds

-------------------------------------
Generating 50 images for breed basset_hound...

Elapsed time: 1612.8403556346893 seconds

-------------------------------------
Generating 50 images for breed beagle...

Elapsed time: 1605.6947321891785 seconds

-------------------------------------
Generating 50 images for breed Bengal...

Elapsed time: 1603.470517873764 seconds

-------------------------------------
Generating 50 images for breed Birman...

Elapsed time: 1611.6291403770447 seconds

-------------------------------------
Generating 50 images for breed Bombay...

Elapsed time: 1596.3974778652191 seconds

-------------------------------------
Generating 50 images for breed boxer...

Elapsed time: 1612.9062542915344 seconds

-------------------------------------
Generating 50 images for breed British_Shorthair...

Elapsed time: 1602.4026799201965 seconds

-------------------------------------
Generating 50 images for breed chihuahua...

Elapsed time: 1614.851646900177 seconds

-------------------------------------
Generating 50 images for breed Egyptian_Mau...

Elapsed time: 1595.5538182258606 seconds

-------------------------------------
Generating 50 images for breed english_cocker_spaniel...

Elapsed time: 1601.8214223384857 seconds

-------------------------------------
Generating 50 images for breed english_setter...

Elapsed time: 1601.134608745575 seconds

-------------------------------------
Generating 50 images for breed german_shorthaired...

Elapsed time: 1594.589200258255 seconds

-------------------------------------
Generating 50 images for breed great_pyrenees...

Elapsed time: 1593.8171918392181 seconds

-------------------------------------
Generating 50 images for breed havanese...

Elapsed time: 1609.1160554885864 seconds

-------------------------------------
Generating 50 images for breed japanese_chin...

Elapsed time: 1596.5516860485077 seconds

-------------------------------------
Generating 50 images for breed keeshond...

Elapsed time: 1603.9621737003326 seconds

-------------------------------------
Generating 50 images for breed leonberger...

Elapsed time: 1603.7254664897919 seconds

-------------------------------------
Generating 50 images for breed Maine_Coon...

Elapsed time: 1597.113695383072 seconds

-------------------------------------
Generating 50 images for breed miniature_pinscher...

Elapsed time: 1607.4352715015411 seconds

-------------------------------------
Generating 50 images for breed newfoundland...

Elapsed time: 1605.8188059329987 seconds

-------------------------------------
Generating 50 images for breed Persian...

Elapsed time: 1593.150009393692 seconds

-------------------------------------
Generating 50 images for breed pomeranian...

Elapsed time: 1596.152510881424 seconds

-------------------------------------
Generating 50 images for breed pug...

Elapsed time: 1606.934518814087 seconds

-------------------------------------
Generating 50 images for breed Ragdoll...

Elapsed time: 1561.9687135219574 seconds

-------------------------------------
Generating 50 images for breed Russian_Blue...

Elapsed time: 746.4067983627319 seconds

-------------------------------------
Generating 50 images for breed saint_bernard...

Elapsed time: 741.6471076011658 seconds

-------------------------------------
Generating 50 images for breed samoyed...

Elapsed time: 741.0091211795807 seconds

-------------------------------------
Generating 50 images for breed scottish_terrier...

Elapsed time: 742.1176452636719 seconds

-------------------------------------
Generating 50 images for breed shiba_inu...

Elapsed time: 740.9189734458923 seconds

-------------------------------------
Generating 50 images for breed Siamese...

Elapsed time: 743.1071813106537 seconds

-------------------------------------
Generating 50 images for breed Sphynx...

Elapsed time: 736.4171838760376 seconds

-------------------------------------
Generating 50 images for breed staffordshire_bull_terrier...

Elapsed time: 740.6769413948059 seconds

-------------------------------------
Generating 50 images for breed wheaten_terrier...

Elapsed time: 741.8703374862671 seconds

-------------------------------------
Generating 50 images for breed yorkshire_terrier...

Elapsed time: 740.9560489654541 seconds

Not using data augmentation
Using cuda device
Epoch 1
-------------------------------
Training loss: 3.827860  [16/5447]
Training loss: 3.528586  [1616/5447]
Training loss: 3.387405  [3216/5447]
Training loss: 2.991582  [4816/5447]
Training accuracy: 33.19 %
Validation loss: 2.884619
Validation accuracy: 33.35% 

Epoch 2
-------------------------------
Training loss: 3.096453  [16/5447]
Training loss: 2.805524  [1616/5447]
Training loss: 2.765841  [3216/5447]
Training loss: 2.341038  [4816/5447]
Training accuracy: 58.88 %
Validation loss: 2.249296
Validation accuracy: 58.08% 

Epoch 3
-------------------------------
Training loss: 2.267605  [16/5447]
Training loss: 2.051740  [1616/5447]
Training loss: 2.018077  [3216/5447]
Training loss: 1.770743  [4816/5447]
Training accuracy: 71.34 %
Validation loss: 1.797833
Validation accuracy: 70.96% 

Epoch 4
-------------------------------
Training loss: 1.849799  [16/5447]
Training loss: 1.849412  [1616/5447]
Training loss: 1.667961  [3216/5447]
Training loss: 1.621193  [4816/5447]
Training accuracy: 77.66 %
Validation loss: 1.477328
Validation accuracy: 74.89% 

Epoch 5
-------------------------------
Training loss: 1.556910  [16/5447]
Training loss: 1.482887  [1616/5447]
Training loss: 1.628216  [3216/5447]
Training loss: 1.204034  [4816/5447]
Training accuracy: 80.45 %
Validation loss: 1.265149
Validation accuracy: 78.49% 

Epoch 6
-------------------------------
Training loss: 1.494050  [16/5447]
Training loss: 1.549569  [1616/5447]
Training loss: 1.080319  [3216/5447]
Training loss: 1.379493  [4816/5447]
Training accuracy: 82.10 %
Validation loss: 1.105073
Validation accuracy: 81.11% 

Epoch 7
-------------------------------
Training loss: 1.557593  [16/5447]
Training loss: 1.076349  [1616/5447]
Training loss: 1.180523  [3216/5447]
Training loss: 1.086980  [4816/5447]
Training accuracy: 83.44 %
Validation loss: 0.995203
Validation accuracy: 83.13% 

Epoch 8
-------------------------------
Training loss: 1.370964  [16/5447]
Training loss: 0.988556  [1616/5447]
Training loss: 0.780360  [3216/5447]
Training loss: 1.134536  [4816/5447]
Training accuracy: 84.10 %
Validation loss: 0.901813
Validation accuracy: 82.70% 

Epoch 9
-------------------------------
Training loss: 1.053493  [16/5447]
Training loss: 0.898294  [1616/5447]
Training loss: 0.742748  [3216/5447]
Training loss: 0.922035  [4816/5447]
Training accuracy: 85.07 %
Validation loss: 0.825509
Validation accuracy: 84.17% 

Epoch 10
-------------------------------
Training loss: 1.031154  [16/5447]
Training loss: 0.859731  [1616/5447]
Training loss: 0.969201  [3216/5447]
Training loss: 0.796635  [4816/5447]
Training accuracy: 86.14 %
Validation loss: 0.769280
Validation accuracy: 84.61% 

Epoch 11
-------------------------------
Training loss: 0.942922  [16/5447]
Training loss: 0.643504  [1616/5447]
Training loss: 0.960426  [3216/5447]
Training loss: 1.008243  [4816/5447]
Training accuracy: 86.27 %
Validation loss: 0.731900
Validation accuracy: 85.04% 

Epoch 12
-------------------------------
Training loss: 0.791042  [16/5447]
Training loss: 0.861211  [1616/5447]
Training loss: 0.794406  [3216/5447]
Training loss: 0.987130  [4816/5447]
Training accuracy: 87.00 %
Validation loss: 0.701239
Validation accuracy: 85.15% 

Epoch 13
-------------------------------
Training loss: 0.622355  [16/5447]
Training loss: 0.862626  [1616/5447]
Training loss: 0.882323  [3216/5447]
Training loss: 0.755115  [4816/5447]
Training accuracy: 86.69 %
Validation loss: 0.669801
Validation accuracy: 84.33% 

Epoch 14
-------------------------------
Training loss: 0.554352  [16/5447]
Training loss: 0.772154  [1616/5447]
Training loss: 0.606247  [3216/5447]
Training loss: 0.634092  [4816/5447]
Training accuracy: 86.97 %
Validation loss: 0.645494
Validation accuracy: 85.92% 

Epoch 15
-------------------------------
Training loss: 1.181686  [16/5447]
Training loss: 0.775944  [1616/5447]
Training loss: 0.716667  [3216/5447]
Training loss: 0.600274  [4816/5447]
Training accuracy: 87.52 %
Validation loss: 0.617670
Validation accuracy: 85.15% 

Epoch 16
-------------------------------
Training loss: 0.767482  [16/5447]
Training loss: 0.556675  [1616/5447]
Training loss: 0.749498  [3216/5447]
Training loss: 0.488833  [4816/5447]
Training accuracy: 87.92 %
Validation loss: 0.612194
Validation accuracy: 85.43% 

Epoch 17
-------------------------------
Training loss: 0.637379  [16/5447]
Training loss: 0.533433  [1616/5447]
Training loss: 0.371520  [3216/5447]
Training loss: 0.490251  [4816/5447]
Training accuracy: 88.45 %
Validation loss: 0.595114
Validation accuracy: 85.32% 

Epoch 18
-------------------------------
Training loss: 0.605736  [16/5447]
Training loss: 0.401401  [1616/5447]
Training loss: 0.435582  [3216/5447]
Training loss: 0.656777  [4816/5447]
Training accuracy: 87.70 %
Validation loss: 0.575032
Validation accuracy: 85.64% 

Epoch 19
-------------------------------
Training loss: 0.560772  [16/5447]
Training loss: 1.192880  [1616/5447]
Training loss: 0.721251  [3216/5447]
Training loss: 0.327966  [4816/5447]
Training accuracy: 88.40 %
Validation loss: 0.561268
Validation accuracy: 85.59% 

Early stopping
Done!

Elapsed time: 2365.843845844269 seconds

Current time: 13:20:04
                         precision    recall  f1-score   support

             Abyssinian       0.78      0.78      0.78        49
       American Bulldog       0.80      0.90      0.85        50
  American pitbull terr       0.71      0.48      0.57        50
           Basset hound       0.82      0.92      0.87        50
                 Beagle       0.86      0.74      0.80        50
                 Bengal       0.64      0.72      0.68        50
                 Birman       0.79      0.76      0.78        50
                 Bombay       0.76      0.89      0.82        44
                  Boxer       0.79      0.88      0.83        50
      British Shorthair       0.80      0.74      0.77        50
              Chihuahua       0.93      0.86      0.90        50
           Egyptian Mau       0.85      0.80      0.82        49
 English cocker spaniel       0.96      0.96      0.96        50
         English setter       0.94      0.88      0.91        50
     German shorthaired       0.74      1.00      0.85        50
         Great pyrenees       0.94      0.98      0.96        50
               Havanese       0.83      0.96      0.89        50
          Japanese chin       0.98      0.96      0.97        50
               Keeshond       1.00      1.00      1.00        50
             Leonberger       1.00      0.98      0.99        50
             Maine Coon       0.84      0.62      0.71        50
     Miniature pinscher       0.94      0.88      0.91        50
           Newfoundland       0.94      0.98      0.96        50
                Persian       0.82      0.80      0.81        50
             Pomeranian       0.98      0.82      0.89        50
                    Pug       0.96      0.92      0.94        50
                Ragdoll       0.75      0.76      0.75        50
           Russian blue       0.73      0.66      0.69        50
          Saint bernard       0.94      1.00      0.97        50
                Samoyed       0.83      1.00      0.91        50
       Scottish terrier       0.88      0.98      0.92        50
              Shiba inu       0.94      0.96      0.95        50
                Siamese       0.84      0.86      0.85        50
                 Sphynx       0.90      0.92      0.91        50
Staffordshire bull terr       0.64      0.62      0.63        45
        Wheaten terrier       0.94      0.92      0.93        50
      Yorkshire terrier       0.98      0.80      0.88        50

               accuracy                           0.86      1837
              macro avg       0.86      0.86      0.85      1837
           weighted avg       0.86      0.86      0.85      1837

Test accuracy: 0.8568317909635275
The metadata of the previous execution is...
{'training_images_percentage': 1, 'epochs': 55, 'learning_rate': 0.001, 'batch_size': 16, 'data_augmentation': 'no', 'subject_driven_technique': 'dreambooth', 'number_of_samples': 5, 'images_to_generate': 50, 'FID_threshold': 100, 'check_quality': False, 'path_to_dataset': '../../../../../../work3/s226536/datasets/oxford-iiit-pet', 'DATA_DIR': '../../../../../../work3/s226536/datasets'}

Preparing next execution...
Finished preparing next execution...
