-------------------------------------
Generating 50 images for breed Abyssinian...

Not using data augmentation
Using cuda device
Epoch 1
-------------------------------
Training loss: 3.917085  [16/3680]
Training loss: 3.436764  [1616/3680]
Training loss: 3.272198  [3216/3680]
Training accuracy: 20.92 %
Validation loss: 3.126841
Validation accuracy: 21.18% 

Epoch 2
-------------------------------
Training loss: 3.295787  [16/3680]
Training loss: 2.859776  [1616/3680]
Training loss: 2.753883  [3216/3680]
Training accuracy: 47.72 %
Validation loss: 2.630150
Validation accuracy: 50.87% 

Epoch 3
-------------------------------
Training loss: 2.785484  [16/3680]
Training loss: 2.573138  [1616/3680]
Training loss: 2.426016  [3216/3680]
Training accuracy: 62.34 %
Validation loss: 2.231556
Validation accuracy: 63.70% 

Epoch 4
-------------------------------
Training loss: 2.307209  [16/3680]
Training loss: 1.950279  [1616/3680]
Training loss: 2.134963  [3216/3680]
Training accuracy: 70.95 %
Validation loss: 1.905433
Validation accuracy: 70.74% 

Epoch 5
-------------------------------
Training loss: 1.937404  [16/3680]
Training loss: 1.998477  [1616/3680]
Training loss: 1.704873  [3216/3680]
Training accuracy: 76.30 %
Validation loss: 1.629216
Validation accuracy: 76.75% 

Epoch 6
-------------------------------
Training loss: 1.521284  [16/3680]
Training loss: 2.300096  [1616/3680]
Training loss: 1.478728  [3216/3680]
Training accuracy: 77.85 %
Validation loss: 1.431567
Validation accuracy: 78.77% 

Epoch 7
-------------------------------
Training loss: 1.555699  [16/3680]
Training loss: 1.521729  [1616/3680]
Training loss: 1.890541  [3216/3680]
Training accuracy: 80.95 %
Validation loss: 1.283371
Validation accuracy: 81.82% 

Epoch 8
-------------------------------
Training loss: 1.297934  [16/3680]
Training loss: 1.314455  [1616/3680]
Training loss: 1.153974  [3216/3680]
Training accuracy: 83.42 %
Validation loss: 1.155034
Validation accuracy: 82.75% 

Epoch 9
-------------------------------
Training loss: 1.434279  [16/3680]
Training loss: 1.296841  [1616/3680]
Training loss: 1.173560  [3216/3680]
Training accuracy: 83.53 %
Validation loss: 1.051241
Validation accuracy: 84.01% 

Epoch 10
-------------------------------
Training loss: 0.975363  [16/3680]
Training loss: 1.004341  [1616/3680]
Training loss: 0.948518  [3216/3680]
Training accuracy: 84.16 %
Validation loss: 0.985002
Validation accuracy: 84.33% 

Epoch 11
-------------------------------
Training loss: 1.284076  [16/3680]
Training loss: 0.929911  [1616/3680]
Training loss: 1.483527  [3216/3680]
Training accuracy: 85.00 %
Validation loss: 0.899523
Validation accuracy: 85.10% 

Epoch 12
-------------------------------
Training loss: 0.981942  [16/3680]
Training loss: 1.100896  [1616/3680]
Training loss: 1.156343  [3216/3680]
Training accuracy: 86.44 %
Validation loss: 0.868442
Validation accuracy: 85.26% 

Epoch 13
-------------------------------
Training loss: 0.723603  [16/3680]
Training loss: 1.016088  [1616/3680]
Training loss: 0.950301  [3216/3680]
Training accuracy: 86.49 %
Validation loss: 0.810109
Validation accuracy: 85.97% 

Epoch 14
-------------------------------
Training loss: 0.782536  [16/3680]
Training loss: 1.093229  [1616/3680]
Training loss: 0.624708  [3216/3680]
Training accuracy: 87.17 %
Validation loss: 0.769979
Validation accuracy: 85.81% 

Epoch 15
-------------------------------
Training loss: 0.935839  [16/3680]
Training loss: 1.033669  [1616/3680]
Training loss: 0.967928  [3216/3680]
Training accuracy: 88.21 %
Validation loss: 0.744920
Validation accuracy: 86.63% 

Epoch 16
-------------------------------
Training loss: 0.633192  [16/3680]
Training loss: 0.729282  [1616/3680]
Training loss: 1.001238  [3216/3680]
Training accuracy: 87.31 %
Validation loss: 0.706056
Validation accuracy: 86.24% 

Epoch 17
-------------------------------
Training loss: 0.698726  [16/3680]
Training loss: 0.844955  [1616/3680]
Training loss: 0.765536  [3216/3680]
Training accuracy: 87.88 %
Validation loss: 0.668623
Validation accuracy: 87.06% 

Epoch 18
-------------------------------
Training loss: 0.808808  [16/3680]
Training loss: 0.864200  [1616/3680]
Training loss: 0.591650  [3216/3680]
Training accuracy: 88.61 %
Validation loss: 0.654820
Validation accuracy: 87.12% 

Epoch 19
-------------------------------
Training loss: 0.650974  [16/3680]
Training loss: 0.686525  [1616/3680]
Training loss: 0.815010  [3216/3680]
Training accuracy: 88.75 %
Validation loss: 0.635760
Validation accuracy: 86.46% 

Epoch 20
-------------------------------
Training loss: 0.612165  [16/3680]
Training loss: 0.643357  [1616/3680]
Training loss: 0.712125  [3216/3680]
Training accuracy: 89.54 %
Validation loss: 0.618017
Validation accuracy: 86.79% 

Epoch 21
-------------------------------
Training loss: 0.683548  [16/3680]
Training loss: 0.642988  [1616/3680]
Training loss: 0.375630  [3216/3680]
Training accuracy: 89.24 %
Validation loss: 0.591514
Validation accuracy: 87.01% 

Epoch 22
-------------------------------
Training loss: 0.771692  [16/3680]
Training loss: 0.446737  [1616/3680]
Training loss: 0.759703  [3216/3680]
Training accuracy: 89.73 %
Validation loss: 0.584196
Validation accuracy: 87.28% 

Epoch 23
-------------------------------
Training loss: 0.682094  [16/3680]
Training loss: 0.456101  [1616/3680]
Training loss: 0.491672  [3216/3680]
Training accuracy: 88.97 %
Validation loss: 0.571184
Validation accuracy: 87.55% 

Epoch 24
-------------------------------
Training loss: 0.850899  [16/3680]
Training loss: 0.572205  [1616/3680]
Training loss: 0.835473  [3216/3680]
Training accuracy: 88.83 %
Validation loss: 0.560693
Validation accuracy: 87.45% 

Epoch 25
-------------------------------
Training loss: 0.736123  [16/3680]
Training loss: 0.975418  [1616/3680]
Training loss: 0.586704  [3216/3680]
Training accuracy: 89.38 %
Validation loss: 0.548337
Validation accuracy: 87.39% 

Epoch 26
-------------------------------
Training loss: 0.568107  [16/3680]
Training loss: 0.583925  [1616/3680]
Training loss: 0.479278  [3216/3680]
Training accuracy: 90.33 %
Validation loss: 0.545417
Validation accuracy: 87.45% 

Epoch 27
-------------------------------
Training loss: 0.537706  [16/3680]
Training loss: 0.566685  [1616/3680]
Training loss: 0.671141  [3216/3680]
Training accuracy: 89.86 %
Validation loss: 0.521334
Validation accuracy: 87.72% 

Epoch 28
-------------------------------
Training loss: 0.614805  [16/3680]
Training loss: 0.469578  [1616/3680]
Training loss: 0.646426  [3216/3680]
Training accuracy: 89.27 %
Validation loss: 0.521305
Validation accuracy: 87.83% 

Epoch 29
-------------------------------
Training loss: 0.445645  [16/3680]
Training loss: 0.783589  [1616/3680]
Training loss: 0.459887  [3216/3680]
Training accuracy: 90.24 %
Validation loss: 0.513139
Validation accuracy: 87.94% 

Epoch 30
-------------------------------
Training loss: 0.538532  [16/3680]
Training loss: 0.576610  [1616/3680]
Training loss: 0.495556  [3216/3680]
Training accuracy: 90.08 %
Validation loss: 0.494498
Validation accuracy: 87.77% 

Epoch 31
-------------------------------
Training loss: 0.772272  [16/3680]
Training loss: 0.458182  [1616/3680]
Training loss: 0.414371  [3216/3680]
Training accuracy: 90.76 %
Validation loss: 0.504546
Validation accuracy: 87.77% 

Epoch 32
-------------------------------
Training loss: 0.425799  [16/3680]
Training loss: 0.487820  [1616/3680]
Training loss: 0.966612  [3216/3680]
Training accuracy: 90.08 %
Validation loss: 0.488231
Validation accuracy: 87.88% 

Epoch 33
-------------------------------
Training loss: 0.287576  [16/3680]
Training loss: 0.366543  [1616/3680]
Training loss: 0.367951  [3216/3680]
Training accuracy: 90.41 %
Validation loss: 0.484454
Validation accuracy: 88.05% 

Epoch 34
-------------------------------
Training loss: 0.643052  [16/3680]
Training loss: 0.347260  [1616/3680]
Training loss: 0.401572  [3216/3680]
Training accuracy: 90.35 %
Validation loss: 0.481090
Validation accuracy: 87.66% 

Epoch 35
-------------------------------
Training loss: 0.454100  [16/3680]
Training loss: 0.539896  [1616/3680]
Training loss: 0.240093  [3216/3680]
Training accuracy: 90.65 %
Validation loss: 0.474707
Validation accuracy: 88.16% 

Epoch 36
-------------------------------
Training loss: 0.487739  [16/3680]
Training loss: 0.323413  [1616/3680]
Training loss: 0.461985  [3216/3680]
Training accuracy: 90.62 %
Validation loss: 0.457582
Validation accuracy: 88.54% 

Epoch 37
-------------------------------
Training loss: 0.599567  [16/3680]
Training loss: 0.454152  [1616/3680]
Training loss: 0.440293  [3216/3680]
Training accuracy: 90.54 %
Validation loss: 0.458729
Validation accuracy: 88.59% 

Epoch 38
-------------------------------
Training loss: 0.273351  [16/3680]
Training loss: 0.413150  [1616/3680]
Training loss: 0.633053  [3216/3680]
Training accuracy: 90.82 %
Validation loss: 0.462288
Validation accuracy: 88.37% 

Epoch 39
-------------------------------
Training loss: 0.485566  [16/3680]
Training loss: 0.338487  [1616/3680]
Training loss: 0.760394  [3216/3680]
Training accuracy: 90.79 %
Validation loss: 0.446773
Validation accuracy: 88.37% 

Epoch 40
-------------------------------
Training loss: 0.370120  [16/3680]
Training loss: 0.479046  [1616/3680]
Training loss: 0.185036  [3216/3680]
Training accuracy: 91.39 %
Validation loss: 0.449727
Validation accuracy: 88.32% 

Epoch 41
-------------------------------
Training loss: 0.264689  [16/3680]
Training loss: 0.406806  [1616/3680]
Training loss: 0.818982  [3216/3680]
Training accuracy: 91.47 %
Validation loss: 0.443524
Validation accuracy: 88.37% 

Epoch 42
-------------------------------
Training loss: 0.350592  [16/3680]
Training loss: 0.329812  [1616/3680]
Training loss: 0.425867  [3216/3680]
Training accuracy: 91.28 %
Validation loss: 0.446100
Validation accuracy: 88.32% 

Early stopping
Done!

Elapsed time: 3146.5772445201874 seconds

Current time: 11:39:12
                         precision    recall  f1-score   support

             Abyssinian       0.82      0.76      0.79        49
       American Bulldog       0.81      0.94      0.87        50
  American pitbull terr       0.66      0.58      0.62        50
           Basset hound       0.92      0.92      0.92        50
                 Beagle       0.88      0.88      0.88        50
                 Bengal       0.69      0.86      0.77        50
                 Birman       0.82      0.80      0.81        50
                 Bombay       0.89      0.93      0.91        44
                  Boxer       0.84      0.86      0.85        50
      British Shorthair       0.86      0.74      0.80        50
              Chihuahua       0.87      0.90      0.88        50
           Egyptian Mau       0.91      0.84      0.87        49
 English cocker spaniel       0.94      0.94      0.94        50
         English setter       0.92      0.90      0.91        50
     German shorthaired       0.85      1.00      0.92        50
         Great pyrenees       0.96      0.98      0.97        50
               Havanese       0.90      0.94      0.92        50
          Japanese chin       0.98      0.94      0.96        50
               Keeshond       0.98      1.00      0.99        50
             Leonberger       1.00      0.98      0.99        50
             Maine Coon       0.78      0.76      0.77        50
     Miniature pinscher       0.98      0.84      0.90        50
           Newfoundland       0.98      1.00      0.99        50
                Persian       0.87      0.82      0.85        50
             Pomeranian       0.98      0.90      0.94        50
                    Pug       0.96      0.90      0.93        50
                Ragdoll       0.80      0.80      0.80        50
           Russian blue       0.70      0.76      0.73        50
          Saint bernard       0.96      0.98      0.97        50
                Samoyed       0.93      1.00      0.96        50
       Scottish terrier       0.93      1.00      0.96        50
              Shiba inu       0.92      0.96      0.94        50
                Siamese       0.94      0.90      0.92        50
                 Sphynx       0.92      0.90      0.91        50
Staffordshire bull terr       0.60      0.56      0.57        45
        Wheaten terrier       0.98      0.94      0.96        50
      Yorkshire terrier       0.96      0.92      0.94        50

               accuracy                           0.88      1837
              macro avg       0.88      0.88      0.88      1837
           weighted avg       0.88      0.88      0.88      1837

Test accuracy: 0.8824169842133914
The metadata of the previous execution is...
{'training_images_percentage': 1, 'epochs': 55, 'learning_rate': 0.001, 'batch_size': 16, 'data_augmentation': 'no', 'subject_driven_technique': 'dreambooth', 'number_of_samples': 5, 'images_to_generate': 50, 'FID_threshold': 100, 'check_quality': False, 'path_to_dataset': '../../../../../../work3/s226536/datasets/oxford-iiit-pet', 'DATA_DIR': '../../../../../../work3/s226536/datasets'}

Preparing next execution...
Finished preparing next execution...
