Downloading https://thor.robots.ox.ac.uk/datasets/pets/images.tar.gz to ../../../../../../work3/s226536/datasets/oxford-iiit-pet/images.tar.gz
Extracting ../../../../../../work3/s226536/datasets/oxford-iiit-pet/images.tar.gz to ../../../../../../work3/s226536/datasets/oxford-iiit-pet
Downloading https://thor.robots.ox.ac.uk/datasets/pets/annotations.tar.gz to ../../../../../../work3/s226536/datasets/oxford-iiit-pet/annotations.tar.gz
Extracting ../../../../../../work3/s226536/datasets/oxford-iiit-pet/annotations.tar.gz to ../../../../../../work3/s226536/datasets/oxford-iiit-pet
-------------------------------------
Generating 10 images for breed Abyssinian...

Elapsed time: 71.74317812919617 seconds

-------------------------------------
Generating 10 images for breed american_bulldog...

Elapsed time: 30.242486238479614 seconds

-------------------------------------
Generating 10 images for breed american_pit_bull_terrier...

Elapsed time: 30.14743137359619 seconds

-------------------------------------
Generating 10 images for breed basset_hound...

Elapsed time: 30.178805828094482 seconds

-------------------------------------
Generating 10 images for breed beagle...

Elapsed time: 30.760029554367065 seconds

-------------------------------------
Generating 10 images for breed Bengal...

Elapsed time: 30.45584797859192 seconds

-------------------------------------
Generating 10 images for breed Birman...

Elapsed time: 30.09526801109314 seconds

-------------------------------------
Generating 10 images for breed Bombay...

Elapsed time: 30.5023090839386 seconds

-------------------------------------
Generating 10 images for breed boxer...

Elapsed time: 30.840584993362427 seconds

-------------------------------------
Generating 10 images for breed British_Shorthair...

Elapsed time: 30.60690402984619 seconds

-------------------------------------
Generating 10 images for breed chihuahua...

Elapsed time: 30.36898422241211 seconds

-------------------------------------
Generating 10 images for breed Egyptian_Mau...

Elapsed time: 30.260412216186523 seconds

-------------------------------------
Generating 10 images for breed english_cocker_spaniel...

Elapsed time: 30.501802444458008 seconds

-------------------------------------
Generating 10 images for breed english_setter...

Elapsed time: 30.523651599884033 seconds

-------------------------------------
Generating 10 images for breed german_shorthaired...

Elapsed time: 30.505255222320557 seconds

-------------------------------------
Generating 10 images for breed great_pyrenees...

Elapsed time: 31.1768536567688 seconds

-------------------------------------
Generating 10 images for breed havanese...

Elapsed time: 30.765328884124756 seconds

-------------------------------------
Generating 10 images for breed japanese_chin...

Elapsed time: 30.355547428131104 seconds

-------------------------------------
Generating 10 images for breed keeshond...

Elapsed time: 30.907763242721558 seconds

-------------------------------------
Generating 10 images for breed leonberger...

Elapsed time: 30.638977766036987 seconds

-------------------------------------
Generating 10 images for breed Maine_Coon...

Elapsed time: 30.95972514152527 seconds

-------------------------------------
Generating 10 images for breed miniature_pinscher...

Elapsed time: 31.197128772735596 seconds

-------------------------------------
Generating 10 images for breed newfoundland...

Elapsed time: 30.17291569709778 seconds

-------------------------------------
Generating 10 images for breed Persian...

Elapsed time: 30.7663516998291 seconds

-------------------------------------
Generating 10 images for breed pomeranian...

Elapsed time: 30.76414442062378 seconds

-------------------------------------
Generating 10 images for breed pug...

Elapsed time: 29.84976887702942 seconds

-------------------------------------
Generating 10 images for breed Ragdoll...

Elapsed time: 30.373560905456543 seconds

-------------------------------------
Generating 10 images for breed Russian_Blue...

Elapsed time: 30.600548267364502 seconds

-------------------------------------
Generating 10 images for breed saint_bernard...

Elapsed time: 30.88256597518921 seconds

-------------------------------------
Generating 10 images for breed samoyed...

Elapsed time: 30.518532276153564 seconds

-------------------------------------
Generating 10 images for breed scottish_terrier...

Elapsed time: 31.2407443523407 seconds

-------------------------------------
Generating 10 images for breed shiba_inu...

Elapsed time: 30.770374298095703 seconds

-------------------------------------
Generating 10 images for breed Siamese...

Elapsed time: 30.88755774497986 seconds

-------------------------------------
Generating 10 images for breed Sphynx...

Elapsed time: 29.57709813117981 seconds

-------------------------------------
Generating 10 images for breed staffordshire_bull_terrier...

Elapsed time: 30.783941745758057 seconds

-------------------------------------
Generating 10 images for breed wheaten_terrier...

Elapsed time: 30.6708242893219 seconds

-------------------------------------
Generating 10 images for breed yorkshire_terrier...

Elapsed time: 30.65124535560608 seconds

Not using data augmentation
Using cuda device
Epoch 1
-------------------------------
Training loss: 3.965609  [16/4031]
Training loss: 3.413306  [1616/4031]
Training loss: 3.177782  [3216/4031]
Training accuracy: 19.13 %
Validation loss: 3.144016
Validation accuracy: 20.80% 

Epoch 2
-------------------------------
Training loss: 3.083553  [16/4031]
Training loss: 3.009855  [1616/4031]
Training loss: 2.552410  [3216/4031]
Training accuracy: 45.80 %
Validation loss: 2.604985
Validation accuracy: 48.47% 

Epoch 3
-------------------------------
Training loss: 2.622290  [16/4031]
Training loss: 2.471952  [1616/4031]
Training loss: 2.364529  [3216/4031]
Training accuracy: 62.34 %
Validation loss: 2.166785
Validation accuracy: 66.65% 

Epoch 4
-------------------------------
Training loss: 2.303263  [16/4031]
Training loss: 2.150040  [1616/4031]
Training loss: 2.237957  [3216/4031]
Training accuracy: 70.11 %
Validation loss: 1.821308
Validation accuracy: 74.24% 

Epoch 5
-------------------------------
Training loss: 2.007970  [16/4031]
Training loss: 1.654984  [1616/4031]
Training loss: 1.654801  [3216/4031]
Training accuracy: 76.09 %
Validation loss: 1.575409
Validation accuracy: 76.86% 

Epoch 6
-------------------------------
Training loss: 1.783146  [16/4031]
Training loss: 1.191555  [1616/4031]
Training loss: 1.516278  [3216/4031]
Training accuracy: 78.74 %
Validation loss: 1.363835
Validation accuracy: 80.24% 

Epoch 7
-------------------------------
Training loss: 1.417209  [16/4031]
Training loss: 1.599170  [1616/4031]
Training loss: 1.403628  [3216/4031]
Training accuracy: 81.74 %
Validation loss: 1.210066
Validation accuracy: 81.44% 

Epoch 8
-------------------------------
Training loss: 1.269998  [16/4031]
Training loss: 1.328668  [1616/4031]
Training loss: 0.917885  [3216/4031]
Training accuracy: 82.44 %
Validation loss: 1.094290
Validation accuracy: 82.26% 

Epoch 9
-------------------------------
Training loss: 1.308749  [16/4031]
Training loss: 1.202505  [1616/4031]
Training loss: 1.040658  [3216/4031]
Training accuracy: 84.37 %
Validation loss: 0.998829
Validation accuracy: 83.57% 

Epoch 10
-------------------------------
Training loss: 0.925321  [16/4031]
Training loss: 1.462679  [1616/4031]
Training loss: 1.108190  [3216/4031]
Training accuracy: 84.54 %
Validation loss: 0.922040
Validation accuracy: 84.88% 

Epoch 11
-------------------------------
Training loss: 1.289116  [16/4031]
Training loss: 1.029179  [1616/4031]
Training loss: 1.045178  [3216/4031]
Training accuracy: 85.81 %
Validation loss: 0.871610
Validation accuracy: 85.21% 

Epoch 12
-------------------------------
Training loss: 1.064493  [16/4031]
Training loss: 0.645496  [1616/4031]
Training loss: 0.714580  [3216/4031]
Training accuracy: 85.81 %
Validation loss: 0.814376
Validation accuracy: 85.97% 

Epoch 13
-------------------------------
Training loss: 0.960455  [16/4031]
Training loss: 1.339505  [1616/4031]
Training loss: 0.729183  [3216/4031]
Training accuracy: 85.64 %
Validation loss: 0.764731
Validation accuracy: 86.19% 

Epoch 14
-------------------------------
Training loss: 0.909394  [16/4031]
Training loss: 0.972010  [1616/4031]
Training loss: 0.830090  [3216/4031]
Training accuracy: 86.28 %
Validation loss: 0.727146
Validation accuracy: 86.74% 

Epoch 15
-------------------------------
Training loss: 0.658579  [16/4031]
Training loss: 0.843487  [1616/4031]
Training loss: 0.646772  [3216/4031]
Training accuracy: 87.35 %
Validation loss: 0.686363
Validation accuracy: 86.79% 

Epoch 16
-------------------------------
Training loss: 0.830140  [16/4031]
Training loss: 0.652497  [1616/4031]
Training loss: 0.649484  [3216/4031]
Training accuracy: 87.32 %
Validation loss: 0.671833
Validation accuracy: 86.57% 

Epoch 17
-------------------------------
Training loss: 0.813439  [16/4031]
Training loss: 0.538916  [1616/4031]
Training loss: 0.740100  [3216/4031]
Training accuracy: 87.67 %
Validation loss: 0.652776
Validation accuracy: 86.63% 

Epoch 18
-------------------------------
Training loss: 1.047986  [16/4031]
Training loss: 0.684718  [1616/4031]
Training loss: 0.792111  [3216/4031]
Training accuracy: 87.84 %
Validation loss: 0.635328
Validation accuracy: 87.06% 

Epoch 19
-------------------------------
Training loss: 0.721375  [16/4031]
Training loss: 0.973279  [1616/4031]
Training loss: 0.774545  [3216/4031]
Training accuracy: 87.84 %
Validation loss: 0.606459
Validation accuracy: 86.84% 

Epoch 20
-------------------------------
Training loss: 0.733266  [16/4031]
Training loss: 0.713740  [1616/4031]
Training loss: 0.608767  [3216/4031]
Training accuracy: 88.51 %
Validation loss: 0.592884
Validation accuracy: 87.45% 

Epoch 21
-------------------------------
Training loss: 0.573862  [16/4031]
Training loss: 0.539389  [1616/4031]
Training loss: 0.548119  [3216/4031]
Training accuracy: 88.39 %
Validation loss: 0.581375
Validation accuracy: 87.39% 

Epoch 22
-------------------------------
Training loss: 0.668156  [16/4031]
Training loss: 0.474552  [1616/4031]
Training loss: 0.566705  [3216/4031]
Training accuracy: 87.74 %
Validation loss: 0.561933
Validation accuracy: 87.01% 

Epoch 23
-------------------------------
Training loss: 0.507614  [16/4031]
Training loss: 0.593591  [1616/4031]
Training loss: 0.670631  [3216/4031]
Training accuracy: 89.23 %
Validation loss: 0.564440
Validation accuracy: 87.55% 

Epoch 24
-------------------------------
Training loss: 0.707594  [16/4031]
Training loss: 0.780084  [1616/4031]
Training loss: 0.627318  [3216/4031]
Training accuracy: 88.74 %
Validation loss: 0.533138
Validation accuracy: 87.28% 

Epoch 25
-------------------------------
Training loss: 0.355962  [16/4031]
Training loss: 0.958207  [1616/4031]
Training loss: 0.469921  [3216/4031]
Training accuracy: 89.56 %
Validation loss: 0.525580
Validation accuracy: 87.83% 

Epoch 26
-------------------------------
Training loss: 0.355075  [16/4031]
Training loss: 0.588752  [1616/4031]
Training loss: 0.605789  [3216/4031]
Training accuracy: 89.98 %
Validation loss: 0.532088
Validation accuracy: 87.66% 

Epoch 27
-------------------------------
Training loss: 0.529058  [16/4031]
Training loss: 0.550891  [1616/4031]
Training loss: 0.600535  [3216/4031]
Training accuracy: 89.43 %
Validation loss: 0.513074
Validation accuracy: 87.77% 

Epoch 28
-------------------------------
Training loss: 0.551558  [16/4031]
Training loss: 1.057889  [1616/4031]
Training loss: 0.382166  [3216/4031]
Training accuracy: 89.43 %
Validation loss: 0.507006
Validation accuracy: 87.72% 

Epoch 29
-------------------------------
Training loss: 0.482652  [16/4031]
Training loss: 0.381327  [1616/4031]
Training loss: 0.408118  [3216/4031]
Training accuracy: 89.08 %
Validation loss: 0.495888
Validation accuracy: 87.55% 

Epoch 30
-------------------------------
Training loss: 0.667800  [16/4031]
Training loss: 0.455791  [1616/4031]
Training loss: 0.471815  [3216/4031]
Training accuracy: 89.85 %
Validation loss: 0.486541
Validation accuracy: 88.10% 

Epoch 31
-------------------------------
Training loss: 0.248625  [16/4031]
Training loss: 0.731057  [1616/4031]
Training loss: 0.361229  [3216/4031]
Training accuracy: 90.57 %
Validation loss: 0.484750
Validation accuracy: 88.21% 

Epoch 32
-------------------------------
Training loss: 0.506574  [16/4031]
Training loss: 0.413476  [1616/4031]
Training loss: 0.437727  [3216/4031]
Training accuracy: 90.00 %
Validation loss: 0.481423
Validation accuracy: 88.16% 

Epoch 33
-------------------------------
Training loss: 0.438196  [16/4031]
Training loss: 0.490992  [1616/4031]
Training loss: 0.437964  [3216/4031]
Training accuracy: 89.56 %
Validation loss: 0.472886
Validation accuracy: 88.10% 

Epoch 34
-------------------------------
Training loss: 0.354118  [16/4031]
Training loss: 0.542246  [1616/4031]
Training loss: 1.172816  [3216/4031]
Training accuracy: 91.12 %
Validation loss: 0.464210
Validation accuracy: 87.99% 

Epoch 35
-------------------------------
Training loss: 0.516944  [16/4031]
Training loss: 0.539318  [1616/4031]
Training loss: 0.421675  [3216/4031]
Training accuracy: 89.70 %
Validation loss: 0.468363
Validation accuracy: 87.88% 

Epoch 36
-------------------------------
Training loss: 0.362430  [16/4031]
Training loss: 0.295592  [1616/4031]
Training loss: 0.328536  [3216/4031]
Training accuracy: 89.83 %
Validation loss: 0.457637
Validation accuracy: 87.99% 

Early stopping
Done!

Elapsed time: 2066.706691265106 seconds

Current time: 11:30:23
                         precision    recall  f1-score   support

             Abyssinian       0.79      0.78      0.78        49
       American Bulldog       0.77      0.92      0.84        50
  American pitbull terr       0.79      0.52      0.63        50
           Basset hound       0.98      0.92      0.95        50
                 Beagle       0.89      0.96      0.92        50
                 Bengal       0.67      0.88      0.76        50
                 Birman       0.76      0.88      0.81        50
                 Bombay       0.81      0.95      0.88        44
                  Boxer       0.83      0.86      0.84        50
      British Shorthair       0.83      0.80      0.82        50
              Chihuahua       0.88      0.90      0.89        50
           Egyptian Mau       0.95      0.80      0.87        49
 English cocker spaniel       0.96      0.94      0.95        50
         English setter       0.96      0.92      0.94        50
     German shorthaired       0.85      1.00      0.92        50
         Great pyrenees       0.94      0.94      0.94        50
               Havanese       0.87      0.96      0.91        50
          Japanese chin       0.98      0.94      0.96        50
               Keeshond       0.98      0.96      0.97        50
             Leonberger       0.98      1.00      0.99        50
             Maine Coon       0.84      0.72      0.77        50
     Miniature pinscher       0.98      0.88      0.93        50
           Newfoundland       1.00      0.98      0.99        50
                Persian       0.83      0.80      0.82        50
             Pomeranian       0.96      0.92      0.94        50
                    Pug       0.98      0.92      0.95        50
                Ragdoll       0.77      0.74      0.76        50
           Russian blue       0.80      0.66      0.73        50
          Saint bernard       0.92      0.96      0.94        50
                Samoyed       0.91      1.00      0.95        50
       Scottish terrier       0.93      1.00      0.96        50
              Shiba inu       0.92      0.96      0.94        50
                Siamese       0.94      0.88      0.91        50
                 Sphynx       0.87      0.90      0.88        50
Staffordshire bull terr       0.61      0.60      0.61        45
        Wheaten terrier       0.98      0.88      0.93        50
      Yorkshire terrier       0.96      0.92      0.94        50

               accuracy                           0.88      1837
              macro avg       0.88      0.88      0.88      1837
           weighted avg       0.88      0.88      0.88      1837

Test accuracy: 0.8802395209580839
