60600
15150
25250
-------------------------------------
Generating 10 images for food apple_pie...

Elapsed time: 159.96987676620483 seconds

-------------------------------------
Generating 10 images for food baby_back_ribs...

Elapsed time: 17.736926317214966 seconds

-------------------------------------
Generating 10 images for food baklava...

Elapsed time: 17.681452989578247 seconds

-------------------------------------
Generating 10 images for food beef_carpaccio...

Elapsed time: 17.998799324035645 seconds

-------------------------------------
Generating 10 images for food beef_tartare...

Elapsed time: 18.443812131881714 seconds

-------------------------------------
Generating 10 images for food beet_salad...

Elapsed time: 18.72617244720459 seconds

-------------------------------------
Generating 10 images for food beignets...

Elapsed time: 18.472785711288452 seconds

-------------------------------------
Generating 10 images for food bibimbap...

Elapsed time: 18.328278064727783 seconds

-------------------------------------
Generating 10 images for food bread_pudding...

Elapsed time: 18.105185508728027 seconds

-------------------------------------
Generating 10 images for food breakfast_burrito...

Elapsed time: 17.687124729156494 seconds

-------------------------------------
Generating 10 images for food bruschetta...

Elapsed time: 18.38000512123108 seconds

-------------------------------------
Generating 10 images for food caesar_salad...

Elapsed time: 18.174185514450073 seconds

-------------------------------------
Generating 10 images for food cannoli...

Elapsed time: 18.410776615142822 seconds

-------------------------------------
Generating 10 images for food caprese_salad...

Elapsed time: 18.036471843719482 seconds

-------------------------------------
Generating 10 images for food carrot_cake...

Elapsed time: 18.86926293373108 seconds

-------------------------------------
Generating 10 images for food ceviche...

Elapsed time: 18.356876134872437 seconds

-------------------------------------
Generating 10 images for food cheesecake...

Elapsed time: 18.39024257659912 seconds

-------------------------------------
Generating 10 images for food cheese_plate...

Elapsed time: 18.14412569999695 seconds

-------------------------------------
Generating 10 images for food chicken_curry...

Elapsed time: 17.888798236846924 seconds

-------------------------------------
Generating 10 images for food chicken_quesadilla...

Elapsed time: 18.5317165851593 seconds

-------------------------------------
Generating 10 images for food chicken_wings...

Elapsed time: 18.504114627838135 seconds

-------------------------------------
Generating 10 images for food chocolate_cake...

Elapsed time: 17.98470449447632 seconds

-------------------------------------
Generating 10 images for food chocolate_mousse...

Elapsed time: 18.107738256454468 seconds

-------------------------------------
Generating 10 images for food churros...

Elapsed time: 18.084057331085205 seconds

-------------------------------------
Generating 10 images for food clam_chowder...

Elapsed time: 17.481619834899902 seconds

-------------------------------------
Generating 10 images for food club_sandwich...

Elapsed time: 18.844528913497925 seconds

-------------------------------------
Generating 10 images for food crab_cakes...

Elapsed time: 17.69419002532959 seconds

-------------------------------------
Generating 10 images for food creme_brulee...

Elapsed time: 17.807509422302246 seconds

-------------------------------------
Generating 10 images for food croque_madame...

Elapsed time: 18.569613933563232 seconds

-------------------------------------
Generating 10 images for food cup_cakes...

Elapsed time: 18.492626667022705 seconds

-------------------------------------
Generating 10 images for food deviled_eggs...

Elapsed time: 17.802292823791504 seconds

-------------------------------------
Generating 10 images for food donuts...

Elapsed time: 17.905035972595215 seconds

-------------------------------------
Generating 10 images for food dumplings...

Elapsed time: 17.695163249969482 seconds

-------------------------------------
Generating 10 images for food edamame...

Elapsed time: 17.972344875335693 seconds

-------------------------------------
Generating 10 images for food eggs_benedict...

Elapsed time: 18.15902543067932 seconds

-------------------------------------
Generating 10 images for food escargots...

Elapsed time: 18.07777166366577 seconds

-------------------------------------
Generating 10 images for food falafel...

Elapsed time: 17.924792289733887 seconds

-------------------------------------
Generating 10 images for food filet_mignon...

Elapsed time: 18.562914609909058 seconds

-------------------------------------
Generating 10 images for food fish_and_chips...

Elapsed time: 18.565406322479248 seconds

-------------------------------------
Generating 10 images for food foie_gras...

Elapsed time: 18.188303232192993 seconds

-------------------------------------
Generating 10 images for food french_fries...

Elapsed time: 18.13010263442993 seconds

-------------------------------------
Generating 10 images for food french_onion_soup...

Elapsed time: 17.924427270889282 seconds

-------------------------------------
Generating 10 images for food french_toast...

Elapsed time: 17.633126258850098 seconds

-------------------------------------
Generating 10 images for food fried_calamari...

Elapsed time: 17.99924659729004 seconds

-------------------------------------
Generating 10 images for food fried_rice...

Elapsed time: 17.980482578277588 seconds

-------------------------------------
Generating 10 images for food frozen_yogurt...

Elapsed time: 17.68597984313965 seconds

-------------------------------------
Generating 10 images for food garlic_bread...

Elapsed time: 18.238106966018677 seconds

-------------------------------------
Generating 10 images for food gnocchi...

Elapsed time: 17.866283416748047 seconds

-------------------------------------
Generating 10 images for food greek_salad...

Elapsed time: 17.41279149055481 seconds

-------------------------------------
Generating 10 images for food grilled_cheese_sandwich...

Elapsed time: 17.39218020439148 seconds

-------------------------------------
Generating 10 images for food grilled_salmon...

Elapsed time: 18.665489673614502 seconds

-------------------------------------
Generating 10 images for food guacamole...

Elapsed time: 17.587989568710327 seconds

-------------------------------------
Generating 10 images for food gyoza...

Elapsed time: 17.973002433776855 seconds

-------------------------------------
Generating 10 images for food hamburger...

Elapsed time: 17.682271718978882 seconds

-------------------------------------
Generating 10 images for food hot_and_sour_soup...

Elapsed time: 17.67714548110962 seconds

-------------------------------------
Generating 10 images for food hot_dog...

Elapsed time: 17.88360834121704 seconds

-------------------------------------
Generating 10 images for food huevos_rancheros...

Elapsed time: 18.149917364120483 seconds

-------------------------------------
Generating 10 images for food hummus...

Elapsed time: 17.762691497802734 seconds

-------------------------------------
Generating 10 images for food ice_cream...

Elapsed time: 17.248042821884155 seconds

-------------------------------------
Generating 10 images for food lasagna...

Elapsed time: 17.700206756591797 seconds

-------------------------------------
Generating 10 images for food lobster_bisque...

Elapsed time: 17.662839651107788 seconds

-------------------------------------
Generating 10 images for food lobster_roll_sandwich...

Elapsed time: 17.548077821731567 seconds

-------------------------------------
Generating 10 images for food macaroni_and_cheese...

Elapsed time: 17.86325454711914 seconds

-------------------------------------
Generating 10 images for food macarons...

Elapsed time: 17.871150016784668 seconds

-------------------------------------
Generating 10 images for food miso_soup...

Elapsed time: 17.838751554489136 seconds

-------------------------------------
Generating 10 images for food mussels...

Elapsed time: 18.05898356437683 seconds

-------------------------------------
Generating 10 images for food nachos...

Elapsed time: 18.034165143966675 seconds

-------------------------------------
Generating 10 images for food omelette...

Elapsed time: 17.872786283493042 seconds

-------------------------------------
Generating 10 images for food onion_rings...

Elapsed time: 17.376021146774292 seconds

-------------------------------------
Generating 10 images for food oysters...

Elapsed time: 17.358540534973145 seconds

-------------------------------------
Generating 10 images for food pad_thai...

Elapsed time: 17.796582460403442 seconds

-------------------------------------
Generating 10 images for food paella...

Elapsed time: 18.35760807991028 seconds

-------------------------------------
Generating 10 images for food pancakes...

Elapsed time: 17.995234489440918 seconds

-------------------------------------
Generating 10 images for food panna_cotta...

Elapsed time: 18.613054513931274 seconds

-------------------------------------
Generating 10 images for food peking_duck...

Elapsed time: 18.54296350479126 seconds

-------------------------------------
Generating 10 images for food pho...

Elapsed time: 18.020185232162476 seconds

-------------------------------------
Generating 10 images for food pizza...

Elapsed time: 17.414169311523438 seconds

-------------------------------------
Generating 10 images for food pork_chop...

Elapsed time: 17.97264552116394 seconds

-------------------------------------
Generating 10 images for food poutine...

Elapsed time: 18.343878746032715 seconds

-------------------------------------
Generating 10 images for food prime_rib...

Elapsed time: 18.0699303150177 seconds

-------------------------------------
Generating 10 images for food pulled_pork_sandwich...

Elapsed time: 17.921552419662476 seconds

-------------------------------------
Generating 10 images for food ramen...

Elapsed time: 17.77089834213257 seconds

-------------------------------------
Generating 10 images for food ravioli...

Elapsed time: 18.905073404312134 seconds

-------------------------------------
Generating 10 images for food red_velvet_cake...

Elapsed time: 18.28368043899536 seconds

-------------------------------------
Generating 10 images for food risotto...

Elapsed time: 17.804887294769287 seconds

-------------------------------------
Generating 10 images for food samosa...

Elapsed time: 18.001333713531494 seconds

-------------------------------------
Generating 10 images for food sashimi...

Elapsed time: 17.954545259475708 seconds

-------------------------------------
Generating 10 images for food scallops...

Elapsed time: 17.737778186798096 seconds

-------------------------------------
Generating 10 images for food seaweed_salad...

Elapsed time: 17.775601148605347 seconds

-------------------------------------
Generating 10 images for food shrimp_and_grits...

Elapsed time: 17.86780858039856 seconds

-------------------------------------
Generating 10 images for food spaghetti_bolognese...

Elapsed time: 17.743499040603638 seconds

-------------------------------------
Generating 10 images for food spaghetti_carbonara...

Elapsed time: 18.19370985031128 seconds

-------------------------------------
Generating 10 images for food spring_rolls...

Elapsed time: 18.286553859710693 seconds

-------------------------------------
Generating 10 images for food steak...

Elapsed time: 18.27770161628723 seconds

-------------------------------------
Generating 10 images for food strawberry_shortcake...

Elapsed time: 17.802749633789062 seconds

-------------------------------------
Generating 10 images for food sushi...

Elapsed time: 17.42727756500244 seconds

-------------------------------------
Generating 10 images for food tacos...

Elapsed time: 17.790220022201538 seconds

-------------------------------------
Generating 10 images for food takoyaki...

Elapsed time: 18.046486139297485 seconds

-------------------------------------
Generating 10 images for food tiramisu...

Elapsed time: 17.786781787872314 seconds

-------------------------------------
Generating 10 images for food tuna_tartare...

Elapsed time: 17.764178037643433 seconds

-------------------------------------
Generating 10 images for food waffles...

Elapsed time: 17.932321071624756 seconds

Not using data augmentation
Using cuda device
Epoch 1
-------------------------------
Training loss: 4.810338  [16/61585]
Training loss: 4.576386  [1616/61585]
Training loss: 4.590111  [3216/61585]
Training loss: 4.910131  [4816/61585]
Training loss: 4.617927  [6416/61585]
Training loss: 4.668380  [8016/61585]
Training loss: 4.509352  [9616/61585]
Training loss: 4.697378  [11216/61585]
Training loss: 4.344869  [12816/61585]
Training loss: 4.497054  [14416/61585]
Training loss: 4.508492  [16016/61585]
Training loss: 4.329931  [17616/61585]
Training loss: 4.371754  [19216/61585]
Training loss: 4.525342  [20816/61585]
Training loss: 4.324533  [22416/61585]
Training loss: 4.320900  [24016/61585]
Training loss: 4.316874  [25616/61585]
Training loss: 4.188584  [27216/61585]
Training loss: 4.537905  [28816/61585]
Training loss: 4.295888  [30416/61585]
Training loss: 4.143056  [32016/61585]
Training loss: 4.156376  [33616/61585]
Training loss: 4.408036  [35216/61585]
Training loss: 3.953645  [36816/61585]
Training loss: 4.262761  [38416/61585]
Training loss: 4.159699  [40016/61585]
Training loss: 3.886480  [41616/61585]
Training loss: 4.281600  [43216/61585]
Training loss: 4.457005  [44816/61585]
Training loss: 4.096467  [46416/61585]
Training loss: 4.001885  [48016/61585]
Training loss: 4.132197  [49616/61585]
Training loss: 3.769587  [51216/61585]
Training loss: 4.133637  [52816/61585]
Training loss: 4.121664  [54416/61585]
Training loss: 4.136754  [56016/61585]
Training loss: 3.967920  [57616/61585]
Training loss: 4.170721  [59216/61585]
Training loss: 3.885112  [60816/61585]
Training accuracy: 20.08 %
Validation loss: 3.883791
Validation accuracy: 19.75% 

Epoch 2
-------------------------------
Training loss: 4.340460  [16/61585]
Training loss: 4.182329  [1616/61585]
Training loss: 4.023407  [3216/61585]
Training loss: 4.121173  [4816/61585]
Training loss: 3.720989  [6416/61585]
Training loss: 3.363760  [8016/61585]
Training loss: 3.794577  [9616/61585]
Training loss: 3.535550  [11216/61585]
Training loss: 3.700195  [12816/61585]
Training loss: 3.633435  [14416/61585]
Training loss: 3.545797  [16016/61585]
Training loss: 3.639959  [17616/61585]
Training loss: 3.566867  [19216/61585]
Training loss: 4.018485  [20816/61585]
Training loss: 3.580706  [22416/61585]
Training loss: 3.851710  [24016/61585]
Training loss: 3.476571  [25616/61585]
Training loss: 3.323390  [27216/61585]
Training loss: 3.898275  [28816/61585]
Training loss: 3.243489  [30416/61585]
Training loss: 3.439627  [32016/61585]
Training loss: 3.494355  [33616/61585]
Training loss: 3.491061  [35216/61585]
Training loss: 3.525814  [36816/61585]
Training loss: 3.598312  [38416/61585]
Training loss: 3.586322  [40016/61585]
Training loss: 3.675680  [41616/61585]
Training loss: 3.343713  [43216/61585]
Training loss: 3.720298  [44816/61585]
Training loss: 3.479303  [46416/61585]
Training loss: 3.445383  [48016/61585]
Training loss: 3.786085  [49616/61585]
Training loss: 4.036370  [51216/61585]
Training loss: 3.595099  [52816/61585]
Training loss: 3.265495  [54416/61585]
Training loss: 3.315035  [56016/61585]
Training loss: 3.467684  [57616/61585]
Training loss: 3.397434  [59216/61585]
Training loss: 3.269358  [60816/61585]
Training accuracy: 31.14 %
Validation loss: 3.379443
Validation accuracy: 30.17% 

Epoch 3
-------------------------------
Training loss: 3.681146  [16/61585]
Training loss: 3.306930  [1616/61585]
Training loss: 3.897204  [3216/61585]
Training loss: 3.351924  [4816/61585]
Training loss: 3.150155  [6416/61585]
Training loss: 3.679253  [8016/61585]
Training loss: 3.449553  [9616/61585]
Training loss: 3.449155  [11216/61585]
Training loss: 3.296566  [12816/61585]
Training loss: 3.236419  [14416/61585]
Training loss: 3.908659  [16016/61585]
Training loss: 2.967266  [17616/61585]
Training loss: 3.039825  [19216/61585]
Training loss: 3.456224  [20816/61585]
Training loss: 3.212243  [22416/61585]
Training loss: 2.932374  [24016/61585]
Training loss: 3.164178  [25616/61585]
Training loss: 3.309606  [27216/61585]
Training loss: 3.396146  [28816/61585]
Training loss: 3.137881  [30416/61585]
Training loss: 3.240902  [32016/61585]
Training loss: 3.756315  [33616/61585]
Training loss: 3.238737  [35216/61585]
Training loss: 3.300508  [36816/61585]
Training loss: 3.382189  [38416/61585]
Training loss: 3.126659  [40016/61585]
Training loss: 2.565975  [41616/61585]
Training loss: 3.155760  [43216/61585]
Training loss: 2.366911  [44816/61585]
Training loss: 3.057402  [46416/61585]
Training loss: 2.973902  [48016/61585]
Training loss: 2.780454  [49616/61585]
Training loss: 3.032645  [51216/61585]
Training loss: 2.675591  [52816/61585]
Training loss: 3.028655  [54416/61585]
Training loss: 2.976614  [56016/61585]
Training loss: 3.179983  [57616/61585]
Training loss: 3.285122  [59216/61585]
Training loss: 2.994327  [60816/61585]
Training accuracy: 37.32 %
Validation loss: 3.060774
Validation accuracy: 35.70% 

Epoch 4
-------------------------------
Training loss: 2.743875  [16/61585]
Training loss: 3.441722  [1616/61585]
Training loss: 3.010838  [3216/61585]
Training loss: 3.226800  [4816/61585]
Training loss: 3.415420  [6416/61585]
Training loss: 3.050402  [8016/61585]
Training loss: 3.417926  [9616/61585]
Training loss: 3.515362  [11216/61585]
Training loss: 2.985652  [12816/61585]
Training loss: 2.854538  [14416/61585]
Training loss: 2.814616  [16016/61585]
Training loss: 3.122124  [17616/61585]
Training loss: 3.279275  [19216/61585]
Training loss: 3.626223  [20816/61585]
Training loss: 2.954606  [22416/61585]
Training loss: 2.931225  [24016/61585]
Training loss: 2.577808  [25616/61585]
Training loss: 3.248483  [27216/61585]
Training loss: 3.230996  [28816/61585]
Training loss: 2.386142  [30416/61585]
Training loss: 2.866192  [32016/61585]
Training loss: 3.477360  [33616/61585]
Training loss: 2.495092  [35216/61585]
Training loss: 2.597207  [36816/61585]
Training loss: 3.280821  [38416/61585]
Training loss: 3.292066  [40016/61585]
Training loss: 3.159593  [41616/61585]
Training loss: 3.140146  [43216/61585]
Training loss: 3.696796  [44816/61585]
Training loss: 2.999002  [46416/61585]
Training loss: 2.962310  [48016/61585]
Training loss: 3.039158  [49616/61585]
Training loss: 3.074477  [51216/61585]
Training loss: 3.038402  [52816/61585]
Training loss: 3.117922  [54416/61585]
Training loss: 2.947535  [56016/61585]
Training loss: 2.966839  [57616/61585]
Training loss: 3.117613  [59216/61585]
Training loss: 2.126436  [60816/61585]
Training accuracy: 39.65 %
Validation loss: 2.797352
Validation accuracy: 39.13% 

Epoch 5
-------------------------------
Training loss: 3.066182  [16/61585]
Training loss: 3.122488  [1616/61585]
Training loss: 2.801939  [3216/61585]
Training loss: 2.870196  [4816/61585]
Training loss: 2.685037  [6416/61585]
Training loss: 2.268749  [8016/61585]
Training loss: 2.809936  [9616/61585]
Training loss: 3.187070  [11216/61585]
Training loss: 2.841428  [12816/61585]
Training loss: 2.791513  [14416/61585]
Training loss: 2.475284  [16016/61585]
Training loss: 2.662315  [17616/61585]
Training loss: 2.520039  [19216/61585]
Training loss: 2.482472  [20816/61585]
Training loss: 2.925076  [22416/61585]
Training loss: 2.777862  [24016/61585]
Training loss: 2.954982  [25616/61585]
Training loss: 2.171170  [27216/61585]
Training loss: 2.756143  [28816/61585]
Training loss: 2.629003  [30416/61585]
Training loss: 3.167544  [32016/61585]
Training loss: 2.642962  [33616/61585]
Training loss: 2.713110  [35216/61585]
Training loss: 2.703809  [36816/61585]
Training loss: 2.778646  [38416/61585]
Training loss: 2.627989  [40016/61585]
Training loss: 2.437965  [41616/61585]
Training loss: 3.133905  [43216/61585]
Training loss: 2.619620  [44816/61585]
Training loss: 2.761054  [46416/61585]
Training loss: 2.850946  [48016/61585]
Training loss: 2.870054  [49616/61585]
Training loss: 2.055305  [51216/61585]
Training loss: 2.862781  [52816/61585]
Training loss: 2.639778  [54416/61585]
Training loss: 2.682873  [56016/61585]
Training loss: 2.740839  [57616/61585]
Training loss: 2.765945  [59216/61585]
Training loss: 2.947994  [60816/61585]
Training accuracy: 41.94 %
Validation loss: 2.683505
Validation accuracy: 41.35% 

Epoch 6
-------------------------------
Training loss: 2.559139  [16/61585]
Training loss: 2.383116  [1616/61585]
Training loss: 3.333014  [3216/61585]
Training loss: 2.909731  [4816/61585]
Training loss: 2.545459  [6416/61585]
Training loss: 2.789015  [8016/61585]
Training loss: 2.458578  [9616/61585]
Training loss: 2.849518  [11216/61585]
Training loss: 2.347444  [12816/61585]
Training loss: 2.807426  [14416/61585]
Training loss: 3.482663  [16016/61585]
Training loss: 2.391899  [17616/61585]
Training loss: 3.027442  [19216/61585]
Training loss: 2.766395  [20816/61585]
Training loss: 3.012874  [22416/61585]
Training loss: 2.960710  [24016/61585]
Training loss: 2.068819  [25616/61585]
Training loss: 2.555842  [27216/61585]
Training loss: 2.291346  [28816/61585]
Training loss: 2.510638  [30416/61585]
Training loss: 1.857555  [32016/61585]
Training loss: 3.010499  [33616/61585]
Training loss: 2.763171  [35216/61585]
Training loss: 2.372715  [36816/61585]
Training loss: 2.076233  [38416/61585]
Training loss: 2.530266  [40016/61585]
Training loss: 2.754254  [41616/61585]
Training loss: 2.589836  [43216/61585]
Training loss: 2.489818  [44816/61585]
Training loss: 2.603052  [46416/61585]
Training loss: 2.352109  [48016/61585]
Training loss: 3.101846  [49616/61585]
Training loss: 2.553393  [51216/61585]
Training loss: 2.503010  [52816/61585]
Training loss: 2.311955  [54416/61585]
Training loss: 2.293834  [56016/61585]
Training loss: 2.832608  [57616/61585]
Training loss: 2.597934  [59216/61585]
Training loss: 3.118961  [60816/61585]
Training accuracy: 43.56 %
Validation loss: 2.547082
Validation accuracy: 42.57% 

Epoch 7
-------------------------------
Training loss: 2.756193  [16/61585]
Training loss: 2.556915  [1616/61585]
Training loss: 2.517121  [3216/61585]
Training loss: 2.976804  [4816/61585]
Training loss: 2.265657  [6416/61585]
Training loss: 2.033479  [8016/61585]
Training loss: 2.525199  [9616/61585]
Training loss: 2.724099  [11216/61585]
Training loss: 2.888261  [12816/61585]
Training loss: 2.432710  [14416/61585]
Training loss: 2.670132  [16016/61585]
Training loss: 2.352316  [17616/61585]
Training loss: 2.662318  [19216/61585]
Training loss: 2.762939  [20816/61585]
Training loss: 2.992410  [22416/61585]
Training loss: 1.995474  [24016/61585]
Training loss: 2.432759  [25616/61585]
Training loss: 2.224204  [27216/61585]
Training loss: 2.220488  [28816/61585]
Training loss: 2.714271  [30416/61585]
Training loss: 2.778043  [32016/61585]
Training loss: 2.650587  [33616/61585]
Training loss: 2.426619  [35216/61585]
Training loss: 2.639075  [36816/61585]
Training loss: 2.306844  [38416/61585]
Training loss: 2.352701  [40016/61585]
Training loss: 2.795924  [41616/61585]
Training loss: 2.492250  [43216/61585]
Training loss: 3.217132  [44816/61585]
Training loss: 2.681741  [46416/61585]
Training loss: 2.798404  [48016/61585]
Training loss: 2.847998  [49616/61585]
Training loss: 2.242530  [51216/61585]
Training loss: 2.603038  [52816/61585]
Training loss: 2.830862  [54416/61585]
Training loss: 2.518555  [56016/61585]
Training loss: 2.936003  [57616/61585]
Training loss: 2.446337  [59216/61585]
Training loss: 3.099532  [60816/61585]
Training accuracy: 44.54 %
Validation loss: 2.440430
Validation accuracy: 44.02% 

Epoch 8
-------------------------------
Training loss: 2.930672  [16/61585]
Training loss: 2.920665  [1616/61585]
Training loss: 1.738045  [3216/61585]
Training loss: 2.471314  [4816/61585]
Training loss: 2.192482  [6416/61585]
Training loss: 2.686799  [8016/61585]
Training loss: 2.290520  [9616/61585]
Training loss: 2.540096  [11216/61585]
Training loss: 1.782222  [12816/61585]
Training loss: 2.613564  [14416/61585]
Training loss: 2.367672  [16016/61585]
Training loss: 2.144684  [17616/61585]
Training loss: 2.307120  [19216/61585]
Training loss: 2.862235  [20816/61585]
Training loss: 2.299802  [22416/61585]
Training loss: 1.885273  [24016/61585]
Training loss: 3.258723  [25616/61585]
Training loss: 2.234361  [27216/61585]
Training loss: 1.765960  [28816/61585]
Training loss: 2.767253  [30416/61585]
Training loss: 2.308416  [32016/61585]
Training loss: 2.161484  [33616/61585]
Training loss: 2.352400  [35216/61585]
Training loss: 2.876409  [36816/61585]
Training loss: 2.377275  [38416/61585]
Training loss: 2.263143  [40016/61585]
Training loss: 2.128824  [41616/61585]
Training loss: 2.716563  [43216/61585]
Training loss: 2.245028  [44816/61585]
Training loss: 2.599596  [46416/61585]
Training loss: 2.892403  [48016/61585]
Training loss: 2.472634  [49616/61585]
Training loss: 2.312095  [51216/61585]
Training loss: 2.225910  [52816/61585]
Training loss: 2.358965  [54416/61585]
Training loss: 2.303156  [56016/61585]
Training loss: 2.860342  [57616/61585]
Training loss: 2.385144  [59216/61585]
Training loss: 2.107148  [60816/61585]
Training accuracy: 45.46 %
Validation loss: 2.391653
Validation accuracy: 44.52% 

Epoch 9
-------------------------------
Training loss: 2.728894  [16/61585]
Training loss: 2.612798  [1616/61585]
Training loss: 1.873530  [3216/61585]
Training loss: 2.443212  [4816/61585]
Training loss: 2.439228  [6416/61585]
Training loss: 2.604948  [8016/61585]
Training loss: 2.702023  [9616/61585]
Training loss: 2.308809  [11216/61585]
Training loss: 2.162323  [12816/61585]
Training loss: 2.657886  [14416/61585]
Training loss: 2.245513  [16016/61585]
Training loss: 2.675001  [17616/61585]
Training loss: 2.515159  [19216/61585]
Training loss: 2.485461  [20816/61585]
Training loss: 3.063617  [22416/61585]
Training loss: 2.223297  [24016/61585]
Training loss: 2.356925  [25616/61585]
Training loss: 2.251460  [27216/61585]
Training loss: 2.711266  [28816/61585]
Training loss: 2.624249  [30416/61585]
Training loss: 2.359807  [32016/61585]
Training loss: 2.481071  [33616/61585]
Training loss: 1.901364  [35216/61585]
Training loss: 2.332482  [36816/61585]
Training loss: 2.674728  [38416/61585]
Training loss: 2.085285  [40016/61585]
Training loss: 2.424701  [41616/61585]
Training loss: 2.139061  [43216/61585]
Training loss: 2.070896  [44816/61585]
Training loss: 2.384209  [46416/61585]
Training loss: 2.397143  [48016/61585]
Training loss: 2.130779  [49616/61585]
Training loss: 2.684110  [51216/61585]
Training loss: 2.770086  [52816/61585]
Training loss: 2.147114  [54416/61585]
Training loss: 2.296300  [56016/61585]
Training loss: 2.715590  [57616/61585]
Training loss: 3.227535  [59216/61585]
Training loss: 2.479328  [60816/61585]
Training accuracy: 46.36 %
Validation loss: 2.325708
Validation accuracy: 45.44% 

Epoch 10
-------------------------------
Training loss: 2.402561  [16/61585]
Training loss: 1.949457  [1616/61585]
Training loss: 2.496427  [3216/61585]
Training loss: 1.663740  [4816/61585]
Training loss: 2.057423  [6416/61585]
Training loss: 2.243980  [8016/61585]
Training loss: 2.306334  [9616/61585]
Training loss: 2.202101  [11216/61585]
Training loss: 2.562591  [12816/61585]
Training loss: 1.801915  [14416/61585]
Training loss: 2.603361  [16016/61585]
Training loss: 2.274116  [17616/61585]
Training loss: 2.101645  [19216/61585]
Training loss: 3.080194  [20816/61585]
Training loss: 2.306442  [22416/61585]
Training loss: 2.452349  [24016/61585]
Training loss: 2.794020  [25616/61585]
Training loss: 2.525494  [27216/61585]
Training loss: 2.916499  [28816/61585]
Training loss: 2.060302  [30416/61585]
Training loss: 2.321190  [32016/61585]
Training loss: 1.734657  [33616/61585]
Training loss: 2.607376  [35216/61585]
Training loss: 2.825108  [36816/61585]
Training loss: 2.243038  [38416/61585]
Training loss: 2.441958  [40016/61585]
Training loss: 1.893867  [41616/61585]
Training loss: 1.866283  [43216/61585]
Training loss: 2.323217  [44816/61585]
Training loss: 2.930854  [46416/61585]
Training loss: 1.847640  [48016/61585]
Training loss: 2.162662  [49616/61585]
Training loss: 2.502554  [51216/61585]
Training loss: 2.110315  [52816/61585]
Training loss: 2.131910  [54416/61585]
Training loss: 2.420792  [56016/61585]
Training loss: 2.778443  [57616/61585]
Training loss: 1.949256  [59216/61585]
Training loss: 1.990399  [60816/61585]
Training accuracy: 46.84 %
Validation loss: 2.309243
Validation accuracy: 45.49% 

Epoch 11
-------------------------------
Training loss: 2.297964  [16/61585]
Training loss: 2.102930  [1616/61585]
Training loss: 2.367204  [3216/61585]
Training loss: 2.149195  [4816/61585]
Training loss: 2.849401  [6416/61585]
Training loss: 2.263479  [8016/61585]
Training loss: 2.128211  [9616/61585]
Training loss: 2.337114  [11216/61585]
Training loss: 2.085523  [12816/61585]
Training loss: 2.099500  [14416/61585]
Training loss: 2.356750  [16016/61585]
Training loss: 2.738680  [17616/61585]
Training loss: 1.717102  [19216/61585]
Training loss: 2.149271  [20816/61585]
Training loss: 2.386473  [22416/61585]
Training loss: 2.499844  [24016/61585]
Training loss: 2.427538  [25616/61585]
Training loss: 1.822802  [27216/61585]
Training loss: 1.663882  [28816/61585]
Training loss: 2.248571  [30416/61585]
Training loss: 2.320021  [32016/61585]
Training loss: 2.220258  [33616/61585]
Training loss: 2.678869  [35216/61585]
Training loss: 2.202377  [36816/61585]
Training loss: 2.196113  [38416/61585]
Training loss: 2.375427  [40016/61585]
Training loss: 2.520155  [41616/61585]
Training loss: 1.712033  [43216/61585]
Training loss: 2.639834  [44816/61585]
Training loss: 2.197426  [46416/61585]
Training loss: 2.167488  [48016/61585]
Training loss: 1.603920  [49616/61585]
Training loss: 1.785152  [51216/61585]
Training loss: 2.434858  [52816/61585]
Training loss: 2.003520  [54416/61585]
Training loss: 2.496576  [56016/61585]
Training loss: 1.599027  [57616/61585]
Training loss: 2.117928  [59216/61585]
Training loss: 2.369327  [60816/61585]
Training accuracy: 47.56 %
Validation loss: 2.253332
Validation accuracy: 46.69% 

Epoch 12
-------------------------------
Training loss: 2.098169  [16/61585]
Training loss: 2.195959  [1616/61585]
Training loss: 2.155637  [3216/61585]
Training loss: 2.142234  [4816/61585]
Training loss: 1.699272  [6416/61585]
Training loss: 2.385458  [8016/61585]
Training loss: 2.525612  [9616/61585]
Training loss: 2.170368  [11216/61585]
Training loss: 2.210839  [12816/61585]
Training loss: 1.188002  [14416/61585]
Training loss: 2.444602  [16016/61585]
Training loss: 2.502618  [17616/61585]
Training loss: 1.888492  [19216/61585]
Training loss: 3.306896  [20816/61585]
Training loss: 2.442760  [22416/61585]
Training loss: 2.380405  [24016/61585]
Training loss: 2.670268  [25616/61585]
Training loss: 2.812344  [27216/61585]
Training loss: 2.675533  [28816/61585]
Training loss: 2.585195  [30416/61585]
Training loss: 1.926176  [32016/61585]
Training loss: 2.186247  [33616/61585]
Training loss: 2.420401  [35216/61585]
Training loss: 2.504859  [36816/61585]
Training loss: 2.738459  [38416/61585]
Training loss: 2.299456  [40016/61585]
Training loss: 2.626709  [41616/61585]
Training loss: 2.288930  [43216/61585]
Training loss: 2.043790  [44816/61585]
Training loss: 2.294960  [46416/61585]
Training loss: 2.023513  [48016/61585]
Training loss: 2.359414  [49616/61585]
Training loss: 2.041059  [51216/61585]
Training loss: 2.086629  [52816/61585]
Training loss: 2.236664  [54416/61585]
Training loss: 1.891057  [56016/61585]
Training loss: 1.975565  [57616/61585]
Training loss: 2.204332  [59216/61585]
Training loss: 2.386387  [60816/61585]
Training accuracy: 47.98 %
Validation loss: 2.229064
Validation accuracy: 47.07% 

Epoch 13
-------------------------------
Training loss: 2.076366  [16/61585]
Training loss: 2.425552  [1616/61585]
Training loss: 2.326426  [3216/61585]
Training loss: 2.827212  [4816/61585]
Training loss: 2.208464  [6416/61585]
Training loss: 2.231781  [8016/61585]
Training loss: 1.876394  [9616/61585]
Training loss: 2.166218  [11216/61585]
Training loss: 2.392294  [12816/61585]
Training loss: 2.236528  [14416/61585]
Training loss: 2.357419  [16016/61585]
Training loss: 2.281585  [17616/61585]
Training loss: 2.812868  [19216/61585]
Training loss: 2.372540  [20816/61585]
Training loss: 2.357969  [22416/61585]
Training loss: 2.180424  [24016/61585]
Training loss: 2.129194  [25616/61585]
Training loss: 2.375257  [27216/61585]
Training loss: 2.645775  [28816/61585]
Training loss: 2.062041  [30416/61585]
Training loss: 3.061127  [32016/61585]
Training loss: 2.367133  [33616/61585]
Training loss: 2.092050  [35216/61585]
Training loss: 2.604151  [36816/61585]
Training loss: 2.302247  [38416/61585]
Training loss: 1.912714  [40016/61585]
Training loss: 1.898478  [41616/61585]
Training loss: 2.203316  [43216/61585]
Training loss: 2.002511  [44816/61585]
Training loss: 1.872885  [46416/61585]
Training loss: 2.497404  [48016/61585]
Training loss: 2.075089  [49616/61585]
Training loss: 3.054640  [51216/61585]
Training loss: 2.275872  [52816/61585]
Training loss: 2.949028  [54416/61585]
Training loss: 1.717416  [56016/61585]
Training loss: 2.372390  [57616/61585]
Training loss: 2.144309  [59216/61585]
Training loss: 1.751005  [60816/61585]
Training accuracy: 48.29 %
Validation loss: 2.188708
Validation accuracy: 47.67% 

Epoch 14
-------------------------------
Training loss: 1.981214  [16/61585]
Training loss: 2.103849  [1616/61585]
Training loss: 2.002447  [3216/61585]
Training loss: 2.362544  [4816/61585]
Training loss: 2.104014  [6416/61585]
Training loss: 2.842460  [8016/61585]
Training loss: 1.894375  [9616/61585]
Training loss: 2.042923  [11216/61585]
Training loss: 2.479824  [12816/61585]
Training loss: 2.531298  [14416/61585]
Training loss: 2.319760  [16016/61585]
Training loss: 2.907792  [17616/61585]
Training loss: 2.315443  [19216/61585]
Training loss: 2.509271  [20816/61585]
Training loss: 2.107508  [22416/61585]
Training loss: 2.216948  [24016/61585]
Training loss: 2.424781  [25616/61585]
Training loss: 2.084428  [27216/61585]
Training loss: 2.366499  [28816/61585]
Training loss: 2.213880  [30416/61585]
Training loss: 2.067486  [32016/61585]
Training loss: 2.163801  [33616/61585]
Training loss: 2.484949  [35216/61585]
Training loss: 1.893358  [36816/61585]
Training loss: 2.424537  [38416/61585]
Training loss: 2.255194  [40016/61585]
Training loss: 2.579745  [41616/61585]
Training loss: 2.524240  [43216/61585]
Training loss: 2.055458  [44816/61585]
Training loss: 1.965748  [46416/61585]
Training loss: 2.067248  [48016/61585]
Training loss: 2.226714  [49616/61585]
Training loss: 2.395111  [51216/61585]
Training loss: 2.070569  [52816/61585]
Training loss: 2.415140  [54416/61585]
Training loss: 2.188843  [56016/61585]
Training loss: 2.084988  [57616/61585]
Training loss: 2.133695  [59216/61585]
Training loss: 2.526033  [60816/61585]
Training accuracy: 48.87 %
Validation loss: 2.189052
Validation accuracy: 47.56% 

Epoch 15
-------------------------------
Training loss: 2.637516  [16/61585]
Training loss: 2.451628  [1616/61585]
Training loss: 2.906083  [3216/61585]
Training loss: 1.497787  [4816/61585]
Training loss: 1.930936  [6416/61585]
Training loss: 2.173750  [8016/61585]
Training loss: 2.145054  [9616/61585]
Training loss: 2.014342  [11216/61585]
Training loss: 2.568998  [12816/61585]
Training loss: 2.120438  [14416/61585]
Training loss: 1.926143  [16016/61585]
Training loss: 1.916866  [17616/61585]
Training loss: 1.729946  [19216/61585]
Training loss: 1.770408  [20816/61585]
Training loss: 1.567487  [22416/61585]
Training loss: 2.420941  [24016/61585]
Training loss: 2.357404  [25616/61585]
Training loss: 2.448709  [27216/61585]
Training loss: 2.189979  [28816/61585]
Training loss: 2.303076  [30416/61585]
Training loss: 2.993850  [32016/61585]
Training loss: 2.304034  [33616/61585]
Training loss: 2.269024  [35216/61585]
Training loss: 2.719716  [36816/61585]
Training loss: 1.933057  [38416/61585]
Training loss: 2.766619  [40016/61585]
Training loss: 2.730866  [41616/61585]
Training loss: 2.423054  [43216/61585]
Training loss: 1.395779  [44816/61585]
Training loss: 1.980980  [46416/61585]
Training loss: 1.928049  [48016/61585]
Training loss: 2.433457  [49616/61585]
Training loss: 1.903279  [51216/61585]
Training loss: 2.298467  [52816/61585]
Training loss: 2.057506  [54416/61585]
Training loss: 3.183581  [56016/61585]
Training loss: 1.315602  [57616/61585]
Training loss: 1.949187  [59216/61585]
Training loss: 1.843472  [60816/61585]
Training accuracy: 48.96 %
Validation loss: 2.166827
Validation accuracy: 47.91% 

Epoch 16
-------------------------------
Training loss: 1.606381  [16/61585]
Training loss: 2.311199  [1616/61585]
Training loss: 2.539831  [3216/61585]
Training loss: 1.979333  [4816/61585]
Training loss: 1.980735  [6416/61585]
Training loss: 2.249626  [8016/61585]
Training loss: 1.500588  [9616/61585]
Training loss: 2.728729  [11216/61585]
Training loss: 2.705158  [12816/61585]
Training loss: 2.693694  [14416/61585]
Training loss: 2.263625  [16016/61585]
Training loss: 2.844498  [17616/61585]
Training loss: 1.734146  [19216/61585]
Training loss: 1.851025  [20816/61585]
Training loss: 2.135222  [22416/61585]
Training loss: 2.456858  [24016/61585]
Training loss: 2.551011  [25616/61585]
Training loss: 2.209028  [27216/61585]
Training loss: 2.528575  [28816/61585]
Training loss: 1.949251  [30416/61585]
Training loss: 1.639031  [32016/61585]
Training loss: 2.486929  [33616/61585]
Training loss: 1.771019  [35216/61585]
Training loss: 2.301663  [36816/61585]
Training loss: 2.702089  [38416/61585]
Training loss: 2.017052  [40016/61585]
Training loss: 2.815145  [41616/61585]
Training loss: 1.195441  [43216/61585]
Training loss: 1.881200  [44816/61585]
Training loss: 2.205194  [46416/61585]
Training loss: 2.007612  [48016/61585]
Training loss: 2.426608  [49616/61585]
Training loss: 2.965080  [51216/61585]
Training loss: 2.068301  [52816/61585]
Training loss: 1.954235  [54416/61585]
Training loss: 1.681789  [56016/61585]
Training loss: 2.650621  [57616/61585]
Training loss: 2.736365  [59216/61585]
Training loss: 2.131474  [60816/61585]
Training accuracy: 49.28 %
Validation loss: 2.166736
Validation accuracy: 47.66% 

Epoch 17
-------------------------------
Training loss: 2.577091  [16/61585]
Training loss: 1.985361  [1616/61585]
Training loss: 1.355039  [3216/61585]
Training loss: 1.639069  [4816/61585]
Training loss: 2.673560  [6416/61585]
Training loss: 1.176322  [8016/61585]
Training loss: 2.618549  [9616/61585]
Training loss: 2.000907  [11216/61585]
Training loss: 1.857652  [12816/61585]
Training loss: 1.739788  [14416/61585]
Training loss: 1.529769  [16016/61585]
Training loss: 2.190756  [17616/61585]
Training loss: 1.821151  [19216/61585]
Training loss: 1.698396  [20816/61585]
Training loss: 1.924812  [22416/61585]
Training loss: 2.126258  [24016/61585]
Training loss: 2.300662  [25616/61585]
Training loss: 1.854836  [27216/61585]
Training loss: 2.384195  [28816/61585]
Training loss: 2.373801  [30416/61585]
Training loss: 1.974634  [32016/61585]
Training loss: 2.196429  [33616/61585]
Training loss: 1.462034  [35216/61585]
Training loss: 1.968125  [36816/61585]
Training loss: 1.866921  [38416/61585]
Training loss: 2.148927  [40016/61585]
Training loss: 1.979577  [41616/61585]
Training loss: 1.823966  [43216/61585]
Training loss: 2.672595  [44816/61585]
Training loss: 1.826659  [46416/61585]
Training loss: 2.151380  [48016/61585]
Training loss: 1.836956  [49616/61585]
Training loss: 2.268041  [51216/61585]
Training loss: 1.782868  [52816/61585]
Training loss: 2.406386  [54416/61585]
Training loss: 2.426027  [56016/61585]
Training loss: 2.522822  [57616/61585]
Training loss: 2.398419  [59216/61585]
Training loss: 2.429832  [60816/61585]
Training accuracy: 49.83 %
Validation loss: 2.149215
Validation accuracy: 47.94% 

Epoch 18
-------------------------------
Training loss: 1.513626  [16/61585]
Training loss: 2.399441  [1616/61585]
Training loss: 2.002869  [3216/61585]
Training loss: 2.702870  [4816/61585]
Training loss: 2.321696  [6416/61585]
Training loss: 1.516568  [8016/61585]
Training loss: 2.799742  [9616/61585]
Training loss: 1.680770  [11216/61585]
Training loss: 2.491804  [12816/61585]
Training loss: 2.447124  [14416/61585]
Training loss: 1.792367  [16016/61585]
Training loss: 2.405956  [17616/61585]
Training loss: 1.915781  [19216/61585]
Training loss: 2.446843  [20816/61585]
Training loss: 2.640026  [22416/61585]
Training loss: 2.030853  [24016/61585]
Training loss: 2.347532  [25616/61585]
Training loss: 2.426355  [27216/61585]
Training loss: 2.674878  [28816/61585]
Training loss: 2.945652  [30416/61585]
Training loss: 1.696479  [32016/61585]
Training loss: 1.871439  [33616/61585]
Training loss: 2.568787  [35216/61585]
Training loss: 2.498336  [36816/61585]
Training loss: 2.373148  [38416/61585]
Training loss: 2.661453  [40016/61585]
Training loss: 1.830047  [41616/61585]
Training loss: 2.027557  [43216/61585]
Training loss: 1.524840  [44816/61585]
Training loss: 1.576020  [46416/61585]
Training loss: 1.703281  [48016/61585]
Training loss: 2.711250  [49616/61585]
Training loss: 1.992695  [51216/61585]
Training loss: 2.717053  [52816/61585]
Training loss: 1.803668  [54416/61585]
Training loss: 1.613338  [56016/61585]
Training loss: 2.031029  [57616/61585]
Training loss: 2.604281  [59216/61585]
Training loss: 2.881546  [60816/61585]
Training accuracy: 50.03 %
Validation loss: 2.136975
Validation accuracy: 48.22% 

Epoch 19
-------------------------------
Training loss: 1.852357  [16/61585]
Training loss: 2.669586  [1616/61585]
Training loss: 1.795055  [3216/61585]
Training loss: 1.375255  [4816/61585]
Training loss: 1.558471  [6416/61585]
Training loss: 2.350890  [8016/61585]
Training loss: 2.235434  [9616/61585]
Training loss: 2.065060  [11216/61585]
Training loss: 1.610431  [12816/61585]
Training loss: 2.119145  [14416/61585]
Training loss: 2.053886  [16016/61585]
Training loss: 1.808046  [17616/61585]
Training loss: 2.153794  [19216/61585]
Training loss: 1.745457  [20816/61585]
Training loss: 2.204362  [22416/61585]
Training loss: 1.357981  [24016/61585]
Training loss: 2.585157  [25616/61585]
Training loss: 2.018339  [27216/61585]
Training loss: 1.847238  [28816/61585]
Training loss: 1.827056  [30416/61585]
Training loss: 2.350533  [32016/61585]
Training loss: 2.583201  [33616/61585]
Training loss: 2.766448  [35216/61585]
Training loss: 2.170979  [36816/61585]
Training loss: 2.383517  [38416/61585]
Training loss: 2.878776  [40016/61585]
Training loss: 2.248082  [41616/61585]
Training loss: 2.252781  [43216/61585]
Training loss: 1.948493  [44816/61585]
Training loss: 2.454735  [46416/61585]
Training loss: 2.055125  [48016/61585]
Training loss: 2.350421  [49616/61585]
Training loss: 3.095122  [51216/61585]
Training loss: 1.689380  [52816/61585]
Training loss: 1.739592  [54416/61585]
Training loss: 2.212592  [56016/61585]
Training loss: 1.592279  [57616/61585]
Training loss: 1.429373  [59216/61585]
Training loss: 1.859954  [60816/61585]
Training accuracy: 50.31 %
Validation loss: 2.113079
Validation accuracy: 48.67% 

Epoch 20
-------------------------------
Training loss: 2.461358  [16/61585]
Training loss: 2.354850  [1616/61585]
Training loss: 1.735556  [3216/61585]
Training loss: 1.893957  [4816/61585]
Training loss: 1.960160  [6416/61585]
Training loss: 2.360590  [8016/61585]
Training loss: 1.525513  [9616/61585]
Training loss: 2.593857  [11216/61585]
Training loss: 1.613843  [12816/61585]
Training loss: 2.322646  [14416/61585]
Training loss: 1.720564  [16016/61585]
Training loss: 2.652584  [17616/61585]
Training loss: 2.079586  [19216/61585]
Training loss: 2.261322  [20816/61585]
Training loss: 1.862950  [22416/61585]
Training loss: 2.466745  [24016/61585]
Training loss: 2.513138  [25616/61585]
Training loss: 2.039017  [27216/61585]
Training loss: 1.829042  [28816/61585]
Training loss: 2.234385  [30416/61585]
Training loss: 2.898729  [32016/61585]
Training loss: 2.040866  [33616/61585]
Training loss: 2.252193  [35216/61585]
Training loss: 2.895717  [36816/61585]
Training loss: 2.063837  [38416/61585]
Training loss: 1.847336  [40016/61585]
Training loss: 1.916270  [41616/61585]
Training loss: 2.147002  [43216/61585]
Training loss: 1.652717  [44816/61585]
Training loss: 2.579468  [46416/61585]
Training loss: 2.333480  [48016/61585]
Training loss: 2.491758  [49616/61585]
Training loss: 1.688974  [51216/61585]
Training loss: 2.195820  [52816/61585]
Training loss: 2.545510  [54416/61585]
Training loss: 1.310337  [56016/61585]
Training loss: 1.944691  [57616/61585]
Training loss: 1.918820  [59216/61585]
Training loss: 2.594413  [60816/61585]
Training accuracy: 50.52 %
Validation loss: 2.091022
Validation accuracy: 49.23% 

Epoch 21
-------------------------------
Training loss: 1.812879  [16/61585]
Training loss: 2.198714  [1616/61585]
Training loss: 1.962439  [3216/61585]
Training loss: 2.110002  [4816/61585]
Training loss: 1.759370  [6416/61585]
Training loss: 1.841782  [8016/61585]
Training loss: 2.336892  [9616/61585]
Training loss: 1.648971  [11216/61585]
Training loss: 1.795315  [12816/61585]
Training loss: 2.394040  [14416/61585]
Training loss: 1.836887  [16016/61585]
Training loss: 2.255017  [17616/61585]
Training loss: 1.648787  [19216/61585]
Training loss: 2.161769  [20816/61585]
Training loss: 2.038243  [22416/61585]
Training loss: 1.247397  [24016/61585]
Training loss: 2.077656  [25616/61585]
Training loss: 1.888851  [27216/61585]
Training loss: 1.168111  [28816/61585]
Training loss: 1.976951  [30416/61585]
Training loss: 1.913697  [32016/61585]
Training loss: 2.436546  [33616/61585]
Training loss: 2.795062  [35216/61585]
Training loss: 2.561399  [36816/61585]
Training loss: 2.536773  [38416/61585]
Training loss: 1.204598  [40016/61585]
Training loss: 1.599797  [41616/61585]
Training loss: 1.852985  [43216/61585]
Training loss: 2.314576  [44816/61585]
Training loss: 1.864319  [46416/61585]
Training loss: 2.363033  [48016/61585]
Training loss: 2.000283  [49616/61585]
Training loss: 2.202018  [51216/61585]
Training loss: 1.464777  [52816/61585]
Training loss: 2.536169  [54416/61585]
Training loss: 1.757053  [56016/61585]
Training loss: 2.446004  [57616/61585]
Training loss: 2.375160  [59216/61585]
Training loss: 2.461689  [60816/61585]
Training accuracy: 50.59 %
Validation loss: 2.083039
Validation accuracy: 49.26% 

Epoch 22
-------------------------------
Training loss: 2.283892  [16/61585]
Training loss: 2.616802  [1616/61585]
Training loss: 1.787414  [3216/61585]
Training loss: 1.590421  [4816/61585]
Training loss: 1.842566  [6416/61585]
Training loss: 1.724208  [8016/61585]
Training loss: 2.310701  [9616/61585]
Training loss: 1.772004  [11216/61585]
Training loss: 1.758115  [12816/61585]
Training loss: 1.262417  [14416/61585]
Training loss: 2.057023  [16016/61585]
Training loss: 1.769479  [17616/61585]
Training loss: 1.663812  [19216/61585]
Training loss: 1.727798  [20816/61585]
Training loss: 2.258777  [22416/61585]
Training loss: 2.160266  [24016/61585]
Training loss: 2.014232  [25616/61585]
Training loss: 2.346482  [27216/61585]
Training loss: 1.493221  [28816/61585]
Training loss: 1.695149  [30416/61585]
Training loss: 1.908226  [32016/61585]
Training loss: 2.312175  [33616/61585]
Training loss: 1.853284  [35216/61585]
Training loss: 2.380032  [36816/61585]
Training loss: 2.100691  [38416/61585]
Training loss: 1.786587  [40016/61585]
Training loss: 1.996172  [41616/61585]
Training loss: 1.495178  [43216/61585]
Training loss: 1.522064  [44816/61585]
Training loss: 2.244927  [46416/61585]
Training loss: 1.871592  [48016/61585]
Training loss: 1.516819  [49616/61585]
Training loss: 2.094286  [51216/61585]
Training loss: 2.199803  [52816/61585]
Training loss: 1.674145  [54416/61585]
Training loss: 1.811886  [56016/61585]
Training loss: 1.950524  [57616/61585]
Training loss: 1.323908  [59216/61585]
Training loss: 1.847187  [60816/61585]
Training accuracy: 50.99 %
Validation loss: 2.086696
Validation accuracy: 49.34% 

Epoch 23
-------------------------------
Training loss: 2.659900  [16/61585]
Training loss: 1.150057  [1616/61585]
Training loss: 2.358503  [3216/61585]
Training loss: 2.243110  [4816/61585]
Training loss: 1.453385  [6416/61585]
Training loss: 2.079965  [8016/61585]
Training loss: 2.108470  [9616/61585]
Training loss: 1.589448  [11216/61585]
Training loss: 3.286578  [12816/61585]
Training loss: 2.387876  [14416/61585]
Training loss: 2.213274  [16016/61585]
Training loss: 1.800496  [17616/61585]
Training loss: 2.270230  [19216/61585]
Training loss: 1.720258  [20816/61585]
Training loss: 1.929695  [22416/61585]
Training loss: 2.697578  [24016/61585]
Training loss: 1.618252  [25616/61585]
Training loss: 1.995575  [27216/61585]
Training loss: 2.316257  [28816/61585]
Training loss: 3.018525  [30416/61585]
Training loss: 1.297153  [32016/61585]
Training loss: 2.472866  [33616/61585]
Training loss: 1.787697  [35216/61585]
Training loss: 1.180944  [36816/61585]
Training loss: 1.393969  [38416/61585]
Training loss: 2.158091  [40016/61585]
Training loss: 2.831768  [41616/61585]
Training loss: 2.650585  [43216/61585]
Training loss: 1.570195  [44816/61585]
Training loss: 2.278813  [46416/61585]
Training loss: 2.079519  [48016/61585]
Training loss: 1.816331  [49616/61585]
Training loss: 2.411715  [51216/61585]
Training loss: 2.481342  [52816/61585]
Training loss: 2.524335  [54416/61585]
Training loss: 2.182657  [56016/61585]
Training loss: 1.994751  [57616/61585]
Training loss: 1.784450  [59216/61585]
Training loss: 2.163454  [60816/61585]
Training accuracy: 50.97 %
Validation loss: 2.062746
Validation accuracy: 49.65% 

Epoch 24
-------------------------------
Training loss: 2.181929  [16/61585]
Training loss: 2.056056  [1616/61585]
Training loss: 2.435639  [3216/61585]
Training loss: 2.490847  [4816/61585]
Training loss: 2.883525  [6416/61585]
Training loss: 2.590523  [8016/61585]
Training loss: 2.086904  [9616/61585]
Training loss: 1.418680  [11216/61585]
Training loss: 2.587438  [12816/61585]
Training loss: 2.300252  [14416/61585]
Training loss: 1.231816  [16016/61585]
Training loss: 1.965726  [17616/61585]
Training loss: 2.228367  [19216/61585]
Training loss: 2.419798  [20816/61585]
Training loss: 1.684422  [22416/61585]
Training loss: 2.064490  [24016/61585]
Training loss: 2.911192  [25616/61585]
Training loss: 2.454694  [27216/61585]
Training loss: 2.436079  [28816/61585]
Training loss: 1.639087  [30416/61585]
Training loss: 2.771168  [32016/61585]
Training loss: 1.687114  [33616/61585]
Training loss: 1.826181  [35216/61585]
Training loss: 2.500419  [36816/61585]
Training loss: 1.963269  [38416/61585]
Training loss: 1.340407  [40016/61585]
Training loss: 2.412144  [41616/61585]
Training loss: 2.134796  [43216/61585]
Training loss: 1.509350  [44816/61585]
Training loss: 2.304938  [46416/61585]
Training loss: 2.043577  [48016/61585]
Training loss: 2.268419  [49616/61585]
Training loss: 1.802782  [51216/61585]
Training loss: 1.607265  [52816/61585]
Training loss: 1.573105  [54416/61585]
Training loss: 2.022673  [56016/61585]
Training loss: 1.928612  [57616/61585]
Training loss: 1.942667  [59216/61585]
Training loss: 1.631051  [60816/61585]
Training accuracy: 51.67 %
Validation loss: 2.056165
Validation accuracy: 49.83% 

Epoch 25
-------------------------------
Training loss: 2.015371  [16/61585]
Training loss: 2.375378  [1616/61585]
Training loss: 1.972201  [3216/61585]
Training loss: 1.704864  [4816/61585]
Training loss: 1.205460  [6416/61585]
Training loss: 1.771347  [8016/61585]
Training loss: 1.805571  [9616/61585]
Training loss: 2.158017  [11216/61585]
Training loss: 2.182978  [12816/61585]
Training loss: 1.588088  [14416/61585]
Training loss: 2.226899  [16016/61585]
Training loss: 1.372684  [17616/61585]
Training loss: 1.313094  [19216/61585]
Training loss: 2.332018  [20816/61585]
Training loss: 2.475825  [22416/61585]
Training loss: 1.937589  [24016/61585]
Training loss: 2.482107  [25616/61585]
Training loss: 1.691739  [27216/61585]
Training loss: 1.530539  [28816/61585]
Training loss: 1.797195  [30416/61585]
Training loss: 1.126268  [32016/61585]
Training loss: 2.804878  [33616/61585]
Training loss: 2.428009  [35216/61585]
Training loss: 2.257462  [36816/61585]
Training loss: 1.965986  [38416/61585]
Training loss: 2.011873  [40016/61585]
Training loss: 1.722038  [41616/61585]
Training loss: 1.935654  [43216/61585]
Training loss: 2.680157  [44816/61585]
Training loss: 2.344543  [46416/61585]
Training loss: 2.512927  [48016/61585]
Training loss: 2.835745  [49616/61585]
Training loss: 2.470563  [51216/61585]
Training loss: 2.245048  [52816/61585]
Training loss: 1.921529  [54416/61585]
Training loss: 2.072318  [56016/61585]
Training loss: 2.549955  [57616/61585]
Training loss: 1.743309  [59216/61585]
Training loss: 1.689816  [60816/61585]
Training accuracy: 51.62 %
Validation loss: 2.047025
Validation accuracy: 49.97% 

Epoch 26
-------------------------------
Training loss: 2.712775  [16/61585]
Training loss: 2.252825  [1616/61585]
Training loss: 1.904790  [3216/61585]
Training loss: 2.370007  [4816/61585]
Training loss: 1.830775  [6416/61585]
Training loss: 2.579580  [8016/61585]
Training loss: 1.852705  [9616/61585]
Training loss: 1.358790  [11216/61585]
Training loss: 2.136934  [12816/61585]
Training loss: 2.330556  [14416/61585]
Training loss: 2.285227  [16016/61585]
Training loss: 1.447934  [17616/61585]
Training loss: 2.079789  [19216/61585]
Training loss: 2.410453  [20816/61585]
Training loss: 1.926273  [22416/61585]
Training loss: 2.136005  [24016/61585]
Training loss: 2.958297  [25616/61585]
Training loss: 2.045723  [27216/61585]
Training loss: 2.334571  [28816/61585]
Training loss: 2.602798  [30416/61585]
Training loss: 2.297019  [32016/61585]
Training loss: 2.201627  [33616/61585]
Training loss: 2.174122  [35216/61585]
Training loss: 1.697973  [36816/61585]
Training loss: 1.846113  [38416/61585]
Training loss: 2.309848  [40016/61585]
Training loss: 2.108301  [41616/61585]
Training loss: 2.317066  [43216/61585]
Training loss: 1.273100  [44816/61585]
Training loss: 2.247279  [46416/61585]
Training loss: 2.017070  [48016/61585]
Training loss: 1.565886  [49616/61585]
Training loss: 1.858900  [51216/61585]
Training loss: 1.929251  [52816/61585]
Training loss: 1.123943  [54416/61585]
Training loss: 1.947846  [56016/61585]
Training loss: 2.047712  [57616/61585]
Training loss: 2.645514  [59216/61585]
Training loss: 1.655690  [60816/61585]
Training accuracy: 51.63 %
Validation loss: 2.022160
Validation accuracy: 50.50% 

Epoch 27
-------------------------------
Training loss: 2.283523  [16/61585]
Training loss: 1.744403  [1616/61585]
Training loss: 1.724699  [3216/61585]
Training loss: 2.087294  [4816/61585]
Training loss: 1.785645  [6416/61585]
Training loss: 1.760449  [8016/61585]
Training loss: 2.703831  [9616/61585]
Training loss: 2.555969  [11216/61585]
Training loss: 1.856033  [12816/61585]
Training loss: 2.122744  [14416/61585]
Training loss: 2.578487  [16016/61585]
Training loss: 1.844011  [17616/61585]
Training loss: 2.140465  [19216/61585]
Training loss: 1.706150  [20816/61585]
Training loss: 1.718111  [22416/61585]
Training loss: 2.225841  [24016/61585]
Training loss: 2.067964  [25616/61585]
Training loss: 1.473720  [27216/61585]
Training loss: 2.839775  [28816/61585]
Training loss: 1.872848  [30416/61585]
Training loss: 1.518853  [32016/61585]
Training loss: 2.558505  [33616/61585]
Training loss: 2.068640  [35216/61585]
Training loss: 1.056560  [36816/61585]
Training loss: 1.126885  [38416/61585]
Training loss: 2.260878  [40016/61585]
Training loss: 1.942748  [41616/61585]
Training loss: 1.317047  [43216/61585]
Training loss: 0.988217  [44816/61585]
Training loss: 1.759838  [46416/61585]
Training loss: 1.857215  [48016/61585]
Training loss: 1.971903  [49616/61585]
Training loss: 1.784472  [51216/61585]
Training loss: 1.737900  [52816/61585]
Training loss: 1.692750  [54416/61585]
Training loss: 1.351822  [56016/61585]
Training loss: 1.376628  [57616/61585]
Training loss: 1.763132  [59216/61585]
Training loss: 2.331647  [60816/61585]
Training accuracy: 51.66 %
Validation loss: 2.045769
Validation accuracy: 49.74% 

Epoch 28
-------------------------------
Training loss: 1.084223  [16/61585]
Training loss: 1.990008  [1616/61585]
Training loss: 2.770696  [3216/61585]
Training loss: 2.336717  [4816/61585]
Training loss: 2.259384  [6416/61585]
Training loss: 1.747829  [8016/61585]
Training loss: 2.402394  [9616/61585]
Training loss: 2.220278  [11216/61585]
Training loss: 1.745264  [12816/61585]
Training loss: 2.316686  [14416/61585]
Training loss: 2.563707  [16016/61585]
Training loss: 1.900664  [17616/61585]
Training loss: 1.395567  [19216/61585]
Training loss: 2.406562  [20816/61585]
Training loss: 1.962943  [22416/61585]
Training loss: 1.670973  [24016/61585]
Training loss: 1.800417  [25616/61585]
Training loss: 2.542192  [27216/61585]
Training loss: 2.946786  [28816/61585]
Training loss: 1.917010  [30416/61585]
Training loss: 1.826056  [32016/61585]
Training loss: 2.205549  [33616/61585]
Training loss: 1.260284  [35216/61585]
Training loss: 1.923469  [36816/61585]
Training loss: 2.386649  [38416/61585]
Training loss: 1.730307  [40016/61585]
Training loss: 1.644448  [41616/61585]
Training loss: 1.573022  [43216/61585]
Training loss: 2.075796  [44816/61585]
Training loss: 1.931146  [46416/61585]
Training loss: 1.745110  [48016/61585]
Training loss: 1.975927  [49616/61585]
Training loss: 1.936758  [51216/61585]
Training loss: 2.455437  [52816/61585]
Training loss: 1.571798  [54416/61585]
Training loss: 2.160507  [56016/61585]
Training loss: 1.629001  [57616/61585]
Training loss: 1.926910  [59216/61585]
Training loss: 2.362544  [60816/61585]
Training accuracy: 51.89 %
Validation loss: 2.038182
Validation accuracy: 50.27% 

Epoch 29
-------------------------------
Training loss: 2.310954  [16/61585]
Training loss: 2.526878  [1616/61585]
Training loss: 2.056450  [3216/61585]
Training loss: 2.092047  [4816/61585]
Training loss: 2.052391  [6416/61585]
Training loss: 1.359072  [8016/61585]
Training loss: 2.067900  [9616/61585]
Training loss: 1.292056  [11216/61585]
Training loss: 1.243881  [12816/61585]
Training loss: 2.024085  [14416/61585]
Training loss: 1.630360  [16016/61585]
Training loss: 1.930343  [17616/61585]
Training loss: 1.666402  [19216/61585]
Training loss: 1.986260  [20816/61585]
Training loss: 1.975063  [22416/61585]
Training loss: 1.817384  [24016/61585]
Training loss: 1.898452  [25616/61585]
Training loss: 2.368486  [27216/61585]
Training loss: 2.476792  [28816/61585]
Training loss: 2.920482  [30416/61585]
Training loss: 1.918914  [32016/61585]
Training loss: 1.477472  [33616/61585]
Training loss: 2.431957  [35216/61585]
Training loss: 1.757894  [36816/61585]
Training loss: 2.260146  [38416/61585]
Training loss: 1.758312  [40016/61585]
Training loss: 2.624994  [41616/61585]
Training loss: 2.351300  [43216/61585]
Training loss: 1.574831  [44816/61585]
Training loss: 1.925466  [46416/61585]
Training loss: 1.657133  [48016/61585]
Training loss: 2.018543  [49616/61585]
Training loss: 2.954514  [51216/61585]
Training loss: 1.650059  [52816/61585]
Training loss: 1.997015  [54416/61585]
Training loss: 2.209425  [56016/61585]
Training loss: 1.449047  [57616/61585]
Training loss: 2.095957  [59216/61585]
Training loss: 2.603557  [60816/61585]
Training accuracy: 52.11 %
Validation loss: 2.074664
Validation accuracy: 49.23% 

Epoch 30
-------------------------------
Training loss: 1.782153  [16/61585]
Training loss: 2.424884  [1616/61585]
Training loss: 1.708178  [3216/61585]
Training loss: 3.087133  [4816/61585]
Training loss: 2.481393  [6416/61585]
Training loss: 1.111107  [8016/61585]
Training loss: 1.832523  [9616/61585]
Training loss: 1.999544  [11216/61585]
Training loss: 1.967869  [12816/61585]
Training loss: 2.231619  [14416/61585]
Training loss: 2.048080  [16016/61585]
Training loss: 1.977692  [17616/61585]
Training loss: 1.694174  [19216/61585]
Training loss: 1.985448  [20816/61585]
Training loss: 2.181197  [22416/61585]
Training loss: 2.535089  [24016/61585]
Training loss: 2.312859  [25616/61585]
Training loss: 1.745883  [27216/61585]
Training loss: 1.562977  [28816/61585]
Training loss: 1.638203  [30416/61585]
Training loss: 1.729683  [32016/61585]
Training loss: 1.638925  [33616/61585]
Training loss: 1.688834  [35216/61585]
Training loss: 1.965025  [36816/61585]
Training loss: 1.827872  [38416/61585]
Training loss: 1.456342  [40016/61585]
Training loss: 2.042454  [41616/61585]
Training loss: 2.904579  [43216/61585]
Training loss: 1.543681  [44816/61585]
Training loss: 1.699109  [46416/61585]
Training loss: 2.375010  [48016/61585]
Training loss: 2.003819  [49616/61585]
Training loss: 2.243698  [51216/61585]
Training loss: 2.382007  [52816/61585]
Training loss: 1.796686  [54416/61585]
Training loss: 2.012857  [56016/61585]
Training loss: 2.760409  [57616/61585]
Training loss: 1.938430  [59216/61585]
Training loss: 2.025581  [60816/61585]
Training accuracy: 52.30 %
Validation loss: 2.042055
Validation accuracy: 49.90% 

Epoch 31
-------------------------------
Training loss: 2.803585  [16/61585]
Training loss: 1.633506  [1616/61585]
Training loss: 1.834426  [3216/61585]
Training loss: 1.870762  [4816/61585]
Training loss: 2.828335  [6416/61585]
Training loss: 1.647108  [8016/61585]
Training loss: 2.277106  [9616/61585]
Training loss: 2.381396  [11216/61585]
Training loss: 2.196187  [12816/61585]
Training loss: 2.048524  [14416/61585]
Training loss: 1.970042  [16016/61585]
Training loss: 1.600028  [17616/61585]
Training loss: 1.606448  [19216/61585]
Training loss: 1.381371  [20816/61585]
Training loss: 2.237223  [22416/61585]
Training loss: 1.577520  [24016/61585]
Training loss: 1.984105  [25616/61585]
Training loss: 2.641227  [27216/61585]
Training loss: 1.672469  [28816/61585]
Training loss: 2.624201  [30416/61585]
Training loss: 1.706411  [32016/61585]
Training loss: 2.787490  [33616/61585]
Training loss: 1.455908  [35216/61585]
Training loss: 1.643792  [36816/61585]
Training loss: 1.377277  [38416/61585]
Training loss: 1.913540  [40016/61585]
Training loss: 1.874111  [41616/61585]
Training loss: 1.878404  [43216/61585]
Training loss: 1.570020  [44816/61585]
Training loss: 1.884274  [46416/61585]
Training loss: 1.750756  [48016/61585]
Training loss: 1.637431  [49616/61585]
Training loss: 1.992560  [51216/61585]
Training loss: 2.057715  [52816/61585]
Training loss: 2.254819  [54416/61585]
Training loss: 2.666770  [56016/61585]
Training loss: 1.700549  [57616/61585]
Training loss: 1.050828  [59216/61585]
Training loss: 1.861892  [60816/61585]
Training accuracy: 52.56 %
Validation loss: 2.031182
Validation accuracy: 50.20% 

Early stopping
Done!

Elapsed time: 26361.183419704437 seconds

Current time: 10:12:52
                         precision    recall  f1-score   support

              apple_pie       0.36      0.16      0.22       250
         baby_back_ribs       0.53      0.54      0.53       250
                baklava       0.44      0.59      0.50       250
         beef_carpaccio       0.53      0.50      0.52       250
           beef_tartare       0.39      0.35      0.37       250
             beet_salad       0.43      0.34      0.38       250
               beignets       0.62      0.72      0.66       250
               bibimbap       0.65      0.75      0.70       250
          bread_pudding       0.34      0.30      0.32       250
      breakfast_burrito       0.47      0.45      0.46       250
             bruschetta       0.61      0.29      0.40       250
           caesar_salad       0.40      0.55      0.46       250
                cannoli       0.60      0.60      0.60       250
          caprese_salad       0.57      0.45      0.50       250
            carrot_cake       0.49      0.56      0.53       250
                ceviche       0.33      0.26      0.29       250
             cheesecake       0.48      0.55      0.51       250
           cheese_plate       0.52      0.36      0.42       250
          chicken_curry       0.49      0.39      0.43       250
     chicken_quesadilla       0.44      0.64      0.52       250
          chicken_wings       0.59      0.66      0.62       250
         chocolate_cake       0.43      0.54      0.48       250
       chocolate_mousse       0.47      0.37      0.42       250
                churros       0.57      0.72      0.64       250
           clam_chowder       0.53      0.80      0.64       250
          club_sandwich       0.56      0.61      0.58       250
             crab_cakes       0.38      0.32      0.35       250
           creme_brulee       0.70      0.66      0.68       250
          croque_madame       0.69      0.47      0.56       250
              cup_cakes       0.72      0.75      0.73       250
           deviled_eggs       0.56      0.70      0.62       250
                 donuts       0.70      0.62      0.66       250
              dumplings       0.72      0.83      0.77       250
                edamame       0.84      0.95      0.89       250
          eggs_benedict       0.65      0.57      0.61       250
              escargots       0.55      0.73      0.63       250
                falafel       0.44      0.44      0.44       250
           filet_mignon       0.32      0.32      0.32       250
         fish_and_chips       0.61      0.60      0.61       250
              foie_gras       0.38      0.22      0.28       250
           french_fries       0.60      0.78      0.68       250
      french_onion_soup       0.61      0.66      0.64       250
           french_toast       0.54      0.33      0.41       250
         fried_calamari       0.52      0.56      0.54       250
             fried_rice       0.51      0.64      0.57       250
          frozen_yogurt       0.64      0.77      0.70       250
           garlic_bread       0.43      0.52      0.47       250
                gnocchi       0.40      0.39      0.39       250
            greek_salad       0.56      0.53      0.55       250
grilled_cheese_sandwich       0.43      0.33      0.37       250
         grilled_salmon       0.45      0.36      0.40       250
              guacamole       0.54      0.80      0.64       250
                  gyoza       0.65      0.64      0.64       250
              hamburger       0.65      0.53      0.58       250
      hot_and_sour_soup       0.76      0.78      0.77       250
                hot_dog       0.68      0.65      0.67       250
       huevos_rancheros       0.55      0.22      0.31       250
                 hummus       0.36      0.41      0.38       250
              ice_cream       0.56      0.60      0.58       250
                lasagna       0.41      0.45      0.43       250
         lobster_bisque       0.68      0.68      0.68       250
  lobster_roll_sandwich       0.66      0.48      0.56       250
    macaroni_and_cheese       0.48      0.58      0.52       250
               macarons       0.76      0.90      0.82       250
              miso_soup       0.71      0.81      0.76       250
                mussels       0.73      0.76      0.75       250
                 nachos       0.47      0.46      0.46       250
               omelette       0.43      0.34      0.38       250
            onion_rings       0.73      0.73      0.73       250
                oysters       0.78      0.80      0.79       250
               pad_thai       0.52      0.73      0.61       250
                 paella       0.56      0.51      0.54       250
               pancakes       0.65      0.55      0.60       250
            panna_cotta       0.47      0.43      0.45       250
            peking_duck       0.56      0.57      0.57       250
                    pho       0.61      0.85      0.71       250
                  pizza       0.64      0.82      0.71       250
              pork_chop       0.41      0.29      0.34       250
                poutine       0.73      0.58      0.65       250
              prime_rib       0.46      0.61      0.52       250
   pulled_pork_sandwich       0.63      0.40      0.49       250
                  ramen       0.63      0.49      0.55       250
                ravioli       0.39      0.30      0.34       250
        red_velvet_cake       0.59      0.72      0.65       250
                risotto       0.34      0.48      0.40       250
                 samosa       0.45      0.57      0.50       250
                sashimi       0.71      0.74      0.72       250
               scallops       0.46      0.26      0.34       250
          seaweed_salad       0.54      0.80      0.65       250
       shrimp_and_grits       0.56      0.37      0.44       250
    spaghetti_bolognese       0.62      0.68      0.65       250
    spaghetti_carbonara       0.66      0.82      0.73       250
           spring_rolls       0.58      0.62      0.60       250
                  steak       0.31      0.23      0.26       250
   strawberry_shortcake       0.63      0.50      0.56       250
                  sushi       0.54      0.57      0.55       250
                  tacos       0.36      0.35      0.35       250
               takoyaki       0.59      0.49      0.54       250
               tiramisu       0.45      0.43      0.44       250
           tuna_tartare       0.42      0.25      0.31       250
                waffles       0.73      0.61      0.66       250

               accuracy                           0.55     25250
              macro avg       0.55      0.55      0.54     25250
           weighted avg       0.55      0.55      0.54     25250

Test accuracy: 0.5482376237623763
The metadata of the previous execution is...
{'training_images_percentage': 1, 'epochs': 55, 'learning_rate': 0.001, 'batch_size': 16, 'data_augmentation': 'no', 'subject_driven_technique': 'stable-diffusion-prompt', 'number_of_samples': 5, 'images_to_generate': 10, 'path_to_dataset': '../../../../../../work3/s226536/datasets/food-101', 'DATA_DIR': '../../../../../../work3/s226536/datasets'}

Preparing next execution...
Finished preparing next execution...
