Downloading https://thor.robots.ox.ac.uk/datasets/pets/images.tar.gz to ../../../../../../work3/s226536/datasets/oxford-iiit-pet/images.tar.gz
Extracting ../../../../../../work3/s226536/datasets/oxford-iiit-pet/images.tar.gz to ../../../../../../work3/s226536/datasets/oxford-iiit-pet
Downloading https://thor.robots.ox.ac.uk/datasets/pets/annotations.tar.gz to ../../../../../../work3/s226536/datasets/oxford-iiit-pet/annotations.tar.gz
Extracting ../../../../../../work3/s226536/datasets/oxford-iiit-pet/annotations.tar.gz to ../../../../../../work3/s226536/datasets/oxford-iiit-pet
-------------------------------------
Generating 10 images for breed Abyssinian...

Elapsed time: 83.01666569709778 seconds

-------------------------------------
Generating 10 images for breed american_bulldog...

Elapsed time: 29.492939949035645 seconds

-------------------------------------
Generating 10 images for breed american_pit_bull_terrier...

Elapsed time: 28.908002376556396 seconds

-------------------------------------
Generating 10 images for breed basset_hound...

Elapsed time: 29.735607147216797 seconds

-------------------------------------
Generating 10 images for breed beagle...

Elapsed time: 29.715310096740723 seconds

-------------------------------------
Generating 10 images for breed Bengal...

Elapsed time: 29.348088026046753 seconds

-------------------------------------
Generating 10 images for breed Birman...

Elapsed time: 29.67038869857788 seconds

-------------------------------------
Generating 10 images for breed Bombay...

Elapsed time: 29.375686407089233 seconds

-------------------------------------
Generating 10 images for breed boxer...

Elapsed time: 29.36013436317444 seconds

-------------------------------------
Generating 10 images for breed British_Shorthair...

Elapsed time: 29.67874026298523 seconds

-------------------------------------
Generating 10 images for breed chihuahua...

Elapsed time: 29.56710386276245 seconds

-------------------------------------
Generating 10 images for breed Egyptian_Mau...

Elapsed time: 29.71692442893982 seconds

-------------------------------------
Generating 10 images for breed english_cocker_spaniel...

Elapsed time: 29.547641277313232 seconds

-------------------------------------
Generating 10 images for breed english_setter...

Elapsed time: 29.688145399093628 seconds

-------------------------------------
Generating 10 images for breed german_shorthaired...

Elapsed time: 29.421443223953247 seconds

-------------------------------------
Generating 10 images for breed great_pyrenees...

Elapsed time: 29.621994018554688 seconds

-------------------------------------
Generating 10 images for breed havanese...

Elapsed time: 29.88843607902527 seconds

-------------------------------------
Generating 10 images for breed japanese_chin...

Elapsed time: 29.715055465698242 seconds

-------------------------------------
Generating 10 images for breed keeshond...

Elapsed time: 29.812204122543335 seconds

-------------------------------------
Generating 10 images for breed leonberger...

Elapsed time: 30.001010179519653 seconds

-------------------------------------
Generating 10 images for breed Maine_Coon...

Elapsed time: 29.19910717010498 seconds

-------------------------------------
Generating 10 images for breed miniature_pinscher...

Elapsed time: 31.41346287727356 seconds

-------------------------------------
Generating 10 images for breed newfoundland...

Elapsed time: 29.197184562683105 seconds

-------------------------------------
Generating 10 images for breed Persian...

Elapsed time: 29.318634033203125 seconds

-------------------------------------
Generating 10 images for breed pomeranian...

Elapsed time: 29.627333164215088 seconds

-------------------------------------
Generating 10 images for breed pug...

Elapsed time: 29.769377946853638 seconds

-------------------------------------
Generating 10 images for breed Ragdoll...

Elapsed time: 29.44234871864319 seconds

-------------------------------------
Generating 10 images for breed Russian_Blue...

Elapsed time: 30.07426357269287 seconds

-------------------------------------
Generating 10 images for breed saint_bernard...

Elapsed time: 30.021542072296143 seconds

-------------------------------------
Generating 10 images for breed samoyed...

Elapsed time: 30.031421899795532 seconds

-------------------------------------
Generating 10 images for breed scottish_terrier...

Elapsed time: 29.728788137435913 seconds

-------------------------------------
Generating 10 images for breed shiba_inu...

Elapsed time: 29.553995370864868 seconds

-------------------------------------
Generating 10 images for breed Siamese...

Elapsed time: 30.072853803634644 seconds

-------------------------------------
Generating 10 images for breed Sphynx...

Elapsed time: 29.046705722808838 seconds

-------------------------------------
Generating 10 images for breed staffordshire_bull_terrier...

Elapsed time: 29.866554975509644 seconds

-------------------------------------
Generating 10 images for breed wheaten_terrier...

Elapsed time: 29.52098059654236 seconds

-------------------------------------
Generating 10 images for breed yorkshire_terrier...

Elapsed time: 29.64740300178528 seconds

Not using data augmentation
Using cuda device
Epoch 1
-------------------------------
Training loss: 4.005636  [16/4034]
Training loss: 3.505534  [1616/4034]
Training loss: 3.079663  [3216/4034]
Training accuracy: 24.96 %
Validation loss: 3.036946
Validation accuracy: 27.24% 

Epoch 2
-------------------------------
Training loss: 3.008800  [16/4034]
Training loss: 2.706830  [1616/4034]
Training loss: 2.739683  [3216/4034]
Training accuracy: 49.33 %
Validation loss: 2.499432
Validation accuracy: 51.36% 

Epoch 3
-------------------------------
Training loss: 2.366678  [16/4034]
Training loss: 2.371049  [1616/4034]
Training loss: 2.535812  [3216/4034]
Training accuracy: 63.53 %
Validation loss: 2.110448
Validation accuracy: 63.59% 

Epoch 4
-------------------------------
Training loss: 2.256156  [16/4034]
Training loss: 2.157223  [1616/4034]
Training loss: 1.880292  [3216/4034]
Training accuracy: 70.82 %
Validation loss: 1.771782
Validation accuracy: 71.78% 

Epoch 5
-------------------------------
Training loss: 1.818231  [16/4034]
Training loss: 1.723604  [1616/4034]
Training loss: 1.766399  [3216/4034]
Training accuracy: 76.62 %
Validation loss: 1.522361
Validation accuracy: 76.47% 

Epoch 6
-------------------------------
Training loss: 1.790168  [16/4034]
Training loss: 1.728576  [1616/4034]
Training loss: 1.586835  [3216/4034]
Training accuracy: 79.13 %
Validation loss: 1.348715
Validation accuracy: 77.46% 

Epoch 7
-------------------------------
Training loss: 1.226777  [16/4034]
Training loss: 1.484947  [1616/4034]
Training loss: 1.296020  [3216/4034]
Training accuracy: 80.54 %
Validation loss: 1.198023
Validation accuracy: 81.66% 

Epoch 8
-------------------------------
Training loss: 1.405608  [16/4034]
Training loss: 1.324801  [1616/4034]
Training loss: 1.643562  [3216/4034]
Training accuracy: 81.88 %
Validation loss: 1.092694
Validation accuracy: 82.21% 

Epoch 9
-------------------------------
Training loss: 1.140789  [16/4034]
Training loss: 1.316121  [1616/4034]
Training loss: 1.102045  [3216/4034]
Training accuracy: 83.94 %
Validation loss: 0.990218
Validation accuracy: 84.12% 

Epoch 10
-------------------------------
Training loss: 0.931067  [16/4034]
Training loss: 1.274523  [1616/4034]
Training loss: 0.777297  [3216/4034]
Training accuracy: 85.18 %
Validation loss: 0.932080
Validation accuracy: 84.72% 

Epoch 11
-------------------------------
Training loss: 1.003004  [16/4034]
Training loss: 1.254627  [1616/4034]
Training loss: 1.160422  [3216/4034]
Training accuracy: 85.60 %
Validation loss: 0.866581
Validation accuracy: 85.32% 

Epoch 12
-------------------------------
Training loss: 1.236596  [16/4034]
Training loss: 0.957714  [1616/4034]
Training loss: 0.836277  [3216/4034]
Training accuracy: 85.42 %
Validation loss: 0.820867
Validation accuracy: 85.86% 

Epoch 13
-------------------------------
Training loss: 0.892902  [16/4034]
Training loss: 0.838966  [1616/4034]
Training loss: 0.919422  [3216/4034]
Training accuracy: 86.54 %
Validation loss: 0.756421
Validation accuracy: 86.14% 

Epoch 14
-------------------------------
Training loss: 0.814141  [16/4034]
Training loss: 0.618226  [1616/4034]
Training loss: 0.947582  [3216/4034]
Training accuracy: 87.18 %
Validation loss: 0.746520
Validation accuracy: 86.03% 

Epoch 15
-------------------------------
Training loss: 0.760860  [16/4034]
Training loss: 1.209264  [1616/4034]
Training loss: 0.521294  [3216/4034]
Training accuracy: 86.99 %
Validation loss: 0.706177
Validation accuracy: 85.81% 

Epoch 16
-------------------------------
Training loss: 0.653675  [16/4034]
Training loss: 0.549351  [1616/4034]
Training loss: 1.142746  [3216/4034]
Training accuracy: 87.53 %
Validation loss: 0.682387
Validation accuracy: 85.64% 

Epoch 17
-------------------------------
Training loss: 0.641342  [16/4034]
Training loss: 0.614309  [1616/4034]
Training loss: 0.630683  [3216/4034]
Training accuracy: 87.73 %
Validation loss: 0.669176
Validation accuracy: 86.14% 

Epoch 18
-------------------------------
Training loss: 0.799186  [16/4034]
Training loss: 0.605624  [1616/4034]
Training loss: 0.769325  [3216/4034]
Training accuracy: 87.65 %
Validation loss: 0.645445
Validation accuracy: 86.74% 

Epoch 19
-------------------------------
Training loss: 0.624444  [16/4034]
Training loss: 0.721965  [1616/4034]
Training loss: 0.594689  [3216/4034]
Training accuracy: 88.89 %
Validation loss: 0.614091
Validation accuracy: 86.68% 

Epoch 20
-------------------------------
Training loss: 0.737228  [16/4034]
Training loss: 1.054887  [1616/4034]
Training loss: 0.479812  [3216/4034]
Training accuracy: 88.18 %
Validation loss: 0.601533
Validation accuracy: 87.39% 

Epoch 21
-------------------------------
Training loss: 0.765489  [16/4034]
Training loss: 0.593594  [1616/4034]
Training loss: 0.581544  [3216/4034]
Training accuracy: 88.00 %
Validation loss: 0.578589
Validation accuracy: 86.35% 

Epoch 22
-------------------------------
Training loss: 0.859806  [16/4034]
Training loss: 0.557143  [1616/4034]
Training loss: 0.509696  [3216/4034]
Training accuracy: 88.65 %
Validation loss: 0.563860
Validation accuracy: 87.39% 

Epoch 23
-------------------------------
Training loss: 0.841944  [16/4034]
Training loss: 0.598552  [1616/4034]
Training loss: 0.593141  [3216/4034]
Training accuracy: 89.04 %
Validation loss: 0.566797
Validation accuracy: 87.06% 

Epoch 24
-------------------------------
Training loss: 0.552844  [16/4034]
Training loss: 0.348375  [1616/4034]
Training loss: 0.668719  [3216/4034]
Training accuracy: 88.57 %
Validation loss: 0.551281
Validation accuracy: 87.06% 

Epoch 25
-------------------------------
Training loss: 0.616192  [16/4034]
Training loss: 0.628131  [1616/4034]
Training loss: 0.650270  [3216/4034]
Training accuracy: 89.59 %
Validation loss: 0.545553
Validation accuracy: 87.01% 

Early stopping
Done!

Elapsed time: 1511.5081491470337 seconds

Current time: 13:39:31
                         precision    recall  f1-score   support

             Abyssinian       0.76      0.76      0.76        49
       American Bulldog       0.81      0.94      0.87        50
  American pitbull terr       0.68      0.64      0.66        50
           Basset hound       0.89      0.94      0.91        50
                 Beagle       0.90      0.90      0.90        50
                 Bengal       0.75      0.78      0.76        50
                 Birman       0.81      0.78      0.80        50
                 Bombay       0.89      0.91      0.90        44
                  Boxer       0.75      0.88      0.81        50
      British Shorthair       0.82      0.66      0.73        50
              Chihuahua       0.90      0.86      0.88        50
           Egyptian Mau       0.91      0.84      0.87        49
 English cocker spaniel       0.89      0.94      0.91        50
         English setter       0.91      0.86      0.89        50
     German shorthaired       0.81      1.00      0.89        50
         Great pyrenees       0.90      0.94      0.92        50
               Havanese       0.89      0.94      0.91        50
          Japanese chin       0.98      0.96      0.97        50
               Keeshond       0.96      1.00      0.98        50
             Leonberger       0.98      0.98      0.98        50
             Maine Coon       0.87      0.66      0.75        50
     Miniature pinscher       0.98      0.84      0.90        50
           Newfoundland       0.96      0.98      0.97        50
                Persian       0.90      0.86      0.88        50
             Pomeranian       0.96      0.92      0.94        50
                    Pug       0.98      0.90      0.94        50
                Ragdoll       0.76      0.74      0.75        50
           Russian blue       0.70      0.74      0.72        50
          Saint bernard       0.94      0.98      0.96        50
                Samoyed       0.88      1.00      0.93        50
       Scottish terrier       0.93      1.00      0.96        50
              Shiba inu       0.94      0.96      0.95        50
                Siamese       0.87      0.92      0.89        50
                 Sphynx       0.75      0.92      0.83        50
Staffordshire bull terr       0.75      0.53      0.62        45
        Wheaten terrier       1.00      0.86      0.92        50
      Yorkshire terrier       0.96      0.88      0.92        50

               accuracy                           0.87      1837
              macro avg       0.87      0.87      0.87      1837
           weighted avg       0.87      0.87      0.87      1837

Test accuracy: 0.8709853021230267
The metadata of the previous execution is...
{'training_images_percentage': 1, 'epochs': 55, 'learning_rate': 0.001, 'batch_size': 16, 'data_augmentation': 'no', 'subject_driven_technique': 'dreambooth', 'number_of_samples': 5, 'images_to_generate': 10, 'FID_threshold': 100, 'check_quality': False, 'path_to_dataset': '../../../../../../work3/s226536/datasets/oxford-iiit-pet', 'DATA_DIR': '../../../../../../work3/s226536/datasets'}

Preparing next execution...
Finished preparing next execution...
