Downloading https://thor.robots.ox.ac.uk/datasets/pets/images.tar.gz to ../../../../../../work3/s226536/datasets/oxford-iiit-pet/images.tar.gz
Extracting ../../../../../../work3/s226536/datasets/oxford-iiit-pet/images.tar.gz to ../../../../../../work3/s226536/datasets/oxford-iiit-pet
Downloading https://thor.robots.ox.ac.uk/datasets/pets/annotations.tar.gz to ../../../../../../work3/s226536/datasets/oxford-iiit-pet/annotations.tar.gz
Extracting ../../../../../../work3/s226536/datasets/oxford-iiit-pet/annotations.tar.gz to ../../../../../../work3/s226536/datasets/oxford-iiit-pet
-------------------------------------
Generating 400 images for breed Abyssinian...

Elapsed time: 1110.1572098731995 seconds

-------------------------------------
Generating 400 images for breed american_bulldog...

Elapsed time: 1070.9635524749756 seconds

-------------------------------------
Generating 400 images for breed american_pit_bull_terrier...

Elapsed time: 1089.7978942394257 seconds

-------------------------------------
Generating 400 images for breed basset_hound...

Elapsed time: 1102.1526396274567 seconds

-------------------------------------
Generating 400 images for breed beagle...

Elapsed time: 1098.5278899669647 seconds

-------------------------------------
Generating 400 images for breed Bengal...

Elapsed time: 1101.4930534362793 seconds

-------------------------------------
Generating 400 images for breed Birman...

Elapsed time: 1087.1149575710297 seconds

-------------------------------------
Generating 400 images for breed Bombay...

Elapsed time: 1104.4924449920654 seconds

-------------------------------------
Generating 400 images for breed boxer...

Elapsed time: 1102.231323003769 seconds

-------------------------------------
Generating 400 images for breed British_Shorthair...

Elapsed time: 1101.987413406372 seconds

-------------------------------------
Generating 400 images for breed chihuahua...

Elapsed time: 1101.4302344322205 seconds

-------------------------------------
Generating 400 images for breed Egyptian_Mau...

Elapsed time: 1102.1477634906769 seconds

-------------------------------------
Generating 400 images for breed english_cocker_spaniel...

Elapsed time: 1099.3225138187408 seconds

-------------------------------------
Generating 400 images for breed english_setter...

Elapsed time: 1099.956958770752 seconds

-------------------------------------
Generating 400 images for breed german_shorthaired...

Elapsed time: 1102.570719242096 seconds

-------------------------------------
Generating 400 images for breed great_pyrenees...

Elapsed time: 1101.4480571746826 seconds

-------------------------------------
Generating 400 images for breed havanese...

Elapsed time: 1104.096894979477 seconds

-------------------------------------
Generating 400 images for breed japanese_chin...

Elapsed time: 1085.2374308109283 seconds

-------------------------------------
Generating 400 images for breed keeshond...

Elapsed time: 1089.756455898285 seconds

-------------------------------------
Generating 400 images for breed leonberger...

Elapsed time: 1102.3102796077728 seconds

-------------------------------------
Generating 400 images for breed Maine_Coon...

Elapsed time: 1101.4538931846619 seconds

-------------------------------------
Generating 400 images for breed miniature_pinscher...

Elapsed time: 1096.0643200874329 seconds

-------------------------------------
Generating 400 images for breed newfoundland...

Elapsed time: 1099.2826697826385 seconds

-------------------------------------
Generating 400 images for breed Persian...

Elapsed time: 1101.597170829773 seconds

-------------------------------------
Generating 400 images for breed pomeranian...

Elapsed time: 1108.499992609024 seconds

-------------------------------------
Generating 400 images for breed pug...

Elapsed time: 1094.8825459480286 seconds

-------------------------------------
Generating 400 images for breed Ragdoll...

Elapsed time: 1094.0486311912537 seconds

-------------------------------------
Generating 400 images for breed Russian_Blue...

Elapsed time: 1097.800054550171 seconds

-------------------------------------
Generating 400 images for breed saint_bernard...

Elapsed time: 1101.9418685436249 seconds

-------------------------------------
Generating 400 images for breed samoyed...

Elapsed time: 1099.753491640091 seconds

-------------------------------------
Generating 400 images for breed scottish_terrier...

Elapsed time: 1099.7690825462341 seconds

-------------------------------------
Generating 400 images for breed shiba_inu...

Elapsed time: 1095.9852283000946 seconds

-------------------------------------
Generating 400 images for breed Siamese...

Elapsed time: 1092.7754871845245 seconds

-------------------------------------
Generating 400 images for breed Sphynx...

Elapsed time: 1059.0603656768799 seconds

-------------------------------------
Generating 400 images for breed staffordshire_bull_terrier...

Elapsed time: 1107.8688113689423 seconds

-------------------------------------
Generating 400 images for breed wheaten_terrier...

Elapsed time: 1109.6967532634735 seconds

-------------------------------------
Generating 400 images for breed yorkshire_terrier...

Elapsed time: 1103.544831752777 seconds

Not using data augmentation
Using cuda device
Epoch 1
-------------------------------
Training loss: 3.954974  [16/14306]
Training loss: 3.448047  [1616/14306]
Training loss: 2.849124  [3216/14306]
Training loss: 2.705814  [4816/14306]
Training loss: 2.602570  [6416/14306]
Training loss: 2.403206  [8016/14306]
Training loss: 2.417874  [9616/14306]
Training loss: 2.192941  [11216/14306]
Training loss: 1.920628  [12816/14306]
Training accuracy: 83.18 %
Validation loss: 2.175679
Validation accuracy: 57.21% 

Epoch 2
-------------------------------
Training loss: 1.396264  [16/14306]
Training loss: 1.454441  [1616/14306]
Training loss: 1.123299  [3216/14306]
Training loss: 1.347857  [4816/14306]
Training loss: 1.266673  [6416/14306]
Training loss: 1.328250  [8016/14306]
Training loss: 1.082471  [9616/14306]
Training loss: 1.163399  [11216/14306]
Training loss: 1.019014  [12816/14306]
Training accuracy: 92.49 %
Validation loss: 1.593876
Validation accuracy: 66.59% 

Epoch 3
-------------------------------
Training loss: 0.835752  [16/14306]
Training loss: 0.850700  [1616/14306]
Training loss: 0.893696  [3216/14306]
Training loss: 0.718601  [4816/14306]
Training loss: 0.787478  [6416/14306]
Training loss: 0.489675  [8016/14306]
Training loss: 0.763004  [9616/14306]
Training loss: 0.695929  [11216/14306]
Training loss: 0.811061  [12816/14306]
Training accuracy: 94.48 %
Validation loss: 1.337996
Validation accuracy: 70.41% 

Epoch 4
-------------------------------
Training loss: 0.470313  [16/14306]
Training loss: 0.618348  [1616/14306]
Training loss: 0.727894  [3216/14306]
Training loss: 0.602402  [4816/14306]
Training loss: 0.536118  [6416/14306]
Training loss: 0.432588  [8016/14306]
Training loss: 0.525498  [9616/14306]
Training loss: 0.431886  [11216/14306]
Training loss: 0.482633  [12816/14306]
Training accuracy: 95.60 %
Validation loss: 1.180399
Validation accuracy: 72.16% 

Epoch 5
-------------------------------
Training loss: 0.415759  [16/14306]
Training loss: 0.302003  [1616/14306]
Training loss: 0.309649  [3216/14306]
Training loss: 0.583204  [4816/14306]
Training loss: 0.473882  [6416/14306]
Training loss: 0.570746  [8016/14306]
Training loss: 0.319860  [9616/14306]
Training loss: 0.475403  [11216/14306]
Training loss: 0.531018  [12816/14306]
Training accuracy: 95.85 %
Validation loss: 1.084599
Validation accuracy: 72.22% 

Epoch 6
-------------------------------
Training loss: 0.562412  [16/14306]
Training loss: 0.390899  [1616/14306]
Training loss: 0.276496  [3216/14306]
Training loss: 0.305305  [4816/14306]
Training loss: 0.319664  [6416/14306]
Training loss: 0.529666  [8016/14306]
Training loss: 0.365913  [9616/14306]
Training loss: 0.369056  [11216/14306]
Training loss: 0.332199  [12816/14306]
Training accuracy: 96.41 %
Validation loss: 1.039461
Validation accuracy: 72.93% 

Epoch 7
-------------------------------
Training loss: 0.527496  [16/14306]
Training loss: 0.377100  [1616/14306]
Training loss: 0.296132  [3216/14306]
Training loss: 0.472206  [4816/14306]
Training loss: 0.285613  [6416/14306]
Training loss: 0.294859  [8016/14306]
Training loss: 0.409950  [9616/14306]
Training loss: 0.209215  [11216/14306]
Training loss: 0.345921  [12816/14306]
Training accuracy: 96.62 %
Validation loss: 0.982905
Validation accuracy: 73.31% 

Epoch 8
-------------------------------
Training loss: 0.246556  [16/14306]
Training loss: 0.230895  [1616/14306]
Training loss: 0.282864  [3216/14306]
Training loss: 0.286383  [4816/14306]
Training loss: 0.232943  [6416/14306]
Training loss: 0.277949  [8016/14306]
Training loss: 0.422103  [9616/14306]
Training loss: 0.455851  [11216/14306]
Training loss: 0.236298  [12816/14306]
Training accuracy: 96.82 %
Validation loss: 0.987202
Validation accuracy: 72.60% 

Epoch 9
-------------------------------
Training loss: 0.491145  [16/14306]
Training loss: 0.301984  [1616/14306]
Training loss: 0.304005  [3216/14306]
Training loss: 0.429703  [4816/14306]
Training loss: 0.218165  [6416/14306]
Training loss: 0.288484  [8016/14306]
Training loss: 0.560460  [9616/14306]
Training loss: 0.246430  [11216/14306]
Training loss: 0.391560  [12816/14306]
Training accuracy: 97.09 %
Validation loss: 0.989481
Validation accuracy: 72.11% 

Epoch 10
-------------------------------
Training loss: 0.156948  [16/14306]
Training loss: 0.160085  [1616/14306]
Training loss: 0.174297  [3216/14306]
Training loss: 0.188948  [4816/14306]
Training loss: 0.267772  [6416/14306]
Training loss: 0.209389  [8016/14306]
Training loss: 0.320508  [9616/14306]
Training loss: 0.187040  [11216/14306]
Training loss: 0.254775  [12816/14306]
Training accuracy: 97.13 %
Validation loss: 0.894101
Validation accuracy: 74.02% 

Epoch 11
-------------------------------
Training loss: 0.191904  [16/14306]
Training loss: 0.352524  [1616/14306]
Training loss: 0.295486  [3216/14306]
Training loss: 0.323355  [4816/14306]
Training loss: 0.220478  [6416/14306]
Training loss: 0.231029  [8016/14306]
Training loss: 0.385836  [9616/14306]
Training loss: 0.195614  [11216/14306]
Training loss: 0.117311  [12816/14306]
Training accuracy: 97.02 %
Validation loss: 0.944024
Validation accuracy: 72.87% 

Epoch 12
-------------------------------
Training loss: 0.207597  [16/14306]
Training loss: 0.320129  [1616/14306]
Training loss: 0.127007  [3216/14306]
Training loss: 0.185200  [4816/14306]
Training loss: 0.283015  [6416/14306]
Training loss: 0.147215  [8016/14306]
Training loss: 0.102007  [9616/14306]
Training loss: 0.112235  [11216/14306]
Training loss: 0.185768  [12816/14306]
Training accuracy: 97.43 %
Validation loss: 0.936908
Validation accuracy: 72.60% 

Epoch 13
-------------------------------
Training loss: 0.338528  [16/14306]
Training loss: 0.187371  [1616/14306]
Training loss: 0.177686  [3216/14306]
Training loss: 0.245043  [4816/14306]
Training loss: 0.166801  [6416/14306]
Training loss: 0.214543  [8016/14306]
Training loss: 0.236957  [9616/14306]
Training loss: 0.150051  [11216/14306]
Training loss: 0.117120  [12816/14306]
Training accuracy: 97.36 %
Validation loss: 0.900691
Validation accuracy: 73.03% 

Epoch 14
-------------------------------
Training loss: 0.140630  [16/14306]
Training loss: 0.206815  [1616/14306]
Training loss: 0.144718  [3216/14306]
Training loss: 0.143695  [4816/14306]
Training loss: 0.095011  [6416/14306]
Training loss: 0.147741  [8016/14306]
Training loss: 0.132218  [9616/14306]
Training loss: 0.211919  [11216/14306]
Training loss: 0.119776  [12816/14306]
Training accuracy: 97.46 %
Validation loss: 0.911287
Validation accuracy: 73.85% 

Epoch 15
-------------------------------
Training loss: 0.086848  [16/14306]
Training loss: 0.173973  [1616/14306]
Training loss: 0.134331  [3216/14306]
Training loss: 0.090234  [4816/14306]
Training loss: 0.155862  [6416/14306]
Training loss: 0.281207  [8016/14306]
Training loss: 0.186895  [9616/14306]
Training loss: 0.124390  [11216/14306]
Training loss: 0.155652  [12816/14306]
Training accuracy: 97.34 %
Validation loss: 0.906950
Validation accuracy: 73.03% 

Early stopping
Done!

Elapsed time: 5613.213423013687 seconds

Current time: 06:22:56
                         precision    recall  f1-score   support

             Abyssinian       0.74      0.59      0.66        49
       American Bulldog       0.84      0.42      0.56        50
  American pitbull terr       0.50      0.44      0.47        50
           Basset hound       0.78      0.84      0.81        50
                 Beagle       0.82      0.74      0.78        50
                 Bengal       0.63      0.64      0.63        50
                 Birman       0.55      0.58      0.56        50
                 Bombay       0.66      0.91      0.76        44
                  Boxer       0.84      0.76      0.80        50
      British Shorthair       0.70      0.62      0.66        50
              Chihuahua       0.50      0.74      0.60        50
           Egyptian Mau       0.62      0.82      0.70        49
 English cocker spaniel       0.86      0.72      0.78        50
         English setter       0.78      0.76      0.77        50
     German shorthaired       0.81      0.94      0.87        50
         Great pyrenees       0.93      0.76      0.84        50
               Havanese       0.86      0.76      0.81        50
          Japanese chin       1.00      0.82      0.90        50
               Keeshond       0.85      1.00      0.92        50
             Leonberger       0.77      0.98      0.86        50
             Maine Coon       0.76      0.58      0.66        50
     Miniature pinscher       0.60      0.30      0.40        50
           Newfoundland       0.84      0.86      0.85        50
                Persian       0.97      0.58      0.72        50
             Pomeranian       0.92      0.70      0.80        50
                    Pug       1.00      0.82      0.90        50
                Ragdoll       0.71      0.48      0.57        50
           Russian blue       0.40      0.54      0.46        50
          Saint bernard       0.91      0.84      0.87        50
                Samoyed       0.67      0.98      0.80        50
       Scottish terrier       0.68      0.96      0.79        50
              Shiba inu       0.73      0.98      0.84        50
                Siamese       0.70      0.92      0.79        50
                 Sphynx       1.00      0.12      0.21        50
Staffordshire bull terr       0.38      0.78      0.51        45
        Wheaten terrier       0.83      0.78      0.80        50
      Yorkshire terrier       0.83      0.76      0.79        50

               accuracy                           0.72      1837
              macro avg       0.76      0.72      0.72      1837
           weighted avg       0.76      0.72      0.72      1837

Test accuracy: 0.724006532389766
The metadata of the previous execution is...
{'training_images_percentage': 0.05, 'epochs': 55, 'learning_rate': 0.001, 'batch_size': 16, 'data_augmentation': 'no', 'subject_driven_technique': 'textual-inversion', 'number_of_samples': 5, 'images_to_generate': 400, 'FID_threshold': 100, 'check_quality': False, 'path_to_dataset': '../../../../../../work3/s226536/datasets/oxford-iiit-pet', 'DATA_DIR': '../../../../../../work3/s226536/datasets'}

Preparing next execution...
Finished preparing next execution...
