Downloading https://thor.robots.ox.ac.uk/datasets/pets/images.tar.gz to ../../../../../../work3/s226536/datasets/oxford-iiit-pet/images.tar.gz
Extracting ../../../../../../work3/s226536/datasets/oxford-iiit-pet/images.tar.gz to ../../../../../../work3/s226536/datasets/oxford-iiit-pet
Downloading https://thor.robots.ox.ac.uk/datasets/pets/annotations.tar.gz to ../../../../../../work3/s226536/datasets/oxford-iiit-pet/annotations.tar.gz
Extracting ../../../../../../work3/s226536/datasets/oxford-iiit-pet/annotations.tar.gz to ../../../../../../work3/s226536/datasets/oxford-iiit-pet
Using randaugment for data augmentation
Using cuda device
Epoch 1
-------------------------------
Training loss: 3.894158  [16/180]
Training accuracy: 3.33 %
Validation loss: 3.798945
Validation accuracy: 1.75% 

Epoch 2
-------------------------------
Training loss: 3.895223  [16/180]
Training accuracy: 3.89 %
Validation loss: 3.732414
Validation accuracy: 1.64% 

Epoch 3
-------------------------------
Training loss: 3.696258  [16/180]
Training accuracy: 3.33 %
Validation loss: 3.686934
Validation accuracy: 2.40% 

Epoch 4
-------------------------------
Training loss: 3.539183  [16/180]
Training accuracy: 3.89 %
Validation loss: 3.640181
Validation accuracy: 3.11% 

Epoch 5
-------------------------------
Training loss: 3.637350  [16/180]
Training accuracy: 3.89 %
Validation loss: 3.604228
Validation accuracy: 4.59% 

Epoch 6
-------------------------------
Training loss: 3.663314  [16/180]
Training accuracy: 6.67 %
Validation loss: 3.568972
Validation accuracy: 5.40% 

Epoch 7
-------------------------------
Training loss: 3.515633  [16/180]
Training accuracy: 4.44 %
Validation loss: 3.539426
Validation accuracy: 5.84% 

Epoch 8
-------------------------------
Training loss: 3.544865  [16/180]
Training accuracy: 5.56 %
Validation loss: 3.506862
Validation accuracy: 6.60% 

Epoch 9
-------------------------------
Training loss: 3.302239  [16/180]
Training accuracy: 9.44 %
Validation loss: 3.485597
Validation accuracy: 7.15% 

Epoch 10
-------------------------------
Training loss: 3.462029  [16/180]
Training accuracy: 10.56 %
Validation loss: 3.453985
Validation accuracy: 8.41% 

Epoch 11
-------------------------------
Training loss: 3.357621  [16/180]
Training accuracy: 12.78 %
Validation loss: 3.423189
Validation accuracy: 8.95% 

Epoch 12
-------------------------------
Training loss: 3.256286  [16/180]
Training accuracy: 13.33 %
Validation loss: 3.395566
Validation accuracy: 9.83% 

Epoch 13
-------------------------------
Training loss: 3.309971  [16/180]
Training accuracy: 15.00 %
Validation loss: 3.371332
Validation accuracy: 11.19% 

Epoch 14
-------------------------------
Training loss: 3.391034  [16/180]
Training accuracy: 14.44 %
Validation loss: 3.344475
Validation accuracy: 12.17% 

Epoch 15
-------------------------------
Training loss: 3.283161  [16/180]
Training accuracy: 16.67 %
Validation loss: 3.319186
Validation accuracy: 12.99% 

Epoch 16
-------------------------------
Training loss: 3.155000  [16/180]
Training accuracy: 17.78 %
Validation loss: 3.294265
Validation accuracy: 14.85% 

Epoch 17
-------------------------------
Training loss: 3.121154  [16/180]
Training accuracy: 23.89 %
Validation loss: 3.269158
Validation accuracy: 16.32% 

Epoch 18
-------------------------------
Training loss: 3.071422  [16/180]
Training accuracy: 21.11 %
Validation loss: 3.242188
Validation accuracy: 17.47% 

Epoch 19
-------------------------------
Training loss: 3.101234  [16/180]
Training accuracy: 23.89 %
Validation loss: 3.221258
Validation accuracy: 17.96% 

Epoch 20
-------------------------------
Training loss: 3.165879  [16/180]
Training accuracy: 26.67 %
Validation loss: 3.196408
Validation accuracy: 19.60% 

Epoch 21
-------------------------------
Training loss: 3.036351  [16/180]
Training accuracy: 30.00 %
Validation loss: 3.168828
Validation accuracy: 21.12% 

Epoch 22
-------------------------------
Training loss: 2.991512  [16/180]
Training accuracy: 31.67 %
Validation loss: 3.137343
Validation accuracy: 23.58% 

Epoch 23
-------------------------------
Training loss: 3.091667  [16/180]
Training accuracy: 29.44 %
Validation loss: 3.120608
Validation accuracy: 23.03% 

Epoch 24
-------------------------------
Training loss: 3.121185  [16/180]
Training accuracy: 36.67 %
Validation loss: 3.100673
Validation accuracy: 24.18% 

Epoch 25
-------------------------------
Training loss: 2.874639  [16/180]
Training accuracy: 40.56 %
Validation loss: 3.078087
Validation accuracy: 25.60% 

Epoch 26
-------------------------------
Training loss: 2.863982  [16/180]
Training accuracy: 41.67 %
Validation loss: 3.053029
Validation accuracy: 26.80% 

Epoch 27
-------------------------------
Training loss: 2.657181  [16/180]
Training accuracy: 43.89 %
Validation loss: 3.034613
Validation accuracy: 28.11% 

Epoch 28
-------------------------------
Training loss: 2.882977  [16/180]
Training accuracy: 42.78 %
Validation loss: 3.010264
Validation accuracy: 29.91% 

Epoch 29
-------------------------------
Training loss: 2.813335  [16/180]
Training accuracy: 44.44 %
Validation loss: 2.985720
Validation accuracy: 30.79% 

Epoch 30
-------------------------------
Training loss: 2.998411  [16/180]
Training accuracy: 48.33 %
Validation loss: 2.956850
Validation accuracy: 31.88% 

Epoch 31
-------------------------------
Training loss: 2.835184  [16/180]
Training accuracy: 48.33 %
Validation loss: 2.941083
Validation accuracy: 32.91% 

Epoch 32
-------------------------------
Training loss: 2.789591  [16/180]
Training accuracy: 55.56 %
Validation loss: 2.924938
Validation accuracy: 34.12% 

Epoch 33
-------------------------------
Training loss: 2.509624  [16/180]
Training accuracy: 48.89 %
Validation loss: 2.898358
Validation accuracy: 33.46% 

Epoch 34
-------------------------------
Training loss: 2.755838  [16/180]
Training accuracy: 56.67 %
Validation loss: 2.890044
Validation accuracy: 35.10% 

Epoch 35
-------------------------------
Training loss: 2.721761  [16/180]
Training accuracy: 54.44 %
Validation loss: 2.862033
Validation accuracy: 36.14% 

Epoch 36
-------------------------------
Training loss: 2.684191  [16/180]
Training accuracy: 52.22 %
Validation loss: 2.835534
Validation accuracy: 38.37% 

Epoch 37
-------------------------------
Training loss: 2.654618  [16/180]
Training accuracy: 62.22 %
Validation loss: 2.815923
Validation accuracy: 38.54% 

Epoch 38
-------------------------------
Training loss: 2.521325  [16/180]
Training accuracy: 60.00 %
Validation loss: 2.794923
Validation accuracy: 39.85% 

Epoch 39
-------------------------------
Training loss: 2.622199  [16/180]
Training accuracy: 63.33 %
Validation loss: 2.782733
Validation accuracy: 41.16% 

Epoch 40
-------------------------------
Training loss: 2.459304  [16/180]
Training accuracy: 57.22 %
Validation loss: 2.758099
Validation accuracy: 42.03% 

Epoch 41
-------------------------------
Training loss: 2.746406  [16/180]
Training accuracy: 60.00 %
Validation loss: 2.734932
Validation accuracy: 42.09% 

Epoch 42
-------------------------------
Training loss: 2.518656  [16/180]
Training accuracy: 63.89 %
Validation loss: 2.717476
Validation accuracy: 43.45% 

Epoch 43
-------------------------------
Training loss: 2.438761  [16/180]
Training accuracy: 63.89 %
Validation loss: 2.704843
Validation accuracy: 44.49% 

Epoch 44
-------------------------------
Training loss: 2.467649  [16/180]
Training accuracy: 65.56 %
Validation loss: 2.680621
Validation accuracy: 44.49% 

Epoch 45
-------------------------------
Training loss: 2.391072  [16/180]
Training accuracy: 69.44 %
Validation loss: 2.661570
Validation accuracy: 45.52% 

Epoch 46
-------------------------------
Training loss: 2.368492  [16/180]
Training accuracy: 63.33 %
Validation loss: 2.643691
Validation accuracy: 45.80% 

Epoch 47
-------------------------------
Training loss: 2.375728  [16/180]
Training accuracy: 67.22 %
Validation loss: 2.624108
Validation accuracy: 47.11% 

Epoch 48
-------------------------------
Training loss: 2.523991  [16/180]
Training accuracy: 67.22 %
Validation loss: 2.604989
Validation accuracy: 47.38% 

Epoch 49
-------------------------------
Training loss: 2.147146  [16/180]
Training accuracy: 70.56 %
Validation loss: 2.602724
Validation accuracy: 48.47% 

Epoch 50
-------------------------------
Training loss: 2.528481  [16/180]
Training accuracy: 66.11 %
Validation loss: 2.559639
Validation accuracy: 49.89% 

Epoch 51
-------------------------------
Training loss: 2.624090  [16/180]
Training accuracy: 71.11 %
Validation loss: 2.553554
Validation accuracy: 50.93% 

Epoch 52
-------------------------------
Training loss: 2.176040  [16/180]
Training accuracy: 73.33 %
Validation loss: 2.542350
Validation accuracy: 51.31% 

Epoch 53
-------------------------------
Training loss: 2.299403  [16/180]
Training accuracy: 75.56 %
Validation loss: 2.514357
Validation accuracy: 52.07% 

Epoch 54
-------------------------------
Training loss: 2.260365  [16/180]
Training accuracy: 80.00 %
Validation loss: 2.506091
Validation accuracy: 52.62% 

Epoch 55
-------------------------------
Training loss: 2.163031  [16/180]
Training accuracy: 73.33 %
Validation loss: 2.483760
Validation accuracy: 53.38% 

Done!

Elapsed time: 635.3671526908875 seconds

                         precision    recall  f1-score   support

             Abyssinian       0.43      0.18      0.26        49
       American Bulldog       0.38      0.50      0.43        50
  American pitbull terr       0.30      0.42      0.35        50
           Basset hound       0.49      0.82      0.61        50
                 Beagle       0.69      0.54      0.61        50
                 Bengal       0.32      0.56      0.41        50
                 Birman       0.52      0.30      0.38        50
                 Bombay       0.67      0.70      0.69        44
                  Boxer       0.25      0.20      0.22        50
      British Shorthair       0.33      0.64      0.44        50
              Chihuahua       0.49      0.66      0.56        50
           Egyptian Mau       0.30      0.06      0.10        49
 English cocker spaniel       0.50      0.14      0.22        50
         English setter       0.48      0.20      0.28        50
     German shorthaired       0.45      0.90      0.60        50
         Great pyrenees       0.55      0.74      0.63        50
               Havanese       0.74      0.50      0.60        50
          Japanese chin       0.88      0.88      0.88        50
               Keeshond       0.77      0.92      0.84        50
             Leonberger       0.67      0.70      0.69        50
             Maine Coon       0.44      0.28      0.34        50
     Miniature pinscher       0.83      0.58      0.68        50
           Newfoundland       0.63      0.38      0.48        50
                Persian       0.64      0.68      0.66        50
             Pomeranian       0.86      0.36      0.51        50
                    Pug       0.70      0.66      0.68        50
                Ragdoll       0.39      0.68      0.50        50
           Russian blue       0.35      0.14      0.20        50
          Saint bernard       0.58      0.66      0.62        50
                Samoyed       0.84      0.74      0.79        50
       Scottish terrier       0.62      0.94      0.75        50
              Shiba inu       0.82      0.56      0.67        50
                Siamese       0.79      0.44      0.56        50
                 Sphynx       0.46      0.58      0.51        50
Staffordshire bull terr       0.53      0.47      0.49        45
        Wheaten terrier       0.66      0.84      0.74        50
      Yorkshire terrier       0.71      0.74      0.73        50

               accuracy                           0.55      1837
              macro avg       0.57      0.55      0.53      1837
           weighted avg       0.57      0.55      0.53      1837

Test accuracy: 0.5487207403375068
