60600
15150
25250
-------------------------------------
Generating 10 images for food apple_pie...

Elapsed time: 150.32692503929138 seconds

-------------------------------------
Generating 10 images for food baby_back_ribs...

Elapsed time: 18.025847673416138 seconds

-------------------------------------
Generating 10 images for food baklava...

Elapsed time: 18.042412996292114 seconds

-------------------------------------
Generating 10 images for food beef_carpaccio...

Elapsed time: 20.07209014892578 seconds

-------------------------------------
Generating 10 images for food beef_tartare...

Elapsed time: 18.36127996444702 seconds

-------------------------------------
Generating 10 images for food beet_salad...

Elapsed time: 18.42172074317932 seconds

-------------------------------------
Generating 10 images for food beignets...

Elapsed time: 18.125884532928467 seconds

-------------------------------------
Generating 10 images for food bibimbap...

Elapsed time: 18.664177417755127 seconds

-------------------------------------
Generating 10 images for food bread_pudding...

Elapsed time: 19.35868549346924 seconds

-------------------------------------
Generating 10 images for food breakfast_burrito...

Elapsed time: 18.265944480895996 seconds

-------------------------------------
Generating 10 images for food bruschetta...

Elapsed time: 17.99030876159668 seconds

-------------------------------------
Generating 10 images for food caesar_salad...

Elapsed time: 19.542803049087524 seconds

-------------------------------------
Generating 10 images for food cannoli...

Elapsed time: 18.545926094055176 seconds

-------------------------------------
Generating 10 images for food caprese_salad...

Elapsed time: 19.232295036315918 seconds

-------------------------------------
Generating 10 images for food carrot_cake...

Elapsed time: 18.461003303527832 seconds

-------------------------------------
Generating 10 images for food ceviche...

Elapsed time: 18.85499668121338 seconds

-------------------------------------
Generating 10 images for food cheesecake...

Elapsed time: 19.20644235610962 seconds

-------------------------------------
Generating 10 images for food cheese_plate...

Elapsed time: 18.52304768562317 seconds

-------------------------------------
Generating 10 images for food chicken_curry...

Elapsed time: 19.12638545036316 seconds

-------------------------------------
Generating 10 images for food chicken_quesadilla...

Elapsed time: 18.563650131225586 seconds

-------------------------------------
Generating 10 images for food chicken_wings...

Elapsed time: 20.264863967895508 seconds

-------------------------------------
Generating 10 images for food chocolate_cake...

Elapsed time: 18.050879955291748 seconds

-------------------------------------
Generating 10 images for food chocolate_mousse...

Elapsed time: 19.590652227401733 seconds

-------------------------------------
Generating 10 images for food churros...

Elapsed time: 18.561349153518677 seconds

-------------------------------------
Generating 10 images for food clam_chowder...

Elapsed time: 19.914459228515625 seconds

-------------------------------------
Generating 10 images for food club_sandwich...

Elapsed time: 19.08702063560486 seconds

-------------------------------------
Generating 10 images for food crab_cakes...

Elapsed time: 20.178658723831177 seconds

-------------------------------------
Generating 10 images for food creme_brulee...

Elapsed time: 19.25534439086914 seconds

-------------------------------------
Generating 10 images for food croque_madame...

Elapsed time: 18.238922119140625 seconds

-------------------------------------
Generating 10 images for food cup_cakes...

Elapsed time: 18.805078268051147 seconds

-------------------------------------
Generating 10 images for food deviled_eggs...

Elapsed time: 20.324419260025024 seconds

-------------------------------------
Generating 10 images for food donuts...

Elapsed time: 18.254798650741577 seconds

-------------------------------------
Generating 10 images for food dumplings...

Elapsed time: 20.287307739257812 seconds

-------------------------------------
Generating 10 images for food edamame...

Elapsed time: 19.521892547607422 seconds

-------------------------------------
Generating 10 images for food eggs_benedict...

Elapsed time: 18.855586767196655 seconds

-------------------------------------
Generating 10 images for food escargots...

Elapsed time: 18.18617033958435 seconds

-------------------------------------
Generating 10 images for food falafel...

Elapsed time: 19.549870491027832 seconds

-------------------------------------
Generating 10 images for food filet_mignon...

Elapsed time: 18.53665804862976 seconds

-------------------------------------
Generating 10 images for food fish_and_chips...

Elapsed time: 19.21412444114685 seconds

-------------------------------------
Generating 10 images for food foie_gras...

Elapsed time: 18.87414240837097 seconds

-------------------------------------
Generating 10 images for food french_fries...

Elapsed time: 19.251330852508545 seconds

-------------------------------------
Generating 10 images for food french_onion_soup...

Elapsed time: 18.687925815582275 seconds

-------------------------------------
Generating 10 images for food french_toast...

Elapsed time: 19.297267198562622 seconds

-------------------------------------
Generating 10 images for food fried_calamari...

Elapsed time: 18.359878540039062 seconds

-------------------------------------
Generating 10 images for food fried_rice...

Elapsed time: 19.56429100036621 seconds

-------------------------------------
Generating 10 images for food frozen_yogurt...

Elapsed time: 19.31944727897644 seconds

-------------------------------------
Generating 10 images for food garlic_bread...

Elapsed time: 18.679635524749756 seconds

-------------------------------------
Generating 10 images for food gnocchi...

Elapsed time: 18.91624355316162 seconds

-------------------------------------
Generating 10 images for food greek_salad...

Elapsed time: 19.060038805007935 seconds

-------------------------------------
Generating 10 images for food grilled_cheese_sandwich...

Elapsed time: 18.719836235046387 seconds

-------------------------------------
Generating 10 images for food grilled_salmon...

Elapsed time: 18.35840368270874 seconds

-------------------------------------
Generating 10 images for food guacamole...

Elapsed time: 18.961754083633423 seconds

-------------------------------------
Generating 10 images for food gyoza...

Elapsed time: 19.041933059692383 seconds

-------------------------------------
Generating 10 images for food hamburger...

Elapsed time: 19.12785053253174 seconds

-------------------------------------
Generating 10 images for food hot_and_sour_soup...

Elapsed time: 18.678348779678345 seconds

-------------------------------------
Generating 10 images for food hot_dog...

Elapsed time: 19.080991983413696 seconds

-------------------------------------
Generating 10 images for food huevos_rancheros...

Elapsed time: 18.35191297531128 seconds

-------------------------------------
Generating 10 images for food hummus...

Elapsed time: 19.145607948303223 seconds

-------------------------------------
Generating 10 images for food ice_cream...

Elapsed time: 18.9424991607666 seconds

-------------------------------------
Generating 10 images for food lasagna...

Elapsed time: 19.364768743515015 seconds

-------------------------------------
Generating 10 images for food lobster_bisque...

Elapsed time: 18.25277876853943 seconds

-------------------------------------
Generating 10 images for food lobster_roll_sandwich...

Elapsed time: 18.563748121261597 seconds

-------------------------------------
Generating 10 images for food macaroni_and_cheese...

Elapsed time: 19.041982412338257 seconds

-------------------------------------
Generating 10 images for food macarons...

Elapsed time: 18.282533645629883 seconds

-------------------------------------
Generating 10 images for food miso_soup...

Elapsed time: 19.06420612335205 seconds

-------------------------------------
Generating 10 images for food mussels...

Elapsed time: 18.168484210968018 seconds

-------------------------------------
Generating 10 images for food nachos...

Elapsed time: 18.289027452468872 seconds

-------------------------------------
Generating 10 images for food omelette...

Elapsed time: 18.230993032455444 seconds

-------------------------------------
Generating 10 images for food onion_rings...

Elapsed time: 18.599409818649292 seconds

-------------------------------------
Generating 10 images for food oysters...

Elapsed time: 19.164458513259888 seconds

-------------------------------------
Generating 10 images for food pad_thai...

Elapsed time: 18.24082112312317 seconds

-------------------------------------
Generating 10 images for food paella...

Elapsed time: 18.350104093551636 seconds

-------------------------------------
Generating 10 images for food pancakes...

Elapsed time: 18.308852672576904 seconds

-------------------------------------
Generating 10 images for food panna_cotta...

Elapsed time: 18.417518138885498 seconds

-------------------------------------
Generating 10 images for food peking_duck...

Elapsed time: 18.317221641540527 seconds

-------------------------------------
Generating 10 images for food pho...

Elapsed time: 18.804336071014404 seconds

-------------------------------------
Generating 10 images for food pizza...

Elapsed time: 18.343034505844116 seconds

-------------------------------------
Generating 10 images for food pork_chop...

Elapsed time: 18.65114450454712 seconds

-------------------------------------
Generating 10 images for food poutine...

Elapsed time: 18.688968896865845 seconds

-------------------------------------
Generating 10 images for food prime_rib...

Elapsed time: 18.33516788482666 seconds

-------------------------------------
Generating 10 images for food pulled_pork_sandwich...

Elapsed time: 18.42121124267578 seconds

-------------------------------------
Generating 10 images for food ramen...

Elapsed time: 19.0661940574646 seconds

-------------------------------------
Generating 10 images for food ravioli...

Elapsed time: 18.72040820121765 seconds

-------------------------------------
Generating 10 images for food red_velvet_cake...

Elapsed time: 19.02332329750061 seconds

-------------------------------------
Generating 10 images for food risotto...

Elapsed time: 18.497596979141235 seconds

-------------------------------------
Generating 10 images for food samosa...

Elapsed time: 18.453349828720093 seconds

-------------------------------------
Generating 10 images for food sashimi...

Elapsed time: 18.768425703048706 seconds

-------------------------------------
Generating 10 images for food scallops...

Elapsed time: 19.34005379676819 seconds

-------------------------------------
Generating 10 images for food seaweed_salad...

Elapsed time: 19.117249488830566 seconds

-------------------------------------
Generating 10 images for food shrimp_and_grits...

Elapsed time: 19.774009704589844 seconds

-------------------------------------
Generating 10 images for food spaghetti_bolognese...

Elapsed time: 18.56727123260498 seconds

-------------------------------------
Generating 10 images for food spaghetti_carbonara...

Elapsed time: 18.4876127243042 seconds

-------------------------------------
Generating 10 images for food spring_rolls...

Elapsed time: 18.654271125793457 seconds

-------------------------------------
Generating 10 images for food steak...

Elapsed time: 19.067779064178467 seconds

-------------------------------------
Generating 10 images for food strawberry_shortcake...

Elapsed time: 18.853047132492065 seconds

-------------------------------------
Generating 10 images for food sushi...

Elapsed time: 19.963560819625854 seconds

-------------------------------------
Generating 10 images for food tacos...

Elapsed time: 18.52113938331604 seconds

-------------------------------------
Generating 10 images for food takoyaki...

Elapsed time: 18.746588230133057 seconds

-------------------------------------
Generating 10 images for food tiramisu...

Elapsed time: 18.951456308364868 seconds

-------------------------------------
Generating 10 images for food tuna_tartare...

Elapsed time: 18.55700707435608 seconds

-------------------------------------
Generating 10 images for food waffles...

Elapsed time: 18.517123222351074 seconds

Not using data augmentation
Using cuda device
Epoch 1
-------------------------------
Training loss: 5.095435  [16/4060]
Training loss: 4.671131  [1616/4060]
Training loss: 4.650913  [3216/4060]
Training accuracy: 1.40 %
Validation loss: 4.670132
Validation accuracy: 1.33% 

Epoch 2
-------------------------------
Training loss: 4.704639  [16/4060]
Training loss: 4.724470  [1616/4060]
Training loss: 4.636487  [3216/4060]
Training accuracy: 2.22 %
Validation loss: 4.592692
Validation accuracy: 2.00% 

Epoch 3
-------------------------------
Training loss: 4.450038  [16/4060]
Training loss: 4.687887  [1616/4060]
Training loss: 4.586872  [3216/4060]
Training accuracy: 3.99 %
Validation loss: 4.528296
Validation accuracy: 3.10% 

Epoch 4
-------------------------------
Training loss: 4.498525  [16/4060]
Training loss: 4.591739  [1616/4060]
Training loss: 4.401560  [3216/4060]
Training accuracy: 5.94 %
Validation loss: 4.461960
Validation accuracy: 4.21% 

Epoch 5
-------------------------------
Training loss: 4.334348  [16/4060]
Training loss: 4.184833  [1616/4060]
Training loss: 4.384319  [3216/4060]
Training accuracy: 7.41 %
Validation loss: 4.401637
Validation accuracy: 5.68% 

Epoch 6
-------------------------------
Training loss: 4.453057  [16/4060]
Training loss: 4.237934  [1616/4060]
Training loss: 4.181240  [3216/4060]
Training accuracy: 10.44 %
Validation loss: 4.338843
Validation accuracy: 7.42% 

Epoch 7
-------------------------------
Training loss: 4.230181  [16/4060]
Training loss: 4.035512  [1616/4060]
Training loss: 4.197763  [3216/4060]
Training accuracy: 12.88 %
Validation loss: 4.283707
Validation accuracy: 9.16% 

Epoch 8
-------------------------------
Training loss: 4.156417  [16/4060]
Training loss: 4.080051  [1616/4060]
Training loss: 3.985641  [3216/4060]
Training accuracy: 15.57 %
Validation loss: 4.225362
Validation accuracy: 10.83% 

Epoch 9
-------------------------------
Training loss: 3.793399  [16/4060]
Training loss: 3.872461  [1616/4060]
Training loss: 4.090659  [3216/4060]
Training accuracy: 18.25 %
Validation loss: 4.170972
Validation accuracy: 12.55% 

Epoch 10
-------------------------------
Training loss: 3.996499  [16/4060]
Training loss: 4.111476  [1616/4060]
Training loss: 3.963463  [3216/4060]
Training accuracy: 20.59 %
Validation loss: 4.116709
Validation accuracy: 14.63% 

Epoch 11
-------------------------------
Training loss: 3.782115  [16/4060]
Training loss: 3.827910  [1616/4060]
Training loss: 3.861241  [3216/4060]
Training accuracy: 22.39 %
Validation loss: 4.062498
Validation accuracy: 15.64% 

Epoch 12
-------------------------------
Training loss: 3.795658  [16/4060]
Training loss: 3.793037  [1616/4060]
Training loss: 3.883438  [3216/4060]
Training accuracy: 25.34 %
Validation loss: 4.010549
Validation accuracy: 16.98% 

Epoch 13
-------------------------------
Training loss: 3.716524  [16/4060]
Training loss: 3.838498  [1616/4060]
Training loss: 3.823181  [3216/4060]
Training accuracy: 27.36 %
Validation loss: 3.963574
Validation accuracy: 18.09% 

Epoch 14
-------------------------------
Training loss: 3.582050  [16/4060]
Training loss: 3.612353  [1616/4060]
Training loss: 3.690086  [3216/4060]
Training accuracy: 28.77 %
Validation loss: 3.911078
Validation accuracy: 19.51% 

Epoch 15
-------------------------------
Training loss: 3.621259  [16/4060]
Training loss: 3.579314  [1616/4060]
Training loss: 3.448838  [3216/4060]
Training accuracy: 31.55 %
Validation loss: 3.878802
Validation accuracy: 20.51% 

Epoch 16
-------------------------------
Training loss: 3.323755  [16/4060]
Training loss: 3.626231  [1616/4060]
Training loss: 3.599771  [3216/4060]
Training accuracy: 32.14 %
Validation loss: 3.827727
Validation accuracy: 21.41% 

Epoch 17
-------------------------------
Training loss: 3.558491  [16/4060]
Training loss: 3.404423  [1616/4060]
Training loss: 3.654863  [3216/4060]
Training accuracy: 34.46 %
Validation loss: 3.774594
Validation accuracy: 22.74% 

Epoch 18
-------------------------------
Training loss: 3.715013  [16/4060]
Training loss: 3.752553  [1616/4060]
Training loss: 2.987694  [3216/4060]
Training accuracy: 35.94 %
Validation loss: 3.742114
Validation accuracy: 23.84% 

Epoch 19
-------------------------------
Training loss: 3.027445  [16/4060]
Training loss: 3.465408  [1616/4060]
Training loss: 3.471972  [3216/4060]
Training accuracy: 37.32 %
Validation loss: 3.709819
Validation accuracy: 24.15% 

Epoch 20
-------------------------------
Training loss: 3.562198  [16/4060]
Training loss: 3.464171  [1616/4060]
Training loss: 2.921078  [3216/4060]
Training accuracy: 38.57 %
Validation loss: 3.677346
Validation accuracy: 24.73% 

Epoch 21
-------------------------------
Training loss: 3.295908  [16/4060]
Training loss: 2.882898  [1616/4060]
Training loss: 3.489618  [3216/4060]
Training accuracy: 39.63 %
Validation loss: 3.635239
Validation accuracy: 25.58% 

Epoch 22
-------------------------------
Training loss: 3.340740  [16/4060]
Training loss: 2.923905  [1616/4060]
Training loss: 3.246386  [3216/4060]
Training accuracy: 40.47 %
Validation loss: 3.589678
Validation accuracy: 26.28% 

Epoch 23
-------------------------------
Training loss: 3.411903  [16/4060]
Training loss: 3.356219  [1616/4060]
Training loss: 3.448688  [3216/4060]
Training accuracy: 41.85 %
Validation loss: 3.565544
Validation accuracy: 26.26% 

Epoch 24
-------------------------------
Training loss: 3.252766  [16/4060]
Training loss: 3.439819  [1616/4060]
Training loss: 3.061747  [3216/4060]
Training accuracy: 43.00 %
Validation loss: 3.518083
Validation accuracy: 27.55% 

Epoch 25
-------------------------------
Training loss: 2.973788  [16/4060]
Training loss: 3.056679  [1616/4060]
Training loss: 3.663392  [3216/4060]
Training accuracy: 44.11 %
Validation loss: 3.503280
Validation accuracy: 27.66% 

Epoch 26
-------------------------------
Training loss: 3.378861  [16/4060]
Training loss: 2.793791  [1616/4060]
Training loss: 3.310344  [3216/4060]
Training accuracy: 44.83 %
Validation loss: 3.489955
Validation accuracy: 27.85% 

Epoch 27
-------------------------------
Training loss: 3.592869  [16/4060]
Training loss: 2.921655  [1616/4060]
Training loss: 3.132169  [3216/4060]
Training accuracy: 45.62 %
Validation loss: 3.436567
Validation accuracy: 28.69% 

Epoch 28
-------------------------------
Training loss: 3.267911  [16/4060]
Training loss: 2.791092  [1616/4060]
Training loss: 2.895437  [3216/4060]
Training accuracy: 46.48 %
Validation loss: 3.428570
Validation accuracy: 28.97% 

Epoch 29
-------------------------------
Training loss: 2.702242  [16/4060]
Training loss: 3.099203  [1616/4060]
Training loss: 3.052784  [3216/4060]
Training accuracy: 46.65 %
Validation loss: 3.379839
Validation accuracy: 29.65% 

Epoch 30
-------------------------------
Training loss: 3.079722  [16/4060]
Training loss: 2.712858  [1616/4060]
Training loss: 3.070150  [3216/4060]
Training accuracy: 47.96 %
Validation loss: 3.357768
Validation accuracy: 29.95% 

Epoch 31
-------------------------------
Training loss: 2.717355  [16/4060]
Training loss: 2.853551  [1616/4060]
Training loss: 3.012189  [3216/4060]
Training accuracy: 47.93 %
Validation loss: 3.340652
Validation accuracy: 29.99% 

Epoch 32
-------------------------------
Training loss: 2.825061  [16/4060]
Training loss: 3.190213  [1616/4060]
Training loss: 2.917179  [3216/4060]
Training accuracy: 49.19 %
Validation loss: 3.313479
Validation accuracy: 30.20% 

Epoch 33
-------------------------------
Training loss: 3.324096  [16/4060]
Training loss: 2.650188  [1616/4060]
Training loss: 2.776748  [3216/4060]
Training accuracy: 49.70 %
Validation loss: 3.292610
Validation accuracy: 30.94% 

Epoch 34
-------------------------------
Training loss: 2.340237  [16/4060]
Training loss: 3.145119  [1616/4060]
Training loss: 3.000388  [3216/4060]
Training accuracy: 50.54 %
Validation loss: 3.247882
Validation accuracy: 31.39% 

Epoch 35
-------------------------------
Training loss: 2.656452  [16/4060]
Training loss: 2.636528  [1616/4060]
Training loss: 2.797601  [3216/4060]
Training accuracy: 50.89 %
Validation loss: 3.231236
Validation accuracy: 31.57% 

Epoch 36
-------------------------------
Training loss: 2.989104  [16/4060]
Training loss: 3.294782  [1616/4060]
Training loss: 2.590411  [3216/4060]
Training accuracy: 51.40 %
Validation loss: 3.214903
Validation accuracy: 31.81% 

Epoch 37
-------------------------------
Training loss: 2.900953  [16/4060]
Training loss: 2.742857  [1616/4060]
Training loss: 2.570242  [3216/4060]
Training accuracy: 51.63 %
Validation loss: 3.203018
Validation accuracy: 31.99% 

Epoch 38
-------------------------------
Training loss: 2.712605  [16/4060]
Training loss: 2.641670  [1616/4060]
Training loss: 2.479945  [3216/4060]
Training accuracy: 52.22 %
Validation loss: 3.161957
Validation accuracy: 32.26% 

Epoch 39
-------------------------------
Training loss: 2.494726  [16/4060]
Training loss: 2.805737  [1616/4060]
Training loss: 2.502418  [3216/4060]
Training accuracy: 52.51 %
Validation loss: 3.148938
Validation accuracy: 32.30% 

Epoch 40
-------------------------------
Training loss: 3.256698  [16/4060]
Training loss: 2.021947  [1616/4060]
Training loss: 2.639734  [3216/4060]
Training accuracy: 52.51 %
Validation loss: 3.161067
Validation accuracy: 32.18% 

Epoch 41
-------------------------------
Training loss: 2.816802  [16/4060]
Training loss: 2.905946  [1616/4060]
Training loss: 2.387126  [3216/4060]
Training accuracy: 53.94 %
Validation loss: 3.105322
Validation accuracy: 32.82% 

Epoch 42
-------------------------------
Training loss: 3.009263  [16/4060]
Training loss: 2.706864  [1616/4060]
Training loss: 2.865402  [3216/4060]
Training accuracy: 53.92 %
Validation loss: 3.100362
Validation accuracy: 32.97% 

Epoch 43
-------------------------------
Training loss: 2.998844  [16/4060]
Training loss: 3.172294  [1616/4060]
Training loss: 2.502728  [3216/4060]
Training accuracy: 54.68 %
Validation loss: 3.087972
Validation accuracy: 33.12% 

Epoch 44
-------------------------------
Training loss: 2.945352  [16/4060]
Training loss: 2.270384  [1616/4060]
Training loss: 2.339484  [3216/4060]
Training accuracy: 55.67 %
Validation loss: 3.054419
Validation accuracy: 33.51% 

Epoch 45
-------------------------------
Training loss: 2.487415  [16/4060]
Training loss: 2.552577  [1616/4060]
Training loss: 2.131444  [3216/4060]
Training accuracy: 55.69 %
Validation loss: 3.052845
Validation accuracy: 33.69% 

Epoch 46
-------------------------------
Training loss: 2.405398  [16/4060]
Training loss: 2.323957  [1616/4060]
Training loss: 2.044196  [3216/4060]
Training accuracy: 55.71 %
Validation loss: 3.027973
Validation accuracy: 33.58% 

Epoch 47
-------------------------------
Training loss: 2.451986  [16/4060]
Training loss: 2.652343  [1616/4060]
Training loss: 2.524072  [3216/4060]
Training accuracy: 55.81 %
Validation loss: 3.031756
Validation accuracy: 33.67% 

Epoch 48
-------------------------------
Training loss: 2.384732  [16/4060]
Training loss: 3.115866  [1616/4060]
Training loss: 2.568069  [3216/4060]
Training accuracy: 56.65 %
Validation loss: 3.016770
Validation accuracy: 33.60% 

Epoch 49
-------------------------------
Training loss: 1.901049  [16/4060]
Training loss: 2.774683  [1616/4060]
Training loss: 2.331690  [3216/4060]
Training accuracy: 55.52 %
Validation loss: 2.984247
Validation accuracy: 34.24% 

Epoch 50
-------------------------------
Training loss: 1.959268  [16/4060]
Training loss: 2.576181  [1616/4060]
Training loss: 2.190529  [3216/4060]
Training accuracy: 57.09 %
Validation loss: 2.996516
Validation accuracy: 33.96% 

Epoch 51
-------------------------------
Training loss: 2.428413  [16/4060]
Training loss: 2.277610  [1616/4060]
Training loss: 2.638280  [3216/4060]
Training accuracy: 57.04 %
Validation loss: 2.977848
Validation accuracy: 34.36% 

Epoch 52
-------------------------------
Training loss: 2.692203  [16/4060]
Training loss: 1.785108  [1616/4060]
Training loss: 2.281111  [3216/4060]
Training accuracy: 57.14 %
Validation loss: 2.983722
Validation accuracy: 34.15% 

Epoch 53
-------------------------------
Training loss: 2.263510  [16/4060]
Training loss: 2.644552  [1616/4060]
Training loss: 2.125207  [3216/4060]
Training accuracy: 57.24 %
Validation loss: 2.943955
Validation accuracy: 34.66% 

Epoch 54
-------------------------------
Training loss: 2.405474  [16/4060]
Training loss: 2.289698  [1616/4060]
Training loss: 2.310534  [3216/4060]
Training accuracy: 58.13 %
Validation loss: 2.949939
Validation accuracy: 34.71% 

Epoch 55
-------------------------------
Training loss: 2.399407  [16/4060]
Training loss: 2.118144  [1616/4060]
Training loss: 2.371187  [3216/4060]
Training accuracy: 57.83 %
Validation loss: 2.914902
Validation accuracy: 35.19% 

Done!

Elapsed time: 10130.134510755539 seconds

Current time: 23:11:22
                         precision    recall  f1-score   support

              apple_pie       0.17      0.07      0.10       250
         baby_back_ribs       0.33      0.28      0.31       250
                baklava       0.40      0.26      0.32       250
         beef_carpaccio       0.29      0.35      0.32       250
           beef_tartare       0.22      0.12      0.16       250
             beet_salad       0.19      0.27      0.22       250
               beignets       0.60      0.54      0.57       250
               bibimbap       0.46      0.63      0.53       250
          bread_pudding       0.21      0.18      0.19       250
      breakfast_burrito       0.31      0.41      0.35       250
             bruschetta       0.22      0.15      0.18       250
           caesar_salad       0.25      0.50      0.33       250
                cannoli       0.35      0.22      0.27       250
          caprese_salad       0.33      0.24      0.28       250
            carrot_cake       0.34      0.36      0.35       250
                ceviche       0.23      0.07      0.10       250
             cheesecake       0.26      0.42      0.33       250
           cheese_plate       0.28      0.18      0.22       250
          chicken_curry       0.19      0.10      0.13       250
     chicken_quesadilla       0.27      0.33      0.30       250
          chicken_wings       0.41      0.53      0.46       250
         chocolate_cake       0.32      0.24      0.27       250
       chocolate_mousse       0.24      0.25      0.24       250
                churros       0.45      0.49      0.47       250
           clam_chowder       0.39      0.70      0.50       250
          club_sandwich       0.40      0.51      0.45       250
             crab_cakes       0.21      0.16      0.18       250
           creme_brulee       0.52      0.46      0.48       250
          croque_madame       0.48      0.25      0.33       250
              cup_cakes       0.60      0.57      0.58       250
           deviled_eggs       0.43      0.52      0.47       250
                 donuts       0.55      0.51      0.53       250
              dumplings       0.65      0.76      0.70       250
                edamame       0.69      0.92      0.79       250
          eggs_benedict       0.40      0.52      0.45       250
              escargots       0.51      0.43      0.47       250
                falafel       0.31      0.36      0.33       250
           filet_mignon       0.19      0.16      0.17       250
         fish_and_chips       0.42      0.49      0.45       250
              foie_gras       0.23      0.12      0.16       250
           french_fries       0.48      0.73      0.58       250
      french_onion_soup       0.40      0.54      0.46       250
           french_toast       0.26      0.30      0.28       250
         fried_calamari       0.34      0.44      0.39       250
             fried_rice       0.38      0.63      0.48       250
          frozen_yogurt       0.43      0.73      0.54       250
           garlic_bread       0.31      0.46      0.37       250
                gnocchi       0.29      0.20      0.24       250
            greek_salad       0.35      0.45      0.39       250
grilled_cheese_sandwich       0.33      0.23      0.27       250
         grilled_salmon       0.35      0.12      0.18       250
              guacamole       0.53      0.62      0.57       250
                  gyoza       0.46      0.25      0.32       250
              hamburger       0.43      0.52      0.47       250
      hot_and_sour_soup       0.47      0.80      0.59       250
                hot_dog       0.56      0.60      0.58       250
       huevos_rancheros       0.21      0.07      0.10       250
                 hummus       0.21      0.12      0.15       250
              ice_cream       0.45      0.27      0.34       250
                lasagna       0.21      0.35      0.26       250
         lobster_bisque       0.42      0.60      0.50       250
  lobster_roll_sandwich       0.36      0.32      0.34       250
    macaroni_and_cheese       0.46      0.36      0.40       250
               macarons       0.64      0.74      0.69       250
              miso_soup       0.58      0.62      0.60       250
                mussels       0.57      0.75      0.65       250
                 nachos       0.25      0.29      0.27       250
               omelette       0.21      0.19      0.20       250
            onion_rings       0.61      0.66      0.63       250
                oysters       0.58      0.77      0.66       250
               pad_thai       0.53      0.60      0.56       250
                 paella       0.30      0.31      0.31       250
               pancakes       0.42      0.25      0.32       250
            panna_cotta       0.26      0.29      0.27       250
            peking_duck       0.36      0.10      0.16       250
                    pho       0.58      0.58      0.58       250
                  pizza       0.44      0.76      0.56       250
              pork_chop       0.17      0.31      0.22       250
                poutine       0.40      0.47      0.43       250
              prime_rib       0.39      0.29      0.33       250
   pulled_pork_sandwich       0.53      0.22      0.31       250
                  ramen       0.36      0.26      0.30       250
                ravioli       0.14      0.02      0.04       250
        red_velvet_cake       0.41      0.62      0.49       250
                risotto       0.27      0.17      0.21       250
                 samosa       0.38      0.43      0.40       250
                sashimi       0.66      0.58      0.61       250
               scallops       0.19      0.11      0.14       250
          seaweed_salad       0.41      0.54      0.47       250
       shrimp_and_grits       0.28      0.30      0.29       250
    spaghetti_bolognese       0.53      0.53      0.53       250
    spaghetti_carbonara       0.53      0.80      0.64       250
           spring_rolls       0.50      0.41      0.45       250
                  steak       0.13      0.07      0.09       250
   strawberry_shortcake       0.38      0.44      0.41       250
                  sushi       0.28      0.23      0.26       250
                  tacos       0.19      0.14      0.16       250
               takoyaki       0.43      0.16      0.23       250
               tiramisu       0.27      0.21      0.24       250
           tuna_tartare       0.20      0.18      0.19       250
                waffles       0.75      0.45      0.56       250

               accuracy                           0.39     25250
              macro avg       0.38      0.39      0.37     25250
           weighted avg       0.38      0.39      0.37     25250

Test accuracy: 0.3877623762376238
The metadata of the previous execution is...
{'training_images_percentage': 0.05, 'epochs': 55, 'learning_rate': 0.001, 'batch_size': 16, 'data_augmentation': 'no', 'subject_driven_technique': 'stable-diffusion-prompt', 'number_of_samples': 5, 'images_to_generate': 10, 'path_to_dataset': '../../../../../../work3/s226536/datasets/food-101', 'DATA_DIR': '../../../../../../work3/s226536/datasets'}

Preparing next execution...
Finished preparing next execution...
