Downloading https://thor.robots.ox.ac.uk/datasets/pets/images.tar.gz to ../../../../../../work3/s226536/datasets/oxford-iiit-pet/images.tar.gz
Extracting ../../../../../../work3/s226536/datasets/oxford-iiit-pet/images.tar.gz to ../../../../../../work3/s226536/datasets/oxford-iiit-pet
Downloading https://thor.robots.ox.ac.uk/datasets/pets/annotations.tar.gz to ../../../../../../work3/s226536/datasets/oxford-iiit-pet/annotations.tar.gz
Extracting ../../../../../../work3/s226536/datasets/oxford-iiit-pet/annotations.tar.gz to ../../../../../../work3/s226536/datasets/oxford-iiit-pet
-------------------------------------
Generating 50 images for breed Abyssinian...

Elapsed time: 666.1268935203552 seconds

-------------------------------------
Generating 50 images for breed american_bulldog...

Elapsed time: 372.92357897758484 seconds

-------------------------------------
Generating 50 images for breed american_pit_bull_terrier...

Elapsed time: 376.72488808631897 seconds

-------------------------------------
Generating 50 images for breed basset_hound...

Elapsed time: 372.0412929058075 seconds

-------------------------------------
Generating 50 images for breed beagle...

Elapsed time: 377.8903293609619 seconds

-------------------------------------
Generating 50 images for breed Bengal...

Elapsed time: 374.13499546051025 seconds

-------------------------------------
Generating 50 images for breed Birman...

Elapsed time: 377.5155110359192 seconds

-------------------------------------
Generating 50 images for breed Bombay...

Elapsed time: 409.648309469223 seconds

-------------------------------------
Generating 50 images for breed boxer...

Elapsed time: 373.6534113883972 seconds

-------------------------------------
Generating 50 images for breed British_Shorthair...

Elapsed time: 380.4402868747711 seconds

-------------------------------------
Generating 50 images for breed chihuahua...

Elapsed time: 367.41745233535767 seconds

-------------------------------------
Generating 50 images for breed Egyptian_Mau...

Not using data augmentation
Using cuda device
Epoch 1
-------------------------------
Training loss: 3.779905  [16/2351]
Training loss: 3.304220  [1616/2351]
Training accuracy: 14.08 %
Validation loss: 3.405643
Validation accuracy: 12.55% 

Epoch 2
-------------------------------
Training loss: 3.223972  [16/2351]
Training loss: 3.032192  [1616/2351]
Training accuracy: 25.82 %
Validation loss: 3.090445
Validation accuracy: 24.29% 

Epoch 3
-------------------------------
Training loss: 3.426176  [16/2351]
Training loss: 2.904922  [1616/2351]
Training accuracy: 37.18 %
Validation loss: 2.794596
Validation accuracy: 36.84% 

Epoch 4
-------------------------------
Training loss: 2.746378  [16/2351]
Training loss: 2.862497  [1616/2351]
Training accuracy: 47.38 %
Validation loss: 2.531449
Validation accuracy: 46.89% 

Epoch 5
-------------------------------
Training loss: 2.437727  [16/2351]
Training loss: 2.471189  [1616/2351]
Training accuracy: 55.42 %
Validation loss: 2.312502
Validation accuracy: 54.75% 

Epoch 6
-------------------------------
Training loss: 2.227339  [16/2351]
Training loss: 2.061416  [1616/2351]
Training accuracy: 61.72 %
Validation loss: 2.102917
Validation accuracy: 61.84% 

Epoch 7
-------------------------------
Training loss: 1.988654  [16/2351]
Training loss: 2.176653  [1616/2351]
Training accuracy: 68.18 %
Validation loss: 1.936096
Validation accuracy: 66.70% 

Epoch 8
-------------------------------
Training loss: 1.687519  [16/2351]
Training loss: 1.834735  [1616/2351]
Training accuracy: 70.44 %
Validation loss: 1.788644
Validation accuracy: 70.69% 

Epoch 9
-------------------------------
Training loss: 2.141720  [16/2351]
Training loss: 1.681104  [1616/2351]
Training accuracy: 72.27 %
Validation loss: 1.635581
Validation accuracy: 73.09% 

Epoch 10
-------------------------------
Training loss: 1.707835  [16/2351]
Training loss: 1.589821  [1616/2351]
Training accuracy: 75.63 %
Validation loss: 1.510114
Validation accuracy: 75.71% 

Epoch 11
-------------------------------
Training loss: 1.285715  [16/2351]
Training loss: 1.472063  [1616/2351]
Training accuracy: 77.97 %
Validation loss: 1.431557
Validation accuracy: 77.24% 

Epoch 12
-------------------------------
Training loss: 1.960499  [16/2351]
Training loss: 1.188883  [1616/2351]
Training accuracy: 78.90 %
Validation loss: 1.316847
Validation accuracy: 77.89% 

Epoch 13
-------------------------------
Training loss: 1.356704  [16/2351]
Training loss: 0.953708  [1616/2351]
Training accuracy: 79.88 %
Validation loss: 1.256354
Validation accuracy: 78.88% 

Epoch 14
-------------------------------
Training loss: 1.262205  [16/2351]
Training loss: 1.409727  [1616/2351]
Training accuracy: 80.69 %
Validation loss: 1.174313
Validation accuracy: 80.29% 

Epoch 15
-------------------------------
Training loss: 0.920951  [16/2351]
Training loss: 1.169676  [1616/2351]
Training accuracy: 82.22 %
Validation loss: 1.133740
Validation accuracy: 80.95% 

Epoch 16
-------------------------------
Training loss: 1.129309  [16/2351]
Training loss: 1.181760  [1616/2351]
Training accuracy: 83.45 %
Validation loss: 1.067201
Validation accuracy: 81.44% 

Epoch 17
-------------------------------
Training loss: 1.289174  [16/2351]
Training loss: 0.869690  [1616/2351]
Training accuracy: 83.28 %
Validation loss: 1.016136
Validation accuracy: 82.15% 

Epoch 18
-------------------------------
Training loss: 1.125732  [16/2351]
Training loss: 1.069827  [1616/2351]
Training accuracy: 84.47 %
Validation loss: 0.979604
Validation accuracy: 83.30% 

Epoch 19
-------------------------------
Training loss: 1.068753  [16/2351]
Training loss: 0.761821  [1616/2351]
Training accuracy: 84.99 %
Validation loss: 0.934531
Validation accuracy: 83.13% 

Epoch 20
-------------------------------
Training loss: 0.978149  [16/2351]
Training loss: 0.691944  [1616/2351]
Training accuracy: 84.90 %
Validation loss: 0.908773
Validation accuracy: 84.06% 

Epoch 21
-------------------------------
Training loss: 1.016176  [16/2351]
Training loss: 0.980262  [1616/2351]
Training accuracy: 85.92 %
Validation loss: 0.868286
Validation accuracy: 84.50% 

Epoch 22
-------------------------------
Training loss: 0.900396  [16/2351]
Training loss: 0.718141  [1616/2351]
Training accuracy: 85.33 %
Validation loss: 0.856276
Validation accuracy: 83.84% 

Epoch 23
-------------------------------
Training loss: 0.885394  [16/2351]
Training loss: 0.791093  [1616/2351]
Training accuracy: 86.64 %
Validation loss: 0.821153
Validation accuracy: 84.39% 

Epoch 24
-------------------------------
Training loss: 0.607395  [16/2351]
Training loss: 0.965626  [1616/2351]
Training accuracy: 86.35 %
Validation loss: 0.785342
Validation accuracy: 84.93% 

Epoch 25
-------------------------------
Training loss: 1.023097  [16/2351]
Training loss: 0.722752  [1616/2351]
Training accuracy: 86.39 %
Validation loss: 0.785706
Validation accuracy: 84.72% 

Epoch 26
-------------------------------
Training loss: 0.840198  [16/2351]
Training loss: 0.925697  [1616/2351]
Training accuracy: 86.43 %
Validation loss: 0.775576
Validation accuracy: 85.10% 

Epoch 27
-------------------------------
Training loss: 0.700517  [16/2351]
Training loss: 0.743703  [1616/2351]
Training accuracy: 87.88 %
Validation loss: 0.730616
Validation accuracy: 85.70% 

Epoch 28
-------------------------------
Training loss: 0.837242  [16/2351]
Training loss: 0.604159  [1616/2351]
Training accuracy: 87.66 %
Validation loss: 0.722482
Validation accuracy: 85.59% 

Epoch 29
-------------------------------
Training loss: 0.728581  [16/2351]
Training loss: 0.729619  [1616/2351]
Training accuracy: 88.26 %
Validation loss: 0.710323
Validation accuracy: 86.19% 

Epoch 30
-------------------------------
Training loss: 0.737707  [16/2351]
Training loss: 0.627408  [1616/2351]
Training accuracy: 88.47 %
Validation loss: 0.703498
Validation accuracy: 85.70% 

Epoch 31
-------------------------------
Training loss: 0.645399  [16/2351]
Training loss: 0.801448  [1616/2351]
Training accuracy: 87.96 %
Validation loss: 0.686398
Validation accuracy: 85.37% 

Epoch 32
-------------------------------
Training loss: 0.950057  [16/2351]
Training loss: 0.755792  [1616/2351]
Training accuracy: 87.79 %
Validation loss: 0.671957
Validation accuracy: 86.14% 

Epoch 33
-------------------------------
Training loss: 0.532969  [16/2351]
Training loss: 0.600301  [1616/2351]
Training accuracy: 88.13 %
Validation loss: 0.665895
Validation accuracy: 86.57% 

Epoch 34
-------------------------------
Training loss: 0.755247  [16/2351]
Training loss: 0.614951  [1616/2351]
Training accuracy: 88.90 %
Validation loss: 0.649336
Validation accuracy: 86.52% 

Epoch 35
-------------------------------
Training loss: 0.737493  [16/2351]
Training loss: 0.869763  [1616/2351]
Training accuracy: 88.69 %
Validation loss: 0.634103
Validation accuracy: 86.90% 

Epoch 36
-------------------------------
Training loss: 0.488608  [16/2351]
Training loss: 1.002904  [1616/2351]
Training accuracy: 89.71 %
Validation loss: 0.624262
Validation accuracy: 86.46% 

Epoch 37
-------------------------------
Training loss: 0.459850  [16/2351]
Training loss: 0.373748  [1616/2351]
Training accuracy: 89.28 %
Validation loss: 0.621627
Validation accuracy: 86.95% 

Epoch 38
-------------------------------
Training loss: 0.538841  [16/2351]
Training loss: 0.708543  [1616/2351]
Training accuracy: 89.28 %
Validation loss: 0.617369
Validation accuracy: 86.46% 

Epoch 39
-------------------------------
Training loss: 0.576548  [16/2351]
Training loss: 0.421758  [1616/2351]
Training accuracy: 88.94 %
Validation loss: 0.595586
Validation accuracy: 86.63% 

Epoch 40
-------------------------------
Training loss: 0.712871  [16/2351]
Training loss: 0.384735  [1616/2351]
Training accuracy: 89.88 %
Validation loss: 0.595947
Validation accuracy: 86.57% 

Epoch 41
-------------------------------
Training loss: 0.934100  [16/2351]
Training loss: 0.579988  [1616/2351]
Training accuracy: 89.96 %
Validation loss: 0.588734
Validation accuracy: 87.06% 

Epoch 42
-------------------------------
Training loss: 0.775068  [16/2351]
Training loss: 0.630270  [1616/2351]
Training accuracy: 89.41 %
Validation loss: 0.583481
Validation accuracy: 87.06% 

Epoch 43
-------------------------------
Training loss: 0.693691  [16/2351]
Training loss: 0.519325  [1616/2351]
Training accuracy: 89.79 %
Validation loss: 0.580208
Validation accuracy: 86.79% 

Epoch 44
-------------------------------
Training loss: 0.558038  [16/2351]
Training loss: 0.849952  [1616/2351]
Training accuracy: 90.05 %
Validation loss: 0.573565
Validation accuracy: 87.50% 

Epoch 45
-------------------------------
Training loss: 0.452799  [16/2351]
Training loss: 0.469653  [1616/2351]
Training accuracy: 90.26 %
Validation loss: 0.575779
Validation accuracy: 86.84% 

Epoch 46
-------------------------------
Training loss: 0.781533  [16/2351]
Training loss: 0.531670  [1616/2351]
Training accuracy: 90.47 %
Validation loss: 0.564681
Validation accuracy: 87.50% 

Epoch 47
-------------------------------
Training loss: 0.369221  [16/2351]
Training loss: 0.537277  [1616/2351]
Training accuracy: 90.13 %
Validation loss: 0.552443
Validation accuracy: 87.12% 

Epoch 48
-------------------------------
Training loss: 0.388327  [16/2351]
Training loss: 0.605218  [1616/2351]
Training accuracy: 89.62 %
Validation loss: 0.538676
Validation accuracy: 87.39% 

Epoch 49
-------------------------------
Training loss: 0.400771  [16/2351]
Training loss: 0.427251  [1616/2351]
Training accuracy: 90.43 %
Validation loss: 0.549111
Validation accuracy: 87.39% 

Early stopping
Done!

Elapsed time: 2864.880955696106 seconds

Current time: 19:55:09
                         precision    recall  f1-score   support

             Abyssinian       0.85      0.84      0.85        49
       American Bulldog       0.78      1.00      0.88        50
  American pitbull terr       0.77      0.66      0.71        50
           Basset hound       0.92      0.94      0.93        50
                 Beagle       0.88      0.92      0.90        50
                 Bengal       0.72      0.68      0.70        50
                 Birman       0.56      0.88      0.68        50
                 Bombay       0.81      0.98      0.89        44
                  Boxer       0.78      0.90      0.83        50
      British Shorthair       0.72      0.86      0.78        50
              Chihuahua       0.80      0.88      0.84        50
           Egyptian Mau       0.75      0.92      0.83        49
 English cocker spaniel       0.94      0.92      0.93        50
         English setter       0.96      0.88      0.92        50
     German shorthaired       0.86      1.00      0.93        50
         Great pyrenees       0.96      0.92      0.94        50
               Havanese       0.86      0.96      0.91        50
          Japanese chin       0.98      0.94      0.96        50
               Keeshond       0.98      1.00      0.99        50
             Leonberger       0.98      0.98      0.98        50
             Maine Coon       0.82      0.64      0.72        50
     Miniature pinscher       0.95      0.80      0.87        50
           Newfoundland       0.98      1.00      0.99        50
                Persian       0.82      0.80      0.81        50
             Pomeranian       0.98      0.90      0.94        50
                    Pug       1.00      0.92      0.96        50
                Ragdoll       0.91      0.42      0.58        50
           Russian blue       0.83      0.58      0.68        50
          Saint bernard       0.94      0.98      0.96        50
                Samoyed       0.89      1.00      0.94        50
       Scottish terrier       0.92      0.98      0.95        50
              Shiba inu       0.94      0.98      0.96        50
                Siamese       0.93      0.84      0.88        50
                 Sphynx       0.95      0.80      0.87        50
Staffordshire bull terr       0.67      0.53      0.59        45
        Wheaten terrier       0.98      0.88      0.93        50
      Yorkshire terrier       0.96      0.94      0.95        50

               accuracy                           0.87      1837
              macro avg       0.87      0.87      0.86      1837
           weighted avg       0.87      0.87      0.86      1837

Test accuracy: 0.8666303756124115
The metadata of the previous execution is...
{'training_images_percentage': 0.5, 'epochs': 55, 'learning_rate': 0.001, 'batch_size': 16, 'data_augmentation': 'no', 'subject_driven_technique': 'controlNet', 'number_of_samples': 5, 'images_to_generate': 50, 'FID_threshold': 100, 'check_quality': False, 'path_to_dataset': '../../../../../../work3/s226536/datasets/oxford-iiit-pet', 'DATA_DIR': '../../../../../../work3/s226536/datasets'}

Preparing next execution...
Finished preparing next execution...
