Downloading https://thor.robots.ox.ac.uk/datasets/pets/images.tar.gz to ../../../../../../work3/s226536/datasets/oxford-iiit-pet/images.tar.gz
Extracting ../../../../../../work3/s226536/datasets/oxford-iiit-pet/images.tar.gz to ../../../../../../work3/s226536/datasets/oxford-iiit-pet
Downloading https://thor.robots.ox.ac.uk/datasets/pets/annotations.tar.gz to ../../../../../../work3/s226536/datasets/oxford-iiit-pet/annotations.tar.gz
Extracting ../../../../../../work3/s226536/datasets/oxford-iiit-pet/annotations.tar.gz to ../../../../../../work3/s226536/datasets/oxford-iiit-pet
-------------------------------------
Generating 5 images for breed Abyssinian...

Elapsed time: 203.3118119239807 seconds

-------------------------------------
Generating 5 images for breed american_bulldog...

Elapsed time: 37.8851752281189 seconds

-------------------------------------
Generating 5 images for breed american_pit_bull_terrier...

Elapsed time: 36.621548891067505 seconds

-------------------------------------
Generating 5 images for breed basset_hound...

Elapsed time: 37.33611583709717 seconds

-------------------------------------
Generating 5 images for breed beagle...

Elapsed time: 37.87869167327881 seconds

-------------------------------------
Generating 5 images for breed Bengal...

Elapsed time: 38.407716274261475 seconds

-------------------------------------
Generating 5 images for breed Birman...

Elapsed time: 37.69223594665527 seconds

-------------------------------------
Generating 5 images for breed Bombay...

Elapsed time: 38.82658338546753 seconds

-------------------------------------
Generating 5 images for breed boxer...

Elapsed time: 37.215816259384155 seconds

-------------------------------------
Generating 5 images for breed British_Shorthair...

Elapsed time: 37.32263803482056 seconds

-------------------------------------
Generating 5 images for breed chihuahua...

Elapsed time: 37.23879909515381 seconds

-------------------------------------
Generating 5 images for breed Egyptian_Mau...

Elapsed time: 37.47857189178467 seconds

-------------------------------------
Generating 5 images for breed english_cocker_spaniel...

Elapsed time: 37.609718561172485 seconds

-------------------------------------
Generating 5 images for breed english_setter...

Elapsed time: 38.322020053863525 seconds

-------------------------------------
Generating 5 images for breed german_shorthaired...

Elapsed time: 37.54335832595825 seconds

-------------------------------------
Generating 5 images for breed great_pyrenees...

Elapsed time: 37.83013653755188 seconds

-------------------------------------
Generating 5 images for breed havanese...

Elapsed time: 38.35230469703674 seconds

-------------------------------------
Generating 5 images for breed japanese_chin...

Elapsed time: 37.704203367233276 seconds

-------------------------------------
Generating 5 images for breed keeshond...

Elapsed time: 37.927082538604736 seconds

-------------------------------------
Generating 5 images for breed leonberger...

Elapsed time: 37.69109392166138 seconds

-------------------------------------
Generating 5 images for breed Maine_Coon...

Elapsed time: 38.57541465759277 seconds

-------------------------------------
Generating 5 images for breed miniature_pinscher...

Elapsed time: 36.96512246131897 seconds

-------------------------------------
Generating 5 images for breed newfoundland...

Elapsed time: 37.80322623252869 seconds

-------------------------------------
Generating 5 images for breed Persian...

Elapsed time: 37.59782886505127 seconds

-------------------------------------
Generating 5 images for breed pomeranian...

Elapsed time: 36.93950819969177 seconds

-------------------------------------
Generating 5 images for breed pug...

Elapsed time: 37.84094023704529 seconds

-------------------------------------
Generating 5 images for breed Ragdoll...

Elapsed time: 37.57398438453674 seconds

-------------------------------------
Generating 5 images for breed Russian_Blue...

Elapsed time: 37.95510935783386 seconds

-------------------------------------
Generating 5 images for breed saint_bernard...

Elapsed time: 37.567044258117676 seconds

-------------------------------------
Generating 5 images for breed samoyed...

Elapsed time: 37.37443137168884 seconds

-------------------------------------
Generating 5 images for breed scottish_terrier...

Elapsed time: 37.878185987472534 seconds

-------------------------------------
Generating 5 images for breed shiba_inu...

Elapsed time: 37.94532656669617 seconds

-------------------------------------
Generating 5 images for breed Siamese...

Elapsed time: 38.703978538513184 seconds

-------------------------------------
Generating 5 images for breed Sphynx...

Elapsed time: 39.55574440956116 seconds

-------------------------------------
Generating 5 images for breed staffordshire_bull_terrier...

Elapsed time: 37.72805452346802 seconds

-------------------------------------
Generating 5 images for breed wheaten_terrier...

Elapsed time: 38.15573263168335 seconds

-------------------------------------
Generating 5 images for breed yorkshire_terrier...

Elapsed time: 37.26775598526001 seconds

Not using data augmentation
Using cuda device
Epoch 1
-------------------------------
Training loss: 3.651551  [16/3849]
Training loss: 3.425093  [1616/3849]
Training loss: 3.285077  [3216/3849]
Training accuracy: 22.47 %
Validation loss: 3.075118
Validation accuracy: 24.51% 

Epoch 2
-------------------------------
Training loss: 3.027105  [16/3849]
Training loss: 2.872374  [1616/3849]
Training loss: 2.910527  [3216/3849]
Training accuracy: 46.53 %
Validation loss: 2.568130
Validation accuracy: 48.64% 

Epoch 3
-------------------------------
Training loss: 2.829267  [16/3849]
Training loss: 2.513885  [1616/3849]
Training loss: 2.333240  [3216/3849]
Training accuracy: 61.55 %
Validation loss: 2.169492
Validation accuracy: 63.70% 

Epoch 4
-------------------------------
Training loss: 2.158311  [16/3849]
Training loss: 2.299489  [1616/3849]
Training loss: 1.741779  [3216/3849]
Training accuracy: 68.93 %
Validation loss: 1.858056
Validation accuracy: 72.43% 

Epoch 5
-------------------------------
Training loss: 2.200761  [16/3849]
Training loss: 1.909126  [1616/3849]
Training loss: 2.002113  [3216/3849]
Training accuracy: 74.56 %
Validation loss: 1.602995
Validation accuracy: 77.46% 

Epoch 6
-------------------------------
Training loss: 1.881359  [16/3849]
Training loss: 1.597062  [1616/3849]
Training loss: 1.490870  [3216/3849]
Training accuracy: 77.99 %
Validation loss: 1.421332
Validation accuracy: 80.02% 

Epoch 7
-------------------------------
Training loss: 1.714630  [16/3849]
Training loss: 1.312568  [1616/3849]
Training loss: 1.291690  [3216/3849]
Training accuracy: 79.22 %
Validation loss: 1.250145
Validation accuracy: 81.82% 

Epoch 8
-------------------------------
Training loss: 1.138386  [16/3849]
Training loss: 1.272993  [1616/3849]
Training loss: 1.728621  [3216/3849]
Training accuracy: 81.14 %
Validation loss: 1.147602
Validation accuracy: 83.24% 

Epoch 9
-------------------------------
Training loss: 1.493816  [16/3849]
Training loss: 1.004238  [1616/3849]
Training loss: 1.012801  [3216/3849]
Training accuracy: 82.77 %
Validation loss: 1.033765
Validation accuracy: 83.95% 

Epoch 10
-------------------------------
Training loss: 1.282347  [16/3849]
Training loss: 1.060066  [1616/3849]
Training loss: 1.214724  [3216/3849]
Training accuracy: 83.92 %
Validation loss: 0.961507
Validation accuracy: 84.50% 

Epoch 11
-------------------------------
Training loss: 1.216654  [16/3849]
Training loss: 1.344397  [1616/3849]
Training loss: 0.931364  [3216/3849]
Training accuracy: 84.88 %
Validation loss: 0.897354
Validation accuracy: 85.64% 

Epoch 12
-------------------------------
Training loss: 0.845112  [16/3849]
Training loss: 0.824477  [1616/3849]
Training loss: 1.092598  [3216/3849]
Training accuracy: 86.13 %
Validation loss: 0.848198
Validation accuracy: 85.70% 

Epoch 13
-------------------------------
Training loss: 1.473148  [16/3849]
Training loss: 0.811625  [1616/3849]
Training loss: 0.526078  [3216/3849]
Training accuracy: 85.06 %
Validation loss: 0.790082
Validation accuracy: 86.19% 

Epoch 14
-------------------------------
Training loss: 1.098090  [16/3849]
Training loss: 0.964630  [1616/3849]
Training loss: 0.854499  [3216/3849]
Training accuracy: 85.81 %
Validation loss: 0.756190
Validation accuracy: 86.35% 

Epoch 15
-------------------------------
Training loss: 1.013669  [16/3849]
Training loss: 0.988079  [1616/3849]
Training loss: 1.023401  [3216/3849]
Training accuracy: 87.14 %
Validation loss: 0.724668
Validation accuracy: 86.57% 

Epoch 16
-------------------------------
Training loss: 0.841215  [16/3849]
Training loss: 0.639881  [1616/3849]
Training loss: 0.613061  [3216/3849]
Training accuracy: 86.52 %
Validation loss: 0.706901
Validation accuracy: 86.79% 

Epoch 17
-------------------------------
Training loss: 0.677333  [16/3849]
Training loss: 0.915834  [1616/3849]
Training loss: 0.770679  [3216/3849]
Training accuracy: 86.70 %
Validation loss: 0.670043
Validation accuracy: 86.95% 

Epoch 18
-------------------------------
Training loss: 0.602447  [16/3849]
Training loss: 0.708821  [1616/3849]
Training loss: 0.841252  [3216/3849]
Training accuracy: 86.85 %
Validation loss: 0.655366
Validation accuracy: 87.61% 

Epoch 19
-------------------------------
Training loss: 0.702666  [16/3849]
Training loss: 0.542716  [1616/3849]
Training loss: 0.896964  [3216/3849]
Training accuracy: 87.58 %
Validation loss: 0.634360
Validation accuracy: 86.63% 

Epoch 20
-------------------------------
Training loss: 0.606148  [16/3849]
Training loss: 0.621284  [1616/3849]
Training loss: 0.459432  [3216/3849]
Training accuracy: 87.82 %
Validation loss: 0.611719
Validation accuracy: 87.83% 

Epoch 21
-------------------------------
Training loss: 0.338251  [16/3849]
Training loss: 0.989714  [1616/3849]
Training loss: 0.438770  [3216/3849]
Training accuracy: 88.49 %
Validation loss: 0.593375
Validation accuracy: 87.39% 

Epoch 22
-------------------------------
Training loss: 0.690388  [16/3849]
Training loss: 0.664332  [1616/3849]
Training loss: 0.657808  [3216/3849]
Training accuracy: 88.44 %
Validation loss: 0.589293
Validation accuracy: 87.99% 

Epoch 23
-------------------------------
Training loss: 0.598686  [16/3849]
Training loss: 0.593118  [1616/3849]
Training loss: 0.649262  [3216/3849]
Training accuracy: 87.94 %
Validation loss: 0.558023
Validation accuracy: 87.83% 

Epoch 24
-------------------------------
Training loss: 0.503311  [16/3849]
Training loss: 0.403464  [1616/3849]
Training loss: 0.462437  [3216/3849]
Training accuracy: 88.52 %
Validation loss: 0.557350
Validation accuracy: 87.72% 

Epoch 25
-------------------------------
Training loss: 0.517762  [16/3849]
Training loss: 0.695940  [1616/3849]
Training loss: 0.634948  [3216/3849]
Training accuracy: 88.96 %
Validation loss: 0.535441
Validation accuracy: 88.26% 

Epoch 26
-------------------------------
Training loss: 0.375159  [16/3849]
Training loss: 0.695847  [1616/3849]
Training loss: 0.615239  [3216/3849]
Training accuracy: 89.71 %
Validation loss: 0.520909
Validation accuracy: 88.54% 

Epoch 27
-------------------------------
Training loss: 0.342521  [16/3849]
Training loss: 0.542176  [1616/3849]
Training loss: 1.150671  [3216/3849]
Training accuracy: 89.09 %
Validation loss: 0.521018
Validation accuracy: 88.26% 

Epoch 28
-------------------------------
Training loss: 0.688541  [16/3849]
Training loss: 0.372058  [1616/3849]
Training loss: 0.271539  [3216/3849]
Training accuracy: 88.49 %
Validation loss: 0.507256
Validation accuracy: 88.76% 

Epoch 29
-------------------------------
Training loss: 0.779552  [16/3849]
Training loss: 0.609021  [1616/3849]
Training loss: 0.280269  [3216/3849]
Training accuracy: 89.09 %
Validation loss: 0.505408
Validation accuracy: 88.21% 

Epoch 30
-------------------------------
Training loss: 0.622220  [16/3849]
Training loss: 0.477990  [1616/3849]
Training loss: 0.358576  [3216/3849]
Training accuracy: 89.30 %
Validation loss: 0.494914
Validation accuracy: 88.43% 

Epoch 31
-------------------------------
Training loss: 0.496741  [16/3849]
Training loss: 0.365381  [1616/3849]
Training loss: 0.715506  [3216/3849]
Training accuracy: 90.18 %
Validation loss: 0.490600
Validation accuracy: 88.92% 

Epoch 32
-------------------------------
Training loss: 0.525344  [16/3849]
Training loss: 0.704792  [1616/3849]
Training loss: 0.428868  [3216/3849]
Training accuracy: 89.45 %
Validation loss: 0.484738
Validation accuracy: 88.65% 

Epoch 33
-------------------------------
Training loss: 0.184690  [16/3849]
Training loss: 0.572640  [1616/3849]
Training loss: 0.404656  [3216/3849]
Training accuracy: 89.40 %
Validation loss: 0.484146
Validation accuracy: 88.59% 

Epoch 34
-------------------------------
Training loss: 0.352862  [16/3849]
Training loss: 0.466025  [1616/3849]
Training loss: 0.387629  [3216/3849]
Training accuracy: 89.92 %
Validation loss: 0.465096
Validation accuracy: 89.08% 

Epoch 35
-------------------------------
Training loss: 0.508547  [16/3849]
Training loss: 0.453424  [1616/3849]
Training loss: 0.223437  [3216/3849]
Training accuracy: 90.05 %
Validation loss: 0.464729
Validation accuracy: 89.19% 

Epoch 36
-------------------------------
Training loss: 0.400602  [16/3849]
Training loss: 0.441716  [1616/3849]
Training loss: 0.228066  [3216/3849]
Training accuracy: 90.28 %
Validation loss: 0.470152
Validation accuracy: 88.70% 

Epoch 37
-------------------------------
Training loss: 0.657703  [16/3849]
Training loss: 0.461032  [1616/3849]
Training loss: 0.221950  [3216/3849]
Training accuracy: 89.87 %
Validation loss: 0.459417
Validation accuracy: 88.65% 

Epoch 38
-------------------------------
Training loss: 0.695851  [16/3849]
Training loss: 0.240950  [1616/3849]
Training loss: 0.337771  [3216/3849]
Training accuracy: 89.71 %
Validation loss: 0.446741
Validation accuracy: 89.79% 

Epoch 39
-------------------------------
Training loss: 0.459709  [16/3849]
Training loss: 0.359954  [1616/3849]
Training loss: 0.613280  [3216/3849]
Training accuracy: 90.08 %
Validation loss: 0.448790
Validation accuracy: 88.92% 

Epoch 40
-------------------------------
Training loss: 0.532146  [16/3849]
Training loss: 0.396903  [1616/3849]
Training loss: 0.296708  [3216/3849]
Training accuracy: 90.49 %
Validation loss: 0.443120
Validation accuracy: 89.36% 

Epoch 41
-------------------------------
Training loss: 0.214763  [16/3849]
Training loss: 0.560622  [1616/3849]
Training loss: 0.203697  [3216/3849]
Training accuracy: 90.83 %
Validation loss: 0.434802
Validation accuracy: 89.14% 

Epoch 42
-------------------------------
Training loss: 0.568964  [16/3849]
Training loss: 0.566236  [1616/3849]
Training loss: 0.333466  [3216/3849]
Training accuracy: 90.80 %
Validation loss: 0.440376
Validation accuracy: 88.92% 

Epoch 43
-------------------------------
Training loss: 0.451093  [16/3849]
Training loss: 0.413946  [1616/3849]
Training loss: 0.423274  [3216/3849]
Training accuracy: 90.75 %
Validation loss: 0.426012
Validation accuracy: 89.25% 

Early stopping
Done!

Elapsed time: 2565.845757007599 seconds

Current time: 14:34:20
                         precision    recall  f1-score   support

             Abyssinian       0.76      0.84      0.80        49
       American Bulldog       0.78      0.94      0.85        50
  American pitbull terr       0.78      0.62      0.69        50
           Basset hound       0.98      0.92      0.95        50
                 Beagle       0.87      0.96      0.91        50
                 Bengal       0.69      0.86      0.77        50
                 Birman       0.74      0.90      0.81        50
                 Bombay       0.80      0.93      0.86        44
                  Boxer       0.85      0.92      0.88        50
      British Shorthair       0.88      0.84      0.86        50
              Chihuahua       0.83      0.90      0.87        50
           Egyptian Mau       0.93      0.84      0.88        49
 English cocker spaniel       0.94      0.94      0.94        50
         English setter       0.96      0.94      0.95        50
     German shorthaired       0.85      1.00      0.92        50
         Great pyrenees       0.96      0.98      0.97        50
               Havanese       0.86      0.96      0.91        50
          Japanese chin       0.98      0.94      0.96        50
               Keeshond       1.00      1.00      1.00        50
             Leonberger       0.98      1.00      0.99        50
             Maine Coon       0.89      0.68      0.77        50
     Miniature pinscher       0.98      0.88      0.93        50
           Newfoundland       0.98      0.98      0.98        50
                Persian       0.88      0.86      0.87        50
             Pomeranian       0.98      0.98      0.98        50
                    Pug       0.98      0.92      0.95        50
                Ragdoll       0.82      0.62      0.70        50
           Russian blue       0.90      0.72      0.80        50
          Saint bernard       0.96      0.98      0.97        50
                Samoyed       0.96      1.00      0.98        50
       Scottish terrier       0.94      1.00      0.97        50
              Shiba inu       0.92      0.94      0.93        50
                Siamese       0.92      0.94      0.93        50
                 Sphynx       0.91      0.82      0.86        50
Staffordshire bull terr       0.64      0.56      0.60        45
        Wheaten terrier       1.00      0.92      0.96        50
      Yorkshire terrier       0.96      0.92      0.94        50

               accuracy                           0.89      1837
              macro avg       0.89      0.89      0.89      1837
           weighted avg       0.89      0.89      0.89      1837

Test accuracy: 0.8911268372346217
The metadata of the previous execution is...
{'training_images_percentage': 1, 'epochs': 55, 'learning_rate': 0.001, 'batch_size': 16, 'data_augmentation': 'no', 'subject_driven_technique': 'controlNet', 'number_of_samples': 5, 'images_to_generate': 5, 'FID_threshold': 100, 'check_quality': False, 'path_to_dataset': '../../../../../../work3/s226536/datasets/oxford-iiit-pet', 'DATA_DIR': '../../../../../../work3/s226536/datasets'}

Preparing next execution...
Finished preparing next execution...
