Downloading https://thor.robots.ox.ac.uk/datasets/pets/images.tar.gz to ../../../../../../work3/s226536/datasets/oxford-iiit-pet/images.tar.gz
Extracting ../../../../../../work3/s226536/datasets/oxford-iiit-pet/images.tar.gz to ../../../../../../work3/s226536/datasets/oxford-iiit-pet
Downloading https://thor.robots.ox.ac.uk/datasets/pets/annotations.tar.gz to ../../../../../../work3/s226536/datasets/oxford-iiit-pet/annotations.tar.gz
Extracting ../../../../../../work3/s226536/datasets/oxford-iiit-pet/annotations.tar.gz to ../../../../../../work3/s226536/datasets/oxford-iiit-pet
-------------------------------------
Generating 50 images for breed Abyssinian...

Elapsed time: 162.08963131904602 seconds

-------------------------------------
Generating 50 images for breed american_bulldog...

Elapsed time: 131.84964394569397 seconds

-------------------------------------
Generating 50 images for breed american_pit_bull_terrier...

Elapsed time: 132.18441367149353 seconds

-------------------------------------
Generating 50 images for breed basset_hound...

Elapsed time: 131.6147747039795 seconds

-------------------------------------
Generating 50 images for breed beagle...

Elapsed time: 130.7435381412506 seconds

-------------------------------------
Generating 50 images for breed Bengal...

Elapsed time: 131.52810406684875 seconds

-------------------------------------
Generating 50 images for breed Birman...

Elapsed time: 129.97977113723755 seconds

-------------------------------------
Generating 50 images for breed Bombay...

Elapsed time: 130.25804615020752 seconds

-------------------------------------
Generating 50 images for breed boxer...

Elapsed time: 130.41720747947693 seconds

-------------------------------------
Generating 50 images for breed British_Shorthair...

Elapsed time: 129.5608205795288 seconds

-------------------------------------
Generating 50 images for breed chihuahua...

Elapsed time: 131.27688336372375 seconds

-------------------------------------
Generating 50 images for breed Egyptian_Mau...

Elapsed time: 129.47297310829163 seconds

-------------------------------------
Generating 50 images for breed english_cocker_spaniel...

Elapsed time: 130.59751439094543 seconds

-------------------------------------
Generating 50 images for breed english_setter...

Elapsed time: 133.042977809906 seconds

-------------------------------------
Generating 50 images for breed german_shorthaired...

Elapsed time: 132.15372896194458 seconds

-------------------------------------
Generating 50 images for breed great_pyrenees...

Elapsed time: 131.49362564086914 seconds

-------------------------------------
Generating 50 images for breed havanese...

Elapsed time: 132.50425744056702 seconds

-------------------------------------
Generating 50 images for breed japanese_chin...

Elapsed time: 131.21936011314392 seconds

-------------------------------------
Generating 50 images for breed keeshond...

Elapsed time: 130.8052740097046 seconds

-------------------------------------
Generating 50 images for breed leonberger...

Elapsed time: 132.27711057662964 seconds

-------------------------------------
Generating 50 images for breed Maine_Coon...

Elapsed time: 131.68098402023315 seconds

-------------------------------------
Generating 50 images for breed miniature_pinscher...

Elapsed time: 132.00190496444702 seconds

-------------------------------------
Generating 50 images for breed newfoundland...

Elapsed time: 133.98465514183044 seconds

-------------------------------------
Generating 50 images for breed Persian...

Elapsed time: 133.90797090530396 seconds

-------------------------------------
Generating 50 images for breed pomeranian...

Elapsed time: 134.19484663009644 seconds

-------------------------------------
Generating 50 images for breed pug...

Elapsed time: 133.10711145401 seconds

-------------------------------------
Generating 50 images for breed Ragdoll...

Elapsed time: 131.2879285812378 seconds

-------------------------------------
Generating 50 images for breed Russian_Blue...

Elapsed time: 132.98466968536377 seconds

-------------------------------------
Generating 50 images for breed saint_bernard...

Elapsed time: 133.0014295578003 seconds

-------------------------------------
Generating 50 images for breed samoyed...

Elapsed time: 133.0341818332672 seconds

-------------------------------------
Generating 50 images for breed scottish_terrier...

Elapsed time: 131.18120098114014 seconds

-------------------------------------
Generating 50 images for breed shiba_inu...

Elapsed time: 131.43971848487854 seconds

-------------------------------------
Generating 50 images for breed Siamese...

Elapsed time: 136.7221863269806 seconds

-------------------------------------
Generating 50 images for breed Sphynx...

Elapsed time: 130.01861953735352 seconds

-------------------------------------
Generating 50 images for breed staffordshire_bull_terrier...

Elapsed time: 138.2807207107544 seconds

-------------------------------------
Generating 50 images for breed wheaten_terrier...

Elapsed time: 132.94840383529663 seconds

-------------------------------------
Generating 50 images for breed yorkshire_terrier...

Elapsed time: 131.74019026756287 seconds

Using cuda device
Epoch 1
-------------------------------
Training loss: 4.010035  [16/2099]
Training loss: 3.567833  [1616/2099]
Training accuracy: 8.72 %
Validation loss: 3.419111
Validation accuracy: 8.52% 

Epoch 2
-------------------------------
Training loss: 3.548664  [16/2099]
Training loss: 3.211514  [1616/2099]
Training accuracy: 26.77 %
Validation loss: 3.134410
Validation accuracy: 20.41% 

Epoch 3
-------------------------------
Training loss: 2.945060  [16/2099]
Training loss: 2.941909  [1616/2099]
Training accuracy: 44.97 %
Validation loss: 2.913056
Validation accuracy: 31.39% 

Epoch 4
-------------------------------
Training loss: 2.747979  [16/2099]
Training loss: 2.671084  [1616/2099]
Training accuracy: 56.31 %
Validation loss: 2.666962
Validation accuracy: 43.61% 

Epoch 5
-------------------------------
Training loss: 2.931757  [16/2099]
Training loss: 2.586194  [1616/2099]
Training accuracy: 63.84 %
Validation loss: 2.466649
Validation accuracy: 50.27% 

Epoch 6
-------------------------------
Training loss: 2.305154  [16/2099]
Training loss: 2.006495  [1616/2099]
Training accuracy: 67.79 %
Validation loss: 2.295697
Validation accuracy: 56.17% 

Epoch 7
-------------------------------
Training loss: 1.923125  [16/2099]
Training loss: 2.070596  [1616/2099]
Training accuracy: 71.03 %
Validation loss: 2.153982
Validation accuracy: 59.99% 

Epoch 8
-------------------------------
Training loss: 1.969870  [16/2099]
Training loss: 1.835030  [1616/2099]
Training accuracy: 74.04 %
Validation loss: 2.030177
Validation accuracy: 60.92% 

Epoch 9
-------------------------------
Training loss: 1.667850  [16/2099]
Training loss: 1.644544  [1616/2099]
Training accuracy: 76.70 %
Validation loss: 1.908718
Validation accuracy: 62.06% 

Epoch 10
-------------------------------
Training loss: 1.885102  [16/2099]
Training loss: 1.735226  [1616/2099]
Training accuracy: 77.94 %
Validation loss: 1.800226
Validation accuracy: 64.25% 

Epoch 11
-------------------------------
Training loss: 1.533326  [16/2099]
Training loss: 1.430323  [1616/2099]
Training accuracy: 78.37 %
Validation loss: 1.731040
Validation accuracy: 64.79% 

Epoch 12
-------------------------------
Training loss: 1.641984  [16/2099]
Training loss: 1.521152  [1616/2099]
Training accuracy: 80.61 %
Validation loss: 1.636544
Validation accuracy: 65.94% 

Epoch 13
-------------------------------
Training loss: 1.403688  [16/2099]
Training loss: 1.387727  [1616/2099]
Training accuracy: 80.37 %
Validation loss: 1.577957
Validation accuracy: 67.03% 

Epoch 14
-------------------------------
Training loss: 1.594367  [16/2099]
Training loss: 1.751767  [1616/2099]
Training accuracy: 81.71 %
Validation loss: 1.509970
Validation accuracy: 68.34% 

Epoch 15
-------------------------------
Training loss: 1.308442  [16/2099]
Training loss: 1.205541  [1616/2099]
Training accuracy: 82.90 %
Validation loss: 1.465021
Validation accuracy: 68.83% 

Epoch 16
-------------------------------
Training loss: 1.414935  [16/2099]
Training loss: 1.169744  [1616/2099]
Training accuracy: 82.42 %
Validation loss: 1.401692
Validation accuracy: 70.63% 

Epoch 17
-------------------------------
Training loss: 1.425086  [16/2099]
Training loss: 1.127083  [1616/2099]
Training accuracy: 83.33 %
Validation loss: 1.390196
Validation accuracy: 69.54% 

Epoch 18
-------------------------------
Training loss: 1.308747  [16/2099]
Training loss: 0.923995  [1616/2099]
Training accuracy: 84.09 %
Validation loss: 1.364511
Validation accuracy: 69.05% 

Epoch 19
-------------------------------
Training loss: 1.150457  [16/2099]
Training loss: 1.063090  [1616/2099]
Training accuracy: 83.85 %
Validation loss: 1.302995
Validation accuracy: 70.03% 

Epoch 20
-------------------------------
Training loss: 0.726769  [16/2099]
Training loss: 0.775014  [1616/2099]
Training accuracy: 84.71 %
Validation loss: 1.318358
Validation accuracy: 69.16% 

Epoch 21
-------------------------------
Training loss: 1.022063  [16/2099]
Training loss: 0.931770  [1616/2099]
Training accuracy: 85.42 %
Validation loss: 1.251719
Validation accuracy: 71.23% 

Epoch 22
-------------------------------
Training loss: 1.218714  [16/2099]
Training loss: 0.962997  [1616/2099]
Training accuracy: 85.23 %
Validation loss: 1.247409
Validation accuracy: 70.25% 

Epoch 23
-------------------------------
Training loss: 1.049426  [16/2099]
Training loss: 0.721496  [1616/2099]
Training accuracy: 86.52 %
Validation loss: 1.193913
Validation accuracy: 72.33% 

Epoch 24
-------------------------------
Training loss: 1.118012  [16/2099]
Training loss: 1.130450  [1616/2099]
Training accuracy: 86.66 %
Validation loss: 1.193508
Validation accuracy: 71.18% 

Epoch 25
-------------------------------
Training loss: 0.835187  [16/2099]
Training loss: 0.753739  [1616/2099]
Training accuracy: 86.90 %
Validation loss: 1.176958
Validation accuracy: 71.29% 

Epoch 26
-------------------------------
Training loss: 1.256927  [16/2099]
Training loss: 0.788344  [1616/2099]
Training accuracy: 87.47 %
Validation loss: 1.152730
Validation accuracy: 71.89% 

Epoch 27
-------------------------------
Training loss: 0.820402  [16/2099]
Training loss: 0.793910  [1616/2099]
Training accuracy: 87.76 %
Validation loss: 1.135544
Validation accuracy: 72.82% 

Epoch 28
-------------------------------
Training loss: 0.651309  [16/2099]
Training loss: 0.841061  [1616/2099]
Training accuracy: 86.95 %
Validation loss: 1.104694
Validation accuracy: 72.87% 

Epoch 29
-------------------------------
Training loss: 0.908225  [16/2099]
Training loss: 0.966181  [1616/2099]
Training accuracy: 87.61 %
Validation loss: 1.103477
Validation accuracy: 73.42% 

Epoch 30
-------------------------------
Training loss: 0.766109  [16/2099]
Training loss: 0.578344  [1616/2099]
Training accuracy: 87.47 %
Validation loss: 1.124619
Validation accuracy: 71.45% 

Epoch 31
-------------------------------
Training loss: 0.744832  [16/2099]
Training loss: 0.914030  [1616/2099]
Training accuracy: 88.23 %
Validation loss: 1.083542
Validation accuracy: 72.22% 

Epoch 32
-------------------------------
Training loss: 0.648289  [16/2099]
Training loss: 0.840423  [1616/2099]
Training accuracy: 88.33 %
Validation loss: 1.073203
Validation accuracy: 72.43% 

Epoch 33
-------------------------------
Training loss: 0.537234  [16/2099]
Training loss: 0.954701  [1616/2099]
Training accuracy: 89.52 %
Validation loss: 1.056038
Validation accuracy: 73.58% 

Epoch 34
-------------------------------
Training loss: 0.314938  [16/2099]
Training loss: 0.612077  [1616/2099]
Training accuracy: 87.14 %
Validation loss: 1.029246
Validation accuracy: 73.80% 

Epoch 35
-------------------------------
Training loss: 0.644173  [16/2099]
Training loss: 1.001181  [1616/2099]
Training accuracy: 88.47 %
Validation loss: 1.036718
Validation accuracy: 73.03% 

Epoch 36
-------------------------------
Training loss: 0.849038  [16/2099]
Training loss: 0.868725  [1616/2099]
Training accuracy: 88.76 %
Validation loss: 1.023245
Validation accuracy: 73.25% 

Epoch 37
-------------------------------
Training loss: 0.725149  [16/2099]
Training loss: 0.658365  [1616/2099]
Training accuracy: 88.33 %
Validation loss: 1.044033
Validation accuracy: 72.54% 

Epoch 38
-------------------------------
Training loss: 0.351953  [16/2099]
Training loss: 0.580023  [1616/2099]
Training accuracy: 89.14 %
Validation loss: 1.049143
Validation accuracy: 72.05% 

Epoch 39
-------------------------------
Training loss: 0.828400  [16/2099]
Training loss: 0.354658  [1616/2099]
Training accuracy: 87.80 %
Validation loss: 1.004014
Validation accuracy: 73.91% 

Epoch 40
-------------------------------
Training loss: 0.543160  [16/2099]
Training loss: 0.816295  [1616/2099]
Training accuracy: 89.23 %
Validation loss: 1.039887
Validation accuracy: 71.78% 

Epoch 41
-------------------------------
Training loss: 0.856004  [16/2099]
Training loss: 0.870580  [1616/2099]
Training accuracy: 89.38 %
Validation loss: 0.990625
Validation accuracy: 73.47% 

Epoch 42
-------------------------------
Training loss: 0.698120  [16/2099]
Training loss: 0.685673  [1616/2099]
Training accuracy: 89.42 %
Validation loss: 0.984889
Validation accuracy: 73.91% 

Epoch 43
-------------------------------
Training loss: 0.620268  [16/2099]
Training loss: 0.555405  [1616/2099]
Training accuracy: 89.66 %
Validation loss: 1.005916
Validation accuracy: 72.16% 

Epoch 44
-------------------------------
Training loss: 0.588779  [16/2099]
Training loss: 0.781623  [1616/2099]
Training accuracy: 89.38 %
Validation loss: 1.003224
Validation accuracy: 72.71% 

Early stopping
Done!

Elapsed time: 2563.736398935318 seconds

                         precision    recall  f1-score   support

             Abyssinian       0.75      0.24      0.37        49
       American Bulldog       0.63      0.66      0.65        50
  American pitbull terr       0.52      0.24      0.33        50
           Basset hound       0.73      0.92      0.81        50
                 Beagle       0.80      0.40      0.53        50
                 Bengal       0.78      0.56      0.65        50
                 Birman       0.57      0.46      0.51        50
                 Bombay       0.53      0.89      0.67        44
                  Boxer       0.71      0.64      0.67        50
      British Shorthair       0.87      0.52      0.65        50
              Chihuahua       0.68      0.64      0.66        50
           Egyptian Mau       0.63      0.78      0.70        49
 English cocker spaniel       1.00      0.48      0.65        50
         English setter       0.54      0.76      0.63        50
     German shorthaired       0.56      1.00      0.72        50
         Great pyrenees       0.79      0.98      0.87        50
               Havanese       0.79      0.92      0.85        50
          Japanese chin       0.92      0.92      0.92        50
               Keeshond       0.94      1.00      0.97        50
             Leonberger       0.93      0.78      0.85        50
             Maine Coon       0.73      0.44      0.55        50
     Miniature pinscher       0.85      0.88      0.86        50
           Newfoundland       0.76      0.96      0.85        50
                Persian       0.84      0.76      0.80        50
             Pomeranian       1.00      0.62      0.77        50
                    Pug       0.96      0.86      0.91        50
                Ragdoll       0.60      0.52      0.56        50
           Russian blue       0.50      0.80      0.62        50
          Saint bernard       0.86      0.96      0.91        50
                Samoyed       0.78      0.94      0.85        50
       Scottish terrier       0.71      0.94      0.81        50
              Shiba inu       0.93      0.82      0.87        50
                Siamese       0.64      0.72      0.68        50
                 Sphynx       0.84      0.54      0.66        50
Staffordshire bull terr       0.40      0.80      0.53        45
        Wheaten terrier       0.79      0.76      0.78        50
      Yorkshire terrier       0.97      0.74      0.84        50

               accuracy                           0.73      1837
              macro avg       0.75      0.73      0.72      1837
           weighted avg       0.76      0.73      0.72      1837

Test accuracy: 0.7250952640174197
