Downloading https://thor.robots.ox.ac.uk/datasets/pets/images.tar.gz to ../../../../../../work3/s226536/datasets/oxford-iiit-pet/images.tar.gz
Extracting ../../../../../../work3/s226536/datasets/oxford-iiit-pet/images.tar.gz to ../../../../../../work3/s226536/datasets/oxford-iiit-pet
Downloading https://thor.robots.ox.ac.uk/datasets/pets/annotations.tar.gz to ../../../../../../work3/s226536/datasets/oxford-iiit-pet/annotations.tar.gz
Extracting ../../../../../../work3/s226536/datasets/oxford-iiit-pet/annotations.tar.gz to ../../../../../../work3/s226536/datasets/oxford-iiit-pet
-------------------------------------
Generating 400 images for breed Abyssinian...

Elapsed time: 984.4307544231415 seconds

-------------------------------------
Generating 400 images for breed american_bulldog...

Elapsed time: 873.0569088459015 seconds

-------------------------------------
Generating 400 images for breed american_pit_bull_terrier...

Elapsed time: 874.0939948558807 seconds

-------------------------------------
Generating 400 images for breed basset_hound...

Elapsed time: 872.3984289169312 seconds

-------------------------------------
Generating 400 images for breed beagle...

Elapsed time: 872.8609344959259 seconds

-------------------------------------
Generating 400 images for breed Bengal...

Elapsed time: 871.5822920799255 seconds

-------------------------------------
Generating 400 images for breed Birman...

Elapsed time: 875.4544534683228 seconds

-------------------------------------
Generating 400 images for breed Bombay...

Elapsed time: 882.615494966507 seconds

-------------------------------------
Generating 400 images for breed boxer...

Elapsed time: 881.4999840259552 seconds

-------------------------------------
Generating 400 images for breed British_Shorthair...

Elapsed time: 968.4876179695129 seconds

-------------------------------------
Generating 400 images for breed chihuahua...

Elapsed time: 892.02352643013 seconds

-------------------------------------
Generating 400 images for breed Egyptian_Mau...

Elapsed time: 891.080084323883 seconds

-------------------------------------
Generating 400 images for breed english_cocker_spaniel...

Elapsed time: 896.5289759635925 seconds

-------------------------------------
Generating 400 images for breed english_setter...

Elapsed time: 901.6615221500397 seconds

-------------------------------------
Generating 400 images for breed german_shorthaired...

Elapsed time: 899.3111083507538 seconds

-------------------------------------
Generating 400 images for breed great_pyrenees...

Elapsed time: 900.1156086921692 seconds

-------------------------------------
Generating 400 images for breed havanese...

Elapsed time: 897.6304070949554 seconds

-------------------------------------
Generating 400 images for breed japanese_chin...

Elapsed time: 898.9876372814178 seconds

-------------------------------------
Generating 400 images for breed keeshond...

Elapsed time: 893.6593713760376 seconds

-------------------------------------
Generating 400 images for breed leonberger...

Elapsed time: 881.3376913070679 seconds

-------------------------------------
Generating 400 images for breed Maine_Coon...

Elapsed time: 886.8263537883759 seconds

-------------------------------------
Generating 400 images for breed miniature_pinscher...

Elapsed time: 887.3974514007568 seconds

-------------------------------------
Generating 400 images for breed newfoundland...

Elapsed time: 892.9174470901489 seconds

-------------------------------------
Generating 400 images for breed Persian...

Elapsed time: 895.6648366451263 seconds

-------------------------------------
Generating 400 images for breed pomeranian...

Elapsed time: 893.3331680297852 seconds

-------------------------------------
Generating 400 images for breed pug...

Elapsed time: 896.6140234470367 seconds

-------------------------------------
Generating 400 images for breed Ragdoll...

Elapsed time: 897.6445035934448 seconds

-------------------------------------
Generating 400 images for breed Russian_Blue...

Elapsed time: 888.3969857692719 seconds

-------------------------------------
Generating 400 images for breed saint_bernard...

Elapsed time: 897.2127821445465 seconds

-------------------------------------
Generating 400 images for breed samoyed...

Elapsed time: 896.5559413433075 seconds

-------------------------------------
Generating 400 images for breed scottish_terrier...

Elapsed time: 899.298948764801 seconds

-------------------------------------
Generating 400 images for breed shiba_inu...

Elapsed time: 885.0057580471039 seconds

-------------------------------------
Generating 400 images for breed Siamese...

Elapsed time: 893.2842366695404 seconds

-------------------------------------
Generating 400 images for breed Sphynx...

Elapsed time: 866.1333796977997 seconds

-------------------------------------
Generating 400 images for breed staffordshire_bull_terrier...

Elapsed time: 902.3086786270142 seconds

-------------------------------------
Generating 400 images for breed wheaten_terrier...

Elapsed time: 893.6862676143646 seconds

-------------------------------------
Generating 400 images for breed yorkshire_terrier...

Elapsed time: 891.5047338008881 seconds

Not using data augmentation
Using cuda device
Epoch 1
-------------------------------
Training loss: 3.583323  [16/14484]
Training loss: 3.113916  [1616/14484]
Training loss: 2.783660  [3216/14484]
Training loss: 2.486338  [4816/14484]
Training loss: 2.315800  [6416/14484]
Training loss: 2.249152  [8016/14484]
Training loss: 1.900252  [9616/14484]
Training loss: 1.868176  [11216/14484]
Training loss: 1.607429  [12816/14484]
Training loss: 1.201947  [14416/14484]
Training accuracy: 84.89 %
Validation loss: 2.019631
Validation accuracy: 58.95% 

Epoch 2
-------------------------------
Training loss: 1.450132  [16/14484]
Training loss: 1.146556  [1616/14484]
Training loss: 1.130190  [3216/14484]
Training loss: 0.930273  [4816/14484]
Training loss: 1.208591  [6416/14484]
Training loss: 1.020149  [8016/14484]
Training loss: 0.817248  [9616/14484]
Training loss: 1.035509  [11216/14484]
Training loss: 0.771007  [12816/14484]
Training loss: 0.727445  [14416/14484]
Training accuracy: 91.66 %
Validation loss: 1.480181
Validation accuracy: 65.23% 

Epoch 3
-------------------------------
Training loss: 0.962395  [16/14484]
Training loss: 0.973214  [1616/14484]
Training loss: 0.844142  [3216/14484]
Training loss: 1.153296  [4816/14484]
Training loss: 0.461465  [6416/14484]
Training loss: 0.690964  [8016/14484]
Training loss: 0.570940  [9616/14484]
Training loss: 0.805668  [11216/14484]
Training loss: 0.497825  [12816/14484]
Training loss: 0.587302  [14416/14484]
Training accuracy: 93.02 %
Validation loss: 1.274770
Validation accuracy: 67.63% 

Epoch 4
-------------------------------
Training loss: 0.822486  [16/14484]
Training loss: 0.370405  [1616/14484]
Training loss: 0.614877  [3216/14484]
Training loss: 0.472478  [4816/14484]
Training loss: 0.521272  [6416/14484]
Training loss: 0.362160  [8016/14484]
Training loss: 0.541694  [9616/14484]
Training loss: 0.369609  [11216/14484]
Training loss: 0.265848  [12816/14484]
Training loss: 0.427428  [14416/14484]
Training accuracy: 93.72 %
Validation loss: 1.180170
Validation accuracy: 66.98% 

Epoch 5
-------------------------------
Training loss: 0.340708  [16/14484]
Training loss: 0.444691  [1616/14484]
Training loss: 0.356863  [3216/14484]
Training loss: 0.224545  [4816/14484]
Training loss: 0.511908  [6416/14484]
Training loss: 0.416685  [8016/14484]
Training loss: 0.234309  [9616/14484]
Training loss: 0.478660  [11216/14484]
Training loss: 0.606465  [12816/14484]
Training loss: 0.408118  [14416/14484]
Training accuracy: 94.25 %
Validation loss: 1.091588
Validation accuracy: 68.89% 

Epoch 6
-------------------------------
Training loss: 0.439259  [16/14484]
Training loss: 0.531073  [1616/14484]
Training loss: 0.472703  [3216/14484]
Training loss: 0.203472  [4816/14484]
Training loss: 0.559981  [6416/14484]
Training loss: 0.281715  [8016/14484]
Training loss: 0.329137  [9616/14484]
Training loss: 0.291928  [11216/14484]
Training loss: 0.240257  [12816/14484]
Training loss: 0.353500  [14416/14484]
Training accuracy: 94.52 %
Validation loss: 1.084844
Validation accuracy: 67.74% 

Epoch 7
-------------------------------
Training loss: 0.394659  [16/14484]
Training loss: 0.632346  [1616/14484]
Training loss: 0.520420  [3216/14484]
Training loss: 0.213269  [4816/14484]
Training loss: 0.177120  [6416/14484]
Training loss: 0.453587  [8016/14484]
Training loss: 0.177133  [9616/14484]
Training loss: 0.304225  [11216/14484]
Training loss: 0.305980  [12816/14484]
Training loss: 0.329662  [14416/14484]
Training accuracy: 94.75 %
Validation loss: 1.031952
Validation accuracy: 68.07% 

Epoch 8
-------------------------------
Training loss: 0.285253  [16/14484]
Training loss: 0.362908  [1616/14484]
Training loss: 0.412951  [3216/14484]
Training loss: 0.375678  [4816/14484]
Training loss: 0.571300  [6416/14484]
Training loss: 0.269190  [8016/14484]
Training loss: 0.283710  [9616/14484]
Training loss: 0.237673  [11216/14484]
Training loss: 0.164868  [12816/14484]
Training loss: 0.659458  [14416/14484]
Training accuracy: 94.98 %
Validation loss: 0.980202
Validation accuracy: 70.63% 

Epoch 9
-------------------------------
Training loss: 0.459253  [16/14484]
Training loss: 0.397429  [1616/14484]
Training loss: 0.244043  [3216/14484]
Training loss: 0.141018  [4816/14484]
Training loss: 0.206770  [6416/14484]
Training loss: 0.174134  [8016/14484]
Training loss: 0.303023  [9616/14484]
Training loss: 0.318428  [11216/14484]
Training loss: 0.203524  [12816/14484]
Training loss: 0.172593  [14416/14484]
Training accuracy: 95.19 %
Validation loss: 0.996370
Validation accuracy: 68.45% 

Epoch 10
-------------------------------
Training loss: 0.333107  [16/14484]
Training loss: 0.232883  [1616/14484]
Training loss: 0.278991  [3216/14484]
Training loss: 0.263871  [4816/14484]
Training loss: 0.231673  [6416/14484]
Training loss: 0.404155  [8016/14484]
Training loss: 0.182826  [9616/14484]
Training loss: 0.429144  [11216/14484]
Training loss: 0.278017  [12816/14484]
Training loss: 0.278519  [14416/14484]
Training accuracy: 95.60 %
Validation loss: 0.971747
Validation accuracy: 69.71% 

Epoch 11
-------------------------------
Training loss: 0.324658  [16/14484]
Training loss: 0.206476  [1616/14484]
Training loss: 0.236638  [3216/14484]
Training loss: 0.200944  [4816/14484]
Training loss: 0.235215  [6416/14484]
Training loss: 0.413886  [8016/14484]
Training loss: 0.311022  [9616/14484]
Training loss: 0.365615  [11216/14484]
Training loss: 0.120670  [12816/14484]
Training loss: 0.117247  [14416/14484]
Training accuracy: 95.61 %
Validation loss: 0.919512
Validation accuracy: 71.23% 

Epoch 12
-------------------------------
Training loss: 0.082950  [16/14484]
Training loss: 0.186571  [1616/14484]
Training loss: 0.267083  [3216/14484]
Training loss: 0.134463  [4816/14484]
Training loss: 0.156118  [6416/14484]
Training loss: 0.186393  [8016/14484]
Training loss: 0.384362  [9616/14484]
Training loss: 0.144915  [11216/14484]
Training loss: 0.188531  [12816/14484]
Training loss: 0.284921  [14416/14484]
Training accuracy: 95.47 %
Validation loss: 0.938699
Validation accuracy: 69.81% 

Epoch 13
-------------------------------
Training loss: 0.421819  [16/14484]
Training loss: 0.158737  [1616/14484]
Training loss: 0.241007  [3216/14484]
Training loss: 0.210608  [4816/14484]
Training loss: 0.199804  [6416/14484]
Training loss: 0.307987  [8016/14484]
Training loss: 0.205229  [9616/14484]
Training loss: 0.292616  [11216/14484]
Training loss: 0.536450  [12816/14484]
Training loss: 0.160825  [14416/14484]
Training accuracy: 95.75 %
Validation loss: 0.920569
Validation accuracy: 70.47% 

Epoch 14
-------------------------------
Training loss: 0.143860  [16/14484]
Training loss: 0.148039  [1616/14484]
Training loss: 0.159326  [3216/14484]
Training loss: 0.362435  [4816/14484]
Training loss: 0.308933  [6416/14484]
Training loss: 0.173373  [8016/14484]
Training loss: 0.163501  [9616/14484]
Training loss: 0.127185  [11216/14484]
Training loss: 0.140316  [12816/14484]
Training loss: 0.255898  [14416/14484]
Training accuracy: 95.68 %
Validation loss: 0.915786
Validation accuracy: 70.69% 

Epoch 15
-------------------------------
Training loss: 0.164332  [16/14484]
Training loss: 0.233836  [1616/14484]
Training loss: 0.188557  [3216/14484]
Training loss: 0.143457  [4816/14484]
Training loss: 0.321895  [6416/14484]
Training loss: 0.392172  [8016/14484]
Training loss: 0.142830  [9616/14484]
Training loss: 0.205816  [11216/14484]
Training loss: 0.264642  [12816/14484]
Training loss: 0.074698  [14416/14484]
Training accuracy: 95.77 %
Validation loss: 0.932302
Validation accuracy: 69.71% 

Epoch 16
-------------------------------
Training loss: 0.295922  [16/14484]
Training loss: 0.227126  [1616/14484]
Training loss: 0.221022  [3216/14484]
Training loss: 0.143033  [4816/14484]
Training loss: 0.497207  [6416/14484]
Training loss: 0.152582  [8016/14484]
Training loss: 0.286246  [9616/14484]
Training loss: 0.188263  [11216/14484]
Training loss: 0.116813  [12816/14484]
Training loss: 0.259623  [14416/14484]
Training accuracy: 96.00 %
Validation loss: 0.894122
Validation accuracy: 71.34% 

Epoch 17
-------------------------------
Training loss: 0.156029  [16/14484]
Training loss: 0.215628  [1616/14484]
Training loss: 0.094959  [3216/14484]
Training loss: 0.158723  [4816/14484]
Training loss: 0.177920  [6416/14484]
Training loss: 0.094720  [8016/14484]
Training loss: 0.132523  [9616/14484]
Training loss: 0.088769  [11216/14484]
Training loss: 0.129858  [12816/14484]
Training loss: 0.367892  [14416/14484]
Training accuracy: 96.09 %
Validation loss: 0.959776
Validation accuracy: 68.72% 

Epoch 18
-------------------------------
Training loss: 0.183241  [16/14484]
Training loss: 0.171470  [1616/14484]
Training loss: 0.223371  [3216/14484]
Training loss: 0.077765  [4816/14484]
Training loss: 0.300970  [6416/14484]
Training loss: 0.252819  [8016/14484]
Training loss: 0.259925  [9616/14484]
Training loss: 0.255362  [11216/14484]
Training loss: 0.149725  [12816/14484]
Training loss: 0.044084  [14416/14484]
Training accuracy: 96.04 %
Validation loss: 0.836153
Validation accuracy: 73.42% 

Epoch 19
-------------------------------
Training loss: 0.152849  [16/14484]
Training loss: 0.199982  [1616/14484]
Training loss: 0.091466  [3216/14484]
Training loss: 0.126055  [4816/14484]
Training loss: 0.172264  [6416/14484]
Training loss: 0.175230  [8016/14484]
Training loss: 0.192423  [9616/14484]
Training loss: 0.268555  [11216/14484]
Training loss: 0.292008  [12816/14484]
Training loss: 0.278727  [14416/14484]
Training accuracy: 96.10 %
Validation loss: 0.900714
Validation accuracy: 70.52% 

Epoch 20
-------------------------------
Training loss: 0.130556  [16/14484]
Training loss: 0.200559  [1616/14484]
Training loss: 0.153590  [3216/14484]
Training loss: 0.218914  [4816/14484]
Training loss: 0.187737  [6416/14484]
Training loss: 0.237488  [8016/14484]
Training loss: 0.168575  [9616/14484]
Training loss: 0.103376  [11216/14484]
Training loss: 0.101951  [12816/14484]
Training loss: 0.163371  [14416/14484]
Training accuracy: 96.34 %
Validation loss: 0.950401
Validation accuracy: 69.81% 

Epoch 21
-------------------------------
Training loss: 0.224844  [16/14484]
Training loss: 0.256483  [1616/14484]
Training loss: 0.108438  [3216/14484]
Training loss: 0.258152  [4816/14484]
Training loss: 0.290682  [6416/14484]
Training loss: 0.186992  [8016/14484]
Training loss: 0.328949  [9616/14484]
Training loss: 0.170426  [11216/14484]
Training loss: 0.238693  [12816/14484]
Training loss: 0.087599  [14416/14484]
Training accuracy: 96.60 %
Validation loss: 0.885914
Validation accuracy: 71.18% 

Epoch 22
-------------------------------
Training loss: 0.150118  [16/14484]
Training loss: 0.251059  [1616/14484]
Training loss: 0.208744  [3216/14484]
Training loss: 0.278127  [4816/14484]
Training loss: 0.131843  [6416/14484]
Training loss: 0.378185  [8016/14484]
Training loss: 0.137959  [9616/14484]
Training loss: 0.155419  [11216/14484]
Training loss: 0.128456  [12816/14484]
Training loss: 0.260940  [14416/14484]
Training accuracy: 96.30 %
Validation loss: 0.879383
Validation accuracy: 71.23% 

Epoch 23
-------------------------------
Training loss: 0.202964  [16/14484]
Training loss: 0.079994  [1616/14484]
Training loss: 0.127374  [3216/14484]
Training loss: 0.127415  [4816/14484]
Training loss: 0.177474  [6416/14484]
Training loss: 0.154283  [8016/14484]
Training loss: 0.219445  [9616/14484]
Training loss: 0.167029  [11216/14484]
Training loss: 0.328711  [12816/14484]
Training loss: 0.075424  [14416/14484]
Training accuracy: 96.47 %
Validation loss: 0.870871
Validation accuracy: 72.00% 

Early stopping
Done!

Elapsed time: 8559.684397697449 seconds

Current time: 12:35:42
                         precision    recall  f1-score   support

             Abyssinian       0.81      0.45      0.58        49
       American Bulldog       0.62      0.60      0.61        50
  American pitbull terr       0.43      0.64      0.52        50
           Basset hound       0.88      0.90      0.89        50
                 Beagle       0.95      0.82      0.88        50
                 Bengal       0.67      0.20      0.31        50
                 Birman       0.43      0.50      0.46        50
                 Bombay       0.35      0.86      0.50        44
                  Boxer       0.96      0.52      0.68        50
      British Shorthair       0.85      0.46      0.60        50
              Chihuahua       0.79      0.76      0.78        50
           Egyptian Mau       0.43      0.98      0.60        49
 English cocker spaniel       0.83      0.70      0.76        50
         English setter       0.85      0.88      0.86        50
     German shorthaired       0.72      1.00      0.84        50
         Great pyrenees       0.82      0.98      0.89        50
               Havanese       0.97      0.60      0.74        50
          Japanese chin       1.00      0.86      0.92        50
               Keeshond       0.98      1.00      0.99        50
             Leonberger       0.84      0.92      0.88        50
             Maine Coon       0.85      0.44      0.58        50
     Miniature pinscher       0.92      0.88      0.90        50
           Newfoundland       0.72      0.96      0.82        50
                Persian       0.70      0.56      0.62        50
             Pomeranian       1.00      0.68      0.81        50
                    Pug       0.98      0.90      0.94        50
                Ragdoll       0.27      0.26      0.27        50
           Russian blue       0.55      0.34      0.42        50
          Saint bernard       0.96      0.86      0.91        50
                Samoyed       0.79      1.00      0.88        50
       Scottish terrier       0.83      0.88      0.85        50
              Shiba inu       0.94      0.94      0.94        50
                Siamese       0.68      0.76      0.72        50
                 Sphynx       0.72      0.26      0.38        50
Staffordshire bull terr       0.57      0.67      0.61        45
        Wheaten terrier       0.56      0.96      0.71        50
      Yorkshire terrier       1.00      0.64      0.78        50

               accuracy                           0.72      1837
              macro avg       0.76      0.72      0.71      1837
           weighted avg       0.76      0.72      0.72      1837

Test accuracy: 0.7191072400653239
The metadata of the previous execution is...
{'training_images_percentage': 0.05, 'epochs': 55, 'learning_rate': 0.001, 'batch_size': 16, 'data_augmentation': 'no', 'subject_driven_technique': 'stable-diffusion-prompt', 'number_of_samples': 5, 'images_to_generate': 400, 'FID_threshold': 100, 'check_quality': False, 'path_to_dataset': '../../../../../../work3/s226536/datasets/oxford-iiit-pet', 'DATA_DIR': '../../../../../../work3/s226536/datasets'}

Preparing next execution...
Finished preparing next execution...
