Epoch 1
-------------------------------
Training loss: 1.182887 [16/6955]
Training loss: 0.355316 
Validation loss: 0.248681

Epoch 2
-------------------------------
Training loss: 0.295533 [16/6955]
Training loss: 0.319383 
Validation loss: 0.248338

Epoch 3
-------------------------------
Training loss: 0.291942 [16/6955]
Training loss: 0.311054 
Validation loss: 0.240955

Epoch 4
-------------------------------
Training loss: 0.213857 [16/6955]
Training loss: 0.302380 
Validation loss: 0.236790

Epoch 5
-------------------------------
Training loss: 0.317114 [16/6955]
Training loss: 0.296092 
Validation loss: 0.231361

Epoch 6
-------------------------------
Training loss: 0.285636 [16/6955]
Training loss: 0.290233 
Validation loss: 0.237180

Early stopping
Jaccard score: 0.8535443623534975
Done!

Elapsed time: 1489.669811964035 seconds

Current time: 11:36:59