Downloading https://thor.robots.ox.ac.uk/datasets/pets/images.tar.gz to ../../../../../../work3/s226536/datasets/oxford-iiit-pet/images.tar.gz
Extracting ../../../../../../work3/s226536/datasets/oxford-iiit-pet/images.tar.gz to ../../../../../../work3/s226536/datasets/oxford-iiit-pet
Downloading https://thor.robots.ox.ac.uk/datasets/pets/annotations.tar.gz to ../../../../../../work3/s226536/datasets/oxford-iiit-pet/annotations.tar.gz
Extracting ../../../../../../work3/s226536/datasets/oxford-iiit-pet/annotations.tar.gz to ../../../../../../work3/s226536/datasets/oxford-iiit-pet
-------------------------------------
Generating 5 images for breed Abyssinian...

Elapsed time: 16.859374284744263 seconds

-------------------------------------
Generating 5 images for breed american_bulldog...

Elapsed time: 12.952858209609985 seconds

-------------------------------------
Generating 5 images for breed american_pit_bull_terrier...

Elapsed time: 12.67185354232788 seconds

-------------------------------------
Generating 5 images for breed basset_hound...

Elapsed time: 12.874252796173096 seconds

-------------------------------------
Generating 5 images for breed beagle...

Elapsed time: 12.723204612731934 seconds

-------------------------------------
Generating 5 images for breed Bengal...

Elapsed time: 12.715724468231201 seconds

-------------------------------------
Generating 5 images for breed Birman...

Elapsed time: 12.424411296844482 seconds

-------------------------------------
Generating 5 images for breed Bombay...

Elapsed time: 12.552771091461182 seconds

-------------------------------------
Generating 5 images for breed boxer...

Elapsed time: 12.4281325340271 seconds

-------------------------------------
Generating 5 images for breed British_Shorthair...

Elapsed time: 12.481844663619995 seconds

-------------------------------------
Generating 5 images for breed chihuahua...

Elapsed time: 12.696991920471191 seconds

-------------------------------------
Generating 5 images for breed Egyptian_Mau...

Elapsed time: 12.32659101486206 seconds

-------------------------------------
Generating 5 images for breed english_cocker_spaniel...

Elapsed time: 12.563859462738037 seconds

-------------------------------------
Generating 5 images for breed english_setter...

Elapsed time: 12.55255389213562 seconds

-------------------------------------
Generating 5 images for breed german_shorthaired...

Elapsed time: 12.930267333984375 seconds

-------------------------------------
Generating 5 images for breed great_pyrenees...

Elapsed time: 12.554625272750854 seconds

-------------------------------------
Generating 5 images for breed havanese...

Elapsed time: 12.519704103469849 seconds

-------------------------------------
Generating 5 images for breed japanese_chin...

Elapsed time: 12.579981565475464 seconds

-------------------------------------
Generating 5 images for breed keeshond...

Elapsed time: 12.437231540679932 seconds

-------------------------------------
Generating 5 images for breed leonberger...

Elapsed time: 12.497347116470337 seconds

-------------------------------------
Generating 5 images for breed Maine_Coon...

Elapsed time: 12.450356245040894 seconds

-------------------------------------
Generating 5 images for breed miniature_pinscher...

Elapsed time: 12.857877254486084 seconds

-------------------------------------
Generating 5 images for breed newfoundland...

Elapsed time: 12.478198528289795 seconds

-------------------------------------
Generating 5 images for breed Persian...

Elapsed time: 12.408757448196411 seconds

-------------------------------------
Generating 5 images for breed pomeranian...

Elapsed time: 12.646762371063232 seconds

-------------------------------------
Generating 5 images for breed pug...

Elapsed time: 12.731662034988403 seconds

-------------------------------------
Generating 5 images for breed Ragdoll...

Elapsed time: 12.395467281341553 seconds

-------------------------------------
Generating 5 images for breed Russian_Blue...

Elapsed time: 12.638118028640747 seconds

-------------------------------------
Generating 5 images for breed saint_bernard...

Elapsed time: 12.495620727539062 seconds

-------------------------------------
Generating 5 images for breed samoyed...

Elapsed time: 13.006001949310303 seconds

-------------------------------------
Generating 5 images for breed scottish_terrier...

Elapsed time: 12.408087015151978 seconds

-------------------------------------
Generating 5 images for breed shiba_inu...

Elapsed time: 12.443869590759277 seconds

-------------------------------------
Generating 5 images for breed Siamese...

Elapsed time: 12.770071983337402 seconds

-------------------------------------
Generating 5 images for breed Sphynx...

Elapsed time: 12.136476993560791 seconds

-------------------------------------
Generating 5 images for breed staffordshire_bull_terrier...

Elapsed time: 12.606930494308472 seconds

-------------------------------------
Generating 5 images for breed wheaten_terrier...

Elapsed time: 12.38557243347168 seconds

-------------------------------------
Generating 5 images for breed yorkshire_terrier...

Elapsed time: 12.409565925598145 seconds

Not using data augmentation
Using cuda device
Epoch 1
-------------------------------
Training loss: 3.758713  [16/359]
Training accuracy: 4.74 %
Validation loss: 3.673777
Validation accuracy: 3.82% 

Epoch 2
-------------------------------
Training loss: 3.388165  [16/359]
Training accuracy: 4.74 %
Validation loss: 3.580144
Validation accuracy: 5.02% 

Epoch 3
-------------------------------
Training loss: 3.374332  [16/359]
Training accuracy: 7.80 %
Validation loss: 3.495753
Validation accuracy: 7.21% 

Epoch 4
-------------------------------
Training loss: 3.428396  [16/359]
Training accuracy: 12.26 %
Validation loss: 3.418291
Validation accuracy: 8.79% 

Epoch 5
-------------------------------
Training loss: 3.379666  [16/359]
Training accuracy: 15.88 %
Validation loss: 3.348291
Validation accuracy: 10.70% 

Epoch 6
-------------------------------
Training loss: 3.301036  [16/359]
Training accuracy: 18.66 %
Validation loss: 3.285976
Validation accuracy: 12.83% 

Epoch 7
-------------------------------
Training loss: 3.156737  [16/359]
Training accuracy: 23.40 %
Validation loss: 3.220026
Validation accuracy: 15.23% 

Epoch 8
-------------------------------
Training loss: 3.187442  [16/359]
Training accuracy: 25.91 %
Validation loss: 3.157425
Validation accuracy: 17.74% 

Epoch 9
-------------------------------
Training loss: 3.116119  [16/359]
Training accuracy: 29.53 %
Validation loss: 3.105185
Validation accuracy: 20.41% 

Epoch 10
-------------------------------
Training loss: 3.015514  [16/359]
Training accuracy: 35.10 %
Validation loss: 3.042477
Validation accuracy: 24.13% 

Epoch 11
-------------------------------
Training loss: 2.766523  [16/359]
Training accuracy: 38.44 %
Validation loss: 2.989087
Validation accuracy: 25.71% 

Epoch 12
-------------------------------
Training loss: 2.842959  [16/359]
Training accuracy: 41.78 %
Validation loss: 2.936660
Validation accuracy: 29.86% 

Epoch 13
-------------------------------
Training loss: 3.047830  [16/359]
Training accuracy: 49.30 %
Validation loss: 2.882738
Validation accuracy: 33.52% 

Epoch 14
-------------------------------
Training loss: 2.976298  [16/359]
Training accuracy: 47.91 %
Validation loss: 2.832678
Validation accuracy: 35.32% 

Epoch 15
-------------------------------
Training loss: 2.554226  [16/359]
Training accuracy: 54.60 %
Validation loss: 2.780441
Validation accuracy: 38.65% 

Epoch 16
-------------------------------
Training loss: 2.612182  [16/359]
Training accuracy: 56.55 %
Validation loss: 2.736896
Validation accuracy: 40.94% 

Epoch 17
-------------------------------
Training loss: 2.578947  [16/359]
Training accuracy: 57.66 %
Validation loss: 2.684299
Validation accuracy: 43.29% 

Epoch 18
-------------------------------
Training loss: 2.511034  [16/359]
Training accuracy: 61.56 %
Validation loss: 2.636932
Validation accuracy: 44.98% 

Epoch 19
-------------------------------
Training loss: 2.480824  [16/359]
Training accuracy: 63.51 %
Validation loss: 2.584761
Validation accuracy: 48.25% 

Epoch 20
-------------------------------
Training loss: 2.262302  [16/359]
Training accuracy: 66.02 %
Validation loss: 2.541815
Validation accuracy: 50.76% 

Epoch 21
-------------------------------
Training loss: 2.287018  [16/359]
Training accuracy: 69.36 %
Validation loss: 2.501053
Validation accuracy: 52.46% 

Epoch 22
-------------------------------
Training loss: 2.527071  [16/359]
Training accuracy: 68.52 %
Validation loss: 2.465457
Validation accuracy: 54.09% 

Epoch 23
-------------------------------
Training loss: 2.195752  [16/359]
Training accuracy: 70.75 %
Validation loss: 2.414673
Validation accuracy: 55.90% 

Epoch 24
-------------------------------
Training loss: 2.079310  [16/359]
Training accuracy: 75.77 %
Validation loss: 2.384178
Validation accuracy: 57.04% 

Epoch 25
-------------------------------
Training loss: 2.301473  [16/359]
Training accuracy: 73.26 %
Validation loss: 2.322549
Validation accuracy: 58.41% 

Epoch 26
-------------------------------
Training loss: 2.275865  [16/359]
Training accuracy: 76.04 %
Validation loss: 2.288837
Validation accuracy: 59.22% 

Epoch 27
-------------------------------
Training loss: 2.275649  [16/359]
Training accuracy: 76.32 %
Validation loss: 2.267038
Validation accuracy: 60.26% 

Epoch 28
-------------------------------
Training loss: 1.918834  [16/359]
Training accuracy: 78.55 %
Validation loss: 2.212535
Validation accuracy: 62.28% 

Epoch 29
-------------------------------
Training loss: 1.849283  [16/359]
Training accuracy: 81.62 %
Validation loss: 2.173584
Validation accuracy: 62.77% 

Epoch 30
-------------------------------
Training loss: 1.803452  [16/359]
Training accuracy: 83.01 %
Validation loss: 2.156688
Validation accuracy: 63.05% 

Epoch 31
-------------------------------
Training loss: 1.890944  [16/359]
Training accuracy: 83.84 %
Validation loss: 2.121558
Validation accuracy: 64.14% 

Epoch 32
-------------------------------
Training loss: 2.081429  [16/359]
Training accuracy: 82.45 %
Validation loss: 2.093804
Validation accuracy: 63.92% 

Epoch 33
-------------------------------
Training loss: 1.786790  [16/359]
Training accuracy: 82.17 %
Validation loss: 2.053453
Validation accuracy: 65.99% 

Epoch 34
-------------------------------
Training loss: 2.015438  [16/359]
Training accuracy: 84.12 %
Validation loss: 2.016751
Validation accuracy: 65.67% 

Epoch 35
-------------------------------
Training loss: 1.576987  [16/359]
Training accuracy: 85.24 %
Validation loss: 1.985692
Validation accuracy: 66.65% 

Epoch 36
-------------------------------
Training loss: 1.628285  [16/359]
Training accuracy: 86.63 %
Validation loss: 1.966608
Validation accuracy: 66.98% 

Epoch 37
-------------------------------
Training loss: 1.733236  [16/359]
Training accuracy: 86.35 %
Validation loss: 1.937620
Validation accuracy: 67.19% 

Epoch 38
-------------------------------
Training loss: 1.613260  [16/359]
Training accuracy: 84.40 %
Validation loss: 1.898964
Validation accuracy: 68.29% 

Epoch 39
-------------------------------
Training loss: 1.384645  [16/359]
Training accuracy: 86.91 %
Validation loss: 1.886051
Validation accuracy: 68.07% 

Epoch 40
-------------------------------
Training loss: 1.485020  [16/359]
Training accuracy: 87.47 %
Validation loss: 1.857477
Validation accuracy: 69.10% 

Epoch 41
-------------------------------
Training loss: 1.490013  [16/359]
Training accuracy: 87.47 %
Validation loss: 1.828363
Validation accuracy: 69.27% 

Epoch 42
-------------------------------
Training loss: 1.276984  [16/359]
Training accuracy: 87.74 %
Validation loss: 1.811654
Validation accuracy: 69.65% 

Epoch 43
-------------------------------
Training loss: 1.407739  [16/359]
Training accuracy: 90.53 %
Validation loss: 1.772431
Validation accuracy: 69.87% 

Epoch 44
-------------------------------
Training loss: 1.374172  [16/359]
Training accuracy: 89.69 %
Validation loss: 1.750711
Validation accuracy: 70.52% 

Epoch 45
-------------------------------
Training loss: 1.415236  [16/359]
Training accuracy: 89.97 %
Validation loss: 1.730213
Validation accuracy: 70.36% 

Epoch 46
-------------------------------
Training loss: 1.357076  [16/359]
Training accuracy: 91.36 %
Validation loss: 1.707992
Validation accuracy: 71.12% 

Epoch 47
-------------------------------
Training loss: 1.238364  [16/359]
Training accuracy: 91.64 %
Validation loss: 1.692424
Validation accuracy: 70.63% 

Epoch 48
-------------------------------
Training loss: 1.548447  [16/359]
Training accuracy: 90.53 %
Validation loss: 1.663435
Validation accuracy: 71.83% 

Epoch 49
-------------------------------
Training loss: 1.225737  [16/359]
Training accuracy: 91.36 %
Validation loss: 1.650764
Validation accuracy: 72.33% 

Epoch 50
-------------------------------
Training loss: 1.622874  [16/359]
Training accuracy: 89.42 %
Validation loss: 1.638108
Validation accuracy: 71.83% 

Epoch 51
-------------------------------
Training loss: 1.112276  [16/359]
Training accuracy: 90.81 %
Validation loss: 1.616239
Validation accuracy: 72.27% 

Epoch 52
-------------------------------
Training loss: 1.286068  [16/359]
Training accuracy: 91.92 %
Validation loss: 1.588017
Validation accuracy: 73.25% 

Epoch 53
-------------------------------
Training loss: 1.088504  [16/359]
Training accuracy: 91.92 %
Validation loss: 1.590788
Validation accuracy: 72.82% 

Epoch 54
-------------------------------
Training loss: 1.296586  [16/359]
Training accuracy: 95.26 %
Validation loss: 1.550852
Validation accuracy: 73.91% 

Epoch 55
-------------------------------
Training loss: 1.388076  [16/359]
Training accuracy: 93.31 %
Validation loss: 1.528947
Validation accuracy: 73.91% 

Done!

Elapsed time: 932.5092587471008 seconds

Current time: 18:14:34
                         precision    recall  f1-score   support

             Abyssinian       0.43      0.33      0.37        49
       American Bulldog       0.79      0.52      0.63        50
  American pitbull terr       0.47      0.58      0.52        50
           Basset hound       0.86      0.88      0.87        50
                 Beagle       0.83      0.88      0.85        50
                 Bengal       0.38      0.30      0.34        50
                 Birman       0.50      0.22      0.31        50
                 Bombay       0.72      0.66      0.69        44
                  Boxer       0.69      0.70      0.69        50
      British Shorthair       0.63      0.54      0.58        50
              Chihuahua       0.76      0.84      0.80        50
           Egyptian Mau       0.48      0.84      0.61        49
 English cocker spaniel       0.85      0.70      0.77        50
         English setter       0.76      0.74      0.75        50
     German shorthaired       0.77      0.98      0.86        50
         Great pyrenees       0.90      0.94      0.92        50
               Havanese       0.93      0.78      0.85        50
          Japanese chin       0.98      0.90      0.94        50
               Keeshond       0.93      1.00      0.96        50
             Leonberger       0.94      1.00      0.97        50
             Maine Coon       0.74      0.40      0.52        50
     Miniature pinscher       0.98      0.82      0.89        50
           Newfoundland       0.85      0.90      0.87        50
                Persian       0.75      0.84      0.79        50
             Pomeranian       0.93      0.84      0.88        50
                    Pug       0.92      0.90      0.91        50
                Ragdoll       0.43      0.50      0.46        50
           Russian blue       0.52      0.60      0.56        50
          Saint bernard       0.98      0.92      0.95        50
                Samoyed       0.74      0.98      0.84        50
       Scottish terrier       0.86      0.88      0.87        50
              Shiba inu       0.77      0.88      0.82        50
                Siamese       0.65      0.84      0.73        50
                 Sphynx       0.95      0.40      0.56        50
Staffordshire bull terr       0.43      0.58      0.50        45
        Wheaten terrier       0.75      0.96      0.84        50
      Yorkshire terrier       0.96      0.86      0.91        50

               accuracy                           0.74      1837
              macro avg       0.75      0.74      0.73      1837
           weighted avg       0.75      0.74      0.74      1837

Test accuracy: 0.7419706042460533
