Downloading https://thor.robots.ox.ac.uk/datasets/pets/images.tar.gz to ../../../../../../work3/s226536/datasets/oxford-iiit-pet/images.tar.gz
Extracting ../../../../../../work3/s226536/datasets/oxford-iiit-pet/images.tar.gz to ../../../../../../work3/s226536/datasets/oxford-iiit-pet
Downloading https://thor.robots.ox.ac.uk/datasets/pets/annotations.tar.gz to ../../../../../../work3/s226536/datasets/oxford-iiit-pet/annotations.tar.gz
Extracting ../../../../../../work3/s226536/datasets/oxford-iiit-pet/annotations.tar.gz to ../../../../../../work3/s226536/datasets/oxford-iiit-pet
-------------------------------------
Generating 50 images for breed Abyssinian...

Elapsed time: 793.9749374389648 seconds

-------------------------------------
Generating 50 images for breed american_bulldog...

Elapsed time: 746.5756781101227 seconds

-------------------------------------
Generating 50 images for breed american_pit_bull_terrier...

Elapsed time: 876.5007100105286 seconds

-------------------------------------
Generating 50 images for breed basset_hound...

Elapsed time: 787.3559794425964 seconds

-------------------------------------
Generating 50 images for breed beagle...

Elapsed time: 787.9379839897156 seconds

-------------------------------------
Generating 50 images for breed Bengal...

Elapsed time: 788.4775342941284 seconds

-------------------------------------
Generating 50 images for breed Birman...

Elapsed time: 783.8737230300903 seconds

-------------------------------------
Generating 50 images for breed Bombay...

Elapsed time: 788.5526604652405 seconds

-------------------------------------
Generating 50 images for breed boxer...

Elapsed time: 788.5041153430939 seconds

-------------------------------------
Generating 50 images for breed British_Shorthair...

Elapsed time: 784.3675122261047 seconds

-------------------------------------
Generating 50 images for breed chihuahua...

Elapsed time: 788.1769285202026 seconds

-------------------------------------
Generating 50 images for breed Egyptian_Mau...

Elapsed time: 786.4288094043732 seconds

-------------------------------------
Generating 50 images for breed english_cocker_spaniel...

Elapsed time: 788.0505564212799 seconds

-------------------------------------
Generating 50 images for breed english_setter...

Elapsed time: 790.1840424537659 seconds

-------------------------------------
Generating 50 images for breed german_shorthaired...

Elapsed time: 786.5451231002808 seconds

-------------------------------------
Generating 50 images for breed great_pyrenees...

Elapsed time: 787.9337606430054 seconds

-------------------------------------
Generating 50 images for breed havanese...

Elapsed time: 790.6449017524719 seconds

-------------------------------------
Generating 50 images for breed japanese_chin...

Elapsed time: 787.9034502506256 seconds

-------------------------------------
Generating 50 images for breed keeshond...

Elapsed time: 788.43608045578 seconds

-------------------------------------
Generating 50 images for breed leonberger...

Elapsed time: 785.6634411811829 seconds

-------------------------------------
Generating 50 images for breed Maine_Coon...

Elapsed time: 788.3394167423248 seconds

-------------------------------------
Generating 50 images for breed miniature_pinscher...

Elapsed time: 787.6061110496521 seconds

-------------------------------------
Generating 50 images for breed newfoundland...

Elapsed time: 786.7808773517609 seconds

-------------------------------------
Generating 50 images for breed Persian...

Elapsed time: 788.8618052005768 seconds

-------------------------------------
Generating 50 images for breed pomeranian...

Elapsed time: 785.3799500465393 seconds

-------------------------------------
Generating 50 images for breed pug...

Elapsed time: 787.0750322341919 seconds

-------------------------------------
Generating 50 images for breed Ragdoll...

Elapsed time: 791.6153085231781 seconds

-------------------------------------
Generating 50 images for breed Russian_Blue...

Elapsed time: 963.4819965362549 seconds

-------------------------------------
Generating 50 images for breed saint_bernard...

Elapsed time: 840.3332855701447 seconds

-------------------------------------
Generating 50 images for breed samoyed...

Elapsed time: 852.0162999629974 seconds

-------------------------------------
Generating 50 images for breed scottish_terrier...

Elapsed time: 852.1039764881134 seconds

-------------------------------------
Generating 50 images for breed shiba_inu...

Elapsed time: 794.842164516449 seconds

-------------------------------------
Generating 50 images for breed Siamese...

