Downloading https://thor.robots.ox.ac.uk/datasets/pets/images.tar.gz to ../../../../../../work3/s226536/datasets/oxford-iiit-pet/images.tar.gz
Extracting ../../../../../../work3/s226536/datasets/oxford-iiit-pet/images.tar.gz to ../../../../../../work3/s226536/datasets/oxford-iiit-pet
Downloading https://thor.robots.ox.ac.uk/datasets/pets/annotations.tar.gz to ../../../../../../work3/s226536/datasets/oxford-iiit-pet/annotations.tar.gz
Extracting ../../../../../../work3/s226536/datasets/oxford-iiit-pet/annotations.tar.gz to ../../../../../../work3/s226536/datasets/oxford-iiit-pet
-------------------------------------
Generating 200 images for breed Abyssinian...

Not using data augmentation
Using cuda device
Epoch 1
-------------------------------
Training loss: 4.292329  [16/3680]
Training loss: 3.601702  [1616/3680]
Training loss: 3.253433  [3216/3680]
Training accuracy: 16.28 %
Validation loss: 3.216945
Validation accuracy: 18.07% 

Epoch 2
-------------------------------
Training loss: 3.290529  [16/3680]
Training loss: 3.050183  [1616/3680]
Training loss: 2.735438  [3216/3680]
Training accuracy: 41.49 %
Validation loss: 2.715827
Validation accuracy: 43.40% 

Epoch 3
-------------------------------
Training loss: 2.854419  [16/3680]
Training loss: 2.569612  [1616/3680]
Training loss: 2.171502  [3216/3680]
Training accuracy: 60.08 %
Validation loss: 2.299173
Validation accuracy: 61.14% 

Epoch 4
-------------------------------
Training loss: 2.159804  [16/3680]
Training loss: 2.067561  [1616/3680]
Training loss: 1.971652  [3216/3680]
Training accuracy: 69.62 %
Validation loss: 1.950793
Validation accuracy: 71.51% 

Epoch 5
-------------------------------
Training loss: 2.099916  [16/3680]
Training loss: 2.145530  [1616/3680]
Training loss: 1.976686  [3216/3680]
Training accuracy: 75.87 %
Validation loss: 1.679209
Validation accuracy: 75.27% 

Epoch 6
-------------------------------
Training loss: 1.607121  [16/3680]
Training loss: 1.860760  [1616/3680]
Training loss: 1.550496  [3216/3680]
Training accuracy: 77.80 %
Validation loss: 1.452543
Validation accuracy: 78.06% 

Epoch 7
-------------------------------
Training loss: 1.686115  [16/3680]
Training loss: 1.488391  [1616/3680]
Training loss: 1.548909  [3216/3680]
Training accuracy: 81.25 %
Validation loss: 1.324135
Validation accuracy: 80.40% 

Epoch 8
-------------------------------
Training loss: 1.279701  [16/3680]
Training loss: 1.784102  [1616/3680]
Training loss: 1.410442  [3216/3680]
Training accuracy: 82.69 %
Validation loss: 1.170009
Validation accuracy: 81.99% 

Epoch 9
-------------------------------
Training loss: 1.135157  [16/3680]
Training loss: 1.256500  [1616/3680]
Training loss: 1.221012  [3216/3680]
Training accuracy: 83.59 %
Validation loss: 1.094092
Validation accuracy: 83.57% 

Epoch 10
-------------------------------
Training loss: 1.150022  [16/3680]
Training loss: 1.136357  [1616/3680]
Training loss: 1.120912  [3216/3680]
Training accuracy: 84.73 %
Validation loss: 1.005876
Validation accuracy: 83.90% 

Epoch 11
-------------------------------
Training loss: 1.278251  [16/3680]
Training loss: 1.557651  [1616/3680]
Training loss: 1.054488  [3216/3680]
Training accuracy: 84.86 %
Validation loss: 0.926789
Validation accuracy: 84.72% 

Epoch 12
-------------------------------
Training loss: 0.979674  [16/3680]
Training loss: 0.656634  [1616/3680]
Training loss: 0.962852  [3216/3680]
Training accuracy: 85.68 %
Validation loss: 0.875274
Validation accuracy: 85.86% 

Epoch 13
-------------------------------
Training loss: 0.812633  [16/3680]
Training loss: 0.863900  [1616/3680]
Training loss: 0.865701  [3216/3680]
Training accuracy: 86.82 %
Validation loss: 0.816149
Validation accuracy: 85.59% 

Epoch 14
-------------------------------
Training loss: 0.945264  [16/3680]
Training loss: 0.900523  [1616/3680]
Training loss: 0.985182  [3216/3680]
Training accuracy: 87.20 %
Validation loss: 0.792331
Validation accuracy: 86.24% 

Epoch 15
-------------------------------
Training loss: 0.886659  [16/3680]
Training loss: 0.748698  [1616/3680]
Training loss: 0.711570  [3216/3680]
Training accuracy: 87.36 %
Validation loss: 0.743662
Validation accuracy: 87.39% 

Epoch 16
-------------------------------
Training loss: 0.693325  [16/3680]
Training loss: 0.860887  [1616/3680]
Training loss: 0.774436  [3216/3680]
Training accuracy: 87.91 %
Validation loss: 0.717865
Validation accuracy: 87.34% 

Epoch 17
-------------------------------
Training loss: 0.841064  [16/3680]
Training loss: 0.757476  [1616/3680]
Training loss: 0.842459  [3216/3680]
Training accuracy: 88.45 %
Validation loss: 0.680687
Validation accuracy: 87.23% 

Epoch 18
-------------------------------
Training loss: 0.827759  [16/3680]
Training loss: 0.699904  [1616/3680]
Training loss: 0.576243  [3216/3680]
Training accuracy: 88.72 %
Validation loss: 0.662958
Validation accuracy: 87.45% 

Epoch 19
-------------------------------
Training loss: 0.767729  [16/3680]
Training loss: 0.761371  [1616/3680]
Training loss: 0.537383  [3216/3680]
Training accuracy: 88.12 %
Validation loss: 0.661765
Validation accuracy: 87.45% 

Epoch 20
-------------------------------
Training loss: 0.935441  [16/3680]
Training loss: 0.689049  [1616/3680]
Training loss: 0.833057  [3216/3680]
Training accuracy: 88.70 %
Validation loss: 0.629259
Validation accuracy: 87.55% 

Epoch 21
-------------------------------
Training loss: 0.883510  [16/3680]
Training loss: 0.729265  [1616/3680]
Training loss: 0.419017  [3216/3680]
Training accuracy: 88.42 %
Validation loss: 0.609205
Validation accuracy: 87.55% 

Epoch 22
-------------------------------
Training loss: 0.415709  [16/3680]
Training loss: 0.549585  [1616/3680]
Training loss: 1.066870  [3216/3680]
Training accuracy: 88.94 %
Validation loss: 0.594617
Validation accuracy: 87.55% 

Epoch 23
-------------------------------
Training loss: 0.612330  [16/3680]
Training loss: 0.841045  [1616/3680]
Training loss: 0.730403  [3216/3680]
Training accuracy: 89.24 %
Validation loss: 0.580174
Validation accuracy: 87.88% 

Epoch 24
-------------------------------
Training loss: 0.624491  [16/3680]
Training loss: 0.873900  [1616/3680]
Training loss: 0.951377  [3216/3680]
Training accuracy: 89.70 %
Validation loss: 0.572027
Validation accuracy: 88.16% 

Epoch 25
-------------------------------
Training loss: 0.523938  [16/3680]
Training loss: 0.833118  [1616/3680]
Training loss: 0.559049  [3216/3680]
Training accuracy: 89.81 %
Validation loss: 0.562360
Validation accuracy: 87.94% 

Epoch 26
-------------------------------
Training loss: 0.486057  [16/3680]
Training loss: 0.723900  [1616/3680]
Training loss: 0.743280  [3216/3680]
Training accuracy: 89.92 %
Validation loss: 0.546620
Validation accuracy: 87.83% 

Epoch 27
-------------------------------
Training loss: 0.528640  [16/3680]
Training loss: 0.788978  [1616/3680]
Training loss: 0.554931  [3216/3680]
Training accuracy: 89.84 %
Validation loss: 0.531063
Validation accuracy: 88.10% 

Epoch 28
-------------------------------
Training loss: 0.497261  [16/3680]
Training loss: 0.631697  [1616/3680]
Training loss: 0.596781  [3216/3680]
Training accuracy: 89.86 %
Validation loss: 0.528039
Validation accuracy: 88.10% 

Epoch 29
-------------------------------
Training loss: 0.617789  [16/3680]
Training loss: 0.369088  [1616/3680]
Training loss: 0.561371  [3216/3680]
Training accuracy: 89.40 %
Validation loss: 0.517056
Validation accuracy: 88.10% 

Early stopping
Done!

Elapsed time: 2214.346266746521 seconds

Current time: 12:33:12
                         precision    recall  f1-score   support

             Abyssinian       0.83      0.82      0.82        49
       American Bulldog       0.77      0.82      0.80        50
  American pitbull terr       0.74      0.56      0.64        50
           Basset hound       0.94      0.92      0.93        50
                 Beagle       0.90      0.92      0.91        50
                 Bengal       0.64      0.88      0.74        50
                 Birman       0.73      0.82      0.77        50
                 Bombay       0.82      0.95      0.88        44
                  Boxer       0.81      0.88      0.85        50
      British Shorthair       0.83      0.78      0.80        50
              Chihuahua       0.84      0.86      0.85        50
           Egyptian Mau       0.95      0.73      0.83        49
 English cocker spaniel       0.94      0.94      0.94        50
         English setter       0.92      0.92      0.92        50
     German shorthaired       0.85      1.00      0.92        50
         Great pyrenees       0.96      0.98      0.97        50
               Havanese       0.83      0.96      0.89        50
          Japanese chin       0.98      0.96      0.97        50
               Keeshond       0.96      1.00      0.98        50
             Leonberger       0.98      0.98      0.98        50
             Maine Coon       0.85      0.66      0.74        50
     Miniature pinscher       0.96      0.88      0.92        50
           Newfoundland       1.00      1.00      1.00        50
                Persian       0.77      0.88      0.82        50
             Pomeranian       0.98      0.92      0.95        50
                    Pug       0.96      0.92      0.94        50
                Ragdoll       0.75      0.66      0.70        50
           Russian blue       0.83      0.70      0.76        50
          Saint bernard       0.96      0.96      0.96        50
                Samoyed       0.96      1.00      0.98        50
       Scottish terrier       0.96      1.00      0.98        50
              Shiba inu       0.92      0.96      0.94        50
                Siamese       0.96      0.88      0.92        50
                 Sphynx       0.90      0.86      0.88        50
Staffordshire bull terr       0.64      0.67      0.65        45
        Wheaten terrier       0.98      0.94      0.96        50
      Yorkshire terrier       0.98      0.88      0.93        50

               accuracy                           0.88      1837
              macro avg       0.88      0.88      0.88      1837
           weighted avg       0.88      0.88      0.88      1837

Test accuracy: 0.8775176918889493
The metadata of the previous execution is...
{'training_images_percentage': 1, 'epochs': 55, 'learning_rate': 0.001, 'batch_size': 16, 'data_augmentation': 'no', 'subject_driven_technique': 'dreambooth', 'number_of_samples': 5, 'images_to_generate': 200, 'FID_threshold': 100, 'check_quality': False, 'path_to_dataset': '../../../../../../work3/s226536/datasets/oxford-iiit-pet', 'DATA_DIR': '../../../../../../work3/s226536/datasets'}

Preparing next execution...
Finished preparing next execution...
