60600
15150
25250
-------------------------------------
Generating 10 images for food apple_pie...

Elapsed time: 244.1263039112091 seconds

-------------------------------------
Generating 10 images for food baby_back_ribs...

Elapsed time: 64.17543506622314 seconds

-------------------------------------
Generating 10 images for food baklava...

Elapsed time: 65.13518786430359 seconds

-------------------------------------
Generating 10 images for food beef_carpaccio...

Elapsed time: 63.13501739501953 seconds

-------------------------------------
Generating 10 images for food beef_tartare...

Elapsed time: 63.225704193115234 seconds

-------------------------------------
Generating 10 images for food beet_salad...

Elapsed time: 66.56029057502747 seconds

-------------------------------------
Generating 10 images for food beignets...

Elapsed time: 65.43476724624634 seconds

-------------------------------------
Generating 10 images for food bibimbap...

Elapsed time: 64.66237235069275 seconds

-------------------------------------
Generating 10 images for food bread_pudding...

Elapsed time: 66.52276301383972 seconds

-------------------------------------
Generating 10 images for food breakfast_burrito...

Elapsed time: 65.20638656616211 seconds

-------------------------------------
Generating 10 images for food bruschetta...

Elapsed time: 67.5056049823761 seconds

-------------------------------------
Generating 10 images for food caesar_salad...

Elapsed time: 65.66927146911621 seconds

-------------------------------------
Generating 10 images for food cannoli...

Elapsed time: 68.8370590209961 seconds

-------------------------------------
Generating 10 images for food caprese_salad...

Elapsed time: 63.24778723716736 seconds

-------------------------------------
Generating 10 images for food carrot_cake...

Elapsed time: 64.35261869430542 seconds

-------------------------------------
Generating 10 images for food ceviche...

Elapsed time: 65.72970843315125 seconds

-------------------------------------
Generating 10 images for food cheesecake...

Elapsed time: 67.3039186000824 seconds

-------------------------------------
Generating 10 images for food cheese_plate...

Elapsed time: 66.75740480422974 seconds

-------------------------------------
Generating 10 images for food chicken_curry...

Elapsed time: 66.98680591583252 seconds

-------------------------------------
Generating 10 images for food chicken_quesadilla...

Elapsed time: 66.93671989440918 seconds

-------------------------------------
Generating 10 images for food chicken_wings...

Elapsed time: 64.54722619056702 seconds

-------------------------------------
Generating 10 images for food chocolate_cake...

Elapsed time: 66.47778058052063 seconds

-------------------------------------
Generating 10 images for food chocolate_mousse...

Elapsed time: 68.08644008636475 seconds

-------------------------------------
Generating 10 images for food churros...

Elapsed time: 69.57851314544678 seconds

-------------------------------------
Generating 10 images for food clam_chowder...

Elapsed time: 66.90042805671692 seconds

-------------------------------------
Generating 10 images for food club_sandwich...

Elapsed time: 64.63967895507812 seconds

-------------------------------------
Generating 10 images for food crab_cakes...

Elapsed time: 66.18821263313293 seconds

-------------------------------------
Generating 10 images for food creme_brulee...

Elapsed time: 65.57347655296326 seconds

-------------------------------------
Generating 10 images for food croque_madame...

Elapsed time: 70.41823077201843 seconds

-------------------------------------
Generating 10 images for food cup_cakes...

Elapsed time: 64.6350679397583 seconds

-------------------------------------
Generating 10 images for food deviled_eggs...

Elapsed time: 65.99032783508301 seconds

-------------------------------------
Generating 10 images for food donuts...

Elapsed time: 64.81909942626953 seconds

-------------------------------------
Generating 10 images for food dumplings...

Elapsed time: 65.98270583152771 seconds

-------------------------------------
Generating 10 images for food edamame...

Elapsed time: 70.48331785202026 seconds

-------------------------------------
Generating 10 images for food eggs_benedict...

Elapsed time: 63.919421911239624 seconds

-------------------------------------
Generating 10 images for food escargots...

Elapsed time: 66.91838955879211 seconds

-------------------------------------
Generating 10 images for food falafel...

Elapsed time: 64.61926984786987 seconds

-------------------------------------
Generating 10 images for food filet_mignon...

Elapsed time: 69.00934314727783 seconds

-------------------------------------
Generating 10 images for food fish_and_chips...

Elapsed time: 66.93826293945312 seconds

-------------------------------------
Generating 10 images for food foie_gras...

Elapsed time: 67.83649587631226 seconds

-------------------------------------
Generating 10 images for food french_fries...

Elapsed time: 69.35165524482727 seconds

-------------------------------------
Generating 10 images for food french_onion_soup...

Elapsed time: 67.1561348438263 seconds

-------------------------------------
Generating 10 images for food french_toast...

Elapsed time: 64.32118225097656 seconds

-------------------------------------
Generating 10 images for food fried_calamari...

Elapsed time: 71.2395887374878 seconds

-------------------------------------
Generating 10 images for food fried_rice...

Elapsed time: 67.14932203292847 seconds

-------------------------------------
Generating 10 images for food frozen_yogurt...

Elapsed time: 69.43583083152771 seconds

-------------------------------------
Generating 10 images for food garlic_bread...

Elapsed time: 69.67373085021973 seconds

-------------------------------------
Generating 10 images for food gnocchi...

Elapsed time: 66.7834038734436 seconds

-------------------------------------
Generating 10 images for food greek_salad...

Elapsed time: 64.55405378341675 seconds

-------------------------------------
Generating 10 images for food grilled_cheese_sandwich...

Elapsed time: 63.99998593330383 seconds

-------------------------------------
Generating 10 images for food grilled_salmon...

Elapsed time: 64.6037585735321 seconds

-------------------------------------
Generating 10 images for food guacamole...

Elapsed time: 66.95858716964722 seconds

-------------------------------------
Generating 10 images for food gyoza...

Elapsed time: 66.5884690284729 seconds

-------------------------------------
Generating 10 images for food hamburger...

Elapsed time: 67.95231580734253 seconds

-------------------------------------
Generating 10 images for food hot_and_sour_soup...

Elapsed time: 66.16738224029541 seconds

-------------------------------------
Generating 10 images for food hot_dog...

Elapsed time: 64.89180707931519 seconds

-------------------------------------
Generating 10 images for food huevos_rancheros...

Elapsed time: 66.83607244491577 seconds

-------------------------------------
Generating 10 images for food hummus...

Elapsed time: 67.829585313797 seconds

-------------------------------------
Generating 10 images for food ice_cream...

Elapsed time: 65.20923972129822 seconds

-------------------------------------
Generating 10 images for food lasagna...

Elapsed time: 66.65836811065674 seconds

-------------------------------------
Generating 10 images for food lobster_bisque...

Elapsed time: 64.48594188690186 seconds

-------------------------------------
Generating 10 images for food lobster_roll_sandwich...

Elapsed time: 69.57675981521606 seconds

-------------------------------------
Generating 10 images for food macaroni_and_cheese...

Elapsed time: 66.65775918960571 seconds

-------------------------------------
Generating 10 images for food macarons...

Elapsed time: 67.17832636833191 seconds

-------------------------------------
Generating 10 images for food miso_soup...

Elapsed time: 67.39103531837463 seconds

-------------------------------------
Generating 10 images for food mussels...

Elapsed time: 66.23230695724487 seconds

-------------------------------------
Generating 10 images for food nachos...

Elapsed time: 68.17148208618164 seconds

-------------------------------------
Generating 10 images for food omelette...

Elapsed time: 71.57501673698425 seconds

-------------------------------------
Generating 10 images for food onion_rings...

Elapsed time: 69.09505200386047 seconds

-------------------------------------
Generating 10 images for food oysters...

Elapsed time: 68.64669013023376 seconds

-------------------------------------
Generating 10 images for food pad_thai...

Elapsed time: 67.57614040374756 seconds

-------------------------------------
Generating 10 images for food paella...

Elapsed time: 66.14751553535461 seconds

-------------------------------------
Generating 10 images for food pancakes...

Elapsed time: 66.03793358802795 seconds

-------------------------------------
Generating 10 images for food panna_cotta...

Elapsed time: 67.20357847213745 seconds

-------------------------------------
Generating 10 images for food peking_duck...

Elapsed time: 68.2052686214447 seconds

-------------------------------------
Generating 10 images for food pho...

Elapsed time: 65.46257328987122 seconds

-------------------------------------
Generating 10 images for food pizza...

Elapsed time: 66.04264187812805 seconds

-------------------------------------
Generating 10 images for food pork_chop...

Elapsed time: 67.42817401885986 seconds

-------------------------------------
Generating 10 images for food poutine...

Elapsed time: 67.39850616455078 seconds

-------------------------------------
Generating 10 images for food prime_rib...

Elapsed time: 68.40311050415039 seconds

-------------------------------------
Generating 10 images for food pulled_pork_sandwich...

Elapsed time: 66.06240916252136 seconds

-------------------------------------
Generating 10 images for food ramen...

Elapsed time: 70.13458037376404 seconds

-------------------------------------
Generating 10 images for food ravioli...

Elapsed time: 70.25731992721558 seconds

-------------------------------------
Generating 10 images for food red_velvet_cake...

Elapsed time: 65.72301268577576 seconds

-------------------------------------
Generating 10 images for food risotto...

Elapsed time: 65.53131937980652 seconds

-------------------------------------
Generating 10 images for food samosa...

Elapsed time: 69.22494912147522 seconds

-------------------------------------
Generating 10 images for food sashimi...

Elapsed time: 67.28679299354553 seconds

-------------------------------------
Generating 10 images for food scallops...

Elapsed time: 70.86371207237244 seconds

-------------------------------------
Generating 10 images for food seaweed_salad...

Elapsed time: 67.62515759468079 seconds

-------------------------------------
Generating 10 images for food shrimp_and_grits...

Elapsed time: 65.3507194519043 seconds

-------------------------------------
Generating 10 images for food spaghetti_bolognese...

Elapsed time: 66.41668057441711 seconds

-------------------------------------
Generating 10 images for food spaghetti_carbonara...

Elapsed time: 68.36121392250061 seconds

-------------------------------------
Generating 10 images for food spring_rolls...

Elapsed time: 66.36308431625366 seconds

-------------------------------------
Generating 10 images for food steak...

Elapsed time: 66.9292483329773 seconds

-------------------------------------
Generating 10 images for food strawberry_shortcake...

Elapsed time: 67.89376139640808 seconds

-------------------------------------
Generating 10 images for food sushi...

Elapsed time: 70.63531875610352 seconds

-------------------------------------
Generating 10 images for food tacos...

Elapsed time: 67.20426201820374 seconds

-------------------------------------
Generating 10 images for food takoyaki...

Elapsed time: 67.50246071815491 seconds

-------------------------------------
Generating 10 images for food tiramisu...

Elapsed time: 67.12960529327393 seconds

-------------------------------------
Generating 10 images for food tuna_tartare...

Elapsed time: 67.99110913276672 seconds

-------------------------------------
Generating 10 images for food waffles...

Elapsed time: 73.96500945091248 seconds

Not using data augmentation
Using cuda device
Epoch 1
-------------------------------
Training loss: 4.929834  [16/4078]
Training loss: 4.733608  [1616/4078]
Training loss: 4.556775  [3216/4078]
Training accuracy: 1.64 %
Validation loss: 4.667227
Validation accuracy: 1.27% 

Epoch 2
-------------------------------
Training loss: 4.675651  [16/4078]
Training loss: 4.589250  [1616/4078]
Training loss: 4.612848  [3216/4078]
Training accuracy: 2.50 %
Validation loss: 4.588401
Validation accuracy: 1.87% 

Epoch 3
-------------------------------
Training loss: 4.582199  [16/4078]
Training loss: 4.448709  [1616/4078]
Training loss: 4.510163  [3216/4078]
Training accuracy: 3.51 %
Validation loss: 4.524259
Validation accuracy: 2.94% 

Epoch 4
-------------------------------
Training loss: 4.382860  [16/4078]
Training loss: 4.475812  [1616/4078]
Training loss: 4.421645  [3216/4078]
Training accuracy: 4.95 %
Validation loss: 4.460553
Validation accuracy: 4.18% 

Epoch 5
-------------------------------
Training loss: 4.445350  [16/4078]
Training loss: 4.405107  [1616/4078]
Training loss: 4.290156  [3216/4078]
Training accuracy: 6.84 %
Validation loss: 4.398039
Validation accuracy: 5.73% 

Epoch 6
-------------------------------
Training loss: 4.437911  [16/4078]
Training loss: 4.567384  [1616/4078]
Training loss: 4.473846  [3216/4078]
Training accuracy: 9.39 %
Validation loss: 4.344450
Validation accuracy: 7.37% 

Epoch 7
-------------------------------
Training loss: 4.083993  [16/4078]
Training loss: 3.986719  [1616/4078]
Training loss: 4.047493  [3216/4078]
Training accuracy: 11.72 %
Validation loss: 4.289629
Validation accuracy: 9.09% 

Epoch 8
-------------------------------
Training loss: 4.342198  [16/4078]
Training loss: 4.229546  [1616/4078]
Training loss: 4.264903  [3216/4078]
Training accuracy: 13.68 %
Validation loss: 4.237305
Validation accuracy: 10.48% 

Epoch 9
-------------------------------
Training loss: 4.198951  [16/4078]
Training loss: 3.932082  [1616/4078]
Training loss: 4.146723  [3216/4078]
Training accuracy: 16.01 %
Validation loss: 4.172426
Validation accuracy: 11.96% 

Epoch 10
-------------------------------
Training loss: 4.017863  [16/4078]
Training loss: 3.993204  [1616/4078]
Training loss: 4.237874  [3216/4078]
Training accuracy: 18.54 %
Validation loss: 4.133120
Validation accuracy: 13.27% 

Epoch 11
-------------------------------
Training loss: 4.246705  [16/4078]
Training loss: 3.822722  [1616/4078]
Training loss: 3.927333  [3216/4078]
Training accuracy: 20.60 %
Validation loss: 4.082082
Validation accuracy: 14.45% 

Epoch 12
-------------------------------
Training loss: 4.120683  [16/4078]
Training loss: 3.950048  [1616/4078]
Training loss: 3.706519  [3216/4078]
Training accuracy: 23.54 %
Validation loss: 4.032654
Validation accuracy: 15.87% 

Epoch 13
-------------------------------
Training loss: 3.969312  [16/4078]
Training loss: 3.947922  [1616/4078]
Training loss: 3.747011  [3216/4078]
Training accuracy: 24.52 %
Validation loss: 3.985232
Validation accuracy: 17.46% 

Epoch 14
-------------------------------
Training loss: 4.010051  [16/4078]
Training loss: 4.003955  [1616/4078]
Training loss: 3.718308  [3216/4078]
Training accuracy: 27.29 %
Validation loss: 3.940745
Validation accuracy: 18.05% 

Epoch 15
-------------------------------
Training loss: 4.060708  [16/4078]
Training loss: 3.631747  [1616/4078]
Training loss: 3.581411  [3216/4078]
Training accuracy: 28.37 %
Validation loss: 3.905278
Validation accuracy: 18.97% 

Epoch 16
-------------------------------
Training loss: 3.865292  [16/4078]
Training loss: 3.790431  [1616/4078]
Training loss: 3.691190  [3216/4078]
Training accuracy: 30.21 %
Validation loss: 3.854164
Validation accuracy: 20.17% 

Epoch 17
-------------------------------
Training loss: 3.464434  [16/4078]
Training loss: 3.816544  [1616/4078]
Training loss: 3.663871  [3216/4078]
Training accuracy: 31.29 %
Validation loss: 3.814202
Validation accuracy: 21.27% 

Epoch 18
-------------------------------
Training loss: 3.365230  [16/4078]
Training loss: 3.596815  [1616/4078]
Training loss: 3.703413  [3216/4078]
Training accuracy: 33.06 %
Validation loss: 3.776090
Validation accuracy: 21.98% 

Epoch 19
-------------------------------
Training loss: 3.836271  [16/4078]
Training loss: 3.580353  [1616/4078]
Training loss: 3.420160  [3216/4078]
Training accuracy: 35.43 %
Validation loss: 3.735229
Validation accuracy: 23.26% 

Epoch 20
-------------------------------
Training loss: 3.696296  [16/4078]
Training loss: 3.247515  [1616/4078]
Training loss: 3.231556  [3216/4078]
Training accuracy: 36.17 %
Validation loss: 3.699908
Validation accuracy: 23.80% 

Epoch 21
-------------------------------
Training loss: 3.468708  [16/4078]
Training loss: 3.486227  [1616/4078]
Training loss: 3.404351  [3216/4078]
Training accuracy: 37.69 %
Validation loss: 3.668236
Validation accuracy: 24.52% 

Epoch 22
-------------------------------
Training loss: 3.240209  [16/4078]
Training loss: 3.718582  [1616/4078]
Training loss: 3.458204  [3216/4078]
Training accuracy: 38.99 %
Validation loss: 3.644489
Validation accuracy: 24.65% 

Epoch 23
-------------------------------
Training loss: 3.234944  [16/4078]
Training loss: 3.330006  [1616/4078]
Training loss: 3.407184  [3216/4078]
Training accuracy: 38.87 %
Validation loss: 3.597156
Validation accuracy: 25.45% 

Epoch 24
-------------------------------
Training loss: 3.702867  [16/4078]
Training loss: 3.337601  [1616/4078]
Training loss: 3.567265  [3216/4078]
Training accuracy: 39.97 %
Validation loss: 3.573300
Validation accuracy: 26.07% 

Epoch 25
-------------------------------
Training loss: 3.422333  [16/4078]
Training loss: 3.104572  [1616/4078]
Training loss: 3.216440  [3216/4078]
Training accuracy: 41.91 %
Validation loss: 3.545568
Validation accuracy: 26.86% 

Epoch 26
-------------------------------
Training loss: 3.216859  [16/4078]
Training loss: 2.785319  [1616/4078]
Training loss: 2.651642  [3216/4078]
Training accuracy: 42.62 %
Validation loss: 3.502395
Validation accuracy: 27.36% 

Epoch 27
-------------------------------
Training loss: 3.292388  [16/4078]
Training loss: 3.204095  [1616/4078]
Training loss: 3.064765  [3216/4078]
Training accuracy: 43.87 %
Validation loss: 3.488967
Validation accuracy: 27.67% 

Epoch 28
-------------------------------
Training loss: 2.865774  [16/4078]
Training loss: 3.458272  [1616/4078]
Training loss: 3.196006  [3216/4078]
Training accuracy: 43.31 %
Validation loss: 3.454653
Validation accuracy: 28.48% 

Epoch 29
-------------------------------
Training loss: 3.192582  [16/4078]
Training loss: 2.898517  [1616/4078]
Training loss: 3.552844  [3216/4078]
Training accuracy: 44.90 %
Validation loss: 3.426767
Validation accuracy: 28.89% 

Epoch 30
-------------------------------
Training loss: 3.320935  [16/4078]
Training loss: 3.043228  [1616/4078]
Training loss: 3.048303  [3216/4078]
Training accuracy: 45.59 %
Validation loss: 3.405012
Validation accuracy: 28.77% 

Epoch 31
-------------------------------
Training loss: 3.285611  [16/4078]
Training loss: 2.900892  [1616/4078]
Training loss: 2.848966  [3216/4078]
Training accuracy: 45.39 %
Validation loss: 3.366854
Validation accuracy: 29.68% 

Epoch 32
-------------------------------
Training loss: 3.231347  [16/4078]
Training loss: 2.878604  [1616/4078]
Training loss: 3.005514  [3216/4078]
Training accuracy: 46.71 %
Validation loss: 3.328858
Validation accuracy: 30.02% 

Epoch 33
-------------------------------
Training loss: 3.205447  [16/4078]
Training loss: 2.828033  [1616/4078]
Training loss: 3.299880  [3216/4078]
Training accuracy: 47.87 %
Validation loss: 3.315948
Validation accuracy: 30.28% 

Epoch 34
-------------------------------
Training loss: 3.107927  [16/4078]
Training loss: 2.560363  [1616/4078]
Training loss: 3.181382  [3216/4078]
Training accuracy: 48.50 %
Validation loss: 3.312015
Validation accuracy: 30.37% 

Epoch 35
-------------------------------
Training loss: 3.173538  [16/4078]
Training loss: 3.032536  [1616/4078]
Training loss: 2.413740  [3216/4078]
Training accuracy: 49.04 %
Validation loss: 3.291762
Validation accuracy: 30.52% 

Epoch 36
-------------------------------
Training loss: 3.056718  [16/4078]
Training loss: 2.884359  [1616/4078]
Training loss: 2.490402  [3216/4078]
Training accuracy: 49.24 %
Validation loss: 3.277319
Validation accuracy: 30.83% 

Epoch 37
-------------------------------
Training loss: 2.741356  [16/4078]
Training loss: 2.895025  [1616/4078]
Training loss: 2.637737  [3216/4078]
Training accuracy: 49.88 %
Validation loss: 3.235636
Validation accuracy: 31.58% 

Epoch 38
-------------------------------
Training loss: 2.686071  [16/4078]
Training loss: 2.811537  [1616/4078]
Training loss: 2.677404  [3216/4078]
Training accuracy: 50.49 %
Validation loss: 3.225995
Validation accuracy: 32.12% 

Epoch 39
-------------------------------
Training loss: 3.122573  [16/4078]
Training loss: 2.246826  [1616/4078]
Training loss: 2.998294  [3216/4078]
Training accuracy: 50.47 %
Validation loss: 3.191041
Validation accuracy: 32.07% 

Epoch 40
-------------------------------
Training loss: 2.974792  [16/4078]
Training loss: 2.838854  [1616/4078]
Training loss: 2.927853  [3216/4078]
Training accuracy: 51.45 %
Validation loss: 3.179534
Validation accuracy: 32.40% 

Epoch 41
-------------------------------
Training loss: 2.262077  [16/4078]
Training loss: 2.697138  [1616/4078]
Training loss: 2.658301  [3216/4078]
Training accuracy: 50.91 %
Validation loss: 3.157629
Validation accuracy: 32.46% 

Epoch 42
-------------------------------
Training loss: 2.385550  [16/4078]
Training loss: 2.323992  [1616/4078]
Training loss: 2.834334  [3216/4078]
Training accuracy: 51.69 %
Validation loss: 3.131174
Validation accuracy: 33.06% 

Epoch 43
-------------------------------
Training loss: 2.491454  [16/4078]
Training loss: 2.837512  [1616/4078]
Training loss: 3.038685  [3216/4078]
Training accuracy: 52.50 %
Validation loss: 3.129988
Validation accuracy: 32.92% 

Epoch 44
-------------------------------
Training loss: 2.809300  [16/4078]
Training loss: 2.546089  [1616/4078]
Training loss: 2.657715  [3216/4078]
Training accuracy: 53.16 %
Validation loss: 3.120770
Validation accuracy: 32.58% 

Epoch 45
-------------------------------
Training loss: 2.645551  [16/4078]
Training loss: 2.507469  [1616/4078]
Training loss: 2.231252  [3216/4078]
Training accuracy: 53.78 %
Validation loss: 3.086871
Validation accuracy: 33.46% 

Epoch 46
-------------------------------
Training loss: 2.824016  [16/4078]
Training loss: 2.824592  [1616/4078]
Training loss: 2.400012  [3216/4078]
Training accuracy: 53.02 %
Validation loss: 3.084234
Validation accuracy: 33.23% 

Epoch 47
-------------------------------
Training loss: 2.191822  [16/4078]
Training loss: 2.307068  [1616/4078]
Training loss: 2.569614  [3216/4078]
Training accuracy: 55.13 %
Validation loss: 3.075977
Validation accuracy: 33.46% 

Epoch 48
-------------------------------
Training loss: 2.425254  [16/4078]
Training loss: 3.169553  [1616/4078]
Training loss: 2.714937  [3216/4078]
Training accuracy: 53.83 %
Validation loss: 3.051842
Validation accuracy: 34.04% 

Epoch 49
-------------------------------
Training loss: 2.905136  [16/4078]
Training loss: 2.396250  [1616/4078]
Training loss: 2.335420  [3216/4078]
Training accuracy: 54.34 %
Validation loss: 3.040580
Validation accuracy: 33.98% 

Epoch 50
-------------------------------
Training loss: 2.506777  [16/4078]
Training loss: 2.421744  [1616/4078]
Training loss: 2.292027  [3216/4078]
Training accuracy: 55.37 %
Validation loss: 3.023531
Validation accuracy: 34.15% 

Epoch 51
-------------------------------
Training loss: 2.581600  [16/4078]
Training loss: 1.986209  [1616/4078]
Training loss: 2.597008  [3216/4078]
Training accuracy: 55.47 %
Validation loss: 3.009574
Validation accuracy: 34.57% 

Epoch 52
-------------------------------
Training loss: 2.655983  [16/4078]
Training loss: 2.958438  [1616/4078]
Training loss: 2.291884  [3216/4078]
Training accuracy: 55.37 %
Validation loss: 2.996080
Validation accuracy: 34.51% 

Epoch 53
-------------------------------
Training loss: 3.059585  [16/4078]
Training loss: 2.676479  [1616/4078]
Training loss: 2.460446  [3216/4078]
Training accuracy: 55.96 %
Validation loss: 3.003928
Validation accuracy: 34.00% 

Epoch 54
-------------------------------
Training loss: 2.185851  [16/4078]
Training loss: 2.685867  [1616/4078]
Training loss: 2.656411  [3216/4078]
Training accuracy: 55.98 %
Validation loss: 2.959684
Validation accuracy: 34.98% 

Epoch 55
-------------------------------
Training loss: 2.244706  [16/4078]
Training loss: 2.722198  [1616/4078]
Training loss: 1.962278  [3216/4078]
Training accuracy: 56.18 %
Validation loss: 2.967297
Validation accuracy: 34.73% 

Done!

Elapsed time: 7731.705287218094 seconds

Current time: 16:51:51
                         precision    recall  f1-score   support

              apple_pie       0.16      0.09      0.11       250
         baby_back_ribs       0.40      0.40      0.40       250
                baklava       0.33      0.35      0.34       250
         beef_carpaccio       0.31      0.34      0.32       250
           beef_tartare       0.19      0.14      0.16       250
             beet_salad       0.20      0.22      0.21       250
               beignets       0.49      0.54      0.52       250
               bibimbap       0.45      0.60      0.51       250
          bread_pudding       0.19      0.19      0.19       250
      breakfast_burrito       0.32      0.44      0.37       250
             bruschetta       0.28      0.18      0.22       250
           caesar_salad       0.24      0.39      0.29       250
                cannoli       0.43      0.33      0.37       250
          caprese_salad       0.40      0.30      0.34       250
            carrot_cake       0.34      0.21      0.26       250
                ceviche       0.21      0.11      0.15       250
             cheesecake       0.34      0.27      0.30       250
           cheese_plate       0.23      0.25      0.24       250
          chicken_curry       0.19      0.10      0.13       250
     chicken_quesadilla       0.30      0.42      0.35       250
          chicken_wings       0.36      0.46      0.40       250
         chocolate_cake       0.23      0.26      0.24       250
       chocolate_mousse       0.22      0.17      0.19       250
                churros       0.43      0.48      0.46       250
           clam_chowder       0.37      0.66      0.47       250
          club_sandwich       0.40      0.37      0.38       250
             crab_cakes       0.17      0.15      0.16       250
           creme_brulee       0.43      0.50      0.46       250
          croque_madame       0.36      0.40      0.38       250
              cup_cakes       0.51      0.56      0.53       250
           deviled_eggs       0.34      0.62      0.44       250
                 donuts       0.55      0.46      0.50       250
              dumplings       0.79      0.75      0.77       250
                edamame       0.72      0.90      0.80       250
          eggs_benedict       0.46      0.36      0.40       250
              escargots       0.42      0.50      0.46       250
                falafel       0.29      0.10      0.14       250
           filet_mignon       0.15      0.22      0.18       250
         fish_and_chips       0.34      0.47      0.39       250
              foie_gras       0.19      0.08      0.11       250
           french_fries       0.45      0.72      0.55       250
      french_onion_soup       0.38      0.61      0.47       250
           french_toast       0.25      0.12      0.16       250
         fried_calamari       0.36      0.41      0.38       250
             fried_rice       0.44      0.44      0.44       250
          frozen_yogurt       0.43      0.71      0.53       250
           garlic_bread       0.27      0.43      0.33       250
                gnocchi       0.25      0.35      0.29       250
            greek_salad       0.39      0.37      0.38       250
grilled_cheese_sandwich       0.26      0.12      0.16       250
         grilled_salmon       0.30      0.10      0.15       250
              guacamole       0.47      0.68      0.55       250
                  gyoza       0.48      0.30      0.37       250
              hamburger       0.47      0.58      0.52       250
      hot_and_sour_soup       0.45      0.75      0.56       250
                hot_dog       0.51      0.58      0.54       250
       huevos_rancheros       0.18      0.06      0.09       250
                 hummus       0.24      0.17      0.20       250
              ice_cream       0.34      0.31      0.33       250
                lasagna       0.23      0.26      0.24       250
         lobster_bisque       0.38      0.62      0.47       250
  lobster_roll_sandwich       0.51      0.25      0.34       250
    macaroni_and_cheese       0.36      0.43      0.39       250
               macarons       0.60      0.83      0.70       250
              miso_soup       0.51      0.60      0.55       250
                mussels       0.63      0.67      0.65       250
                 nachos       0.28      0.24      0.26       250
               omelette       0.19      0.05      0.08       250
            onion_rings       0.49      0.72      0.58       250
                oysters       0.53      0.69      0.60       250
               pad_thai       0.50      0.66      0.57       250
                 paella       0.30      0.30      0.30       250
               pancakes       0.40      0.32      0.36       250
            panna_cotta       0.21      0.37      0.27       250
            peking_duck       0.45      0.18      0.26       250
                    pho       0.58      0.65      0.61       250
                  pizza       0.46      0.70      0.55       250
              pork_chop       0.16      0.28      0.20       250
                poutine       0.42      0.46      0.44       250
              prime_rib       0.47      0.34      0.40       250
   pulled_pork_sandwich       0.36      0.21      0.26       250
                  ramen       0.41      0.19      0.26       250
                ravioli       0.22      0.06      0.10       250
        red_velvet_cake       0.41      0.68      0.52       250
                risotto       0.34      0.20      0.26       250
                 samosa       0.37      0.33      0.35       250
                sashimi       0.61      0.62      0.62       250
               scallops       0.21      0.19      0.20       250
          seaweed_salad       0.39      0.56      0.46       250
       shrimp_and_grits       0.16      0.12      0.14       250
    spaghetti_bolognese       0.56      0.44      0.49       250
    spaghetti_carbonara       0.56      0.79      0.65       250
           spring_rolls       0.47      0.42      0.44       250
                  steak       0.16      0.05      0.08       250
   strawberry_shortcake       0.41      0.38      0.39       250
                  sushi       0.45      0.27      0.34       250
                  tacos       0.17      0.07      0.10       250
               takoyaki       0.34      0.16      0.22       250
               tiramisu       0.21      0.17      0.19       250
           tuna_tartare       0.26      0.07      0.11       250
                waffles       0.58      0.52      0.55       250

               accuracy                           0.38     25250
              macro avg       0.37      0.38      0.36     25250
           weighted avg       0.37      0.38      0.36     25250

Test accuracy: 0.379009900990099
The metadata of the previous execution is...
{'training_images_percentage': 0.05, 'epochs': 55, 'learning_rate': 0.001, 'batch_size': 16, 'data_augmentation': 'no', 'subject_driven_technique': 'controlNet', 'number_of_samples': 5, 'images_to_generate': 10, 'path_to_dataset': '../../../../../../work3/s226536/datasets/food-101', 'DATA_DIR': '../../../../../../work3/s226536/datasets'}

Preparing next execution...
Finished preparing next execution...
