60600
15150
25250
-------------------------------------
Generating 20 images for food apple_pie...

Not using data augmentation
Using cuda device
Epoch 1
-------------------------------
Training loss: 4.800372  [16/3078]
Training loss: 4.583912  [1616/3078]
Training accuracy: 1.49 %
Validation loss: 4.699384
Validation accuracy: 1.13% 

Epoch 2
-------------------------------
Training loss: 4.709701  [16/3078]
Training loss: 4.400119  [1616/3078]
Training accuracy: 1.85 %
Validation loss: 4.638125
Validation accuracy: 1.43% 

Epoch 3
-------------------------------
Training loss: 4.641314  [16/3078]
Training loss: 4.573447  [1616/3078]
Training accuracy: 2.34 %
Validation loss: 4.585513
Validation accuracy: 2.10% 

Epoch 4
-------------------------------
Training loss: 4.442787  [16/3078]
Training loss: 4.493286  [1616/3078]
Training accuracy: 3.51 %
Validation loss: 4.536293
Validation accuracy: 2.81% 

Epoch 5
-------------------------------
Training loss: 4.578516  [16/3078]
Training loss: 4.573428  [1616/3078]
Training accuracy: 4.45 %
Validation loss: 4.489771
Validation accuracy: 3.69% 

Epoch 6
-------------------------------
Training loss: 4.493728  [16/3078]
Training loss: 4.321643  [1616/3078]
Training accuracy: 6.08 %
Validation loss: 4.442311
Validation accuracy: 4.63% 

Epoch 7
-------------------------------
Training loss: 4.577707  [16/3078]
Training loss: 4.218505  [1616/3078]
Training accuracy: 7.70 %
Validation loss: 4.397017
Validation accuracy: 5.76% 

Epoch 8
-------------------------------
Training loss: 4.313443  [16/3078]
Training loss: 4.306816  [1616/3078]
Training accuracy: 9.58 %
Validation loss: 4.352074
Validation accuracy: 6.73% 

Epoch 9
-------------------------------
Training loss: 4.547410  [16/3078]
Training loss: 4.374251  [1616/3078]
Training accuracy: 11.44 %
Validation loss: 4.312376
Validation accuracy: 8.01% 

Epoch 10
-------------------------------
Training loss: 4.138127  [16/3078]
Training loss: 4.132761  [1616/3078]
Training accuracy: 12.96 %
Validation loss: 4.272057
Validation accuracy: 9.14% 

Epoch 11
-------------------------------
Training loss: 4.203649  [16/3078]
Training loss: 4.282648  [1616/3078]
Training accuracy: 15.27 %
Validation loss: 4.227339
Validation accuracy: 10.57% 

Epoch 12
-------------------------------
Training loss: 4.168359  [16/3078]
Training loss: 4.203837  [1616/3078]
Training accuracy: 17.25 %
Validation loss: 4.189187
Validation accuracy: 11.74% 

Epoch 13
-------------------------------
Training loss: 4.167415  [16/3078]
Training loss: 4.118641  [1616/3078]
Training accuracy: 18.78 %
Validation loss: 4.153328
Validation accuracy: 12.83% 

Epoch 14
-------------------------------
Training loss: 4.018015  [16/3078]
Training loss: 4.106760  [1616/3078]
Training accuracy: 20.53 %
Validation loss: 4.100381
Validation accuracy: 14.23% 

Epoch 15
-------------------------------
Training loss: 3.760835  [16/3078]
Training loss: 3.929996  [1616/3078]
Training accuracy: 23.20 %
Validation loss: 4.072273
Validation accuracy: 15.15% 

Epoch 16
-------------------------------
Training loss: 4.020183  [16/3078]
Training loss: 3.974329  [1616/3078]
Training accuracy: 24.40 %
Validation loss: 4.034071
Validation accuracy: 16.09% 

Epoch 17
-------------------------------
Training loss: 3.826218  [16/3078]
Training loss: 4.135619  [1616/3078]
Training accuracy: 26.35 %
Validation loss: 4.001543
Validation accuracy: 17.12% 

Epoch 18
-------------------------------
Training loss: 3.787420  [16/3078]
Training loss: 3.783083  [1616/3078]
Training accuracy: 27.65 %
Validation loss: 3.965815
Validation accuracy: 17.87% 

Epoch 19
-------------------------------
Training loss: 3.711241  [16/3078]
Training loss: 3.594467  [1616/3078]
Training accuracy: 28.85 %
Validation loss: 3.936789
Validation accuracy: 19.00% 

Epoch 20
-------------------------------
Training loss: 3.448580  [16/3078]
Training loss: 3.890452  [1616/3078]
Training accuracy: 31.19 %
Validation loss: 3.906519
Validation accuracy: 19.87% 

Epoch 21
-------------------------------
Training loss: 3.725788  [16/3078]
Training loss: 3.693562  [1616/3078]
Training accuracy: 32.23 %
Validation loss: 3.862224
Validation accuracy: 20.96% 

Epoch 22
-------------------------------
Training loss: 3.821467  [16/3078]
Training loss: 3.557311  [1616/3078]
Training accuracy: 33.11 %
Validation loss: 3.845322
Validation accuracy: 21.54% 

Epoch 23
-------------------------------
Training loss: 3.694917  [16/3078]
Training loss: 3.619324  [1616/3078]
Training accuracy: 34.24 %
Validation loss: 3.799381
Validation accuracy: 22.47% 

Epoch 24
-------------------------------
Training loss: 3.488649  [16/3078]
Training loss: 3.398349  [1616/3078]
Training accuracy: 35.15 %
Validation loss: 3.756836
Validation accuracy: 22.92% 

Epoch 25
-------------------------------
Training loss: 3.287364  [16/3078]
Training loss: 3.768242  [1616/3078]
Training accuracy: 36.06 %
Validation loss: 3.732355
Validation accuracy: 23.26% 

Epoch 26
-------------------------------
Training loss: 3.780592  [16/3078]
Training loss: 3.687174  [1616/3078]
Training accuracy: 36.94 %
Validation loss: 3.712078
Validation accuracy: 24.09% 

Epoch 27
-------------------------------
Training loss: 3.285116  [16/3078]
Training loss: 3.568583  [1616/3078]
Training accuracy: 38.34 %
Validation loss: 3.685168
Validation accuracy: 24.45% 

Epoch 28
-------------------------------
Training loss: 3.203382  [16/3078]
Training loss: 3.417075  [1616/3078]
Training accuracy: 38.76 %
Validation loss: 3.654904
Validation accuracy: 25.34% 

Epoch 29
-------------------------------
Training loss: 3.743775  [16/3078]
Training loss: 3.399286  [1616/3078]
Training accuracy: 40.32 %
Validation loss: 3.626723
Validation accuracy: 25.64% 

Epoch 30
-------------------------------
Training loss: 3.596997  [16/3078]
Training loss: 3.171844  [1616/3078]
Training accuracy: 41.75 %
Validation loss: 3.613424
Validation accuracy: 25.84% 

Epoch 31
-------------------------------
Training loss: 3.425719  [16/3078]
Training loss: 3.310568  [1616/3078]
Training accuracy: 42.17 %
Validation loss: 3.584723
Validation accuracy: 26.46% 

Epoch 32
-------------------------------
Training loss: 3.244539  [16/3078]
Training loss: 3.065938  [1616/3078]
Training accuracy: 41.91 %
Validation loss: 3.552115
Validation accuracy: 27.29% 

Epoch 33
-------------------------------
Training loss: 3.015185  [16/3078]
Training loss: 3.170337  [1616/3078]
Training accuracy: 44.18 %
Validation loss: 3.538051
Validation accuracy: 27.35% 

Epoch 34
-------------------------------
Training loss: 3.178105  [16/3078]
Training loss: 2.552261  [1616/3078]
Training accuracy: 43.66 %
Validation loss: 3.503055
Validation accuracy: 27.70% 

Epoch 35
-------------------------------
Training loss: 2.725417  [16/3078]
Training loss: 3.624661  [1616/3078]
Training accuracy: 44.77 %
Validation loss: 3.474614
Validation accuracy: 28.14% 

Epoch 36
-------------------------------
Training loss: 3.354544  [16/3078]
Training loss: 3.043853  [1616/3078]
Training accuracy: 44.57 %
Validation loss: 3.471666
Validation accuracy: 28.18% 

Epoch 37
-------------------------------
Training loss: 3.065456  [16/3078]
Training loss: 3.115096  [1616/3078]
Training accuracy: 45.52 %
Validation loss: 3.447612
Validation accuracy: 28.47% 

Epoch 38
-------------------------------
Training loss: 3.055381  [16/3078]
Training loss: 3.578932  [1616/3078]
Training accuracy: 46.91 %
Validation loss: 3.419095
Validation accuracy: 29.13% 

Epoch 39
-------------------------------
Training loss: 2.871629  [16/3078]
Training loss: 2.492436  [1616/3078]
Training accuracy: 46.75 %
Validation loss: 3.403760
Validation accuracy: 29.34% 

Epoch 40
-------------------------------
Training loss: 2.881418  [16/3078]
Training loss: 2.858416  [1616/3078]
Training accuracy: 45.45 %
Validation loss: 3.394651
Validation accuracy: 29.42% 

Epoch 41
-------------------------------
Training loss: 3.299827  [16/3078]
Training loss: 2.804050  [1616/3078]
Training accuracy: 47.63 %
Validation loss: 3.373094
Validation accuracy: 29.87% 

Epoch 42
-------------------------------
Training loss: 2.847845  [16/3078]
Training loss: 2.884663  [1616/3078]
Training accuracy: 49.09 %
Validation loss: 3.340236
Validation accuracy: 29.94% 

Epoch 43
-------------------------------
Training loss: 2.964694  [16/3078]
Training loss: 2.715589  [1616/3078]
Training accuracy: 48.73 %
Validation loss: 3.334751
Validation accuracy: 30.23% 

Epoch 44
-------------------------------
Training loss: 2.991837  [16/3078]
Training loss: 2.887156  [1616/3078]
Training accuracy: 49.97 %
Validation loss: 3.306293
Validation accuracy: 31.08% 

Epoch 45
-------------------------------
Training loss: 2.829392  [16/3078]
Training loss: 2.724785  [1616/3078]
Training accuracy: 50.39 %
Validation loss: 3.294834
Validation accuracy: 31.37% 

Epoch 46
-------------------------------
Training loss: 2.856276  [16/3078]
Training loss: 3.105500  [1616/3078]
Training accuracy: 50.49 %
Validation loss: 3.272812
Validation accuracy: 31.22% 

Epoch 47
-------------------------------
Training loss: 2.466939  [16/3078]
Training loss: 3.087080  [1616/3078]
Training accuracy: 52.14 %
Validation loss: 3.234576
Validation accuracy: 32.08% 

Epoch 48
-------------------------------
Training loss: 2.822657  [16/3078]
Training loss: 2.677982  [1616/3078]
Training accuracy: 52.08 %
Validation loss: 3.254558
Validation accuracy: 31.76% 

Epoch 49
-------------------------------
Training loss: 2.769686  [16/3078]
Training loss: 3.022225  [1616/3078]
Training accuracy: 51.85 %
Validation loss: 3.237874
Validation accuracy: 31.79% 

Epoch 50
-------------------------------
Training loss: 3.011509  [16/3078]
Training loss: 2.898535  [1616/3078]
Training accuracy: 51.92 %
Validation loss: 3.213283
Validation accuracy: 31.64% 

Epoch 51
-------------------------------
Training loss: 2.708104  [16/3078]
Training loss: 2.795437  [1616/3078]
Training accuracy: 53.51 %
Validation loss: 3.197271
Validation accuracy: 32.21% 

Epoch 52
-------------------------------
Training loss: 3.341428  [16/3078]
Training loss: 2.660339  [1616/3078]
Training accuracy: 52.79 %
Validation loss: 3.192425
Validation accuracy: 32.22% 

Epoch 53
-------------------------------
Training loss: 2.296283  [16/3078]
Training loss: 2.673927  [1616/3078]
Training accuracy: 54.65 %
Validation loss: 3.164885
Validation accuracy: 32.61% 

Epoch 54
-------------------------------
Training loss: 3.029421  [16/3078]
Training loss: 2.631396  [1616/3078]
Training accuracy: 54.48 %
Validation loss: 3.147951
Validation accuracy: 32.81% 

Epoch 55
-------------------------------
Training loss: 3.179894  [16/3078]
Training loss: 2.495039  [1616/3078]
Training accuracy: 53.83 %
Validation loss: 3.128609
Validation accuracy: 33.35% 

Done!

Elapsed time: 6006.21587395668 seconds

Current time: 12:06:47
                         precision    recall  f1-score   support

              apple_pie       0.21      0.08      0.12       250
         baby_back_ribs       0.32      0.42      0.36       250
                baklava       0.33      0.36      0.34       250
         beef_carpaccio       0.27      0.34      0.30       250
           beef_tartare       0.30      0.12      0.17       250
             beet_salad       0.20      0.14      0.17       250
               beignets       0.46      0.59      0.52       250
               bibimbap       0.43      0.59      0.50       250
          bread_pudding       0.22      0.16      0.18       250
      breakfast_burrito       0.37      0.17      0.23       250
             bruschetta       0.26      0.16      0.20       250
           caesar_salad       0.27      0.32      0.29       250
                cannoli       0.27      0.18      0.22       250
          caprese_salad       0.25      0.28      0.26       250
            carrot_cake       0.26      0.24      0.25       250
                ceviche       0.13      0.04      0.06       250
             cheesecake       0.36      0.31      0.33       250
           cheese_plate       0.19      0.04      0.07       250
          chicken_curry       0.34      0.10      0.16       250
     chicken_quesadilla       0.37      0.39      0.38       250
          chicken_wings       0.36      0.51      0.42       250
         chocolate_cake       0.27      0.21      0.24       250
       chocolate_mousse       0.27      0.17      0.21       250
                churros       0.48      0.40      0.44       250
           clam_chowder       0.36      0.64      0.46       250
          club_sandwich       0.33      0.35      0.34       250
             crab_cakes       0.13      0.11      0.12       250
           creme_brulee       0.36      0.53      0.43       250
          croque_madame       0.35      0.32      0.34       250
              cup_cakes       0.43      0.66      0.52       250
           deviled_eggs       0.33      0.50      0.40       250
                 donuts       0.54      0.50      0.52       250
              dumplings       0.65      0.79      0.71       250
                edamame       0.65      0.92      0.76       250
          eggs_benedict       0.31      0.51      0.39       250
              escargots       0.33      0.59      0.43       250
                falafel       0.33      0.14      0.19       250
           filet_mignon       0.21      0.26      0.24       250
         fish_and_chips       0.39      0.28      0.32       250
              foie_gras       0.14      0.08      0.10       250
           french_fries       0.36      0.76      0.49       250
      french_onion_soup       0.44      0.44      0.44       250
           french_toast       0.22      0.12      0.16       250
         fried_calamari       0.35      0.41      0.38       250
             fried_rice       0.33      0.43      0.37       250
          frozen_yogurt       0.49      0.66      0.56       250
           garlic_bread       0.31      0.37      0.34       250
                gnocchi       0.20      0.15      0.17       250
            greek_salad       0.32      0.41      0.36       250
grilled_cheese_sandwich       0.21      0.24      0.22       250
         grilled_salmon       0.22      0.10      0.14       250
              guacamole       0.47      0.59      0.53       250
                  gyoza       0.42      0.38      0.40       250
              hamburger       0.38      0.40      0.39       250
      hot_and_sour_soup       0.48      0.77      0.59       250
                hot_dog       0.47      0.58      0.52       250
       huevos_rancheros       0.07      0.03      0.04       250
                 hummus       0.15      0.05      0.08       250
              ice_cream       0.32      0.41      0.36       250
                lasagna       0.26      0.32      0.29       250
         lobster_bisque       0.34      0.56      0.42       250
  lobster_roll_sandwich       0.42      0.29      0.34       250
    macaroni_and_cheese       0.40      0.32      0.35       250
               macarons       0.53      0.84      0.65       250
              miso_soup       0.40      0.59      0.48       250
                mussels       0.62      0.71      0.66       250
                 nachos       0.33      0.14      0.19       250
               omelette       0.34      0.11      0.16       250
            onion_rings       0.60      0.64      0.62       250
                oysters       0.52      0.70      0.60       250
               pad_thai       0.39      0.52      0.44       250
                 paella       0.35      0.18      0.24       250
               pancakes       0.34      0.26      0.30       250
            panna_cotta       0.21      0.34      0.26       250
            peking_duck       0.36      0.12      0.18       250
                    pho       0.53      0.69      0.60       250
                  pizza       0.38      0.76      0.50       250
              pork_chop       0.18      0.21      0.19       250
                poutine       0.43      0.53      0.48       250
              prime_rib       0.34      0.34      0.34       250
   pulled_pork_sandwich       0.33      0.13      0.18       250
                  ramen       0.31      0.32      0.32       250
                ravioli       0.18      0.15      0.16       250
        red_velvet_cake       0.32      0.63      0.42       250
                risotto       0.27      0.29      0.28       250
                 samosa       0.47      0.25      0.33       250
                sashimi       0.50      0.65      0.56       250
               scallops       0.15      0.17      0.16       250
          seaweed_salad       0.47      0.44      0.45       250
       shrimp_and_grits       0.14      0.12      0.13       250
    spaghetti_bolognese       0.50      0.54      0.52       250
    spaghetti_carbonara       0.43      0.73      0.54       250
           spring_rolls       0.37      0.47      0.41       250
                  steak       0.07      0.02      0.03       250
   strawberry_shortcake       0.30      0.29      0.30       250
                  sushi       0.36      0.26      0.30       250
                  tacos       0.15      0.14      0.15       250
               takoyaki       0.36      0.16      0.22       250
               tiramisu       0.14      0.06      0.09       250
           tuna_tartare       0.19      0.03      0.05       250
                waffles       0.61      0.44      0.51       250

               accuracy                           0.36     25250
              macro avg       0.34      0.36      0.33     25250
           weighted avg       0.34      0.36      0.33     25250

Test accuracy: 0.3586138613861386
The metadata of the previous execution is...
{'training_images_percentage': 0.05, 'epochs': 55, 'learning_rate': 0.001, 'batch_size': 16, 'data_augmentation': 'no', 'subject_driven_technique': 'stable-diffusion-prompt', 'number_of_samples': 5, 'images_to_generate': 20, 'path_to_dataset': '../../../../../../work3/s226536/datasets/food-101', 'DATA_DIR': '../../../../../../work3/s226536/datasets'}

Preparing next execution...
Finished preparing next execution...
