Downloading https://thor.robots.ox.ac.uk/datasets/pets/images.tar.gz to ../../../../../../work3/s226536/datasets/oxford-iiit-pet/images.tar.gz
Extracting ../../../../../../work3/s226536/datasets/oxford-iiit-pet/images.tar.gz to ../../../../../../work3/s226536/datasets/oxford-iiit-pet
Downloading https://thor.robots.ox.ac.uk/datasets/pets/annotations.tar.gz to ../../../../../../work3/s226536/datasets/oxford-iiit-pet/annotations.tar.gz
Extracting ../../../../../../work3/s226536/datasets/oxford-iiit-pet/annotations.tar.gz to ../../../../../../work3/s226536/datasets/oxford-iiit-pet

Started subject-driven fine tunning for breed Abyssinian...

Executing subject-driven technique...

Elapsed time: 2613.129983663559 seconds

-------------------------------------
Started subject-driven fine tunning for breed american_bulldog...

Executing subject-driven technique...

Elapsed time: 2586.7391588687897 seconds

-------------------------------------
Started subject-driven fine tunning for breed american_pit_bull_terrier...

Executing subject-driven technique...

Elapsed time: 2550.8298230171204 seconds

-------------------------------------
Started subject-driven fine tunning for breed basset_hound...

Executing subject-driven technique...

Elapsed time: 2599.650043964386 seconds

-------------------------------------
Started subject-driven fine tunning for breed beagle...

Executing subject-driven technique...

Elapsed time: 2603.1035811901093 seconds

-------------------------------------
Started subject-driven fine tunning for breed Bengal...

Executing subject-driven technique...

Elapsed time: 2571.2875213623047 seconds

-------------------------------------
Started subject-driven fine tunning for breed Birman...

Executing subject-driven technique...

Elapsed time: 2606.174204349518 seconds

-------------------------------------
Started subject-driven fine tunning for breed Bombay...

Executing subject-driven technique...

Elapsed time: 2651.050817012787 seconds

-------------------------------------
Started subject-driven fine tunning for breed boxer...

Executing subject-driven technique...

Elapsed time: 2666.0654015541077 seconds

-------------------------------------
Started subject-driven fine tunning for breed British_Shorthair...

Executing subject-driven technique...

Elapsed time: 2653.001370191574 seconds

-------------------------------------
Started subject-driven fine tunning for breed chihuahua...

Executing subject-driven technique...

Elapsed time: 2620.9848096370697 seconds

-------------------------------------
Started subject-driven fine tunning for breed Egyptian_Mau...

Executing subject-driven technique...

Elapsed time: 2800.434883594513 seconds

-------------------------------------
Started subject-driven fine tunning for breed english_cocker_spaniel...

Executing subject-driven technique...

Elapsed time: 2657.0434141159058 seconds

-------------------------------------
Started subject-driven fine tunning for breed english_setter...

Executing subject-driven technique...

Elapsed time: 2661.2728419303894 seconds

-------------------------------------
Started subject-driven fine tunning for breed german_shorthaired...

Executing subject-driven technique...

Elapsed time: 2670.8078198432922 seconds

-------------------------------------
Started subject-driven fine tunning for breed great_pyrenees...

Executing subject-driven technique...

Elapsed time: 2597.386695623398 seconds

-------------------------------------
Started subject-driven fine tunning for breed havanese...

Executing subject-driven technique...

Elapsed time: 2603.845335006714 seconds

-------------------------------------
Started subject-driven fine tunning for breed japanese_chin...

Executing subject-driven technique...

Elapsed time: 2604.3759500980377 seconds

-------------------------------------
Started subject-driven fine tunning for breed keeshond...

Executing subject-driven technique...

Elapsed time: 2605.054039001465 seconds

-------------------------------------
Started subject-driven fine tunning for breed leonberger...

Executing subject-driven technique...

Elapsed time: 2618.1216859817505 seconds

-------------------------------------
Started subject-driven fine tunning for breed Maine_Coon...

Executing subject-driven technique...

Elapsed time: 2590.4346334934235 seconds

-------------------------------------
Started subject-driven fine tunning for breed miniature_pinscher...

Executing subject-driven technique...

Elapsed time: 2583.3396456241608 seconds

-------------------------------------
Started subject-driven fine tunning for breed newfoundland...

Executing subject-driven technique...

-------------------------------------
Started subject-driven fine tunning for breed newfoundland...

Executing subject-driven technique...

Elapsed time: 2936.3543889522552 seconds

-------------------------------------
Started subject-driven fine tunning for breed Persian...

Executing subject-driven technique...

Elapsed time: 2609.3360595703125 seconds

-------------------------------------
Started subject-driven fine tunning for breed pomeranian...

Executing subject-driven technique...

Elapsed time: 2551.0930573940277 seconds

-------------------------------------
Started subject-driven fine tunning for breed pug...

Executing subject-driven technique...

Elapsed time: 2544.5565881729126 seconds

-------------------------------------
Started subject-driven fine tunning for breed Ragdoll...

Executing subject-driven technique...

Elapsed time: 2589.364896297455 seconds

-------------------------------------
Started subject-driven fine tunning for breed Russian_Blue...

Executing subject-driven technique...

Elapsed time: 2576.899082660675 seconds

-------------------------------------
Started subject-driven fine tunning for breed saint_bernard...

Executing subject-driven technique...

Elapsed time: 2588.7019329071045 seconds

-------------------------------------
Started subject-driven fine tunning for breed samoyed...

Executing subject-driven technique...

Elapsed time: 2575.326865196228 seconds

-------------------------------------
Started subject-driven fine tunning for breed scottish_terrier...

Executing subject-driven technique...

Elapsed time: 2598.562566757202 seconds

-------------------------------------
Started subject-driven fine tunning for breed shiba_inu...

Executing subject-driven technique...

Elapsed time: 2638.752139568329 seconds

-------------------------------------
Started subject-driven fine tunning for breed Siamese...

Executing subject-driven technique...

Elapsed time: 2575.659338235855 seconds

-------------------------------------
Started subject-driven fine tunning for breed Sphynx...

Executing subject-driven technique...

Elapsed time: 2599.0589814186096 seconds

-------------------------------------
Started subject-driven fine tunning for breed staffordshire_bull_terrier...

Executing subject-driven technique...

Elapsed time: 2594.506600379944 seconds

-------------------------------------
Started subject-driven fine tunning for breed wheaten_terrier...

Executing subject-driven technique...

Elapsed time: 2635.2059376239777 seconds

-------------------------------------
Started subject-driven fine tunning for breed yorkshire_terrier...

Executing subject-driven technique...

Elapsed time: 2646.6367745399475 seconds

-------------------------------------
Generating 50 images for breed Abyssinian...

Elapsed time: 196.92078638076782 seconds

-------------------------------------
Generating 50 images for breed american_bulldog...

Elapsed time: 149.10623908042908 seconds

-------------------------------------
Generating 50 images for breed american_pit_bull_terrier...

Elapsed time: 148.43187069892883 seconds

-------------------------------------
Generating 50 images for breed basset_hound...

Elapsed time: 149.8368980884552 seconds

-------------------------------------
Generating 50 images for breed beagle...

Elapsed time: 150.2039623260498 seconds

-------------------------------------
Generating 50 images for breed Bengal...

Elapsed time: 148.3714451789856 seconds

-------------------------------------
Generating 50 images for breed Birman...

Elapsed time: 149.72051000595093 seconds

-------------------------------------
Generating 50 images for breed Bombay...

Elapsed time: 148.55928540229797 seconds

-------------------------------------
Generating 50 images for breed boxer...

Elapsed time: 149.48162245750427 seconds

-------------------------------------
Generating 50 images for breed British_Shorthair...

Elapsed time: 149.34658455848694 seconds

-------------------------------------
Generating 50 images for breed chihuahua...

Elapsed time: 149.359130859375 seconds

-------------------------------------
Generating 50 images for breed Egyptian_Mau...

Elapsed time: 147.86741614341736 seconds

-------------------------------------
Generating 50 images for breed english_cocker_spaniel...

Elapsed time: 149.55259037017822 seconds

-------------------------------------
Generating 50 images for breed english_setter...

Elapsed time: 149.6689155101776 seconds

-------------------------------------
Generating 50 images for breed german_shorthaired...

Elapsed time: 149.57045912742615 seconds

-------------------------------------
Generating 50 images for breed great_pyrenees...

Elapsed time: 148.87671399116516 seconds

-------------------------------------
Generating 50 images for breed havanese...

Elapsed time: 150.23426723480225 seconds

-------------------------------------
Generating 50 images for breed japanese_chin...

Elapsed time: 148.93300008773804 seconds

-------------------------------------
Generating 50 images for breed keeshond...

Elapsed time: 150.252445936203 seconds

-------------------------------------
Generating 50 images for breed leonberger...

Elapsed time: 150.5601179599762 seconds

-------------------------------------
Generating 50 images for breed Maine_Coon...

Elapsed time: 150.9364504814148 seconds

-------------------------------------
Generating 50 images for breed miniature_pinscher...

Elapsed time: 148.80712866783142 seconds

-------------------------------------
Generating 50 images for breed newfoundland...

Elapsed time: 149.7961938381195 seconds

-------------------------------------
Generating 50 images for breed Persian...

Elapsed time: 151.24568152427673 seconds

-------------------------------------
Generating 50 images for breed pomeranian...

Elapsed time: 151.2052035331726 seconds

-------------------------------------
Generating 50 images for breed pug...

Elapsed time: 145.14790391921997 seconds

-------------------------------------
Generating 50 images for breed Ragdoll...

Elapsed time: 145.50032567977905 seconds

-------------------------------------
Generating 50 images for breed Russian_Blue...

Elapsed time: 144.8766531944275 seconds

-------------------------------------
Generating 50 images for breed saint_bernard...

Elapsed time: 144.87136340141296 seconds

-------------------------------------
Generating 50 images for breed samoyed...

Elapsed time: 153.24722266197205 seconds

-------------------------------------
Generating 50 images for breed scottish_terrier...

Elapsed time: 145.16870546340942 seconds

-------------------------------------
Generating 50 images for breed shiba_inu...

Elapsed time: 145.00968408584595 seconds

-------------------------------------
Generating 50 images for breed Siamese...

Elapsed time: 144.33693051338196 seconds

-------------------------------------
Generating 50 images for breed Sphynx...

Elapsed time: 139.76563024520874 seconds

-------------------------------------
Generating 50 images for breed staffordshire_bull_terrier...

Elapsed time: 144.69184708595276 seconds

-------------------------------------
Generating 50 images for breed wheaten_terrier...

Elapsed time: 150.01996850967407 seconds

-------------------------------------
Generating 50 images for breed yorkshire_terrier...

Elapsed time: 145.97287106513977 seconds

Using cuda device
Epoch 1
-------------------------------
Training loss: 3.983128  [16/5437]
Training loss: 3.627190  [1616/5437]
Training loss: 3.305829  [3216/5437]
Training loss: 3.160814  [4816/5437]
Training accuracy: 36.01 %
Validation loss: 2.891116
Validation accuracy: 38.43% 

Epoch 2
-------------------------------
Training loss: 2.758316  [16/5437]
Training loss: 2.777604  [1616/5437]
Training loss: 2.409987  [3216/5437]
Training loss: 2.192633  [4816/5437]
Training accuracy: 60.07 %
Validation loss: 2.245906
Validation accuracy: 60.43% 

Epoch 3
-------------------------------
Training loss: 2.477543  [16/5437]
Training loss: 1.903129  [1616/5437]
Training loss: 2.028047  [3216/5437]
Training loss: 2.225686  [4816/5437]
Training accuracy: 71.03 %
Validation loss: 1.790276
Validation accuracy: 71.45% 

Epoch 4
-------------------------------
Training loss: 1.758597  [16/5437]
Training loss: 1.929341  [1616/5437]
Training loss: 1.856520  [3216/5437]
Training loss: 1.772464  [4816/5437]
Training accuracy: 77.25 %
Validation loss: 1.477430
Validation accuracy: 77.18% 

Epoch 5
-------------------------------
Training loss: 1.737762  [16/5437]
Training loss: 1.437216  [1616/5437]
Training loss: 1.523949  [3216/5437]
Training loss: 1.479811  [4816/5437]
Training accuracy: 80.01 %
Validation loss: 1.252286
Validation accuracy: 79.59% 

Epoch 6
-------------------------------
Training loss: 1.104351  [16/5437]
Training loss: 1.431841  [1616/5437]
Training loss: 1.066760  [3216/5437]
Training loss: 1.015574  [4816/5437]
Training accuracy: 81.94 %
Validation loss: 1.110292
Validation accuracy: 81.17% 

Epoch 7
-------------------------------
Training loss: 1.117298  [16/5437]
Training loss: 1.078485  [1616/5437]
Training loss: 1.372407  [3216/5437]
Training loss: 1.009705  [4816/5437]
Training accuracy: 84.05 %
Validation loss: 0.966606
Validation accuracy: 83.52% 

Epoch 8
-------------------------------
Training loss: 1.098895  [16/5437]
Training loss: 1.222163  [1616/5437]
Training loss: 1.241437  [3216/5437]
Training loss: 0.741580  [4816/5437]
Training accuracy: 84.50 %
Validation loss: 0.893496
Validation accuracy: 84.22% 

Epoch 9
-------------------------------
Training loss: 1.037289  [16/5437]
Training loss: 0.982679  [1616/5437]
Training loss: 0.937156  [3216/5437]
Training loss: 0.801205  [4816/5437]
Training accuracy: 85.05 %
Validation loss: 0.821558
Validation accuracy: 84.44% 

Epoch 10
-------------------------------
Training loss: 0.707081  [16/5437]
Training loss: 0.799691  [1616/5437]
Training loss: 1.214719  [3216/5437]
Training loss: 0.940724  [4816/5437]
Training accuracy: 85.97 %
Validation loss: 0.775276
Validation accuracy: 84.93% 

Epoch 11
-------------------------------
Training loss: 1.067362  [16/5437]
Training loss: 1.064734  [1616/5437]
Training loss: 0.459207  [3216/5437]
Training loss: 0.778134  [4816/5437]
Training accuracy: 86.68 %
Validation loss: 0.732593
Validation accuracy: 85.21% 

Epoch 12
-------------------------------
Training loss: 0.892323  [16/5437]
Training loss: 0.931154  [1616/5437]
Training loss: 0.835582  [3216/5437]
Training loss: 1.118228  [4816/5437]
Training accuracy: 86.98 %
Validation loss: 0.689980
Validation accuracy: 85.75% 

Epoch 13
-------------------------------
Training loss: 0.748355  [16/5437]
Training loss: 0.694074  [1616/5437]
Training loss: 0.576075  [3216/5437]
Training loss: 0.941662  [4816/5437]
Training accuracy: 87.66 %
Validation loss: 0.659966
Validation accuracy: 85.81% 

Epoch 14
-------------------------------
Training loss: 0.763397  [16/5437]
Training loss: 0.616864  [1616/5437]
Training loss: 0.764205  [3216/5437]
Training loss: 0.638680  [4816/5437]
Training accuracy: 88.03 %
Validation loss: 0.634396
Validation accuracy: 86.03% 

Epoch 15
-------------------------------
Training loss: 0.757517  [16/5437]
Training loss: 0.795846  [1616/5437]
Training loss: 0.885045  [3216/5437]
Training loss: 0.547309  [4816/5437]
Training accuracy: 88.08 %
Validation loss: 0.609680
Validation accuracy: 86.24% 

Epoch 16
-------------------------------
Training loss: 0.564766  [16/5437]
Training loss: 0.825191  [1616/5437]
Training loss: 0.484091  [3216/5437]
Training loss: 1.028785  [4816/5437]
Training accuracy: 88.28 %
Validation loss: 0.593264
Validation accuracy: 86.57% 

Epoch 17
-------------------------------
Training loss: 0.469235  [16/5437]
Training loss: 0.655855  [1616/5437]
Training loss: 0.422978  [3216/5437]
Training loss: 1.080156  [4816/5437]
Training accuracy: 88.12 %
Validation loss: 0.582420
Validation accuracy: 87.12% 

Epoch 18
-------------------------------
Training loss: 0.489729  [16/5437]
Training loss: 0.738716  [1616/5437]
Training loss: 0.543449  [3216/5437]
Training loss: 0.703216  [4816/5437]
Training accuracy: 88.49 %
Validation loss: 0.552740
Validation accuracy: 87.12% 

Epoch 19
-------------------------------
Training loss: 0.589403  [16/5437]
Training loss: 0.208973  [1616/5437]
Training loss: 0.573665  [3216/5437]
Training loss: 0.981016  [4816/5437]
Training accuracy: 88.87 %
Validation loss: 0.554238
Validation accuracy: 86.79% 

Epoch 20
-------------------------------
Training loss: 0.676761  [16/5437]
Training loss: 0.408129  [1616/5437]
Training loss: 0.477356  [3216/5437]
Training loss: 0.596072  [4816/5437]
Training accuracy: 88.82 %
Validation loss: 0.536012
Validation accuracy: 87.72% 

Epoch 21
-------------------------------
Training loss: 0.675254  [16/5437]
Training loss: 0.682855  [1616/5437]
Training loss: 0.470251  [3216/5437]
Training loss: 0.465080  [4816/5437]
Training accuracy: 89.66 %
Validation loss: 0.526442
Validation accuracy: 87.01% 

Epoch 22
-------------------------------
Training loss: 0.544497  [16/5437]
Training loss: 0.577507  [1616/5437]
Training loss: 0.645142  [3216/5437]
Training loss: 0.427501  [4816/5437]
Training accuracy: 89.53 %
Validation loss: 0.518713
Validation accuracy: 86.35% 

Epoch 23
-------------------------------
Training loss: 0.669728  [16/5437]
Training loss: 0.580256  [1616/5437]
Training loss: 0.722550  [3216/5437]
Training loss: 0.511906  [4816/5437]
Training accuracy: 89.68 %
Validation loss: 0.502921
Validation accuracy: 86.90% 

Epoch 24
-------------------------------
Training loss: 0.499662  [16/5437]
Training loss: 0.376951  [1616/5437]
Training loss: 0.562961  [3216/5437]
Training loss: 0.616268  [4816/5437]
Training accuracy: 89.61 %
Validation loss: 0.502984
Validation accuracy: 87.23% 

Epoch 25
-------------------------------
Training loss: 0.473873  [16/5437]
Training loss: 0.398204  [1616/5437]
Training loss: 0.385602  [3216/5437]
Training loss: 0.395296  [4816/5437]
Training accuracy: 89.83 %
Validation loss: 0.488434
Validation accuracy: 87.23% 

Early stopping
Done!

Elapsed time: 2249.6198325157166 seconds

                         precision    recall  f1-score   support

             Abyssinian       0.82      0.86      0.84        49
       American Bulldog       0.81      0.88      0.85        50
  American pitbull terr       0.72      0.68      0.70        50
           Basset hound       0.88      0.92      0.90        50
                 Beagle       0.86      0.88      0.87        50
                 Bengal       0.71      0.82      0.76        50
                 Birman       0.76      0.82      0.79        50
                 Bombay       0.84      0.93      0.88        44
                  Boxer       0.84      0.86      0.85        50
      British Shorthair       0.88      0.74      0.80        50
              Chihuahua       0.93      0.86      0.90        50
           Egyptian Mau       0.85      0.84      0.85        49
 English cocker spaniel       0.94      0.92      0.93        50
         English setter       0.96      0.88      0.92        50
     German shorthaired       0.86      1.00      0.93        50
         Great pyrenees       0.92      0.96      0.94        50
               Havanese       0.86      0.96      0.91        50
          Japanese chin       0.98      0.96      0.97        50
               Keeshond       0.98      1.00      0.99        50
             Leonberger       0.98      0.98      0.98        50
             Maine Coon       0.80      0.72      0.76        50
     Miniature pinscher       0.98      0.84      0.90        50
           Newfoundland       1.00      0.98      0.99        50
                Persian       0.91      0.82      0.86        50
             Pomeranian       0.98      0.90      0.94        50
                    Pug       1.00      0.92      0.96        50
                Ragdoll       0.73      0.76      0.75        50
           Russian blue       0.80      0.72      0.76        50
          Saint bernard       0.92      0.98      0.95        50
                Samoyed       0.94      1.00      0.97        50
       Scottish terrier       0.89      1.00      0.94        50
              Shiba inu       0.96      0.96      0.96        50
                Siamese       0.92      0.90      0.91        50
                 Sphynx       0.89      0.94      0.91        50
Staffordshire bull terr       0.67      0.67      0.67        45
        Wheaten terrier       0.96      0.94      0.95        50
      Yorkshire terrier       0.95      0.84      0.89        50

               accuracy                           0.88      1837
              macro avg       0.88      0.88      0.88      1837
           weighted avg       0.88      0.88      0.88      1837

Test accuracy: 0.8824169842133914
