Downloading https://thor.robots.ox.ac.uk/datasets/pets/images.tar.gz to ../../../../../../work3/s226536/datasets/oxford-iiit-pet/images.tar.gz
Extracting ../../../../../../work3/s226536/datasets/oxford-iiit-pet/images.tar.gz to ../../../../../../work3/s226536/datasets/oxford-iiit-pet
Downloading https://thor.robots.ox.ac.uk/datasets/pets/annotations.tar.gz to ../../../../../../work3/s226536/datasets/oxford-iiit-pet/annotations.tar.gz
Extracting ../../../../../../work3/s226536/datasets/oxford-iiit-pet/annotations.tar.gz to ../../../../../../work3/s226536/datasets/oxford-iiit-pet
-------------------------------------
Generating 50 images for breed Abyssinian...

Not using data augmentation
Using cuda device
Epoch 1
-------------------------------
Training loss: 4.003408  [16/365]
Training accuracy: 3.84 %
Validation loss: 3.717271
Validation accuracy: 3.66% 

Epoch 2
-------------------------------
Training loss: 3.686355  [16/365]
Training accuracy: 4.66 %
Validation loss: 3.617379
Validation accuracy: 4.53% 

Epoch 3
-------------------------------
Training loss: 3.773511  [16/365]
Training accuracy: 6.03 %
Validation loss: 3.540889
Validation accuracy: 5.95% 

Epoch 4
-------------------------------
Training loss: 3.643369  [16/365]
Training accuracy: 9.04 %
Validation loss: 3.467081
Validation accuracy: 8.52% 

Epoch 5
-------------------------------
Training loss: 3.478419  [16/365]
Training accuracy: 12.33 %
Validation loss: 3.404616
Validation accuracy: 10.26% 

Epoch 6
-------------------------------
Training loss: 3.252937  [16/365]
Training accuracy: 12.05 %
Validation loss: 3.340366
Validation accuracy: 12.61% 

Epoch 7
-------------------------------
Training loss: 3.443225  [16/365]
Training accuracy: 16.99 %
Validation loss: 3.280755
Validation accuracy: 14.57% 

Epoch 8
-------------------------------
Training loss: 3.356284  [16/365]
Training accuracy: 22.19 %
Validation loss: 3.222035
Validation accuracy: 17.69% 

Epoch 9
-------------------------------
Training loss: 3.142845  [16/365]
Training accuracy: 25.21 %
Validation loss: 3.162893
Validation accuracy: 20.96% 

Epoch 10
-------------------------------
Training loss: 3.112785  [16/365]
Training accuracy: 31.51 %
Validation loss: 3.108534
Validation accuracy: 23.09% 

Epoch 11
-------------------------------
Training loss: 2.941281  [16/365]
Training accuracy: 35.34 %
Validation loss: 3.054010
Validation accuracy: 26.09% 

Epoch 12
-------------------------------
Training loss: 2.960743  [16/365]
Training accuracy: 35.62 %
Validation loss: 2.996950
Validation accuracy: 29.20% 

Epoch 13
-------------------------------
Training loss: 2.883046  [16/365]
Training accuracy: 41.37 %
Validation loss: 2.948913
Validation accuracy: 31.93% 

Epoch 14
-------------------------------
Training loss: 2.814867  [16/365]
Training accuracy: 44.93 %
Validation loss: 2.897780
Validation accuracy: 35.21% 

Epoch 15
-------------------------------
Training loss: 2.758269  [16/365]
Training accuracy: 49.86 %
Validation loss: 2.842188
Validation accuracy: 38.86% 

Epoch 16
-------------------------------
Training loss: 2.542695  [16/365]
Training accuracy: 55.07 %
Validation loss: 2.801537
Validation accuracy: 41.38% 

Epoch 17
-------------------------------
Training loss: 2.676180  [16/365]
Training accuracy: 54.25 %
Validation loss: 2.746509
Validation accuracy: 44.00% 

Epoch 18
-------------------------------
Training loss: 2.607064  [16/365]
Training accuracy: 55.89 %
Validation loss: 2.701626
Validation accuracy: 46.51% 

Epoch 19
-------------------------------
Training loss: 2.671037  [16/365]
Training accuracy: 62.19 %
Validation loss: 2.657803
Validation accuracy: 49.51% 

Epoch 20
-------------------------------
Training loss: 2.659172  [16/365]
Training accuracy: 63.56 %
Validation loss: 2.621006
Validation accuracy: 51.69% 

Epoch 21
-------------------------------
Training loss: 2.569983  [16/365]
Training accuracy: 65.48 %
Validation loss: 2.564302
Validation accuracy: 54.09% 

Epoch 22
-------------------------------
Training loss: 2.322509  [16/365]
Training accuracy: 66.85 %
Validation loss: 2.521154
Validation accuracy: 55.84% 

Epoch 23
-------------------------------
Training loss: 2.452150  [16/365]
Training accuracy: 71.51 %
Validation loss: 2.485687
Validation accuracy: 57.64% 

Epoch 24
-------------------------------
Training loss: 2.338537  [16/365]
Training accuracy: 73.15 %
Validation loss: 2.436842
Validation accuracy: 59.99% 

Epoch 25
-------------------------------
Training loss: 2.175834  [16/365]
Training accuracy: 72.33 %
Validation loss: 2.401881
Validation accuracy: 60.70% 

Epoch 26
-------------------------------
Training loss: 2.170335  [16/365]
Training accuracy: 73.70 %
Validation loss: 2.351208
Validation accuracy: 61.84% 

Epoch 27
-------------------------------
Training loss: 2.153536  [16/365]
Training accuracy: 76.16 %
Validation loss: 2.321391
Validation accuracy: 63.05% 

Epoch 28
-------------------------------
Training loss: 1.967316  [16/365]
Training accuracy: 80.00 %
Validation loss: 2.278405
Validation accuracy: 64.25% 

Epoch 29
-------------------------------
Training loss: 1.860185  [16/365]
Training accuracy: 80.00 %
Validation loss: 2.235449
Validation accuracy: 65.17% 

Epoch 30
-------------------------------
Training loss: 1.989536  [16/365]
Training accuracy: 80.27 %
Validation loss: 2.210000
Validation accuracy: 65.99% 

Epoch 31
-------------------------------
Training loss: 1.923904  [16/365]
Training accuracy: 82.74 %
Validation loss: 2.181077
Validation accuracy: 66.76% 

Epoch 32
-------------------------------
Training loss: 2.065715  [16/365]
Training accuracy: 82.47 %
Validation loss: 2.137156
Validation accuracy: 67.47% 

Epoch 33
-------------------------------
Training loss: 2.168986  [16/365]
Training accuracy: 83.84 %
Validation loss: 2.107213
Validation accuracy: 68.56% 

Epoch 34
-------------------------------
Training loss: 1.767709  [16/365]
Training accuracy: 83.84 %
Validation loss: 2.070068
Validation accuracy: 69.16% 

Epoch 35
-------------------------------
Training loss: 2.016308  [16/365]
Training accuracy: 86.30 %
Validation loss: 2.038033
Validation accuracy: 69.54% 

Epoch 36
-------------------------------
Training loss: 1.694577  [16/365]
Training accuracy: 87.67 %
Validation loss: 2.010751
Validation accuracy: 69.76% 

Epoch 37
-------------------------------
Training loss: 1.837407  [16/365]
Training accuracy: 86.03 %
Validation loss: 1.981209
Validation accuracy: 70.14% 

Epoch 38
-------------------------------
Training loss: 1.781262  [16/365]
Training accuracy: 86.03 %
Validation loss: 1.951301
Validation accuracy: 71.07% 

Epoch 39
-------------------------------
Training loss: 1.600507  [16/365]
Training accuracy: 88.22 %
Validation loss: 1.924688
Validation accuracy: 72.22% 

Epoch 40
-------------------------------
Training loss: 1.679396  [16/365]
Training accuracy: 87.95 %
Validation loss: 1.899425
Validation accuracy: 72.54% 

Epoch 41
-------------------------------
Training loss: 1.610666  [16/365]
Training accuracy: 90.14 %
Validation loss: 1.882772
Validation accuracy: 72.76% 

Epoch 42
-------------------------------
Training loss: 1.582394  [16/365]
Training accuracy: 89.04 %
Validation loss: 1.849289
Validation accuracy: 73.53% 

Epoch 43
-------------------------------
Training loss: 1.708225  [16/365]
Training accuracy: 88.77 %
Validation loss: 1.822062
Validation accuracy: 73.64% 

Epoch 44
-------------------------------
Training loss: 1.525006  [16/365]
Training accuracy: 92.05 %
Validation loss: 1.791759
Validation accuracy: 74.29% 

Epoch 45
-------------------------------
Training loss: 1.428390  [16/365]
Training accuracy: 92.33 %
Validation loss: 1.774911
Validation accuracy: 74.56% 

Epoch 46
-------------------------------
Training loss: 1.572170  [16/365]
Training accuracy: 92.60 %
Validation loss: 1.748877
Validation accuracy: 75.55% 

Epoch 47
-------------------------------
Training loss: 1.543855  [16/365]
Training accuracy: 92.88 %
Validation loss: 1.723299
Validation accuracy: 74.78% 

Epoch 48
-------------------------------
Training loss: 1.443501  [16/365]
Training accuracy: 91.78 %
Validation loss: 1.707305
Validation accuracy: 75.00% 

Epoch 49
-------------------------------
Training loss: 1.620655  [16/365]
Training accuracy: 90.68 %
Validation loss: 1.672213
Validation accuracy: 75.87% 

Epoch 50
-------------------------------
Training loss: 1.243002  [16/365]
Training accuracy: 93.42 %
Validation loss: 1.675529
Validation accuracy: 75.93% 

Epoch 51
-------------------------------
Training loss: 1.441320  [16/365]
Training accuracy: 91.51 %
Validation loss: 1.626441
Validation accuracy: 76.64% 

Epoch 52
-------------------------------
Training loss: 1.426132  [16/365]
Training accuracy: 94.25 %
Validation loss: 1.620822
Validation accuracy: 76.69% 

Epoch 53
-------------------------------
Training loss: 1.618508  [16/365]
Training accuracy: 94.25 %
Validation loss: 1.609983
Validation accuracy: 76.75% 

Epoch 54
-------------------------------
Training loss: 1.477412  [16/365]
Training accuracy: 92.88 %
Validation loss: 1.580889
Validation accuracy: 76.64% 

Epoch 55
-------------------------------
Training loss: 1.276022  [16/365]
Training accuracy: 92.88 %
Validation loss: 1.560035
Validation accuracy: 77.46% 

Done!

Elapsed time: 826.5948672294617 seconds

Current time: 12:14:12
                         precision    recall  f1-score   support

             Abyssinian       0.57      0.47      0.52        49
       American Bulldog       0.68      0.64      0.66        50
  American pitbull terr       0.54      0.44      0.48        50
           Basset hound       0.79      0.96      0.86        50
                 Beagle       0.88      0.72      0.79        50
                 Bengal       0.51      0.72      0.60        50
                 Birman       0.53      0.64      0.58        50
                 Bombay       0.83      0.68      0.75        44
                  Boxer       0.64      0.78      0.70        50
      British Shorthair       0.62      0.68      0.65        50
              Chihuahua       0.78      0.78      0.78        50
           Egyptian Mau       0.61      0.39      0.47        49
 English cocker spaniel       0.85      0.68      0.76        50
         English setter       0.78      0.80      0.79        50
     German shorthaired       0.74      0.98      0.84        50
         Great pyrenees       0.88      0.84      0.86        50
               Havanese       0.80      0.86      0.83        50
          Japanese chin       0.94      0.92      0.93        50
               Keeshond       0.92      0.98      0.95        50
             Leonberger       0.87      0.96      0.91        50
             Maine Coon       0.59      0.68      0.63        50
     Miniature pinscher       0.89      0.80      0.84        50
           Newfoundland       0.88      0.92      0.90        50
                Persian       0.81      0.84      0.82        50
             Pomeranian       0.88      0.86      0.87        50
                    Pug       0.90      0.90      0.90        50
                Ragdoll       0.60      0.56      0.58        50
           Russian blue       0.69      0.48      0.56        50
          Saint bernard       0.87      0.90      0.88        50
                Samoyed       0.82      0.98      0.89        50
       Scottish terrier       0.84      0.98      0.91        50
              Shiba inu       0.84      0.84      0.84        50
                Siamese       0.70      0.52      0.60        50
                 Sphynx       0.77      0.74      0.76        50
Staffordshire bull terr       0.48      0.49      0.48        45
        Wheaten terrier       0.87      0.80      0.83        50
      Yorkshire terrier       0.93      0.80      0.86        50

               accuracy                           0.76      1837
              macro avg       0.76      0.76      0.75      1837
           weighted avg       0.76      0.76      0.75      1837

Test accuracy: 0.7583015786608601
The metadata of the previous execution is...
{'training_images_percentage': 0.1, 'epochs': 55, 'learning_rate': 0.001, 'batch_size': 16, 'data_augmentation': 'no', 'subject_driven_technique': 'dreambooth', 'number_of_samples': 5, 'images_to_generate': 50, 'FID_threshold': 100, 'check_quality': False, 'path_to_dataset': '../../../../../../work3/s226536/datasets/oxford-iiit-pet', 'DATA_DIR': '../../../../../../work3/s226536/datasets'}

Preparing next execution...
Finished preparing next execution...
