Downloading https://thor.robots.ox.ac.uk/datasets/pets/images.tar.gz to ../../../../../../work3/s226536/datasets/oxford-iiit-pet/images.tar.gz
Extracting ../../../../../../work3/s226536/datasets/oxford-iiit-pet/images.tar.gz to ../../../../../../work3/s226536/datasets/oxford-iiit-pet
Downloading https://thor.robots.ox.ac.uk/datasets/pets/annotations.tar.gz to ../../../../../../work3/s226536/datasets/oxford-iiit-pet/annotations.tar.gz
Extracting ../../../../../../work3/s226536/datasets/oxford-iiit-pet/annotations.tar.gz to ../../../../../../work3/s226536/datasets/oxford-iiit-pet
-------------------------------------
Generating 50 images for breed Abyssinian...

Elapsed time: 793.9749374389648 seconds

-------------------------------------
Generating 50 images for breed american_bulldog...

Elapsed time: 746.5756781101227 seconds

-------------------------------------
Generating 50 images for breed american_pit_bull_terrier...

Elapsed time: 876.5007100105286 seconds

-------------------------------------
Generating 50 images for breed basset_hound...

Elapsed time: 787.3559794425964 seconds

-------------------------------------
Generating 50 images for breed beagle...

Elapsed time: 787.9379839897156 seconds

-------------------------------------
Generating 50 images for breed Bengal...

Elapsed time: 788.4775342941284 seconds

-------------------------------------
Generating 50 images for breed Birman...

Elapsed time: 783.8737230300903 seconds

-------------------------------------
Generating 50 images for breed Bombay...

Elapsed time: 788.5526604652405 seconds

-------------------------------------
Generating 50 images for breed boxer...

Elapsed time: 788.5041153430939 seconds

-------------------------------------
Generating 50 images for breed British_Shorthair...

Elapsed time: 784.3675122261047 seconds

-------------------------------------
Generating 50 images for breed chihuahua...

Elapsed time: 788.1769285202026 seconds

-------------------------------------
Generating 50 images for breed Egyptian_Mau...

Elapsed time: 786.4288094043732 seconds

-------------------------------------
Generating 50 images for breed english_cocker_spaniel...

Elapsed time: 788.0505564212799 seconds

-------------------------------------
Generating 50 images for breed english_setter...

Elapsed time: 790.1840424537659 seconds

-------------------------------------
Generating 50 images for breed german_shorthaired...

Elapsed time: 786.5451231002808 seconds

-------------------------------------
Generating 50 images for breed great_pyrenees...

Elapsed time: 787.9337606430054 seconds

-------------------------------------
Generating 50 images for breed havanese...

Elapsed time: 790.6449017524719 seconds

-------------------------------------
Generating 50 images for breed japanese_chin...

Elapsed time: 787.9034502506256 seconds

-------------------------------------
Generating 50 images for breed keeshond...

Elapsed time: 788.43608045578 seconds

-------------------------------------
Generating 50 images for breed leonberger...

Elapsed time: 785.6634411811829 seconds

-------------------------------------
Generating 50 images for breed Maine_Coon...

Elapsed time: 788.3394167423248 seconds

-------------------------------------
Generating 50 images for breed miniature_pinscher...

Elapsed time: 787.6061110496521 seconds

-------------------------------------
Generating 50 images for breed newfoundland...

Elapsed time: 786.7808773517609 seconds

-------------------------------------
Generating 50 images for breed Persian...

Elapsed time: 788.8618052005768 seconds

-------------------------------------
Generating 50 images for breed pomeranian...

Elapsed time: 785.3799500465393 seconds

-------------------------------------
Generating 50 images for breed pug...

Elapsed time: 787.0750322341919 seconds

-------------------------------------
Generating 50 images for breed Ragdoll...

Elapsed time: 791.6153085231781 seconds

-------------------------------------
Generating 50 images for breed Russian_Blue...

Elapsed time: 963.4819965362549 seconds

-------------------------------------
Generating 50 images for breed saint_bernard...

Elapsed time: 840.3332855701447 seconds

-------------------------------------
Generating 50 images for breed samoyed...

Elapsed time: 852.0162999629974 seconds

-------------------------------------
Generating 50 images for breed scottish_terrier...

Elapsed time: 852.1039764881134 seconds

-------------------------------------
Generating 50 images for breed shiba_inu...

Elapsed time: 794.842164516449 seconds

-------------------------------------
Generating 50 images for breed Siamese...

Elapsed time: 789.0532083511353 seconds

-------------------------------------
Generating 50 images for breed Sphynx...

Elapsed time: 787.179036617279 seconds

-------------------------------------
Generating 50 images for breed staffordshire_bull_terrier...

Elapsed time: 787.0609731674194 seconds

-------------------------------------
Generating 50 images for breed wheaten_terrier...

Elapsed time: 787.575386762619 seconds

-------------------------------------
Generating 50 images for breed yorkshire_terrier...

Elapsed time: 794.9796283245087 seconds

Not using data augmentation
Using cuda device
Epoch 1
-------------------------------
Training loss: 3.835890  [16/2133]
Training loss: 3.556563  [1616/2133]
Training accuracy: 13.50 %
Validation loss: 3.395048
Validation accuracy: 9.88% 

Epoch 2
-------------------------------
Training loss: 3.343413  [16/2133]
Training loss: 2.926696  [1616/2133]
Training accuracy: 35.07 %
Validation loss: 3.055816
Validation accuracy: 24.73% 

Epoch 3
-------------------------------
Training loss: 3.015527  [16/2133]
Training loss: 2.646923  [1616/2133]
Training accuracy: 52.79 %
Validation loss: 2.780561
Validation accuracy: 39.41% 

Epoch 4
-------------------------------
Training loss: 2.756358  [16/2133]
Training loss: 2.645700  [1616/2133]
Training accuracy: 65.73 %
Validation loss: 2.527952
Validation accuracy: 48.74% 

Epoch 5
-------------------------------
Training loss: 2.367397  [16/2133]
Training loss: 2.169584  [1616/2133]
Training accuracy: 73.32 %
Validation loss: 2.328484
Validation accuracy: 54.26% 

Epoch 6
-------------------------------
Training loss: 2.091424  [16/2133]
Training loss: 1.716779  [1616/2133]
Training accuracy: 78.81 %
Validation loss: 2.142764
Validation accuracy: 58.95% 

Epoch 7
-------------------------------
Training loss: 2.039326  [16/2133]
Training loss: 1.811120  [1616/2133]
Training accuracy: 82.14 %
Validation loss: 1.965929
Validation accuracy: 61.84% 

Epoch 8
-------------------------------
Training loss: 1.964493  [16/2133]
Training loss: 1.461722  [1616/2133]
Training accuracy: 85.09 %
Validation loss: 1.836645
Validation accuracy: 64.14% 

Epoch 9
-------------------------------
Training loss: 1.617269  [16/2133]
Training loss: 1.308834  [1616/2133]
Training accuracy: 86.54 %
Validation loss: 1.734287
Validation accuracy: 66.98% 

Epoch 10
-------------------------------
Training loss: 1.511952  [16/2133]
Training loss: 1.224158  [1616/2133]
Training accuracy: 87.76 %
Validation loss: 1.630370
Validation accuracy: 67.85% 

Epoch 11
-------------------------------
Training loss: 1.244802  [16/2133]
Training loss: 1.182771  [1616/2133]
Training accuracy: 89.45 %
Validation loss: 1.533560
Validation accuracy: 69.65% 

Epoch 12
-------------------------------
Training loss: 1.366422  [16/2133]
Training loss: 0.867867  [1616/2133]
Training accuracy: 89.83 %
Validation loss: 1.485749
Validation accuracy: 70.41% 

Epoch 13
-------------------------------
Training loss: 0.993666  [16/2133]
Training loss: 1.037755  [1616/2133]
Training accuracy: 90.20 %
Validation loss: 1.447289
Validation accuracy: 69.76% 

Epoch 14
-------------------------------
Training loss: 1.001035  [16/2133]
Training loss: 1.049492  [1616/2133]
Training accuracy: 91.09 %
Validation loss: 1.386685
Validation accuracy: 69.49% 

Epoch 15
-------------------------------
Training loss: 1.103604  [16/2133]
Training loss: 0.868005  [1616/2133]
Training accuracy: 91.05 %
Validation loss: 1.331070
Validation accuracy: 71.72% 

Epoch 16
-------------------------------
Training loss: 0.716882  [16/2133]
Training loss: 1.031767  [1616/2133]
Training accuracy: 91.75 %
Validation loss: 1.261893
Validation accuracy: 72.43% 

Epoch 17
-------------------------------
Training loss: 0.677306  [16/2133]
Training loss: 0.848404  [1616/2133]
Training accuracy: 91.33 %
Validation loss: 1.230219
Validation accuracy: 72.43% 

Epoch 18
-------------------------------
Training loss: 0.740619  [16/2133]
Training loss: 0.612825  [1616/2133]
Training accuracy: 92.69 %
Validation loss: 1.228866
Validation accuracy: 71.62% 

Epoch 19
-------------------------------
Training loss: 0.968637  [16/2133]
Training loss: 0.531540  [1616/2133]
Training accuracy: 92.45 %
Validation loss: 1.208232
Validation accuracy: 71.83% 

Epoch 20
-------------------------------
Training loss: 0.632437  [16/2133]
Training loss: 0.659102  [1616/2133]
Training accuracy: 92.45 %
Validation loss: 1.140245
Validation accuracy: 73.47% 

Epoch 21
-------------------------------
Training loss: 0.680647  [16/2133]
Training loss: 0.829608  [1616/2133]
Training accuracy: 92.69 %
Validation loss: 1.142892
Validation accuracy: 73.20% 

Epoch 22
-------------------------------
Training loss: 0.554714  [16/2133]
Training loss: 0.793177  [1616/2133]
Training accuracy: 93.25 %
Validation loss: 1.122185
Validation accuracy: 73.25% 

Epoch 23
-------------------------------
Training loss: 0.568524  [16/2133]
Training loss: 0.506498  [1616/2133]
Training accuracy: 92.41 %
Validation loss: 1.079190
Validation accuracy: 74.07% 

Epoch 24
-------------------------------
Training loss: 0.796138  [16/2133]
Training loss: 0.928334  [1616/2133]
Training accuracy: 93.67 %
Validation loss: 1.084797
Validation accuracy: 73.53% 

Epoch 25
-------------------------------
Training loss: 0.856105  [16/2133]
Training loss: 0.653443  [1616/2133]
Training accuracy: 93.67 %
Validation loss: 1.046875
Validation accuracy: 73.64% 

Epoch 26
-------------------------------
Training loss: 0.479591  [16/2133]
Training loss: 0.621821  [1616/2133]
Training accuracy: 93.11 %
Validation loss: 1.071555
Validation accuracy: 72.82% 

Epoch 27
-------------------------------
Training loss: 0.745942  [16/2133]
Training loss: 0.873849  [1616/2133]
Training accuracy: 93.62 %
Validation loss: 1.017853
Validation accuracy: 75.22% 

Epoch 28
-------------------------------
Training loss: 0.990153  [16/2133]
Training loss: 0.721473  [1616/2133]
Training accuracy: 93.67 %
Validation loss: 1.010593
Validation accuracy: 74.29% 

Epoch 29
-------------------------------
Training loss: 0.294359  [16/2133]
Training loss: 0.389254  [1616/2133]
Training accuracy: 93.58 %
Validation loss: 0.992538
Validation accuracy: 75.49% 

Epoch 30
-------------------------------
Training loss: 0.561220  [16/2133]
Training loss: 0.501634  [1616/2133]
Training accuracy: 93.81 %
Validation loss: 0.966812
Validation accuracy: 75.22% 

Epoch 31
-------------------------------
Training loss: 0.745383  [16/2133]
Training loss: 0.455740  [1616/2133]
Training accuracy: 93.81 %
Validation loss: 0.949109
Validation accuracy: 75.44% 

Epoch 32
-------------------------------
Training loss: 0.561304  [16/2133]
Training loss: 0.523190  [1616/2133]
Training accuracy: 93.62 %
Validation loss: 0.955142
Validation accuracy: 75.71% 

Epoch 33
-------------------------------
Training loss: 0.649921  [16/2133]
Training loss: 0.740994  [1616/2133]
Training accuracy: 94.23 %
Validation loss: 0.961045
Validation accuracy: 74.34% 

Epoch 34
-------------------------------
Training loss: 0.474814  [16/2133]
Training loss: 0.427766  [1616/2133]
Training accuracy: 94.05 %
Validation loss: 0.970396
Validation accuracy: 74.45% 

Epoch 35
-------------------------------
Training loss: 0.461652  [16/2133]
Training loss: 0.620438  [1616/2133]
Training accuracy: 94.42 %
Validation loss: 0.924496
Validation accuracy: 75.93% 

Epoch 36
-------------------------------
Training loss: 0.363495  [16/2133]
Training loss: 0.672283  [1616/2133]
Training accuracy: 94.51 %
Validation loss: 0.923339
Validation accuracy: 75.60% 

Epoch 37
-------------------------------
Training loss: 0.214274  [16/2133]
Training loss: 0.432419  [1616/2133]
Training accuracy: 93.67 %
Validation loss: 0.938690
Validation accuracy: 74.18% 

Epoch 38
-------------------------------
Training loss: 0.516155  [16/2133]
Training loss: 0.249432  [1616/2133]
Training accuracy: 94.56 %
Validation loss: 0.921226
Validation accuracy: 75.27% 

Epoch 39
-------------------------------
Training loss: 0.378280  [16/2133]
Training loss: 0.308972  [1616/2133]
Training accuracy: 94.61 %
Validation loss: 0.893560
Validation accuracy: 76.42% 

Epoch 40
-------------------------------
Training loss: 0.464531  [16/2133]
Training loss: 0.495334  [1616/2133]
Training accuracy: 94.42 %
Validation loss: 0.920656
Validation accuracy: 75.44% 

Epoch 41
-------------------------------
Training loss: 0.363779  [16/2133]
Training loss: 0.217331  [1616/2133]
Training accuracy: 94.37 %
Validation loss: 0.881108
Validation accuracy: 76.86% 

Epoch 42
-------------------------------
Training loss: 0.638075  [16/2133]
Training loss: 0.265612  [1616/2133]
Training accuracy: 94.42 %
Validation loss: 0.901376
Validation accuracy: 75.60% 

Epoch 43
-------------------------------
Training loss: 0.503284  [16/2133]
Training loss: 0.354281  [1616/2133]
Training accuracy: 94.89 %
Validation loss: 0.880540
Validation accuracy: 75.82% 

Epoch 44
-------------------------------
Training loss: 0.402210  [16/2133]
Training loss: 0.289879  [1616/2133]
Training accuracy: 95.26 %
Validation loss: 0.907333
Validation accuracy: 74.40% 

Epoch 45
-------------------------------
Training loss: 0.407800  [16/2133]
Training loss: 0.598936  [1616/2133]
Training accuracy: 95.45 %
Validation loss: 0.883401
Validation accuracy: 75.11% 

Epoch 46
-------------------------------
Training loss: 0.359386  [16/2133]
Training loss: 0.253345  [1616/2133]
Training accuracy: 94.47 %
Validation loss: 0.887823
Validation accuracy: 75.44% 

Early stopping
Done!

Elapsed time: 3988.1101908683777 seconds

Current time: 19:30:49
                         precision    recall  f1-score   support

             Abyssinian       0.64      0.61      0.62        49
       American Bulldog       0.69      0.68      0.69        50
  American pitbull terr       0.61      0.28      0.38        50
           Basset hound       0.71      0.96      0.81        50
                 Beagle       0.68      0.50      0.57        50
                 Bengal       0.64      0.68      0.66        50
                 Birman       0.72      0.56      0.63        50
                 Bombay       0.51      0.82      0.63        44
                  Boxer       0.59      0.82      0.68        50
      British Shorthair       0.87      0.40      0.55        50
              Chihuahua       0.67      0.74      0.70        50
           Egyptian Mau       0.76      0.51      0.61        49
 English cocker spaniel       0.90      0.54      0.68        50
         English setter       0.63      0.82      0.71        50
     German shorthaired       0.64      0.98      0.77        50
         Great pyrenees       0.81      0.96      0.88        50
               Havanese       0.81      0.86      0.83        50
          Japanese chin       1.00      0.86      0.92        50
               Keeshond       0.92      0.96      0.94        50
             Leonberger       0.90      0.94      0.92        50
             Maine Coon       0.67      0.40      0.50        50
     Miniature pinscher       0.86      0.76      0.81        50
           Newfoundland       0.79      0.92      0.85        50
                Persian       0.87      0.80      0.83        50
             Pomeranian       0.97      0.70      0.81        50
                    Pug       1.00      0.72      0.84        50
                Ragdoll       0.58      0.52      0.55        50
           Russian blue       0.52      0.78      0.62        50
          Saint bernard       0.92      0.94      0.93        50
                Samoyed       0.74      0.98      0.84        50
       Scottish terrier       0.77      0.98      0.86        50
              Shiba inu       0.90      0.86      0.88        50
                Siamese       0.82      0.72      0.77        50
                 Sphynx       0.86      0.72      0.78        50
Staffordshire bull terr       0.43      0.64      0.51        45
        Wheaten terrier       0.81      0.76      0.78        50
      Yorkshire terrier       0.97      0.76      0.85        50

               accuracy                           0.74      1837
              macro avg       0.76      0.74      0.74      1837
           weighted avg       0.76      0.74      0.74      1837

Test accuracy: 0.7419706042460533
The metadata of the previous execution is...
{'training_images_percentage': 0.1, 'epochs': 55, 'learning_rate': 0.001, 'batch_size': 16, 'data_augmentation': 'no', 'subject_driven_technique': 'dreambooth', 'number_of_samples': 5, 'images_to_generate': 50, 'FID_threshold': 100, 'check_quality': False, 'path_to_dataset': '../../../../../../work3/s226536/datasets/oxford-iiit-pet', 'DATA_DIR': '../../../../../../work3/s226536/datasets'}

Preparing next execution...
Finished preparing next execution...
