Downloading https://thor.robots.ox.ac.uk/datasets/pets/images.tar.gz to ../../../../../../work3/s226536/datasets/oxford-iiit-pet/images.tar.gz
Extracting ../../../../../../work3/s226536/datasets/oxford-iiit-pet/images.tar.gz to ../../../../../../work3/s226536/datasets/oxford-iiit-pet
Downloading https://thor.robots.ox.ac.uk/datasets/pets/annotations.tar.gz to ../../../../../../work3/s226536/datasets/oxford-iiit-pet/annotations.tar.gz
Extracting ../../../../../../work3/s226536/datasets/oxford-iiit-pet/annotations.tar.gz to ../../../../../../work3/s226536/datasets/oxford-iiit-pet
Using cuda device
Epoch 1
-------------------------------
Training loss: 3.649160  [16/365]
Training accuracy: 3.01 %
Validation loss: 3.739336
Validation accuracy: 2.18% 

Epoch 2
-------------------------------
Training loss: 3.860642  [16/365]
Training accuracy: 3.56 %
Validation loss: 3.644535
Validation accuracy: 3.60% 

Epoch 3
-------------------------------
Training loss: 3.626552  [16/365]
Training accuracy: 7.12 %
Validation loss: 3.567030
Validation accuracy: 5.29% 

Epoch 4
-------------------------------
Training loss: 3.550609  [16/365]
Training accuracy: 7.95 %
Validation loss: 3.498683
Validation accuracy: 6.82% 

Epoch 5
-------------------------------
Training loss: 3.576326  [16/365]
Training accuracy: 11.51 %
Validation loss: 3.434725
Validation accuracy: 9.01% 

Epoch 6
-------------------------------
Training loss: 3.498154  [16/365]
Training accuracy: 11.51 %
Validation loss: 3.369451
Validation accuracy: 11.63% 

Epoch 7
-------------------------------
Training loss: 3.401199  [16/365]
Training accuracy: 19.18 %
Validation loss: 3.311772
Validation accuracy: 14.25% 

Epoch 8
-------------------------------
Training loss: 3.251584  [16/365]
Training accuracy: 21.64 %
Validation loss: 3.252122
Validation accuracy: 16.27% 

Epoch 9
-------------------------------
Training loss: 3.059554  [16/365]
Training accuracy: 25.75 %
Validation loss: 3.193597
Validation accuracy: 19.98% 

Epoch 10
-------------------------------
Training loss: 3.023201  [16/365]
Training accuracy: 30.68 %
Validation loss: 3.137482
Validation accuracy: 22.98% 

Epoch 11
-------------------------------
Training loss: 3.373626  [16/365]
Training accuracy: 36.44 %
Validation loss: 3.087719
Validation accuracy: 25.82% 

Epoch 12
-------------------------------
Training loss: 3.081531  [16/365]
Training accuracy: 38.08 %
Validation loss: 3.034929
Validation accuracy: 29.26% 

Epoch 13
-------------------------------
Training loss: 3.011315  [16/365]
Training accuracy: 38.63 %
Validation loss: 2.978646
Validation accuracy: 32.10% 

Epoch 14
-------------------------------
Training loss: 2.906487  [16/365]
Training accuracy: 46.30 %
Validation loss: 2.927366
Validation accuracy: 34.83% 

Epoch 15
-------------------------------
Training loss: 2.835454  [16/365]
Training accuracy: 48.77 %
Validation loss: 2.882041
Validation accuracy: 37.23% 

Epoch 16
-------------------------------
Training loss: 2.591581  [16/365]
Training accuracy: 51.51 %
Validation loss: 2.829656
Validation accuracy: 40.12% 

Epoch 17
-------------------------------
Training loss: 2.481188  [16/365]
Training accuracy: 56.16 %
Validation loss: 2.776346
Validation accuracy: 42.14% 

Epoch 18
-------------------------------
Training loss: 2.763467  [16/365]
Training accuracy: 57.81 %
Validation loss: 2.731496
Validation accuracy: 44.16% 

Epoch 19
-------------------------------
Training loss: 2.592647  [16/365]
Training accuracy: 61.37 %
Validation loss: 2.692356
Validation accuracy: 46.72% 

Epoch 20
-------------------------------
Training loss: 2.440648  [16/365]
Training accuracy: 66.03 %
Validation loss: 2.641817
Validation accuracy: 48.85% 

Epoch 21
-------------------------------
Training loss: 2.243808  [16/365]
Training accuracy: 65.75 %
Validation loss: 2.599249
Validation accuracy: 50.44% 

Epoch 22
-------------------------------
Training loss: 2.461171  [16/365]
Training accuracy: 68.49 %
Validation loss: 2.555174
Validation accuracy: 52.73% 

Epoch 23
-------------------------------
Training loss: 2.379958  [16/365]
Training accuracy: 72.33 %
Validation loss: 2.506430
Validation accuracy: 55.24% 

Epoch 24
-------------------------------
Training loss: 2.550981  [16/365]
Training accuracy: 71.51 %
Validation loss: 2.471055
Validation accuracy: 55.73% 

Epoch 25
-------------------------------
Training loss: 2.379251  [16/365]
Training accuracy: 75.34 %
Validation loss: 2.429641
Validation accuracy: 57.31% 

Epoch 26
-------------------------------
Training loss: 2.430422  [16/365]
Training accuracy: 77.53 %
Validation loss: 2.389967
Validation accuracy: 58.62% 

Epoch 27
-------------------------------
Training loss: 2.444858  [16/365]
Training accuracy: 78.36 %
Validation loss: 2.359755
Validation accuracy: 59.83% 

Epoch 28
-------------------------------
Training loss: 1.963834  [16/365]
Training accuracy: 78.90 %
Validation loss: 2.309516
Validation accuracy: 61.19% 

Epoch 29
-------------------------------
Training loss: 2.114552  [16/365]
Training accuracy: 81.92 %
Validation loss: 2.269131
Validation accuracy: 61.63% 

Epoch 30
-------------------------------
Training loss: 1.987162  [16/365]
Training accuracy: 84.66 %
Validation loss: 2.246329
Validation accuracy: 62.17% 

Epoch 31
-------------------------------
Training loss: 2.001010  [16/365]
Training accuracy: 84.66 %
Validation loss: 2.212292
Validation accuracy: 64.03% 

Epoch 32
-------------------------------
Training loss: 1.966579  [16/365]
Training accuracy: 83.84 %
Validation loss: 2.162060
Validation accuracy: 65.17% 

Epoch 33
-------------------------------
Training loss: 1.886164  [16/365]
Training accuracy: 83.84 %
Validation loss: 2.144242
Validation accuracy: 65.61% 

Epoch 34
-------------------------------
Training loss: 1.720406  [16/365]
Training accuracy: 83.56 %
Validation loss: 2.099648
Validation accuracy: 67.30% 

Epoch 35
-------------------------------
Training loss: 1.841417  [16/365]
Training accuracy: 86.85 %
Validation loss: 2.080177
Validation accuracy: 68.23% 

Epoch 36
-------------------------------
Training loss: 2.027181  [16/365]
Training accuracy: 87.12 %
Validation loss: 2.039942
Validation accuracy: 69.16% 

Epoch 37
-------------------------------
Training loss: 1.791081  [16/365]
Training accuracy: 87.95 %
Validation loss: 2.022663
Validation accuracy: 69.38% 

Epoch 38
-------------------------------
Training loss: 1.788316  [16/365]
Training accuracy: 87.12 %
Validation loss: 1.984236
Validation accuracy: 69.81% 

Epoch 39
-------------------------------
Training loss: 1.705531  [16/365]
Training accuracy: 88.49 %
Validation loss: 1.964125
Validation accuracy: 70.47% 

Epoch 40
-------------------------------
Training loss: 1.618102  [16/365]
Training accuracy: 89.59 %
Validation loss: 1.923036
Validation accuracy: 71.29% 

Epoch 41
-------------------------------
Training loss: 1.796662  [16/365]
Training accuracy: 89.04 %
Validation loss: 1.899583
Validation accuracy: 72.11% 

Epoch 42
-------------------------------
Training loss: 1.619858  [16/365]
Training accuracy: 89.59 %
Validation loss: 1.869235
Validation accuracy: 71.67% 

Epoch 43
-------------------------------
Training loss: 1.701428  [16/365]
Training accuracy: 88.22 %
Validation loss: 1.843974
Validation accuracy: 72.87% 

Epoch 44
-------------------------------
Training loss: 1.834376  [16/365]
Training accuracy: 89.59 %
Validation loss: 1.832375
Validation accuracy: 72.93% 

Epoch 45
-------------------------------
Training loss: 1.398209  [16/365]
Training accuracy: 89.32 %
Validation loss: 1.798969
Validation accuracy: 73.09% 

Epoch 46
-------------------------------
Training loss: 1.632768  [16/365]
Training accuracy: 89.86 %
Validation loss: 1.778097
Validation accuracy: 73.80% 

Epoch 47
-------------------------------
Training loss: 1.421460  [16/365]
Training accuracy: 91.51 %
Validation loss: 1.754913
Validation accuracy: 74.40% 

Epoch 48
-------------------------------
Training loss: 1.491744  [16/365]
Training accuracy: 92.60 %
Validation loss: 1.726481
Validation accuracy: 74.56% 

Epoch 49
-------------------------------
Training loss: 1.509275  [16/365]
Training accuracy: 90.41 %
Validation loss: 1.694266
Validation accuracy: 75.05% 

Epoch 50
-------------------------------
Training loss: 1.371522  [16/365]
Training accuracy: 91.78 %
Validation loss: 1.682860
Validation accuracy: 74.73% 

Epoch 51
-------------------------------
Training loss: 1.331915  [16/365]
Training accuracy: 92.33 %
Validation loss: 1.668692
Validation accuracy: 75.38% 

Epoch 52
-------------------------------
Training loss: 1.307461  [16/365]
Training accuracy: 93.70 %
Validation loss: 1.638333
Validation accuracy: 75.76% 

Epoch 53
-------------------------------
Training loss: 1.228967  [16/365]
Training accuracy: 92.60 %
Validation loss: 1.644723
Validation accuracy: 75.60% 

Epoch 54
-------------------------------
Training loss: 1.347257  [16/365]
Training accuracy: 90.96 %
Validation loss: 1.602868
Validation accuracy: 75.71% 

Epoch 55
-------------------------------
Training loss: 1.151719  [16/365]
Training accuracy: 93.15 %
Validation loss: 1.567333
Validation accuracy: 76.09% 

Done!

Elapsed time: 790.7516994476318 seconds

                         precision    recall  f1-score   support

             Abyssinian       0.67      0.45      0.54        49
       American Bulldog       0.66      0.78      0.72        50
  American pitbull terr       0.60      0.56      0.58        50
           Basset hound       0.76      0.94      0.84        50
                 Beagle       0.79      0.62      0.70        50
                 Bengal       0.64      0.54      0.59        50
                 Birman       0.55      0.52      0.54        50
                 Bombay       0.84      0.73      0.78        44
                  Boxer       0.73      0.76      0.75        50
      British Shorthair       0.79      0.82      0.80        50
              Chihuahua       0.86      0.76      0.81        50
           Egyptian Mau       0.79      0.61      0.69        49
 English cocker spaniel       0.89      0.82      0.85        50
         English setter       0.74      0.64      0.69        50
     German shorthaired       0.74      0.98      0.84        50
         Great pyrenees       0.88      0.86      0.87        50
               Havanese       0.79      0.88      0.83        50
          Japanese chin       0.94      0.94      0.94        50
               Keeshond       0.91      1.00      0.95        50
             Leonberger       0.91      0.82      0.86        50
             Maine Coon       0.74      0.56      0.64        50
     Miniature pinscher       0.88      0.72      0.79        50
           Newfoundland       0.88      0.88      0.88        50
                Persian       0.78      0.84      0.81        50
             Pomeranian       0.88      0.88      0.88        50
                    Pug       0.91      0.84      0.87        50
                Ragdoll       0.53      0.68      0.60        50
           Russian blue       0.36      0.48      0.41        50
          Saint bernard       0.88      0.92      0.90        50
                Samoyed       0.81      1.00      0.89        50
       Scottish terrier       0.86      0.96      0.91        50
              Shiba inu       0.82      0.84      0.83        50
                Siamese       0.60      0.42      0.49        50
                 Sphynx       0.73      0.92      0.81        50
Staffordshire bull terr       0.47      0.53      0.50        45
        Wheaten terrier       0.91      0.84      0.87        50
      Yorkshire terrier       0.83      0.80      0.82        50

               accuracy                           0.76      1837
              macro avg       0.77      0.76      0.76      1837
           weighted avg       0.77      0.76      0.76      1837

Test accuracy: 0.7615677735438214
